[2024-04-09 08:00] Type: scheduled, Device: MODULE_01, Output: 9, Status: watering, Duration: 24 s, Send startWater at: 2024-04-09T06:00:04.026Z, Context: {"scheduleEventId":2}, 
[2024-04-09 08:00] Type: scheduled, Device: MODULE_01, Output: 9, Status: done, Duration: 24 s, Send startWater at: 2024-04-09T06:00:04.026Z, Context: {"scheduleEventId":2}, 
[2024-04-09 08:00] Type: scheduled, Device: MODULE_01, Output: 5, Status: watering, Duration: 200 s, Send startWater at: 2024-04-09T06:00:04.026Z, Context: {"scheduleEventId":6}, 
[2024-04-09 08:03] Type: scheduled, Device: MODULE_01, Output: 5, Status: done, Duration: 200 s, Send startWater at: 2024-04-09T06:00:04.026Z, Context: {"scheduleEventId":6}, 
[2024-04-09 10:00] Type: scheduled, Device: MODULE_02, Output: 2, Status: watering, Duration: 79 s, Send startWater at: 2024-04-09T08:00:03.610Z, Context: {"scheduleEventId":9}, 
[2024-04-09 10:01] Type: scheduled, Device: MODULE_02, Output: 2, Status: done, Duration: 79 s, Send startWater at: 2024-04-09T08:00:03.610Z, Context: {"scheduleEventId":9}, 
[2024-04-09 10:05] Type: scheduled, Device: MODULE_02, Output: 1, Status: watering, Duration: 32 s, Send startWater at: 2024-04-09T08:05:03.794Z, Context: {"scheduleEventId":8}, 
[2024-04-09 10:05] Type: scheduled, Device: MODULE_02, Output: 1, Status: done, Duration: 32 s, Send startWater at: 2024-04-09T08:05:03.794Z, Context: {"scheduleEventId":8}, 
[2024-04-09 12:17] Type: manual, Device: MODULE_01, Output: 1, Status: watering, Duration: 200 s, Send startWater at: Tue Apr 09 2024 12:17:36 GMT+0200 (Central European Summer Time), 
[2024-04-09 12:17] Type: manual, Device: MODULE_01, Output: 1, Status: stopped, 
[2024-04-09 12:18] Type: manual, Device: MODULE_01, Output: 1, Status: watering, Duration: 200 s, Send startWater at: Tue Apr 09 2024 12:18:41 GMT+0200 (Central European Summer Time), 
[2024-04-09 12:18] Type: manual, Device: MODULE_01, Output: 1, Status: stopped, 
[2024-04-09 12:19] Type: manual, Device: MODULE_01, Output: 4, Status: watering, Duration: 50 s, Send startWater at: Tue Apr 09 2024 12:19:00 GMT+0200 (Central European Summer Time), 
[2024-04-09 12:19] Type: manual, Device: MODULE_01, Output: 4, Status: stopped, 
[2024-04-09 12:19] Type: manual, Device: MODULE_01, Output: 3, Status: watering, Duration: 50 s, Send startWater at: Tue Apr 09 2024 12:19:11 GMT+0200 (Central European Summer Time), 
[2024-04-09 12:19] Type: manual, Device: MODULE_01, Output: 3, Status: stopped, 
[2024-04-09 12:19] Type: manual, Device: MODULE_01, Output: 5, Status: watering, Duration: 200 s, Send startWater at: Tue Apr 09 2024 12:19:20 GMT+0200 (Central European Summer Time), 
[2024-04-09 12:19] Type: manual, Device: MODULE_01, Output: 5, Status: stopped, 
[2024-04-09 12:46] Type: manual, Device: MODULE_01, Output: 1, Status: watering, Duration: 200 s, Send startWater at: Tue Apr 09 2024 12:46:53 GMT+0200 (Central European Summer Time), 
[2024-04-09 12:47] Type: manual, Device: MODULE_01, Output: 1, Status: stopped, 
[2024-04-09 12:47] Type: manual, Device: MODULE_01, Output: 3, Status: watering, Duration: 50 s, Send startWater at: Tue Apr 09 2024 12:47:14 GMT+0200 (Central European Summer Time), 
[2024-04-09 12:47] Type: manual, Device: MODULE_01, Output: 3, Status: stopped, 
[2024-04-09 12:47] Type: manual, Device: MODULE_01, Output: 4, Status: watering, Duration: 50 s, Send startWater at: Tue Apr 09 2024 12:47:34 GMT+0200 (Central European Summer Time), 
[2024-04-09 12:47] Type: manual, Device: MODULE_01, Output: 4, Status: stopped, 
[2024-04-09 12:47] Type: manual, Device: MODULE_01, Output: 5, Status: watering, Duration: 200 s, Send startWater at: Tue Apr 09 2024 12:47:44 GMT+0200 (Central European Summer Time), 
[2024-04-09 12:47] Type: manual, Device: MODULE_01, Output: 5, Status: stopped, 
[2024-04-09 12:48] Type: manual, Device: MODULE_01, Output: 6, Status: watering, Duration: 200 s, Send startWater at: Tue Apr 09 2024 12:48:00 GMT+0200 (Central European Summer Time), 
[2024-04-09 12:48] Type: manual, Device: MODULE_01, Output: 6, Status: stopped, 
[2024-04-09 12:48] Type: manual, Device: MODULE_01, Output: 8, Status: watering, Duration: 80 s, Send startWater at: Tue Apr 09 2024 12:48:18 GMT+0200 (Central European Summer Time), 
[2024-04-09 12:48] Type: manual, Device: MODULE_01, Output: 8, Status: stopped, 
[2024-04-09 12:48] Type: manual, Device: MODULE_01, Output: 9, Status: watering, Duration: 35 s, Send startWater at: Tue Apr 09 2024 12:48:31 GMT+0200 (Central European Summer Time), 
[2024-04-09 12:48] Type: manual, Device: MODULE_01, Output: 9, Status: stopped, 
[2024-04-09 12:49] Type: manual, Device: MODULE_01, Output: 9, Status: watering, Duration: 35 s, Send startWater at: Tue Apr 09 2024 12:49:10 GMT+0200 (Central European Summer Time), 
[2024-04-09 12:49] Type: manual, Device: MODULE_01, Output: 9, Status: stopped, 
[2024-04-09 12:49] Type: manual, Device: MODULE_01, Output: 1, Status: watering, Duration: 10 s, Send startWater at: Tue Apr 09 2024 12:49:50 GMT+0200 (Central European Summer Time), 
[2024-04-09 12:49] Type: manual, Device: MODULE_01, Output: 1, Status: stopped, 
[2024-04-09 12:50] Type: manual, Device: MODULE_01, Output: 3, Status: watering, Duration: 10 s, Send startWater at: Tue Apr 09 2024 12:49:53 GMT+0200 (Central European Summer Time), 
[2024-04-09 12:50] Type: manual, Device: MODULE_01, Output: 3, Status: stopped, 
[2024-04-09 13:22] Type: manual, Device: MODULE_01, Output: 1, Status: watering, Duration: 200 s, Send startWater at: Tue Apr 09 2024 13:22:37 GMT+0200 (Central European Summer Time), 
[2024-04-09 13:22] Type: manual, Device: MODULE_01, Output: 1, Status: stopped, 
[2024-04-09 13:22] Type: manual, Device: MODULE_01, Output: 1, Status: aborted, 
[2024-04-09 13:24] Type: manual, Device: MODULE_01, Output: 1, Status: watering, Duration: 200 s, Send startWater at: Tue Apr 09 2024 13:24:05 GMT+0200 (Central European Summer Time), 
[2024-04-09 13:24] Type: manual, Device: MODULE_01, Output: 1, Status: stopped, 
[2024-04-09 13:24] Type: manual, Device: MODULE_01, Output: 3, Status: watering, Duration: 50 s, Send startWater at: Tue Apr 09 2024 13:24:18 GMT+0200 (Central European Summer Time), 
[2024-04-09 13:24] Type: manual, Device: MODULE_01, Output: 3, Status: stopped, 
[2024-04-09 13:26] Type: manual, Device: MODULE_01, Output: 5, Status: watering, Duration: 200 s, Send startWater at: Tue Apr 09 2024 13:26:01 GMT+0200 (Central European Summer Time), 
[2024-04-09 13:26] Type: manual, Device: MODULE_01, Output: 5, Status: stopped, 
[2024-04-09 13:26] Type: manual, Device: MODULE_01, Output: 5, Status: aborted, 
[2024-04-09 15:33] Type: manual, Device: MODULE_01, Output: 1, Status: watering, Duration: 200 s, Send startWater at: Tue Apr 09 2024 15:33:20 GMT+0200 (Central European Summer Time), 
[2024-04-09 15:33] Type: manual, Device: MODULE_01, Output: 1, Status: stopped, 
[2024-04-09 15:33] Type: manual, Device: MODULE_01, Output: 3, Status: watering, Duration: 50 s, Send startWater at: Tue Apr 09 2024 15:33:23 GMT+0200 (Central European Summer Time), 
[2024-04-09 15:33] Type: manual, Device: MODULE_01, Output: 3, Status: stopped, 
[2024-04-09 15:34] Type: manual, Device: MODULE_01, Output: 3, Status: watering, Duration: 50 s, Send startWater at: Tue Apr 09 2024 15:34:05 GMT+0200 (Central European Summer Time), 
[2024-04-09 15:34] Type: manual, Device: MODULE_01, Output: 3, Status: stopped, 
[2024-04-09 15:34] Type: manual, Device: MODULE_01, Output: 3, Status: watering, Duration: 50 s, Send startWater at: Tue Apr 09 2024 15:34:23 GMT+0200 (Central European Summer Time), 
[2024-04-09 15:34] Type: manual, Device: MODULE_01, Output: 3, Status: stopped, 
[2024-04-09 15:35] Type: manual, Device: MODULE_01, Output: 3, Status: watering, Duration: 50 s, Send startWater at: Tue Apr 09 2024 15:35:30 GMT+0200 (Central European Summer Time), 
[2024-04-09 15:35] Type: manual, Device: MODULE_01, Output: 3, Status: stopped, 
[2024-04-09 15:44] Type: manual, Device: MODULE_01, Output: 3, Status: watering, Duration: 50 s, Send startWater at: Tue Apr 09 2024 15:44:23 GMT+0200 (Central European Summer Time), 
[2024-04-09 15:44] Type: manual, Device: MODULE_01, Output: 3, Status: stopped, 
[2024-04-09 15:44] Type: manual, Device: MODULE_01, Output: 1, Status: watering, Duration: 200 s, Send startWater at: Tue Apr 09 2024 15:44:40 GMT+0200 (Central European Summer Time), 
[2024-04-09 15:44] Type: manual, Device: MODULE_01, Output: 1, Status: stopped, 
[2024-04-09 18:00] Type: scheduled, Device: MODULE_01, Output: 9, Status: watering, Duration: 24 s, Send startWater at: 2024-04-09T16:00:02.510Z, Context: {"scheduleEventId":2}, 
[2024-04-09 18:00] Type: scheduled, Device: MODULE_02, Output: 2, Status: watering, Duration: 79 s, Send startWater at: 2024-04-09T16:00:02.510Z, Context: {"scheduleEventId":9}, 
[2024-04-09 18:00] Type: scheduled, Device: MODULE_01, Output: 9, Status: done, Duration: 24 s, Send startWater at: 2024-04-09T16:00:02.510Z, Context: {"scheduleEventId":2}, 
[2024-04-09 18:01] Type: scheduled, Device: MODULE_02, Output: 2, Status: done, Duration: 79 s, Send startWater at: 2024-04-09T16:00:02.510Z, Context: {"scheduleEventId":9}, 
[2024-04-09 20:30] Type: manual, Device: MODULE_01, Output: 1, Status: error, Duration: 200 s, Send startWater at: Tue Apr 09 2024 20:30:30 GMT+0200 (Central European Summer Time), Context: {"message":"request to https://192.168.50.18/output failed, reason: connect EHOSTUNREACH 192.168.50.18:443","type":"system","errno":"EHOSTUNREACH","code":"EHOSTUNREACH"}, 
[2024-04-09 20:30] Type: manual, Device: MODULE_01, Output: 1, Status: error, Duration: 200 s, Send startWater at: Tue Apr 09 2024 20:30:53 GMT+0200 (Central European Summer Time), Context: {"message":"request to https://192.168.50.18/output failed, reason: connect EHOSTUNREACH 192.168.50.18:443","type":"system","errno":"EHOSTUNREACH","code":"EHOSTUNREACH"}, 
