[2025-10-16 05:45] Type: scheduled, Device: MODULE_01, Output: 3, Status: watering, Duration: 160 s, Send startWater at: 2025-10-16T03:45:02.953Z, Context: {"scheduleEventId":21}, 
[2025-10-16 05:47] Type: scheduled, Device: MODULE_01, Output: 3, Status: done, Duration: 160 s, Send startWater at: 2025-10-16T03:45:02.953Z, Context: {"scheduleEventId":21}, 
[2025-10-16 06:10] Type: scheduled, Device: MODULE_01, Output: 7, Status: watering, Duration: 80 s, Send startWater at: 2025-10-16T04:10:03.919Z, Context: {"scheduleEventId":12}, 
[2025-10-16 06:11] Type: scheduled, Device: MODULE_01, Output: 7, Status: done, Duration: 80 s, Send startWater at: 2025-10-16T04:10:03.919Z, Context: {"scheduleEventId":12}, 
[2025-10-16 06:20] Type: scheduled, Device: MODULE_01, Output: 2, Status: watering, Duration: 80 s, Send startWater at: 2025-10-16T04:20:04.325Z, Context: {"scheduleEventId":11}, 
[2025-10-16 06:21] Type: scheduled, Device: MODULE_01, Output: 2, Status: done, Duration: 80 s, Send startWater at: 2025-10-16T04:20:04.325Z, Context: {"scheduleEventId":11}, 
[2025-10-16 06:30] Type: scheduled, Device: MODULE_01, Output: 9, Status: watering, Duration: 120 s, Send startWater at: 2025-10-16T04:30:04.693Z, Context: {"scheduleEventId":2}, 
[2025-10-16 06:32] Type: scheduled, Device: MODULE_01, Output: 9, Status: done, Duration: 120 s, Send startWater at: 2025-10-16T04:30:04.693Z, Context: {"scheduleEventId":2}, 
[2025-10-16 06:40] Type: scheduled, Device: MODULE_01, Output: 8, Status: watering, Duration: 80 s, Send startWater at: 2025-10-16T04:40:04.992Z, Context: {"scheduleEventId":19}, 
[2025-10-16 06:41] Type: scheduled, Device: MODULE_01, Output: 8, Status: done, Duration: 80 s, Send startWater at: 2025-10-16T04:40:04.992Z, Context: {"scheduleEventId":19}, 
[2025-10-16 07:10] Type: scheduled, Device: MODULE_01, Output: 1, Status: watering, Duration: 160 s, Send startWater at: 2025-10-16T05:10:00.995Z, Context: {"scheduleEventId":20}, 
[2025-10-16 07:12] Type: scheduled, Device: MODULE_01, Output: 1, Status: done, Duration: 160 s, Send startWater at: 2025-10-16T05:10:00.995Z, Context: {"scheduleEventId":20}, 
[2025-10-16 18:04] Type: manual, Device: MODULE_00, Output: 3, Status: watering, Duration: 25 s, Send startWater at: Thu Oct 16 2025 18:04:44 GMT+0200 (Central European Summer Time), 
[2025-10-16 18:05] Type: manual, Device: MODULE_00, Output: 3, Status: done, Duration: 25 s, Send startWater at: Thu Oct 16 2025 18:04:44 GMT+0200 (Central European Summer Time), 
[2025-10-16 18:05] Type: manual, Device: MODULE_00, Output: 3, Status: watering, Duration: 25 s, Send startWater at: Thu Oct 16 2025 18:05:17 GMT+0200 (Central European Summer Time), 
[2025-10-16 18:05] Type: manual, Device: MODULE_00, Output: 3, Status: stopped, 
[2025-10-16 18:05] Type: manual, Device: MODULE_00, Output: 3, Status: watering, Duration: 25 s, Send startWater at: Thu Oct 16 2025 18:05:37 GMT+0200 (Central European Summer Time), 
[2025-10-16 18:05] Type: manual, Device: MODULE_00, Output: 3, Status: stopped, 
[2025-10-16 19:10] Type: scheduled, Device: MODULE_00, Output: 4, Status: watering, Duration: 35 s, Send startWater at: 2025-10-16T17:10:02.369Z, Context: {"scheduleEventId":23}, 
[2025-10-16 19:10] Type: scheduled, Device: MODULE_00, Output: 4, Status: done, Duration: 35 s, Send startWater at: 2025-10-16T17:10:02.369Z, Context: {"scheduleEventId":23}, 
[2025-10-16 19:20] Type: scheduled, Device: MODULE_00, Output: 5, Status: watering, Duration: 25 s, Send startWater at: 2025-10-16T17:20:02.715Z, Context: {"scheduleEventId":24}, 
[2025-10-16 19:20] Type: scheduled, Device: MODULE_00, Output: 5, Status: done, Duration: 25 s, Send startWater at: 2025-10-16T17:20:02.715Z, Context: {"scheduleEventId":24}, 
[2025-10-16 19:30] Type: scheduled, Device: MODULE_00, Output: 9, Status: watering, Duration: 25 s, Send startWater at: 2025-10-16T17:30:03.084Z, Context: {"scheduleEventId":28}, 
[2025-10-16 19:30] Type: scheduled, Device: MODULE_00, Output: 9, Status: done, Duration: 25 s, Send startWater at: 2025-10-16T17:30:03.084Z, Context: {"scheduleEventId":28}, 
[2025-10-16 19:40] Type: scheduled, Device: MODULE_00, Output: 9, Status: watering, Duration: 25 s, Send startWater at: 2025-10-16T17:40:03.451Z, Context: {"scheduleEventId":28}, 
[2025-10-16 19:40] Type: scheduled, Device: MODULE_00, Output: 9, Status: done, Duration: 25 s, Send startWater at: 2025-10-16T17:40:03.451Z, Context: {"scheduleEventId":28}, 
[2025-10-16 19:45] Type: scheduled, Device: MODULE_01, Output: 3, Status: watering, Duration: 160 s, Send startWater at: 2025-10-16T17:45:03.620Z, Context: {"scheduleEventId":21}, 
[2025-10-16 19:47] Type: scheduled, Device: MODULE_01, Output: 3, Status: done, Duration: 160 s, Send startWater at: 2025-10-16T17:45:03.620Z, Context: {"scheduleEventId":21}, 
[2025-10-16 19:50] Type: scheduled, Device: MODULE_00, Output: 9, Status: watering, Duration: 25 s, Send startWater at: 2025-10-16T17:50:03.784Z, Context: {"scheduleEventId":28}, 
[2025-10-16 19:50] Type: scheduled, Device: MODULE_00, Output: 9, Status: done, Duration: 25 s, Send startWater at: 2025-10-16T17:50:03.784Z, Context: {"scheduleEventId":28}, 
[2025-10-16 20:40] Type: scheduled, Device: MODULE_01, Output: 8, Status: watering, Duration: 80 s, Send startWater at: 2025-10-16T18:40:00.635Z, Context: {"scheduleEventId":19}, 
[2025-10-16 20:41] Type: scheduled, Device: MODULE_01, Output: 8, Status: done, Duration: 80 s, Send startWater at: 2025-10-16T18:40:00.635Z, Context: {"scheduleEventId":19}, 
[2025-10-16 20:45] Type: scheduled, Device: MODULE_01, Output: 5, Status: watering, Duration: 80 s, Send startWater at: 2025-10-16T18:45:00.841Z, Context: {"scheduleEventId":6}, 
[2025-10-16 20:46] Type: scheduled, Device: MODULE_01, Output: 5, Status: done, Duration: 80 s, Send startWater at: 2025-10-16T18:45:00.841Z, Context: {"scheduleEventId":6}, 
[2025-10-16 21:10] Type: scheduled, Device: MODULE_01, Output: 7, Status: watering, Duration: 80 s, Send startWater at: 2025-10-16T19:10:01.808Z, Context: {"scheduleEventId":12}, 
[2025-10-16 21:11] Type: scheduled, Device: MODULE_01, Output: 7, Status: done, Duration: 80 s, Send startWater at: 2025-10-16T19:10:01.808Z, Context: {"scheduleEventId":12}, 
[2025-10-16 21:20] Type: scheduled, Device: MODULE_01, Output: 2, Status: watering, Duration: 80 s, Send startWater at: 2025-10-16T19:20:02.216Z, Context: {"scheduleEventId":11}, 
[2025-10-16 21:21] Type: scheduled, Device: MODULE_01, Output: 2, Status: done, Duration: 80 s, Send startWater at: 2025-10-16T19:20:02.216Z, Context: {"scheduleEventId":11}, 
[2025-10-16 21:50] Type: scheduled, Device: MODULE_01, Output: 6, Status: watering, Duration: 120 s, Send startWater at: 2025-10-16T19:50:03.372Z, Context: {"scheduleEventId":7}, 
[2025-10-16 21:52] Type: scheduled, Device: MODULE_01, Output: 6, Status: done, Duration: 120 s, Send startWater at: 2025-10-16T19:50:03.372Z, Context: {"scheduleEventId":7}, 
