[2024-04-12 07:38] Type: manual, Device: MODULE_02, Output: 3, Status: error, Duration: 79 s, Send startWater at: Fri Apr 12 2024 07:38:47 GMT+0200 (Central European Summer Time), Context: {"message":"request to https://192.168.50.104/output failed, reason: connect EHOSTUNREACH 192.168.50.104:443","type":"system","errno":"EHOSTUNREACH","code":"EHOSTUNREACH"}, 
[2024-04-12 07:39] Type: manual, Device: MODULE_02, Output: 3, Status: error, Duration: 79 s, Send startWater at: Fri Apr 12 2024 07:39:29 GMT+0200 (Central European Summer Time), Context: {"message":"request to https://192.168.50.104/output failed, reason: connect EHOSTUNREACH 192.168.50.104:443","type":"system","errno":"EHOSTUNREACH","code":"EHOSTUNREACH"}, 
[2024-04-12 07:40] Type: manual, Device: MODULE_02, Output: 3, Status: watering, Duration: 79 s, Send startWater at: Fri Apr 12 2024 07:40:09 GMT+0200 (Central European Summer Time), 
[2024-04-12 07:40] Type: manual, Device: MODULE_02, Output: 3, Status: stopped, 
[2024-04-12 07:40] Type: manual, Device: MODULE_02, Output: 2, Status: watering, Duration: 32 s, Send startWater at: Fri Apr 12 2024 07:40:38 GMT+0200 (Central European Summer Time), 
[2024-04-12 07:41] Type: manual, Device: MODULE_02, Output: 2, Status: done, Duration: 32 s, Send startWater at: Fri Apr 12 2024 07:40:38 GMT+0200 (Central European Summer Time), 
[2024-04-12 08:00] Type: scheduled, Device: MODULE_01, Output: 1, Status: error, Duration: 100 s, Send startWater at: 2024-04-12T06:00:02.829Z, Context: {"scheduleEventId":1,"message":"request to https://192.168.50.18/output failed, reason: connect EHOSTUNREACH 192.168.50.18:443","type":"system","errno":"EHOSTUNREACH","code":"EHOSTUNREACH"}, 
[2024-04-12 08:00] Type: scheduled, Device: MODULE_01, Output: 9, Status: error, Duration: 24 s, Send startWater at: 2024-04-12T06:00:02.829Z, Context: {"scheduleEventId":2,"message":"request to https://192.168.50.18/output failed, reason: connect EHOSTUNREACH 192.168.50.18:443","type":"system","errno":"EHOSTUNREACH","code":"EHOSTUNREACH"}, 
[2024-04-12 08:00] Type: scheduled, Device: MODULE_01, Output: 6, Status: error, Duration: 200 s, Send startWater at: 2024-04-12T06:00:02.829Z, Context: {"scheduleEventId":7,"message":"request to https://192.168.50.18/output failed, reason: connect EHOSTUNREACH 192.168.50.18:443","type":"system","errno":"EHOSTUNREACH","code":"EHOSTUNREACH"}, 
[2024-04-12 09:00] Type: scheduled, Device: MODULE_02, Output: 3, Status: watering, Duration: 63 s, Send startWater at: 2024-04-12T07:00:01.718Z, Context: {"scheduleEventId":10}, 
[2024-04-12 09:00] Type: scheduled, Device: MODULE_01, Output: 8, Status: error, Duration: 200 s, Send startWater at: 2024-04-12T07:00:01.717Z, Context: {"scheduleEventId":3,"message":"request to https://192.168.50.18/output failed, reason: connect EHOSTUNREACH 192.168.50.18:443","type":"system","errno":"EHOSTUNREACH","code":"EHOSTUNREACH"}, 
[2024-04-12 09:01] Type: scheduled, Device: MODULE_02, Output: 3, Status: done, Duration: 63 s, Send startWater at: 2024-04-12T07:00:01.718Z, Context: {"scheduleEventId":10}, 
[2024-04-12 10:00] Type: scheduled, Device: MODULE_02, Output: 2, Status: watering, Duration: 79 s, Send startWater at: 2024-04-12T08:00:04.159Z, Context: {"scheduleEventId":9}, 
[2024-04-12 10:01] Type: scheduled, Device: MODULE_02, Output: 2, Status: done, Duration: 79 s, Send startWater at: 2024-04-12T08:00:04.159Z, Context: {"scheduleEventId":9}, 
[2024-04-12 17:47] Type: manual, Device: MODULE_01, Output: 1, Status: watering, Duration: 200 s, Send startWater at: Fri Apr 12 2024 17:47:56 GMT+0200 (Central European Summer Time), 
[2024-04-12 17:48] Type: manual, Device: MODULE_01, Output: 1, Status: stopped, 
[2024-04-12 17:58] Type: manual, Device: MODULE_01, Output: 2, Status: watering, Duration: 10 s, Send startWater at: Fri Apr 12 2024 17:58:28 GMT+0200 (Central European Summer Time), 
[2024-04-12 17:58] Type: manual, Device: MODULE_01, Output: 2, Status: stopped, 
[2024-04-12 17:59] Type: manual, Device: MODULE_01, Output: 2, Status: watering, Duration: 10 s, Send startWater at: Fri Apr 12 2024 17:59:01 GMT+0200 (Central European Summer Time), 
[2024-04-12 17:59] Type: manual, Device: MODULE_01, Output: 2, Status: stopped, 
[2024-04-12 18:00] Type: scheduled, Device: MODULE_02, Output: 2, Status: watering, Duration: 79 s, Send startWater at: 2024-04-12T16:00:02.644Z, Context: {"scheduleEventId":9}, 
[2024-04-12 18:00] Type: scheduled, Device: MODULE_01, Output: 9, Status: watering, Duration: 24 s, Send startWater at: 2024-04-12T16:00:02.644Z, Context: {"scheduleEventId":2}, 
[2024-04-12 18:00] Type: manual, Device: MODULE_01, Output: 9, Status: stopped, 
[2024-04-12 18:00] Type: manual, Device: MODULE_02, Output: 2, Status: stopped, 
[2024-04-12 18:25] Type: manual, Device: MODULE_01, Output: 1, Status: watering, Duration: 200 s, Send startWater at: Fri Apr 12 2024 18:25:22 GMT+0200 (Central European Summer Time), 
[2024-04-12 18:25] Type: manual, Device: MODULE_01, Output: 1, Status: stopped, 
[2024-04-12 18:30] Type: manual, Device: MODULE_01, Output: 1, Status: watering, Duration: 200 s, Send startWater at: Fri Apr 12 2024 18:30:57 GMT+0200 (Central European Summer Time), 
[2024-04-12 18:31] Type: manual, Device: MODULE_01, Output: 1, Status: stopped, 
[2024-04-12 18:39] Type: manual, Device: MODULE_01, Output: 10, Status: watering, Duration: 10 s, Send startWater at: Fri Apr 12 2024 18:39:28 GMT+0200 (Central European Summer Time), 
[2024-04-12 18:39] Type: manual, Device: MODULE_01, Output: 10, Status: stopped, 
[2024-04-12 18:39] Type: manual, Device: MODULE_01, Output: 6, Status: watering, Duration: 200 s, Send startWater at: Fri Apr 12 2024 18:39:50 GMT+0200 (Central European Summer Time), 
[2024-04-12 18:39] Type: manual, Device: MODULE_01, Output: 6, Status: stopped, 
[2024-04-12 18:41] Type: manual, Device: MODULE_01, Output: 1, Status: watering, Duration: 200 s, Send startWater at: Fri Apr 12 2024 18:41:10 GMT+0200 (Central European Summer Time), 
[2024-04-12 18:41] Type: manual, Device: MODULE_01, Output: 1, Status: stopped, 
[2024-04-12 18:41] Type: manual, Device: MODULE_01, Output: 3, Status: watering, Duration: 50 s, Send startWater at: Fri Apr 12 2024 18:41:19 GMT+0200 (Central European Summer Time), 
[2024-04-12 18:41] Type: manual, Device: MODULE_01, Output: 3, Status: stopped, 
[2024-04-12 18:41] Type: manual, Device: MODULE_01, Output: 6, Status: watering, Duration: 200 s, Send startWater at: Fri Apr 12 2024 18:41:19 GMT+0200 (Central European Summer Time), 
[2024-04-12 18:41] Type: manual, Device: MODULE_01, Output: 6, Status: stopped, 
[2024-04-12 18:41] Type: manual, Device: MODULE_01, Output: 7, Status: watering, Duration: 10 s, Send startWater at: Fri Apr 12 2024 18:41:20 GMT+0200 (Central European Summer Time), 
[2024-04-12 18:41] Type: manual, Device: MODULE_01, Output: 7, Status: stopped, 
[2024-04-12 18:41] Type: manual, Device: MODULE_01, Output: 8, Status: watering, Duration: 80 s, Send startWater at: Fri Apr 12 2024 18:41:21 GMT+0200 (Central European Summer Time), 
[2024-04-12 18:41] Type: manual, Device: MODULE_01, Output: 8, Status: stopped, 
[2024-04-12 18:41] Type: manual, Device: MODULE_01, Output: 9, Status: watering, Duration: 35 s, Send startWater at: Fri Apr 12 2024 18:41:22 GMT+0200 (Central European Summer Time), 
[2024-04-12 18:41] Type: manual, Device: MODULE_01, Output: 9, Status: stopped, 
[2024-04-12 18:41] Type: manual, Device: MODULE_01, Output: 5, Status: watering, Duration: 200 s, Send startWater at: Fri Apr 12 2024 18:41:44 GMT+0200 (Central European Summer Time), 
[2024-04-12 18:41] Type: manual, Device: MODULE_01, Output: 5, Status: stopped, 
[2024-04-12 18:41] Type: manual, Device: MODULE_01, Output: 2, Status: watering, Duration: 10 s, Send startWater at: Fri Apr 12 2024 18:41:53 GMT+0200 (Central European Summer Time), 
[2024-04-12 18:41] Type: manual, Device: MODULE_01, Output: 2, Status: stopped, 
[2024-04-12 18:42] Type: manual, Device: MODULE_01, Output: 4, Status: watering, Duration: 50 s, Send startWater at: Fri Apr 12 2024 18:42:01 GMT+0200 (Central European Summer Time), 
[2024-04-12 18:42] Type: manual, Device: MODULE_01, Output: 4, Status: stopped, 
[2024-04-12 19:17] Type: manual, Device: MODULE_01, Output: 1, Status: watering, Duration: 200 s, Send startWater at: Fri Apr 12 2024 19:17:43 GMT+0200 (Central European Summer Time), 
[2024-04-12 19:17] Type: manual, Device: MODULE_01, Output: 1, Status: stopped, 
[2024-04-12 19:32] Type: online, Device: MODULE_01, Output: 1, Status: watering, Duration: 200 s, Send startWater at: Fri Apr 12 2024 19:32:20 GMT+0200 (Central European Summer Time), Context: {"onlineMessageAction":"START_WATER","onlineMessageId":18,"volume":200,"action":"startWater"}, 
[2024-04-12 19:32] Type: online, Device: MODULE_01, Output: 1, Status: stopped, Context: {"onlineMessageAction":"STOP_WATER","onlineMessageId":19,"action":"stopWater"}, 
[2024-04-12 19:33] Type: online, Device: MODULE_01, Output: 1, Status: watering, Duration: 200 s, Send startWater at: Fri Apr 12 2024 19:33:52 GMT+0200 (Central European Summer Time), Context: {"onlineMessageAction":"START_WATER","onlineMessageId":20,"volume":200,"action":"startWater"}, 
[2024-04-12 19:34] Type: online, Device: MODULE_01, Output: 1, Status: stopped, Context: {"onlineMessageAction":"STOP_WATER","onlineMessageId":21,"action":"stopWater"}, 
[2024-04-12 19:38] Type: manual, Device: MODULE_01, Output: 1, Status: watering, Duration: 200 s, Send startWater at: Fri Apr 12 2024 19:38:48 GMT+0200 (Central European Summer Time), 
[2024-04-12 19:38] Type: manual, Device: MODULE_01, Output: 1, Status: stopped, 
[2024-04-12 19:40] Type: manual, Device: MODULE_01, Output: 1, Status: watering, Duration: 200 s, Send startWater at: Fri Apr 12 2024 19:40:52 GMT+0200 (Central European Summer Time), 
[2024-04-12 19:40] Type: manual, Device: MODULE_01, Output: 1, Status: stopped, 
[2024-04-12 19:42] Type: manual, Device: MODULE_01, Output: 1, Status: watering, Duration: 200 s, Send startWater at: Fri Apr 12 2024 19:42:53 GMT+0200 (Central European Summer Time), 
[2024-04-12 19:42] Type: manual, Device: MODULE_01, Output: 1, Status: stopped, 
[2024-04-12 19:43] Type: manual, Device: MODULE_01, Output: 1, Status: watering, Duration: 200 s, Send startWater at: Fri Apr 12 2024 19:43:24 GMT+0200 (Central European Summer Time), 
[2024-04-12 19:43] Type: manual, Device: MODULE_01, Output: 1, Status: stopped, 
[2024-04-12 19:55] Type: manual, Device: MODULE_01, Output: 1, Status: watering, Duration: 200 s, Send startWater at: Fri Apr 12 2024 19:55:23 GMT+0200 (Central European Summer Time), 
[2024-04-12 19:55] Type: manual, Device: MODULE_01, Output: 1, Status: stopped, 
[2024-04-12 20:01] Type: manual, Device: MODULE_01, Output: 1, Status: watering, Duration: 200 s, Send startWater at: Fri Apr 12 2024 20:01:43 GMT+0200 (Central European Summer Time), 
[2024-04-12 20:01] Type: manual, Device: MODULE_01, Output: 1, Status: stopped, 
[2024-04-12 20:02] Type: manual, Device: MODULE_01, Output: 1, Status: watering, Duration: 200 s, Send startWater at: Fri Apr 12 2024 20:02:37 GMT+0200 (Central European Summer Time), 
[2024-04-12 20:03] Type: manual, Device: MODULE_01, Output: 1, Status: stopped, 
[2024-04-12 20:09] Type: manual, Device: MODULE_01, Output: 1, Status: watering, Duration: 200 s, Send startWater at: Fri Apr 12 2024 20:09:26 GMT+0200 (Central European Summer Time), 
[2024-04-12 20:09] Type: manual, Device: MODULE_01, Output: 1, Status: stopped, 
[2024-04-12 20:11] Type: manual, Device: MODULE_01, Output: 1, Status: watering, Duration: 200 s, Send startWater at: Fri Apr 12 2024 20:11:01 GMT+0200 (Central European Summer Time), 
[2024-04-12 20:11] Type: manual, Device: MODULE_01, Output: 1, Status: stopped, 
[2024-04-12 20:11] Type: manual, Device: MODULE_01, Output: 1, Status: watering, Duration: 200 s, Send startWater at: Fri Apr 12 2024 20:11:33 GMT+0200 (Central European Summer Time), 
[2024-04-12 20:12] Type: manual, Device: MODULE_01, Output: 1, Status: stopped, 
[2024-04-12 20:13] Type: manual, Device: MODULE_01, Output: 1, Status: watering, Duration: 200 s, Send startWater at: Fri Apr 12 2024 20:13:12 GMT+0200 (Central European Summer Time), 
[2024-04-12 20:14] Type: manual, Device: MODULE_01, Output: 1, Status: stopped, 
[2024-04-12 20:55] Type: manual, Device: MODULE_01, Output: 1, Status: watering, Duration: 200 s, Send startWater at: Fri Apr 12 2024 20:55:32 GMT+0200 (Central European Summer Time), 
[2024-04-12 20:55] Type: manual, Device: MODULE_01, Output: 1, Status: stopped, 
[2024-04-12 20:56] Type: manual, Device: MODULE_01, Output: 1, Status: watering, Duration: 200 s, Send startWater at: Fri Apr 12 2024 20:56:03 GMT+0200 (Central European Summer Time), 
[2024-04-12 20:56] Type: manual, Device: MODULE_01, Output: 1, Status: stopped, 
[2024-04-12 21:00] Type: scheduled, Device: MODULE_02, Output: 3, Status: watering, Duration: 63 s, Send startWater at: 2024-04-12T19:00:04.573Z, Context: {"scheduleEventId":10}, 
[2024-04-12 21:01] Type: scheduled, Device: MODULE_02, Output: 3, Status: done, Duration: 63 s, Send startWater at: 2024-04-12T19:00:04.573Z, Context: {"scheduleEventId":10}, 
[2024-04-12 21:16] Type: manual, Device: MODULE_01, Output: 1, Status: watering, Duration: 200 s, Send startWater at: Fri Apr 12 2024 21:16:28 GMT+0200 (Central European Summer Time), 
[2024-04-12 21:16] Type: manual, Device: MODULE_01, Output: 1, Status: stopped, 
[2024-04-12 21:16] Type: manual, Device: MODULE_01, Output: 1, Status: watering, Duration: 200 s, Send startWater at: Fri Apr 12 2024 21:16:44 GMT+0200 (Central European Summer Time), 
[2024-04-12 21:16] Type: manual, Device: MODULE_01, Output: 1, Status: stopped, 
[2024-04-12 21:26] Type: manual, Device: MODULE_02, Output: 3, Status: watering, Duration: 79 s, Send startWater at: Fri Apr 12 2024 21:25:59 GMT+0200 (Central European Summer Time), 
[2024-04-12 21:26] Type: manual, Device: MODULE_02, Output: 3, Status: stopped, 
