[2023-12-02 15:25] Type: online, Device: MODULE_01, Output: 1, Status: watering, Duration: 10 s, Send startWater at: Sat Dec 02 2023 15:25:29 GMT+0100 (Central European Standard Time), Context: {"onlineMessageId":13,"volume":10,"action":"startWater"}, 
[2023-12-02 15:25] Type: online, Device: MODULE_01, Output: 1, Status: done, Duration: 10 s, Send startWater at: Sat Dec 02 2023 15:25:29 GMT+0100 (Central European Standard Time), Context: {"onlineMessageId":13,"volume":10,"action":"startWater"}, 
[2023-12-02 15:27] Type: online, Device: MODULE_01, Output: 1, Status: watering, Duration: 10 s, Send startWater at: Sat Dec 02 2023 15:27:44 GMT+0100 (Central European Standard Time), Context: {"onlineMessageId":14,"volume":10,"action":"startWater"}, 
[2023-12-02 15:27] Type: manual, Device: MODULE_01, Output: 1, Status: stopped, 
[2023-12-02 15:27] Type: online, Device: MODULE_01, Output: 1, Status: watering, Duration: 10 s, Send startWater at: Sat Dec 02 2023 15:27:56 GMT+0100 (Central European Standard Time), Context: {"onlineMessageId":16,"volume":10,"action":"startWater"}, 
[2023-12-02 15:28] Type: manual, Device: MODULE_01, Output: 1, Status: stopped, 
[2023-12-02 15:28] Type: online, Device: MODULE_01, Output: 2, Status: watering, Duration: 10 s, Send startWater at: Sat Dec 02 2023 15:27:59 GMT+0100 (Central European Standard Time), Context: {"onlineMessageId":17,"volume":10,"action":"startWater"}, 
[2023-12-02 15:28] Type: manual, Device: MODULE_01, Output: 2, Status: stopped, 
[2023-12-02 15:32] Type: online, Device: MODULE_01, Output: 1, Status: watering, Duration: 10 s, Send startWater at: Sat Dec 02 2023 15:32:39 GMT+0100 (Central European Standard Time), Context: {"onlineMessageId":23,"volume":10,"action":"startWater"}, 
[2023-12-02 15:32] Type: manual, Device: MODULE_01, Output: 1, Status: stopped, 
[2023-12-02 15:32] Type: online, Device: MODULE_01, Output: 2, Status: watering, Duration: 10 s, Send startWater at: Sat Dec 02 2023 15:32:41 GMT+0100 (Central European Standard Time), Context: {"onlineMessageId":24,"volume":10,"action":"startWater"}, 
[2023-12-02 15:32] Type: manual, Device: MODULE_01, Output: 2, Status: stopped, 
[2023-12-02 15:35] Type: online, Device: MODULE_01, Output: 1, Status: watering, Duration: 10 s, Send startWater at: Sat Dec 02 2023 15:35:29 GMT+0100 (Central European Standard Time), Context: {"onlineMessageId":30,"volume":10,"action":"startWater"}, 
[2023-12-02 15:35] Type: online, Device: MODULE_01, Output: 2, Status: watering, Duration: 10 s, Send startWater at: Sat Dec 02 2023 15:35:29 GMT+0100 (Central European Standard Time), Context: {"onlineMessageId":31,"volume":10,"action":"startWater"}, 
[2023-12-02 15:35] Type: online, Device: MODULE_01, Output: 1, Status: done, Duration: 10 s, Send startWater at: Sat Dec 02 2023 15:35:29 GMT+0100 (Central European Standard Time), Context: {"onlineMessageId":30,"volume":10,"action":"startWater"}, 
[2023-12-02 15:35] Type: online, Device: MODULE_01, Output: 2, Status: done, Duration: 10 s, Send startWater at: Sat Dec 02 2023 15:35:29 GMT+0100 (Central European Standard Time), Context: {"onlineMessageId":31,"volume":10,"action":"startWater"}, 
[2023-12-02 15:35] Type: online, Device: MODULE_01, Output: 3, Status: watering, Duration: 10 s, Send startWater at: Sat Dec 02 2023 15:35:32 GMT+0100 (Central European Standard Time), Context: {"onlineMessageId":32,"volume":10,"action":"startWater"}, 
[2023-12-02 15:35] Type: online, Device: MODULE_01, Output: 3, Status: done, Duration: 10 s, Send startWater at: Sat Dec 02 2023 15:35:32 GMT+0100 (Central European Standard Time), Context: {"onlineMessageId":32,"volume":10,"action":"startWater"}, 
[2023-12-02 15:35] Type: manual, Device: MODULE_01, Output: 1, Status: watering, Duration: 10 s, Send startWater at: Sat Dec 02 2023 15:35:59 GMT+0100 (Central European Standard Time), 
[2023-12-02 15:36] Type: manual, Device: MODULE_01, Output: 1, Status: stopped, 
[2023-12-02 15:36] Type: manual, Device: MODULE_01, Output: 1, Status: watering, Duration: 10 s, Send startWater at: Sat Dec 02 2023 15:36:04 GMT+0100 (Central European Standard Time), 
[2023-12-02 15:36] Type: manual, Device: MODULE_01, Output: 1, Status: stopped, 
[2023-12-02 15:36] Type: manual, Device: MODULE_01, Output: 2, Status: watering, Duration: 10 s, Send startWater at: Sat Dec 02 2023 15:36:05 GMT+0100 (Central European Standard Time), 
[2023-12-02 15:36] Type: manual, Device: MODULE_01, Output: 2, Status: stopped, 
[2023-12-02 15:36] Type: online, Device: MODULE_01, Output: 1, Status: watering, Duration: 10 s, Send startWater at: Sat Dec 02 2023 15:36:14 GMT+0100 (Central European Standard Time), Context: {"onlineMessageId":33,"volume":10,"action":"startWater"}, 
[2023-12-02 15:36] Type: manual, Device: MODULE_01, Output: 1, Status: stopped, 
[2023-12-02 15:36] Type: online, Device: MODULE_01, Output: 2, Status: watering, Duration: 10 s, Send startWater at: Sat Dec 02 2023 15:36:17 GMT+0100 (Central European Standard Time), Context: {"onlineMessageId":34,"volume":10,"action":"startWater"}, 
[2023-12-02 15:36] Type: manual, Device: MODULE_01, Output: 2, Status: stopped, 
[2023-12-02 15:36] Type: online, Device: MODULE_01, Output: 3, Status: watering, Duration: 10 s, Send startWater at: Sat Dec 02 2023 15:36:17 GMT+0100 (Central European Standard Time), Context: {"onlineMessageId":35,"volume":10,"action":"startWater"}, 
[2023-12-02 15:36] Type: manual, Device: MODULE_01, Output: 3, Status: stopped, 
[2023-12-02 15:36] Type: online, Device: MODULE_01, Output: 3, Status: watering, Duration: 10 s, Send startWater at: Sat Dec 02 2023 15:36:34 GMT+0100 (Central European Standard Time), Context: {"onlineMessageId":41,"volume":10,"action":"startWater"}, 
[2023-12-02 15:36] Type: manual, Device: MODULE_01, Output: 3, Status: stopped, 
[2023-12-02 15:38] Type: online, Device: MODULE_01, Output: 1, Status: watering, Duration: 10 s, Send startWater at: Sat Dec 02 2023 15:38:02 GMT+0100 (Central European Standard Time), Context: {"onlineMessageId":51,"volume":10,"action":"startWater"}, 
[2023-12-02 15:38] Type: manual, Device: MODULE_01, Output: 1, Status: stopped, 
[2023-12-02 15:39] Type: manual, Device: MODULE_01, Output: 1, Status: watering, Duration: 10 s, Send startWater at: Sat Dec 02 2023 15:39:36 GMT+0100 (Central European Standard Time), 
[2023-12-02 15:39] Type: manual, Device: MODULE_01, Output: 1, Status: stopped, 
[2023-12-02 15:39] Type: manual, Device: MODULE_01, Output: 2, Status: watering, Duration: 10 s, Send startWater at: Sat Dec 02 2023 15:39:38 GMT+0100 (Central European Standard Time), 
[2023-12-02 15:39] Type: manual, Device: MODULE_01, Output: 2, Status: stopped, 
[2023-12-02 15:39] Type: manual, Device: MODULE_01, Output: 3, Status: watering, Duration: 10 s, Send startWater at: Sat Dec 02 2023 15:39:41 GMT+0100 (Central European Standard Time), 
[2023-12-02 15:39] Type: manual, Device: MODULE_01, Output: 2, Status: aborted, 
[2023-12-02 15:39] Type: manual, Device: MODULE_01, Output: 3, Status: stopped, 
[2023-12-02 15:39] Type: manual, Device: MODULE_01, Output: 1, Status: watering, Duration: 10 s, Send startWater at: Sat Dec 02 2023 15:39:43 GMT+0100 (Central European Standard Time), 
[2023-12-02 15:39] Type: manual, Device: MODULE_01, Output: 1, Status: stopped, 
[2023-12-02 15:40] Type: online, Device: MODULE_01, Output: 1, Status: watering, Duration: 10 s, Send startWater at: Sat Dec 02 2023 15:40:04 GMT+0100 (Central European Standard Time), Context: {"onlineMessageId":58,"volume":10,"action":"startWater"}, 
[2023-12-02 15:40] Type: manual, Device: MODULE_01, Output: 1, Status: stopped, 
[2023-12-02 15:40] Type: online, Device: MODULE_01, Output: 2, Status: watering, Duration: 10 s, Send startWater at: Sat Dec 02 2023 15:40:07 GMT+0100 (Central European Standard Time), Context: {"onlineMessageId":59,"volume":10,"action":"startWater"}, 
[2023-12-02 15:40] Type: manual, Device: MODULE_01, Output: 2, Status: stopped, 
[2023-12-02 15:50] Type: online, Device: MODULE_01, Output: 1, Status: watering, Duration: 10 s, Send startWater at: Sat Dec 02 2023 15:50:05 GMT+0100 (Central European Standard Time), Context: {"onlineMessageId":64,"volume":10,"action":"startWater"}, 
[2023-12-02 15:50] Type: online, Device: MODULE_01, Output: 1, Status: done, Duration: 10 s, Send startWater at: Sat Dec 02 2023 15:50:05 GMT+0100 (Central European Standard Time), Context: {"onlineMessageId":64,"volume":10,"action":"startWater"}, 
[2023-12-02 15:50] Type: online, Device: MODULE_01, Output: 2, Status: watering, Duration: 10 s, Send startWater at: Sat Dec 02 2023 15:50:10 GMT+0100 (Central European Standard Time), Context: {"onlineMessageId":65,"volume":10,"action":"startWater"}, 
[2023-12-02 15:50] Type: manual, Device: MODULE_01, Output: 2, Status: stopped, 
[2023-12-02 15:50] Type: online, Device: MODULE_01, Output: 1, Status: watering, Duration: 100 s, Send startWater at: Sat Dec 02 2023 15:50:37 GMT+0100 (Central European Standard Time), Context: {"onlineMessageId":68,"volume":100,"action":"startWater"}, 
[2023-12-02 15:50] Type: manual, Device: MODULE_01, Output: 1, Status: stopped, 
[2023-12-02 15:50] Type: online, Device: MODULE_01, Output: 2, Status: watering, Duration: 100 s, Send startWater at: Sat Dec 02 2023 15:50:40 GMT+0100 (Central European Standard Time), Context: {"onlineMessageId":69,"volume":100,"action":"startWater"}, 
[2023-12-02 15:50] Type: manual, Device: MODULE_01, Output: 2, Status: stopped, 
[2023-12-02 15:55] Type: online, Device: MODULE_01, Output: 1, Status: watering, Duration: 10 s, Send startWater at: Sat Dec 02 2023 15:55:20 GMT+0100 (Central European Standard Time), Context: {"onlineMessageId":75,"volume":10,"action":"startWater"}, 
[2023-12-02 15:55] Type: manual, Device: MODULE_01, Output: 1, Status: stopped, 
[2023-12-02 15:55] Type: online, Device: MODULE_01, Output: 2, Status: watering, Duration: 10 s, Send startWater at: Sat Dec 02 2023 15:55:22 GMT+0100 (Central European Standard Time), Context: {"onlineMessageId":76,"volume":10,"action":"startWater"}, 
[2023-12-02 15:55] Type: manual, Device: MODULE_01, Output: 2, Status: stopped, 
[2023-12-02 16:00] Type: online, Device: MODULE_01, Output: 1, Status: watering, Duration: 100 s, Send startWater at: Sat Dec 02 2023 16:00:30 GMT+0100 (Central European Standard Time), Context: {"onlineMessageId":82,"volume":100,"action":"startWater"}, 
[2023-12-02 16:00] Type: manual, Device: MODULE_01, Output: 1, Status: stopped, 
[2023-12-02 16:00] Type: online, Device: MODULE_01, Output: 2, Status: watering, Duration: 100 s, Send startWater at: Sat Dec 02 2023 16:00:32 GMT+0100 (Central European Standard Time), Context: {"onlineMessageId":83,"volume":100,"action":"startWater"}, 
[2023-12-02 16:00] Type: manual, Device: MODULE_01, Output: 2, Status: stopped, 
[2023-12-02 16:00] Type: manual, Device: MODULE_01, Output: 3, Status: aborted, 
[2023-12-02 16:00] Type: online, Device: MODULE_01, Output: 1, Status: watering, Duration: 100 s, Send startWater at: Sat Dec 02 2023 16:00:45 GMT+0100 (Central European Standard Time), Context: {"onlineMessageId":88,"volume":100,"action":"startWater"}, 
[2023-12-02 16:00] Type: manual, Device: MODULE_01, Output: 3, Status: aborted, 
[2023-12-02 16:00] Type: manual, Device: MODULE_01, Output: 2, Status: aborted, 
[2023-12-02 16:00] Type: manual, Device: MODULE_01, Output: 1, Status: stopped, 
[2023-12-02 16:00] Type: online, Device: MODULE_01, Output: 2, Status: watering, Duration: 100 s, Send startWater at: Sat Dec 02 2023 16:00:57 GMT+0100 (Central European Standard Time), Context: {"onlineMessageId":94,"volume":100,"action":"startWater"}, 
[2023-12-02 16:01] Type: manual, Device: MODULE_01, Output: 3, Status: aborted, 
[2023-12-02 16:01] Type: manual, Device: MODULE_01, Output: 2, Status: stopped, 
[2023-12-02 16:01] Type: online, Device: MODULE_01, Output: 1, Status: watering, Duration: 100 s, Send startWater at: Sat Dec 02 2023 16:01:00 GMT+0100 (Central European Standard Time), Context: {"onlineMessageId":96,"volume":100,"action":"startWater"}, 
[2023-12-02 16:01] Type: manual, Device: MODULE_01, Output: 1, Status: stopped, 
[2023-12-02 16:01] Type: online, Device: MODULE_01, Output: 1, Status: watering, Duration: 100 s, Send startWater at: Sat Dec 02 2023 16:01:12 GMT+0100 (Central European Standard Time), Context: {"onlineMessageId":100,"volume":100,"action":"startWater"}, 
[2023-12-02 16:01] Type: manual, Device: MODULE_01, Output: 1, Status: stopped, 
[2023-12-02 16:01] Type: online, Device: MODULE_01, Output: 2, Status: watering, Duration: 100 s, Send startWater at: Sat Dec 02 2023 16:01:15 GMT+0100 (Central European Standard Time), Context: {"onlineMessageId":101,"volume":100,"action":"startWater"}, 
[2023-12-02 16:01] Type: manual, Device: MODULE_01, Output: 2, Status: stopped, 
[2023-12-02 16:01] Type: online, Device: MODULE_01, Output: 3, Status: watering, Duration: 100 s, Send startWater at: Sat Dec 02 2023 16:01:18 GMT+0100 (Central European Standard Time), Context: {"onlineMessageId":102,"volume":100,"action":"startWater"}, 
[2023-12-02 16:01] Type: manual, Device: MODULE_01, Output: 3, Status: stopped, 
[2023-12-02 16:01] Type: online, Device: MODULE_01, Output: 1, Status: watering, Duration: 100 s, Send startWater at: Sat Dec 02 2023 16:01:50 GMT+0100 (Central European Standard Time), Context: {"onlineMessageId":106,"volume":100,"action":"startWater"}, 
[2023-12-02 16:01] Type: manual, Device: MODULE_01, Output: 1, Status: stopped, 
[2023-12-02 16:01] Type: manual, Device: MODULE_01, Output: 1, Status: watering, Duration: 100 s, Send startWater at: Sat Dec 02 2023 16:01:57 GMT+0100 (Central European Standard Time), 
[2023-12-02 16:02] Type: manual, Device: MODULE_01, Output: 1, Status: stopped, 
[2023-12-02 16:02] Type: manual, Device: MODULE_01, Output: 2, Status: watering, Duration: 100 s, Send startWater at: Sat Dec 02 2023 16:01:58 GMT+0100 (Central European Standard Time), 
[2023-12-02 16:02] Type: manual, Device: MODULE_01, Output: 2, Status: stopped, 
[2023-12-02 16:02] Type: manual, Device: MODULE_01, Output: 3, Status: watering, Duration: 100 s, Send startWater at: Sat Dec 02 2023 16:01:59 GMT+0100 (Central European Standard Time), 
[2023-12-02 16:02] Type: manual, Device: MODULE_01, Output: 3, Status: stopped, 
[2023-12-02 16:09] Type: online, Device: MODULE_01, Output: 1, Status: watering, Duration: 100 s, Send startWater at: Sat Dec 02 2023 16:09:20 GMT+0100 (Central European Standard Time), Context: {"onlineMessageId":108,"volume":100,"action":"startWater"}, 
[2023-12-02 16:09] Type: manual, Device: MODULE_01, Output: 1, Status: stopped, 
[2023-12-02 16:09] Type: online, Device: MODULE_01, Output: 2, Status: watering, Duration: 100 s, Send startWater at: Sat Dec 02 2023 16:09:23 GMT+0100 (Central European Standard Time), Context: {"onlineMessageId":109,"volume":100,"action":"startWater"}, 
[2023-12-02 16:09] Type: manual, Device: MODULE_01, Output: 2, Status: stopped, 
[2023-12-02 16:09] Type: online, Device: MODULE_01, Output: 3, Status: watering, Duration: 100 s, Send startWater at: Sat Dec 02 2023 16:09:23 GMT+0100 (Central European Standard Time), Context: {"onlineMessageId":110,"volume":100,"action":"startWater"}, 
[2023-12-02 16:09] Type: manual, Device: MODULE_01, Output: 3, Status: stopped, 
[2023-12-02 16:09] Type: online, Device: MODULE_01, Output: 1, Status: watering, Duration: 100 s, Send startWater at: Sat Dec 02 2023 16:09:38 GMT+0100 (Central European Standard Time), Context: {"onlineMessageId":114,"volume":100,"action":"startWater"}, 
[2023-12-02 16:09] Type: online, Device: MODULE_01, Output: 2, Status: watering, Duration: 100 s, Send startWater at: Sat Dec 02 2023 16:09:38 GMT+0100 (Central European Standard Time), Context: {"onlineMessageId":115,"volume":100,"action":"startWater"}, 
[2023-12-02 16:09] Type: manual, Device: MODULE_01, Output: 2, Status: stopped, 
[2023-12-02 16:09] Type: online, Device: MODULE_01, Output: 3, Status: watering, Duration: 100 s, Send startWater at: Sat Dec 02 2023 16:09:40 GMT+0100 (Central European Standard Time), Context: {"onlineMessageId":116,"volume":100,"action":"startWater"}, 
[2023-12-02 16:09] Type: manual, Device: MODULE_01, Output: 3, Status: stopped, 
[2023-12-02 16:11] Type: online, Device: MODULE_01, Output: 1, Status: done, Duration: 100 s, Send startWater at: Sat Dec 02 2023 16:09:38 GMT+0100 (Central European Standard Time), Context: {"onlineMessageId":114,"volume":100,"action":"startWater"}, 
[2023-12-02 16:11] Type: online, Device: MODULE_01, Output: 1, Status: watering, Duration: 100 s, Send startWater at: Sat Dec 02 2023 16:11:58 GMT+0100 (Central European Standard Time), Context: {"onlineMessageId":120,"volume":100,"action":"startWater"}, 
[2023-12-02 16:12] Type: manual, Device: MODULE_01, Output: 1, Status: stopped, 
[2023-12-02 16:12] Type: online, Device: MODULE_01, Output: 2, Status: watering, Duration: 100 s, Send startWater at: Sat Dec 02 2023 16:12:00 GMT+0100 (Central European Standard Time), Context: {"onlineMessageId":121,"volume":100,"action":"startWater"}, 
[2023-12-02 16:12] Type: manual, Device: MODULE_01, Output: 2, Status: stopped, 
[2023-12-02 16:12] Type: manual, Device: MODULE_01, Output: 3, Status: aborted, 
[2023-12-02 16:12] Type: online, Device: MODULE_01, Output: 1, Status: watering, Duration: 100 s, Send startWater at: Sat Dec 02 2023 16:12:18 GMT+0100 (Central European Standard Time), Context: {"onlineMessageId":126,"volume":100,"action":"startWater"}, 
[2023-12-02 16:12] Type: manual, Device: MODULE_01, Output: 1, Status: stopped, 
[2023-12-02 16:12] Type: online, Device: MODULE_01, Output: 2, Status: watering, Duration: 100 s, Send startWater at: Sat Dec 02 2023 16:12:18 GMT+0100 (Central European Standard Time), Context: {"onlineMessageId":127,"volume":100,"action":"startWater"}, 
[2023-12-02 16:12] Type: manual, Device: MODULE_01, Output: 2, Status: stopped, 
[2023-12-02 16:12] Type: online, Device: MODULE_01, Output: 3, Status: watering, Duration: 100 s, Send startWater at: Sat Dec 02 2023 16:12:18 GMT+0100 (Central European Standard Time), Context: {"onlineMessageId":128,"volume":100,"action":"startWater"}, 
[2023-12-02 16:12] Type: manual, Device: MODULE_01, Output: 3, Status: stopped, 
[2023-12-02 16:12] Type: online, Device: MODULE_01, Output: 3, Status: watering, Duration: 100 s, Send startWater at: Sat Dec 02 2023 16:12:28 GMT+0100 (Central European Standard Time), Context: {"onlineMessageId":132,"volume":100,"action":"startWater"}, 
[2023-12-02 16:12] Type: manual, Device: MODULE_01, Output: 3, Status: stopped, 
[2023-12-02 16:12] Type: online, Device: MODULE_01, Output: 2, Status: watering, Duration: 100 s, Send startWater at: Sat Dec 02 2023 16:12:28 GMT+0100 (Central European Standard Time), Context: {"onlineMessageId":133,"volume":100,"action":"startWater"}, 
[2023-12-02 16:12] Type: manual, Device: MODULE_01, Output: 2, Status: stopped, 
[2023-12-02 16:12] Type: online, Device: MODULE_01, Output: 1, Status: watering, Duration: 100 s, Send startWater at: Sat Dec 02 2023 16:12:28 GMT+0100 (Central European Standard Time), Context: {"onlineMessageId":134,"volume":100,"action":"startWater"}, 
[2023-12-02 16:12] Type: manual, Device: MODULE_01, Output: 1, Status: stopped, 
[2023-12-02 16:12] Type: online, Device: MODULE_01, Output: 1, Status: watering, Duration: 100 s, Send startWater at: Sat Dec 02 2023 16:12:45 GMT+0100 (Central European Standard Time), Context: {"onlineMessageId":138,"volume":100,"action":"startWater"}, 
[2023-12-02 16:12] Type: manual, Device: MODULE_01, Output: 3, Status: aborted, 
[2023-12-02 16:12] Type: manual, Device: MODULE_01, Output: 2, Status: aborted, 
[2023-12-02 16:12] Type: manual, Device: MODULE_01, Output: 1, Status: stopped, 
[2023-12-02 16:13] Type: online, Device: MODULE_01, Output: 3, Status: watering, Duration: 100 s, Send startWater at: Sat Dec 02 2023 16:13:00 GMT+0100 (Central European Standard Time), Context: {"onlineMessageId":144,"volume":100,"action":"startWater"}, 
[2023-12-02 16:13] Type: manual, Device: MODULE_01, Output: 3, Status: stopped, 
[2023-12-02 16:13] Type: online, Device: MODULE_01, Output: 2, Status: watering, Duration: 100 s, Send startWater at: Sat Dec 02 2023 16:13:00 GMT+0100 (Central European Standard Time), Context: {"onlineMessageId":145,"volume":100,"action":"startWater"}, 
[2023-12-02 16:13] Type: manual, Device: MODULE_01, Output: 2, Status: stopped, 
[2023-12-02 16:13] Type: online, Device: MODULE_01, Output: 1, Status: watering, Duration: 100 s, Send startWater at: Sat Dec 02 2023 16:13:00 GMT+0100 (Central European Standard Time), Context: {"onlineMessageId":146,"volume":100,"action":"startWater"}, 
[2023-12-02 16:13] Type: manual, Device: MODULE_01, Output: 1, Status: stopped, 
[2023-12-02 16:15] Type: online, Device: MODULE_01, Output: 1, Status: watering, Duration: 100 s, Send startWater at: Sat Dec 02 2023 16:15:01 GMT+0100 (Central European Standard Time), Context: {"onlineMessageId":150,"volume":100,"action":"startWater"}, 
[2023-12-02 16:15] Type: manual, Device: MODULE_01, Output: 1, Status: stopped, 
[2023-12-02 16:15] Type: online, Device: MODULE_01, Output: 2, Status: watering, Duration: 100 s, Send startWater at: Sat Dec 02 2023 16:15:01 GMT+0100 (Central European Standard Time), Context: {"onlineMessageId":151,"volume":100,"action":"startWater"}, 
[2023-12-02 16:15] Type: manual, Device: MODULE_01, Output: 2, Status: stopped, 
[2023-12-02 16:15] Type: online, Device: MODULE_01, Output: 3, Status: watering, Duration: 100 s, Send startWater at: Sat Dec 02 2023 16:15:03 GMT+0100 (Central European Standard Time), Context: {"onlineMessageId":152,"volume":100,"action":"startWater"}, 
[2023-12-02 16:15] Type: manual, Device: MODULE_01, Output: 3, Status: stopped, 
[2023-12-02 16:15] Type: online, Device: MODULE_01, Output: 1, Status: watering, Duration: 100 s, Send startWater at: Sat Dec 02 2023 16:15:18 GMT+0100 (Central European Standard Time), Context: {"onlineMessageId":156,"volume":100,"action":"startWater"}, 
[2023-12-02 16:15] Type: manual, Device: MODULE_01, Output: 1, Status: stopped, 
[2023-12-02 16:15] Type: online, Device: MODULE_01, Output: 2, Status: watering, Duration: 100 s, Send startWater at: Sat Dec 02 2023 16:15:18 GMT+0100 (Central European Standard Time), Context: {"onlineMessageId":157,"volume":100,"action":"startWater"}, 
[2023-12-02 16:15] Type: manual, Device: MODULE_01, Output: 2, Status: stopped, 
[2023-12-02 16:15] Type: online, Device: MODULE_01, Output: 3, Status: watering, Duration: 100 s, Send startWater at: Sat Dec 02 2023 16:15:18 GMT+0100 (Central European Standard Time), Context: {"onlineMessageId":158,"volume":100,"action":"startWater"}, 
[2023-12-02 16:15] Type: manual, Device: MODULE_01, Output: 3, Status: stopped, 
[2023-12-02 16:15] Type: online, Device: MODULE_01, Output: 1, Status: watering, Duration: 10 s, Send startWater at: Sat Dec 02 2023 16:15:53 GMT+0100 (Central European Standard Time), Context: {"onlineMessageId":162,"volume":10,"action":"startWater"}, 
[2023-12-02 16:15] Type: manual, Device: MODULE_01, Output: 1, Status: stopped, 
[2023-12-02 16:15] Type: online, Device: MODULE_01, Output: 2, Status: watering, Duration: 10 s, Send startWater at: Sat Dec 02 2023 16:15:56 GMT+0100 (Central European Standard Time), Context: {"onlineMessageId":163,"volume":10,"action":"startWater"}, 
[2023-12-02 16:15] Type: manual, Device: MODULE_01, Output: 2, Status: stopped, 
[2023-12-02 16:15] Type: online, Device: MODULE_01, Output: 3, Status: watering, Duration: 10 s, Send startWater at: Sat Dec 02 2023 16:15:56 GMT+0100 (Central European Standard Time), Context: {"onlineMessageId":164,"volume":10,"action":"startWater"}, 
[2023-12-02 16:16] Type: online, Device: MODULE_01, Output: 3, Status: done, Duration: 10 s, Send startWater at: Sat Dec 02 2023 16:15:56 GMT+0100 (Central European Standard Time), Context: {"onlineMessageId":164,"volume":10,"action":"startWater"}, 
[2023-12-02 16:16] Type: online, Device: MODULE_01, Output: 2, Status: watering, Duration: 10 s, Send startWater at: Sat Dec 02 2023 16:16:06 GMT+0100 (Central European Standard Time), Context: {"onlineMessageId":167,"volume":10,"action":"startWater"}, 
[2023-12-02 16:16] Type: manual, Device: MODULE_01, Output: 2, Status: stopped, 
[2023-12-02 16:16] Type: online, Device: MODULE_01, Output: 1, Status: watering, Duration: 10 s, Send startWater at: Sat Dec 02 2023 16:16:11 GMT+0100 (Central European Standard Time), Context: {"onlineMessageId":168,"volume":10,"action":"startWater"}, 
[2023-12-02 16:16] Type: manual, Device: MODULE_01, Output: 1, Status: stopped, 
[2023-12-02 16:16] Type: online, Device: MODULE_01, Output: 3, Status: watering, Duration: 10 s, Send startWater at: Sat Dec 02 2023 16:16:16 GMT+0100 (Central European Standard Time), Context: {"onlineMessageId":170,"volume":10,"action":"startWater"}, 
[2023-12-02 16:16] Type: manual, Device: MODULE_01, Output: 3, Status: stopped, 
[2023-12-02 16:16] Type: online, Device: MODULE_01, Output: 1, Status: watering, Duration: 10 s, Send startWater at: Sat Dec 02 2023 16:16:26 GMT+0100 (Central European Standard Time), Context: {"onlineMessageId":175,"volume":10,"action":"startWater"}, 
[2023-12-02 16:16] Type: manual, Device: MODULE_01, Output: 1, Status: stopped, 
[2023-12-02 16:16] Type: online, Device: MODULE_01, Output: 1, Status: watering, Duration: 10 s, Send startWater at: Sat Dec 02 2023 16:16:33 GMT+0100 (Central European Standard Time), Context: {"onlineMessageId":177,"volume":10,"action":"startWater"}, 
[2023-12-02 16:16] Type: manual, Device: MODULE_01, Output: 1, Status: stopped, 
[2023-12-02 16:16] Type: online, Device: MODULE_01, Output: 2, Status: watering, Duration: 10 s, Send startWater at: Sat Dec 02 2023 16:16:41 GMT+0100 (Central European Standard Time), Context: {"onlineMessageId":179,"volume":10,"action":"startWater"}, 
[2023-12-02 16:16] Type: manual, Device: MODULE_01, Output: 2, Status: stopped, 
[2023-12-02 16:16] Type: online, Device: MODULE_01, Output: 3, Status: watering, Duration: 10 s, Send startWater at: Sat Dec 02 2023 16:16:41 GMT+0100 (Central European Standard Time), Context: {"onlineMessageId":180,"volume":10,"action":"startWater"}, 
[2023-12-02 16:16] Type: manual, Device: MODULE_01, Output: 3, Status: stopped, 
[2023-12-02 16:16] Type: online, Device: MODULE_01, Output: 1, Status: watering, Duration: 10 s, Send startWater at: Sat Dec 02 2023 16:16:51 GMT+0100 (Central European Standard Time), Context: {"onlineMessageId":183,"volume":10,"action":"startWater"}, 
[2023-12-02 16:16] Type: manual, Device: MODULE_01, Output: 1, Status: stopped, 
[2023-12-02 16:16] Type: online, Device: MODULE_01, Output: 2, Status: watering, Duration: 10 s, Send startWater at: Sat Dec 02 2023 16:16:51 GMT+0100 (Central European Standard Time), Context: {"onlineMessageId":184,"volume":10,"action":"startWater"}, 
[2023-12-02 16:16] Type: manual, Device: MODULE_01, Output: 2, Status: stopped, 
[2023-12-02 16:16] Type: online, Device: MODULE_01, Output: 3, Status: watering, Duration: 10 s, Send startWater at: Sat Dec 02 2023 16:16:53 GMT+0100 (Central European Standard Time), Context: {"onlineMessageId":185,"volume":10,"action":"startWater"}, 
[2023-12-02 16:16] Type: manual, Device: MODULE_01, Output: 3, Status: stopped, 
[2023-12-02 16:26] Type: online, Device: MODULE_01, Output: 1, Status: watering, Duration: 10 s, Send startWater at: Sat Dec 02 2023 16:26:13 GMT+0100 (Central European Standard Time), Context: {"onlineMessageId":189,"volume":10,"action":"startWater"}, 
[2023-12-02 16:26] Type: online, Device: MODULE_01, Output: 1, Status: done, Duration: 10 s, Send startWater at: Sat Dec 02 2023 16:26:13 GMT+0100 (Central European Standard Time), Context: {"onlineMessageId":189,"volume":10,"action":"startWater"}, 
[2023-12-02 16:26] Type: online, Device: MODULE_01, Output: 2, Status: watering, Duration: 10 s, Send startWater at: Sat Dec 02 2023 16:26:16 GMT+0100 (Central European Standard Time), Context: {"onlineMessageId":190,"volume":10,"action":"startWater"}, 
[2023-12-02 16:26] Type: manual, Device: MODULE_01, Output: 2, Status: stopped, 
[2023-12-02 16:26] Type: online, Device: MODULE_01, Output: 3, Status: watering, Duration: 10 s, Send startWater at: Sat Dec 02 2023 16:26:21 GMT+0100 (Central European Standard Time), Context: {"onlineMessageId":191,"volume":10,"action":"startWater"}, 
[2023-12-02 16:26] Type: manual, Device: MODULE_01, Output: 3, Status: stopped, 
[2023-12-02 16:45] Type: online, Device: MODULE_01, Output: 1, Status: watering, Duration: 10 s, Send startWater at: Sat Dec 02 2023 16:45:09 GMT+0100 (Central European Standard Time), Context: {"onlineMessageId":194,"volume":10,"action":"startWater"}, 
[2023-12-02 16:45] Type: manual, Device: MODULE_01, Output: 1, Status: stopped, 
[2023-12-02 16:45] Type: online, Device: MODULE_01, Output: 1, Status: watering, Duration: 10 s, Send startWater at: Sat Dec 02 2023 16:45:56 GMT+0100 (Central European Standard Time), Context: {"onlineMessageId":196,"volume":10,"action":"startWater"}, 
[2023-12-02 16:46] Type: online, Device: MODULE_01, Output: 1, Status: done, Duration: 10 s, Send startWater at: Sat Dec 02 2023 16:45:56 GMT+0100 (Central European Standard Time), Context: {"onlineMessageId":196,"volume":10,"action":"startWater"}, 
[2023-12-02 16:46] Type: online, Device: MODULE_01, Output: 2, Status: watering, Duration: 10 s, Send startWater at: Sat Dec 02 2023 16:45:59 GMT+0100 (Central European Standard Time), Context: {"onlineMessageId":197,"volume":10,"action":"startWater"}, 
[2023-12-02 16:46] Type: online, Device: MODULE_01, Output: 2, Status: done, Duration: 10 s, Send startWater at: Sat Dec 02 2023 16:45:59 GMT+0100 (Central European Standard Time), Context: {"onlineMessageId":197,"volume":10,"action":"startWater"}, 
[2023-12-02 16:46] Type: online, Device: MODULE_01, Output: 3, Status: watering, Duration: 10 s, Send startWater at: Sat Dec 02 2023 16:45:59 GMT+0100 (Central European Standard Time), Context: {"onlineMessageId":198,"volume":10,"action":"startWater"}, 
[2023-12-02 16:46] Type: online, Device: MODULE_01, Output: 3, Status: done, Duration: 10 s, Send startWater at: Sat Dec 02 2023 16:45:59 GMT+0100 (Central European Standard Time), Context: {"onlineMessageId":198,"volume":10,"action":"startWater"}, 
[2023-12-02 16:53] Type: online, Device: MODULE_01, Output: 2, Status: watering, Duration: 10 s, Send startWater at: Sat Dec 02 2023 16:53:29 GMT+0100 (Central European Standard Time), Context: {"onlineMessageId":199,"volume":10,"action":"startWater"}, 
[2023-12-02 16:53] Type: manual, Device: MODULE_01, Output: 2, Status: stopped, 
[2023-12-02 16:53] Type: online, Device: MODULE_01, Output: 1, Status: watering, Duration: 10 s, Send startWater at: Sat Dec 02 2023 16:53:36 GMT+0100 (Central European Standard Time), Context: {"onlineMessageId":201,"volume":10,"action":"startWater"}, 
[2023-12-02 16:53] Type: manual, Device: MODULE_01, Output: 1, Status: stopped, 
[2023-12-02 16:53] Type: online, Device: MODULE_01, Output: 1, Status: watering, Duration: 10 s, Send startWater at: Sat Dec 02 2023 16:53:56 GMT+0100 (Central European Standard Time), Context: {"onlineMessageId":203,"volume":10,"action":"startWater"}, 
[2023-12-02 16:53] Type: manual, Device: MODULE_01, Output: 3, Status: aborted, 
[2023-12-02 16:53] Type: manual, Device: MODULE_01, Output: 2, Status: aborted, 
[2023-12-02 16:54] Type: online, Device: MODULE_01, Output: 1, Status: done, Duration: 10 s, Send startWater at: Sat Dec 02 2023 16:53:56 GMT+0100 (Central European Standard Time), Context: {"onlineMessageId":203,"volume":10,"action":"startWater"}, 
[2023-12-02 16:55] Type: online, Device: MODULE_01, Output: 1, Status: watering, Duration: 10 s, Send startWater at: Sat Dec 02 2023 16:55:51 GMT+0100 (Central European Standard Time), Context: {"onlineMessageId":208,"volume":10,"action":"startWater"}, 
[2023-12-02 16:55] Type: manual, Device: MODULE_01, Output: 1, Status: stopped, 
[2023-12-02 16:56] Type: online, Device: MODULE_01, Output: 2, Status: watering, Duration: 10 s, Send startWater at: Sat Dec 02 2023 16:56:06 GMT+0100 (Central European Standard Time), Context: {"onlineMessageId":212,"volume":10,"action":"startWater"}, 
[2023-12-02 16:56] Type: manual, Device: MODULE_01, Output: 2, Status: stopped, 
[2023-12-02 18:26] Type: online, Device: MODULE_01, Output: 1, Status: watering, Duration: 10 s, Send startWater at: Sat Dec 02 2023 18:26:55 GMT+0100 (Central European Standard Time), Context: {"onlineMessageId":214,"volume":10,"action":"startWater"}, 
[2023-12-02 18:27] Type: manual, Device: MODULE_01, Output: 1, Status: stopped, 
