[2024-07-16 08:00] Type: scheduled, Device: MODULE_01, Output: 6, Status: error, Duration: 160 s, Send startWater at: 2024-07-16T06:00:02.684Z, Context: {"scheduleEventId":7,"message":"request to https://192.168.50.18/output failed, reason: connect EHOSTUNREACH 192.168.50.18:443","type":"system","errno":"EHOSTUNREACH","code":"EHOSTUNREACH"}, 
[2024-07-16 08:05] Type: scheduled, Device: MODULE_00, Output: 3, Status: watering, Duration: 75 s, Send startWater at: 2024-07-16T06:05:02.868Z, Context: {"scheduleEventId":9}, 
[2024-07-16 08:06] Type: scheduled, Device: MODULE_00, Output: 3, Status: done, Duration: 75 s, Send startWater at: 2024-07-16T06:05:02.868Z, Context: {"scheduleEventId":9}, 
[2024-07-16 09:00] Type: scheduled, Device: MODULE_00, Output: 4, Status: watering, Duration: 50 s, Send startWater at: 2024-07-16T07:00:04.949Z, Context: {"scheduleEventId":10}, 
[2024-07-16 09:00] Type: scheduled, Device: MODULE_01, Output: 4, Status: error, Duration: 160 s, Send startWater at: 2024-07-16T07:00:04.949Z, Context: {"scheduleEventId":5,"message":"request to https://192.168.50.18/output failed, reason: connect EHOSTUNREACH 192.168.50.18:443","type":"system","errno":"EHOSTUNREACH","code":"EHOSTUNREACH"}, 
[2024-07-16 09:00] Type: scheduled, Device: MODULE_00, Output: 4, Status: done, Duration: 50 s, Send startWater at: 2024-07-16T07:00:04.949Z, Context: {"scheduleEventId":10}, 
[2024-07-16 10:05] Type: scheduled, Device: MODULE_00, Output: 5, Status: watering, Duration: 75 s, Send startWater at: 2024-07-16T08:05:02.335Z, Context: {"scheduleEventId":8}, 
[2024-07-16 10:06] Type: scheduled, Device: MODULE_00, Output: 5, Status: done, Duration: 75 s, Send startWater at: 2024-07-16T08:05:02.335Z, Context: {"scheduleEventId":8}, 
[2024-07-16 12:15] Type: scheduled, Device: MODULE_00, Output: 3, Status: watering, Duration: 75 s, Send startWater at: 2024-07-16T10:15:02.093Z, Context: {"scheduleEventId":9}, 
[2024-07-16 12:16] Type: scheduled, Device: MODULE_00, Output: 3, Status: done, Duration: 75 s, Send startWater at: 2024-07-16T10:15:02.093Z, Context: {"scheduleEventId":9}, 
[2024-07-16 18:15] Type: scheduled, Device: MODULE_00, Output: 3, Status: watering, Duration: 75 s, Send startWater at: 2024-07-16T16:15:00.086Z, Context: {"scheduleEventId":9}, 
[2024-07-16 18:16] Type: scheduled, Device: MODULE_00, Output: 3, Status: done, Duration: 75 s, Send startWater at: 2024-07-16T16:15:00.086Z, Context: {"scheduleEventId":9}, 
[2024-07-16 18:44] Type: manual, Device: MODULE_01, Output: 2, Status: error, Duration: 80 s, Send startWater at: Tue Jul 16 2024 18:44:07 GMT+0200 (Central European Summer Time), Context: {"message":"request to https://192.168.50.18/output failed, reason: connect EHOSTUNREACH 192.168.50.18:443","type":"system","errno":"EHOSTUNREACH","code":"EHOSTUNREACH"}, 
[2024-07-16 18:47] Type: manual, Device: MODULE_01, Output: 2, Status: watering, Duration: 80 s, Send startWater at: Tue Jul 16 2024 18:47:18 GMT+0200 (Central European Summer Time), 
[2024-07-16 18:48] Type: manual, Device: MODULE_01, Output: 2, Status: done, Duration: 80 s, Send startWater at: Tue Jul 16 2024 18:47:18 GMT+0200 (Central European Summer Time), 
[2024-07-16 18:48] Type: manual, Device: MODULE_01, Output: 1, Status: watering, Duration: 160 s, Send startWater at: Tue Jul 16 2024 18:48:04 GMT+0200 (Central European Summer Time), 
[2024-07-16 18:51] Type: manual, Device: MODULE_01, Output: 1, Status: done, Duration: 160 s, Send startWater at: Tue Jul 16 2024 18:48:04 GMT+0200 (Central European Summer Time), 
[2024-07-16 18:51] Type: manual, Device: MODULE_01, Output: 3, Status: watering, Duration: 40 s, Send startWater at: Tue Jul 16 2024 18:48:06 GMT+0200 (Central European Summer Time), 
[2024-07-16 18:52] Type: manual, Device: MODULE_01, Output: 3, Status: done, Duration: 40 s, Send startWater at: Tue Jul 16 2024 18:48:06 GMT+0200 (Central European Summer Time), 
[2024-07-16 18:52] Type: manual, Device: MODULE_01, Output: 4, Status: watering, Duration: 40 s, Send startWater at: Tue Jul 16 2024 18:48:08 GMT+0200 (Central European Summer Time), 
[2024-07-16 18:52] Type: manual, Device: MODULE_01, Output: 4, Status: done, Duration: 40 s, Send startWater at: Tue Jul 16 2024 18:48:08 GMT+0200 (Central European Summer Time), 
[2024-07-16 18:52] Type: manual, Device: MODULE_01, Output: 5, Status: watering, Duration: 160 s, Send startWater at: Tue Jul 16 2024 18:48:09 GMT+0200 (Central European Summer Time), 
[2024-07-16 18:53] Type: manual, Device: MODULE_01, Output: 5, Status: stopped, 
[2024-07-16 18:53] Type: manual, Device: MODULE_01, Output: 6, Status: watering, Duration: 120 s, Send startWater at: Tue Jul 16 2024 18:48:10 GMT+0200 (Central European Summer Time), 
[2024-07-16 18:55] Type: manual, Device: MODULE_01, Output: 6, Status: done, Duration: 120 s, Send startWater at: Tue Jul 16 2024 18:48:10 GMT+0200 (Central European Summer Time), 
[2024-07-16 18:55] Type: manual, Device: MODULE_01, Output: 7, Status: watering, Duration: 160 s, Send startWater at: Tue Jul 16 2024 18:48:11 GMT+0200 (Central European Summer Time), 
[2024-07-16 18:58] Type: manual, Device: MODULE_01, Output: 7, Status: done, Duration: 160 s, Send startWater at: Tue Jul 16 2024 18:48:11 GMT+0200 (Central European Summer Time), 
[2024-07-16 18:58] Type: manual, Device: MODULE_01, Output: 8, Status: watering, Duration: 160 s, Send startWater at: Tue Jul 16 2024 18:48:12 GMT+0200 (Central European Summer Time), 
[2024-07-16 19:01] Type: manual, Device: MODULE_01, Output: 8, Status: done, Duration: 160 s, Send startWater at: Tue Jul 16 2024 18:48:12 GMT+0200 (Central European Summer Time), 
[2024-07-16 19:01] Type: manual, Device: MODULE_01, Output: 9, Status: watering, Duration: 120 s, Send startWater at: Tue Jul 16 2024 18:48:12 GMT+0200 (Central European Summer Time), 
[2024-07-16 19:03] Type: manual, Device: MODULE_01, Output: 9, Status: done, Duration: 120 s, Send startWater at: Tue Jul 16 2024 18:48:12 GMT+0200 (Central European Summer Time), 
[2024-07-16 20:00] Type: scheduled, Device: MODULE_01, Output: 7, Status: watering, Duration: 240 s, Send startWater at: 2024-07-16T18:00:03.802Z, Context: {"scheduleEventId":12}, 
[2024-07-16 20:04] Type: scheduled, Device: MODULE_01, Output: 7, Status: done, Duration: 240 s, Send startWater at: 2024-07-16T18:00:03.802Z, Context: {"scheduleEventId":12}, 
