[2024-08-31 07:58] Type: manual, Device: MODULE_01, Output: 4, Status: watering, Duration: 40 s, Send startWater at: Sat Aug 31 2024 07:58:46 GMT+0200 (Central European Summer Time), 
[2024-08-31 07:59] Type: manual, Device: MODULE_01, Output: 4, Status: done, Duration: 40 s, Send startWater at: Sat Aug 31 2024 07:58:46 GMT+0200 (Central European Summer Time), 
[2024-08-31 08:00] Type: scheduled, Device: MODULE_01, Output: 6, Status: watering, Duration: 160 s, Send startWater at: 2024-08-31T06:00:02.605Z, Context: {"scheduleEventId":7}, 
[2024-08-31 08:01] Type: manual, Device: MODULE_01, Output: 6, Status: stopped, 
[2024-08-31 09:00] Type: scheduled, Device: MODULE_00, Output: 3, Status: watering, Duration: 40 s, Send startWater at: 2024-08-31T07:00:04.669Z, Context: {"scheduleEventId":13}, 
[2024-08-31 09:00] Type: scheduled, Device: MODULE_01, Output: 4, Status: watering, Duration: 160 s, Send startWater at: 2024-08-31T07:00:04.669Z, Context: {"scheduleEventId":5}, 
[2024-08-31 09:00] Type: scheduled, Device: MODULE_00, Output: 3, Status: done, Duration: 40 s, Send startWater at: 2024-08-31T07:00:04.669Z, Context: {"scheduleEventId":13}, 
[2024-08-31 09:02] Type: scheduled, Device: MODULE_01, Output: 4, Status: done, Duration: 160 s, Send startWater at: 2024-08-31T07:00:04.669Z, Context: {"scheduleEventId":5}, 
[2024-08-31 10:00] Type: scheduled, Device: MODULE_01, Output: 3, Status: watering, Duration: 120 s, Send startWater at: 2024-08-31T08:00:01.914Z, Context: {"scheduleEventId":4}, 
[2024-08-31 10:02] Type: scheduled, Device: MODULE_01, Output: 3, Status: done, Duration: 120 s, Send startWater at: 2024-08-31T08:00:01.914Z, Context: {"scheduleEventId":4}, 
[2024-08-31 18:15] Type: scheduled, Device: MODULE_00, Output: 4, Status: watering, Duration: 75 s, Send startWater at: 2024-08-31T16:15:04.959Z, Context: {"scheduleEventId":14}, 
[2024-08-31 18:16] Type: scheduled, Device: MODULE_00, Output: 4, Status: done, Duration: 75 s, Send startWater at: 2024-08-31T16:15:04.959Z, Context: {"scheduleEventId":14}, 
[2024-08-31 18:20] Type: scheduled, Device: MODULE_00, Output: 6, Status: watering, Duration: 25 s, Send startWater at: 2024-08-31T16:20:00.129Z, Context: {"scheduleEventId":15}, 
[2024-08-31 18:20] Type: scheduled, Device: MODULE_00, Output: 6, Status: done, Duration: 25 s, Send startWater at: 2024-08-31T16:20:00.129Z, Context: {"scheduleEventId":15}, 
[2024-08-31 18:25] Type: scheduled, Device: MODULE_00, Output: 5, Status: watering, Duration: 50 s, Send startWater at: 2024-08-31T16:25:00.298Z, Context: {"scheduleEventId":16}, 
[2024-08-31 18:25] Type: scheduled, Device: MODULE_00, Output: 5, Status: done, Duration: 50 s, Send startWater at: 2024-08-31T16:25:00.298Z, Context: {"scheduleEventId":16}, 
[2024-08-31 20:00] Type: scheduled, Device: MODULE_00, Output: 3, Status: watering, Duration: 40 s, Send startWater at: 2024-08-31T18:00:03.921Z, Context: {"scheduleEventId":13}, 
[2024-08-31 20:00] Type: scheduled, Device: MODULE_01, Output: 7, Status: watering, Duration: 240 s, Send startWater at: 2024-08-31T18:00:03.921Z, Context: {"scheduleEventId":12}, 
[2024-08-31 20:00] Type: scheduled, Device: MODULE_00, Output: 3, Status: done, Duration: 40 s, Send startWater at: 2024-08-31T18:00:03.921Z, Context: {"scheduleEventId":13}, 
[2024-08-31 20:04] Type: scheduled, Device: MODULE_01, Output: 7, Status: done, Duration: 240 s, Send startWater at: 2024-08-31T18:00:03.921Z, Context: {"scheduleEventId":12}, 
