[2024-05-26 07:00] Type: scheduled, Device: MODULE_02, Output: 2, Status: watering, Duration: 127 s, Send startWater at: 2024-05-26T05:00:01.475Z, Context: {"scheduleEventId":9}, 
[2024-05-26 07:02] Type: scheduled, Device: MODULE_02, Output: 2, Status: done, Duration: 127 s, Send startWater at: 2024-05-26T05:00:01.475Z, Context: {"scheduleEventId":9}, 
[2024-05-26 08:00] Type: scheduled, Device: MODULE_01, Output: 1, Status: watering, Duration: 160 s, Send startWater at: 2024-05-26T06:00:03.702Z, Context: {"scheduleEventId":1}, 
[2024-05-26 08:00] Type: scheduled, Device: MODULE_01, Output: 9, Status: watering, Duration: 160 s, Send startWater at: 2024-05-26T06:00:03.702Z, Context: {"scheduleEventId":2}, 
[2024-05-26 08:00] Type: scheduled, Device: MODULE_01, Output: 2, Status: watering, Duration: 320 s, Send startWater at: 2024-05-26T06:00:03.702Z, Context: {"scheduleEventId":11}, 
[2024-05-26 08:00] Type: scheduled, Device: MODULE_01, Output: 6, Status: watering, Duration: 160 s, Send startWater at: 2024-05-26T06:00:03.702Z, Context: {"scheduleEventId":7}, 
[2024-05-26 08:02] Type: scheduled, Device: MODULE_01, Output: 1, Status: done, Duration: 160 s, Send startWater at: 2024-05-26T06:00:03.702Z, Context: {"scheduleEventId":1}, 
[2024-05-26 08:02] Type: scheduled, Device: MODULE_01, Output: 9, Status: done, Duration: 160 s, Send startWater at: 2024-05-26T06:00:03.702Z, Context: {"scheduleEventId":2}, 
[2024-05-26 08:02] Type: scheduled, Device: MODULE_01, Output: 6, Status: done, Duration: 160 s, Send startWater at: 2024-05-26T06:00:03.702Z, Context: {"scheduleEventId":7}, 
[2024-05-26 08:05] Type: scheduled, Device: MODULE_01, Output: 2, Status: done, Duration: 320 s, Send startWater at: 2024-05-26T06:00:03.702Z, Context: {"scheduleEventId":11}, 
[2024-05-26 09:00] Type: scheduled, Device: MODULE_01, Output: 8, Status: watering, Duration: 240 s, Send startWater at: 2024-05-26T07:00:01.096Z, Context: {"scheduleEventId":3}, 
[2024-05-26 09:00] Type: scheduled, Device: MODULE_02, Output: 3, Status: watering, Duration: 63 s, Send startWater at: 2024-05-26T07:00:01.096Z, Context: {"scheduleEventId":10}, 
[2024-05-26 09:01] Type: scheduled, Device: MODULE_02, Output: 3, Status: done, Duration: 63 s, Send startWater at: 2024-05-26T07:00:01.096Z, Context: {"scheduleEventId":10}, 
[2024-05-26 09:04] Type: scheduled, Device: MODULE_01, Output: 8, Status: done, Duration: 240 s, Send startWater at: 2024-05-26T07:00:01.096Z, Context: {"scheduleEventId":3}, 
[2024-05-26 09:04] Type: scheduled, Device: MODULE_01, Output: 4, Status: watering, Duration: 160 s, Send startWater at: 2024-05-26T07:00:01.096Z, Context: {"scheduleEventId":5}, 
[2024-05-26 09:06] Type: scheduled, Device: MODULE_01, Output: 4, Status: done, Duration: 160 s, Send startWater at: 2024-05-26T07:00:01.096Z, Context: {"scheduleEventId":5}, 
[2024-05-26 11:00] Type: scheduled, Device: MODULE_01, Output: 5, Status: watering, Duration: 160 s, Send startWater at: 2024-05-26T09:00:00.350Z, Context: {"scheduleEventId":6}, 
[2024-05-26 11:02] Type: scheduled, Device: MODULE_01, Output: 5, Status: done, Duration: 160 s, Send startWater at: 2024-05-26T09:00:00.350Z, Context: {"scheduleEventId":6}, 
[2024-05-26 12:00] Type: scheduled, Device: MODULE_02, Output: 2, Status: watering, Duration: 79 s, Send startWater at: 2024-05-26T10:00:02.642Z, Context: {"scheduleEventId":9}, 
[2024-05-26 12:01] Type: scheduled, Device: MODULE_02, Output: 2, Status: done, Duration: 79 s, Send startWater at: 2024-05-26T10:00:02.642Z, Context: {"scheduleEventId":9}, 
[2024-05-26 18:00] Type: scheduled, Device: MODULE_02, Output: 2, Status: watering, Duration: 79 s, Send startWater at: 2024-05-26T16:00:00.139Z, Context: {"scheduleEventId":9}, 
[2024-05-26 18:01] Type: scheduled, Device: MODULE_02, Output: 2, Status: done, Duration: 79 s, Send startWater at: 2024-05-26T16:00:00.139Z, Context: {"scheduleEventId":9}, 
[2024-05-26 18:47] Type: manual, Device: MODULE_00, Output: 3, Status: watering, Duration: 25 s, Send startWater at: Sun May 26 2024 18:47:02 GMT+0200 (Central European Summer Time), 
[2024-05-26 18:47] Type: manual, Device: MODULE_00, Output: 3, Status: done, Duration: 25 s, Send startWater at: Sun May 26 2024 18:47:02 GMT+0200 (Central European Summer Time), 
[2024-05-26 18:47] Type: manual, Device: MODULE_00, Output: 3, Status: watering, Duration: 25 s, Send startWater at: Sun May 26 2024 18:47:35 GMT+0200 (Central European Summer Time), 
[2024-05-26 18:47] Type: manual, Device: MODULE_00, Output: 3, Status: stopped, 
[2024-05-26 18:47] Type: manual, Device: MODULE_00, Output: 3, Status: watering, Duration: 25 s, Send startWater at: Sun May 26 2024 18:47:42 GMT+0200 (Central European Summer Time), 
[2024-05-26 18:47] Type: manual, Device: MODULE_00, Output: 3, Status: stopped, 
[2024-05-26 18:48] Type: manual, Device: MODULE_00, Output: 3, Status: watering, Duration: 25 s, Send startWater at: Sun May 26 2024 18:48:08 GMT+0200 (Central European Summer Time), 
[2024-05-26 18:48] Type: manual, Device: MODULE_00, Output: 3, Status: stopped, 
[2024-05-26 18:56] Type: manual, Device: MODULE_02, Output: 3, Status: watering, Duration: 79 s, Send startWater at: Sun May 26 2024 18:56:04 GMT+0200 (Central European Summer Time), 
[2024-05-26 18:56] Type: manual, Device: MODULE_02, Output: 3, Status: stopped, 
[2024-05-26 20:00] Type: scheduled, Device: MODULE_01, Output: 7, Status: watering, Duration: 200 s, Send startWater at: 2024-05-26T18:00:00.852Z, Context: {"scheduleEventId":12}, 
[2024-05-26 20:03] Type: scheduled, Device: MODULE_01, Output: 7, Status: done, Duration: 200 s, Send startWater at: 2024-05-26T18:00:00.852Z, Context: {"scheduleEventId":12}, 
[2024-05-26 21:13] Type: manual, Device: MODULE_02, Output: 3, Status: watering, Duration: 79 s, Send startWater at: Sun May 26 2024 21:13:57 GMT+0200 (Central European Summer Time), 
[2024-05-26 21:14] Type: manual, Device: MODULE_02, Output: 3, Status: stopped, 
