[2024-06-07 07:00] Type: scheduled, Device: MODULE_00, Output: 3, Status: watering, Duration: 40 s, Send startWater at: 2024-06-07T05:00:01.617Z, Context: {"scheduleEventId":9}, 
[2024-06-07 07:00] Type: scheduled, Device: MODULE_00, Output: 3, Status: done, Duration: 40 s, Send startWater at: 2024-06-07T05:00:01.617Z, Context: {"scheduleEventId":9}, 
[2024-06-07 07:00] Type: scheduled, Device: MODULE_00, Output: 4, Status: watering, Duration: 40 s, Send startWater at: 2024-06-07T05:00:01.617Z, Context: {"scheduleEventId":10}, 
[2024-06-07 07:01] Type: scheduled, Device: MODULE_00, Output: 4, Status: done, Duration: 40 s, Send startWater at: 2024-06-07T05:00:01.617Z, Context: {"scheduleEventId":10}, 
[2024-06-07 07:03] Type: manual, Device: MODULE_00, Output: 3, Status: watering, Duration: 25 s, Send startWater at: Fri Jun 07 2024 07:03:04 GMT+0200 (Central European Summer Time), 
[2024-06-07 07:03] Type: manual, Device: MODULE_00, Output: 3, Status: stopped, 
[2024-06-07 08:00] Type: scheduled, Device: MODULE_01, Output: 1, Status: watering, Duration: 200 s, Send startWater at: 2024-06-07T06:00:03.752Z, Context: {"scheduleEventId":1}, 
[2024-06-07 08:03] Type: scheduled, Device: MODULE_01, Output: 1, Status: done, Duration: 200 s, Send startWater at: 2024-06-07T06:00:03.752Z, Context: {"scheduleEventId":1}, 
[2024-06-07 08:03] Type: scheduled, Device: MODULE_01, Output: 9, Status: watering, Duration: 160 s, Send startWater at: 2024-06-07T06:00:03.752Z, Context: {"scheduleEventId":2}, 
[2024-06-07 08:06] Type: scheduled, Device: MODULE_01, Output: 9, Status: done, Duration: 160 s, Send startWater at: 2024-06-07T06:00:03.752Z, Context: {"scheduleEventId":2}, 
[2024-06-07 08:06] Type: scheduled, Device: MODULE_01, Output: 6, Status: watering, Duration: 160 s, Send startWater at: 2024-06-07T06:00:03.752Z, Context: {"scheduleEventId":7}, 
[2024-06-07 08:08] Type: scheduled, Device: MODULE_01, Output: 6, Status: done, Duration: 160 s, Send startWater at: 2024-06-07T06:00:03.752Z, Context: {"scheduleEventId":7}, 
[2024-06-07 08:08] Type: scheduled, Device: MODULE_01, Output: 2, Status: watering, Duration: 320 s, Send startWater at: 2024-06-07T06:00:03.752Z, Context: {"scheduleEventId":11}, 
[2024-06-07 08:14] Type: scheduled, Device: MODULE_01, Output: 2, Status: done, Duration: 320 s, Send startWater at: 2024-06-07T06:00:03.752Z, Context: {"scheduleEventId":11}, 
[2024-06-07 09:00] Type: scheduled, Device: MODULE_01, Output: 8, Status: watering, Duration: 240 s, Send startWater at: 2024-06-07T07:00:01.031Z, Context: {"scheduleEventId":3}, 
[2024-06-07 09:04] Type: scheduled, Device: MODULE_01, Output: 8, Status: done, Duration: 240 s, Send startWater at: 2024-06-07T07:00:01.031Z, Context: {"scheduleEventId":3}, 
[2024-06-07 09:04] Type: scheduled, Device: MODULE_01, Output: 4, Status: watering, Duration: 160 s, Send startWater at: 2024-06-07T07:00:01.031Z, Context: {"scheduleEventId":5}, 
[2024-06-07 09:06] Type: scheduled, Device: MODULE_01, Output: 4, Status: done, Duration: 160 s, Send startWater at: 2024-06-07T07:00:01.031Z, Context: {"scheduleEventId":5}, 
[2024-06-07 11:00] Type: scheduled, Device: MODULE_01, Output: 5, Status: watering, Duration: 160 s, Send startWater at: 2024-06-07T09:00:00.296Z, Context: {"scheduleEventId":6}, 
[2024-06-07 11:02] Type: scheduled, Device: MODULE_01, Output: 5, Status: done, Duration: 160 s, Send startWater at: 2024-06-07T09:00:00.296Z, Context: {"scheduleEventId":6}, 
[2024-06-07 12:00] Type: scheduled, Device: MODULE_00, Output: 3, Status: watering, Duration: 25 s, Send startWater at: 2024-06-07T10:00:02.620Z, Context: {"scheduleEventId":9}, 
[2024-06-07 12:00] Type: scheduled, Device: MODULE_00, Output: 3, Status: done, Duration: 25 s, Send startWater at: 2024-06-07T10:00:02.620Z, Context: {"scheduleEventId":9}, 
[2024-06-07 17:59] Type: manual, Device: MODULE_00, Output: 3, Status: watering, Duration: 25 s, Send startWater at: Fri Jun 07 2024 17:59:08 GMT+0200 (Central European Summer Time), 
[2024-06-07 17:59] Type: manual, Device: MODULE_00, Output: 3, Status: stopped, 
[2024-06-07 17:59] Type: manual, Device: MODULE_00, Output: 4, Status: watering, Duration: 25 s, Send startWater at: Fri Jun 07 2024 17:59:12 GMT+0200 (Central European Summer Time), 
[2024-06-07 17:59] Type: manual, Device: MODULE_00, Output: 4, Status: stopped, 
[2024-06-07 17:59] Type: manual, Device: MODULE_00, Output: 5, Status: watering, Duration: 25 s, Send startWater at: Fri Jun 07 2024 17:59:18 GMT+0200 (Central European Summer Time), 
[2024-06-07 17:59] Type: manual, Device: MODULE_00, Output: 5, Status: stopped, 
[2024-06-07 17:59] Type: manual, Device: MODULE_00, Output: 7, Status: watering, Duration: 50 s, Send startWater at: Fri Jun 07 2024 17:59:23 GMT+0200 (Central European Summer Time), 
[2024-06-07 17:59] Type: manual, Device: MODULE_00, Output: 7, Status: stopped, 
[2024-06-07 17:59] Type: manual, Device: MODULE_00, Output: 6, Status: watering, Duration: 50 s, Send startWater at: Fri Jun 07 2024 17:59:24 GMT+0200 (Central European Summer Time), 
[2024-06-07 17:59] Type: manual, Device: MODULE_00, Output: 6, Status: stopped, 
[2024-06-07 17:59] Type: manual, Device: MODULE_00, Output: 5, Status: watering, Duration: 25 s, Send startWater at: Fri Jun 07 2024 17:59:27 GMT+0200 (Central European Summer Time), 
[2024-06-07 17:59] Type: manual, Device: MODULE_00, Output: 5, Status: stopped, 
[2024-06-07 18:00] Type: scheduled, Device: MODULE_00, Output: 3, Status: watering, Duration: 25 s, Send startWater at: 2024-06-07T16:00:00.908Z, Context: {"scheduleEventId":9}, 
[2024-06-07 18:00] Type: scheduled, Device: MODULE_00, Output: 3, Status: done, Duration: 25 s, Send startWater at: 2024-06-07T16:00:00.908Z, Context: {"scheduleEventId":9}, 
[2024-06-07 20:00] Type: scheduled, Device: MODULE_01, Output: 7, Status: error, Duration: 240 s, Send startWater at: 2024-06-07T18:00:00.221Z, Context: {"scheduleEventId":12,"message":"request to https://192.168.50.18/output failed, reason: connect EHOSTUNREACH 192.168.50.18:443","type":"system","errno":"EHOSTUNREACH","code":"EHOSTUNREACH"}, 
