[2024-07-27 07:23] Type: manual, Device: MODULE_00, Output: 4, Status: error, Duration: 25 s, Send startWater at: Sat Jul 27 2024 07:23:28 GMT+0200 (Central European Summer Time), Context: {"errno":5,"code":"EIO","syscall":"writeByte"}, 
[2024-07-27 08:00] Type: scheduled, Device: MODULE_01, Output: 1, Status: watering, Duration: 200 s, Send startWater at: 2024-07-27T06:00:03.121Z, Context: {"scheduleEventId":1}, 
[2024-07-27 08:03] Type: scheduled, Device: MODULE_01, Output: 1, Status: done, Duration: 200 s, Send startWater at: 2024-07-27T06:00:03.121Z, Context: {"scheduleEventId":1}, 
[2024-07-27 08:03] Type: scheduled, Device: MODULE_01, Output: 9, Status: watering, Duration: 160 s, Send startWater at: 2024-07-27T06:00:03.121Z, Context: {"scheduleEventId":2}, 
[2024-07-27 08:06] Type: scheduled, Device: MODULE_01, Output: 9, Status: done, Duration: 160 s, Send startWater at: 2024-07-27T06:00:03.121Z, Context: {"scheduleEventId":2}, 
[2024-07-27 08:06] Type: scheduled, Device: MODULE_01, Output: 6, Status: watering, Duration: 160 s, Send startWater at: 2024-07-27T06:00:03.121Z, Context: {"scheduleEventId":7}, 
[2024-07-27 08:08] Type: scheduled, Device: MODULE_01, Output: 6, Status: done, Duration: 160 s, Send startWater at: 2024-07-27T06:00:03.121Z, Context: {"scheduleEventId":7}, 
[2024-07-27 09:00] Type: scheduled, Device: MODULE_01, Output: 8, Status: watering, Duration: 240 s, Send startWater at: 2024-07-27T07:00:03.392Z, Context: {"scheduleEventId":3}, 
[2024-07-27 09:01] Type: manual, Device: MODULE_00, Output: 3, Status: watering, Duration: 25 s, Send startWater at: Sat Jul 27 2024 09:01:38 GMT+0200 (Central European Summer Time), 
[2024-07-27 09:01] Type: manual, Device: MODULE_00, Output: 3, Status: stopped, 
[2024-07-27 09:01] Type: manual, Device: MODULE_00, Output: 3, Status: watering, Duration: 25 s, Send startWater at: Sat Jul 27 2024 09:01:47 GMT+0200 (Central European Summer Time), 
[2024-07-27 09:01] Type: manual, Device: MODULE_00, Output: 3, Status: stopped, 
[2024-07-27 09:01] Type: manual, Device: MODULE_00, Output: 3, Status: watering, Duration: 25 s, Send startWater at: Sat Jul 27 2024 09:01:49 GMT+0200 (Central European Summer Time), 
[2024-07-27 09:01] Type: manual, Device: MODULE_00, Output: 3, Status: stopped, 
[2024-07-27 09:01] Type: manual, Device: MODULE_00, Output: 4, Status: watering, Duration: 25 s, Send startWater at: Sat Jul 27 2024 09:01:51 GMT+0200 (Central European Summer Time), 
[2024-07-27 09:01] Type: manual, Device: MODULE_00, Output: 4, Status: stopped, 
[2024-07-27 09:01] Type: manual, Device: MODULE_00, Output: 4, Status: watering, Duration: 25 s, Send startWater at: Sat Jul 27 2024 09:01:52 GMT+0200 (Central European Summer Time), 
[2024-07-27 09:01] Type: manual, Device: MODULE_00, Output: 4, Status: stopped, 
[2024-07-27 09:01] Type: manual, Device: MODULE_00, Output: 4, Status: watering, Duration: 25 s, Send startWater at: Sat Jul 27 2024 09:01:52 GMT+0200 (Central European Summer Time), 
[2024-07-27 09:01] Type: manual, Device: MODULE_00, Output: 4, Status: stopped, 
[2024-07-27 09:01] Type: manual, Device: MODULE_00, Output: 4, Status: watering, Duration: 25 s, Send startWater at: Sat Jul 27 2024 09:01:55 GMT+0200 (Central European Summer Time), 
[2024-07-27 09:01] Type: manual, Device: MODULE_00, Output: 4, Status: stopped, 
[2024-07-27 09:02] Type: manual, Device: MODULE_00, Output: 4, Status: error, Duration: 25 s, Send startWater at: Sat Jul 27 2024 09:02:20 GMT+0200 (Central European Summer Time), Context: {"errno":5,"code":"EIO","syscall":"writeByte"}, 
[2024-07-27 09:02] Type: manual, Device: MODULE_00, Output: 4, Status: error, Duration: 25 s, Send startWater at: Sat Jul 27 2024 09:02:25 GMT+0200 (Central European Summer Time), Context: {"errno":5,"code":"EIO","syscall":"writeByte"}, 
[2024-07-27 09:02] Type: manual, Device: MODULE_00, Output: 4, Status: watering, Duration: 25 s, Send startWater at: Sat Jul 27 2024 09:02:29 GMT+0200 (Central European Summer Time), 
[2024-07-27 09:02] Type: manual, Device: MODULE_00, Output: 4, Status: stopped, 
[2024-07-27 09:02] Type: manual, Device: MODULE_00, Output: 4, Status: watering, Duration: 25 s, Send startWater at: Sat Jul 27 2024 09:02:35 GMT+0200 (Central European Summer Time), 
[2024-07-27 09:02] Type: manual, Device: MODULE_00, Output: 4, Status: stopped, 
[2024-07-27 09:02] Type: manual, Device: MODULE_00, Output: 4, Status: watering, Duration: 25 s, Send startWater at: Sat Jul 27 2024 09:02:40 GMT+0200 (Central European Summer Time), 
[2024-07-27 09:02] Type: manual, Device: MODULE_00, Output: 4, Status: stopped, 
[2024-07-27 09:02] Type: manual, Device: MODULE_00, Output: 5, Status: watering, Duration: 25 s, Send startWater at: Sat Jul 27 2024 09:02:41 GMT+0200 (Central European Summer Time), 
[2024-07-27 09:02] Type: manual, Device: MODULE_00, Output: 5, Status: stopped, 
[2024-07-27 09:04] Type: manual, Device: MODULE_00, Output: 3, Status: error, Duration: 25 s, Send startWater at: Sat Jul 27 2024 09:04:13 GMT+0200 (Central European Summer Time), Context: {"errno":5,"code":"EIO","syscall":"writeByte"}, 
[2024-07-27 09:04] Type: manual, Device: MODULE_00, Output: 3, Status: error, Duration: 25 s, Send startWater at: Sat Jul 27 2024 09:04:20 GMT+0200 (Central European Summer Time), Context: {"errno":5,"code":"EIO","syscall":"writeByte"}, 
[2024-07-27 09:04] Type: manual, Device: MODULE_00, Output: 3, Status: error, Duration: 25 s, Send startWater at: Sat Jul 27 2024 09:04:22 GMT+0200 (Central European Summer Time), Context: {"errno":5,"code":"EIO","syscall":"writeByte"}, 
[2024-07-27 09:04] Type: manual, Device: MODULE_00, Output: 3, Status: error, Duration: 25 s, Send startWater at: Sat Jul 27 2024 09:04:24 GMT+0200 (Central European Summer Time), Context: {"errno":5,"code":"EIO","syscall":"writeByte"}, 
[2024-07-27 09:04] Type: manual, Device: MODULE_00, Output: 3, Status: error, Duration: 25 s, Send startWater at: Sat Jul 27 2024 09:04:27 GMT+0200 (Central European Summer Time), Context: {"errno":5,"code":"EIO","syscall":"writeByte"}, 
[2024-07-27 09:39] Type: manual, Device: MODULE_00, Output: 3, Status: error, Duration: 25 s, Send startWater at: Sat Jul 27 2024 09:39:18 GMT+0200 (Central European Summer Time), Context: {"errno":5,"code":"EIO","syscall":"writeByte"}, 
[2024-07-27 09:46] Type: manual, Device: MODULE_00, Output: 3, Status: error, Duration: 25 s, Send startWater at: Sat Jul 27 2024 09:46:06 GMT+0200 (Central European Summer Time), Context: {"errno":5,"code":"EIO","syscall":"writeByte"}, 
[2024-07-27 09:46] Type: manual, Device: MODULE_00, Output: 3, Status: error, Duration: 25 s, Send startWater at: Sat Jul 27 2024 09:46:07 GMT+0200 (Central European Summer Time), Context: {"errno":5,"code":"EIO","syscall":"writeByte"}, 
[2024-07-27 10:00] Type: scheduled, Device: MODULE_01, Output: 3, Status: watering, Duration: 120 s, Send startWater at: 2024-07-27T08:00:09.734Z, Context: {"scheduleEventId":4}, 
[2024-07-27 10:24] Type: manual, Device: MODULE_00, Output: 3, Status: watering, Duration: 25 s, Send startWater at: Sat Jul 27 2024 10:24:07 GMT+0200 (Central European Summer Time), 
[2024-07-27 10:24] Type: manual, Device: MODULE_00, Output: 3, Status: stopped, 
[2024-07-27 10:24] Type: manual, Device: MODULE_00, Output: 3, Status: watering, Duration: 25 s, Send startWater at: Sat Jul 27 2024 10:24:09 GMT+0200 (Central European Summer Time), 
[2024-07-27 10:24] Type: manual, Device: MODULE_00, Output: 3, Status: stopped, 
[2024-07-27 10:24] Type: manual, Device: MODULE_00, Output: 3, Status: watering, Duration: 25 s, Send startWater at: Sat Jul 27 2024 10:24:11 GMT+0200 (Central European Summer Time), 
[2024-07-27 10:24] Type: manual, Device: MODULE_00, Output: 3, Status: stopped, 
[2024-07-27 10:24] Type: manual, Device: MODULE_00, Output: 4, Status: watering, Duration: 25 s, Send startWater at: Sat Jul 27 2024 10:24:12 GMT+0200 (Central European Summer Time), 
[2024-07-27 10:24] Type: manual, Device: MODULE_00, Output: 4, Status: stopped, 
[2024-07-27 10:24] Type: manual, Device: MODULE_00, Output: 3, Status: watering, Duration: 25 s, Send startWater at: Sat Jul 27 2024 10:24:17 GMT+0200 (Central European Summer Time), 
[2024-07-27 10:24] Type: manual, Device: MODULE_00, Output: 3, Status: stopped, 
[2024-07-27 10:24] Type: manual, Device: MODULE_00, Output: 4, Status: watering, Duration: 25 s, Send startWater at: Sat Jul 27 2024 10:24:17 GMT+0200 (Central European Summer Time), 
[2024-07-27 10:24] Type: manual, Device: MODULE_00, Output: 4, Status: stopped, 
[2024-07-27 10:24] Type: manual, Device: MODULE_00, Output: 3, Status: watering, Duration: 25 s, Send startWater at: Sat Jul 27 2024 10:24:21 GMT+0200 (Central European Summer Time), 
[2024-07-27 10:24] Type: manual, Device: MODULE_00, Output: 3, Status: stopped, 
[2024-07-27 10:24] Type: manual, Device: MODULE_00, Output: 3, Status: watering, Duration: 25 s, Send startWater at: Sat Jul 27 2024 10:24:23 GMT+0200 (Central European Summer Time), 
[2024-07-27 10:24] Type: manual, Device: MODULE_00, Output: 3, Status: stopped, 
[2024-07-27 10:24] Type: manual, Device: MODULE_00, Output: 3, Status: watering, Duration: 25 s, Send startWater at: Sat Jul 27 2024 10:24:24 GMT+0200 (Central European Summer Time), 
[2024-07-27 10:24] Type: manual, Device: MODULE_00, Output: 3, Status: stopped, 
[2024-07-27 10:24] Type: manual, Device: MODULE_00, Output: 3, Status: watering, Duration: 25 s, Send startWater at: Sat Jul 27 2024 10:24:26 GMT+0200 (Central European Summer Time), 
[2024-07-27 10:24] Type: manual, Device: MODULE_00, Output: 3, Status: stopped, 
[2024-07-27 10:24] Type: manual, Device: MODULE_00, Output: 3, Status: watering, Duration: 25 s, Send startWater at: Sat Jul 27 2024 10:24:28 GMT+0200 (Central European Summer Time), 
[2024-07-27 10:24] Type: manual, Device: MODULE_00, Output: 3, Status: stopped, 
[2024-07-27 10:24] Type: manual, Device: MODULE_00, Output: 4, Status: watering, Duration: 25 s, Send startWater at: Sat Jul 27 2024 10:24:29 GMT+0200 (Central European Summer Time), 
[2024-07-27 10:24] Type: manual, Device: MODULE_00, Output: 4, Status: stopped, 
[2024-07-27 11:25] Type: manual, Device: MODULE_00, Output: 3, Status: watering, Duration: 25 s, Send startWater at: Sat Jul 27 2024 11:25:18 GMT+0200 (Central European Summer Time), 
[2024-07-27 11:25] Type: manual, Device: MODULE_00, Output: 3, Status: stopped, 
[2024-07-27 11:25] Type: manual, Device: MODULE_00, Output: 3, Status: watering, Duration: 25 s, Send startWater at: Sat Jul 27 2024 11:25:24 GMT+0200 (Central European Summer Time), 
[2024-07-27 11:25] Type: manual, Device: MODULE_00, Output: 3, Status: stopped, 
[2024-07-27 11:25] Type: manual, Device: MODULE_00, Output: 3, Status: watering, Duration: 25 s, Send startWater at: Sat Jul 27 2024 11:25:25 GMT+0200 (Central European Summer Time), 
[2024-07-27 11:25] Type: manual, Device: MODULE_00, Output: 3, Status: stopped, 
[2024-07-27 11:25] Type: manual, Device: MODULE_00, Output: 3, Status: watering, Duration: 25 s, Send startWater at: Sat Jul 27 2024 11:25:35 GMT+0200 (Central European Summer Time), 
[2024-07-27 11:25] Type: manual, Device: MODULE_00, Output: 3, Status: stopped, 
[2024-07-27 11:26] Type: manual, Device: MODULE_00, Output: 4, Status: watering, Duration: 25 s, Send startWater at: Sat Jul 27 2024 11:26:09 GMT+0200 (Central European Summer Time), 
[2024-07-27 11:26] Type: manual, Device: MODULE_00, Output: 4, Status: stopped, 
[2024-07-27 11:26] Type: manual, Device: MODULE_00, Output: 5, Status: watering, Duration: 25 s, Send startWater at: Sat Jul 27 2024 11:26:31 GMT+0200 (Central European Summer Time), 
[2024-07-27 11:26] Type: manual, Device: MODULE_00, Output: 5, Status: stopped, 
[2024-07-27 11:26] Type: manual, Device: MODULE_00, Output: 7, Status: watering, Duration: 50 s, Send startWater at: Sat Jul 27 2024 11:26:50 GMT+0200 (Central European Summer Time), 
[2024-07-27 11:27] Type: manual, Device: MODULE_00, Output: 7, Status: stopped, 
[2024-07-27 11:49] Type: manual, Device: MODULE_01, Output: 7, Status: watering, Duration: 160 s, Send startWater at: Sat Jul 27 2024 11:49:42 GMT+0200 (Central European Summer Time), 
[2024-07-27 11:49] Type: manual, Device: MODULE_01, Output: 7, Status: stopped, 
[2024-07-27 13:03] Type: manual, Device: MODULE_00, Output: 3, Status: watering, Duration: 25 s, Send startWater at: Sat Jul 27 2024 13:03:10 GMT+0200 (Central European Summer Time), 
[2024-07-27 13:03] Type: manual, Device: MODULE_00, Output: 3, Status: stopped, 
[2024-07-27 13:05] Type: scheduled, Device: MODULE_00, Output: 3, Status: watering, Duration: 50 s, Send startWater at: 2024-07-27T11:05:00.868Z, Context: {"scheduleEventId":13}, 
[2024-07-27 13:05] Type: manual, Device: MODULE_00, Output: 3, Status: stopped, 
[2024-07-27 15:49] Type: manual, Device: MODULE_00, Output: 3, Status: watering, Duration: 25 s, Send startWater at: Sat Jul 27 2024 15:49:39 GMT+0200 (Central European Summer Time), 
[2024-07-27 15:49] Type: manual, Device: MODULE_00, Output: 3, Status: stopped, 
[2024-07-27 15:49] Type: manual, Device: MODULE_00, Output: 4, Status: watering, Duration: 25 s, Send startWater at: Sat Jul 27 2024 15:49:44 GMT+0200 (Central European Summer Time), 
[2024-07-27 15:49] Type: manual, Device: MODULE_00, Output: 4, Status: stopped, 
[2024-07-27 20:00] Type: scheduled, Device: MODULE_00, Output: 3, Status: watering, Duration: 50 s, Send startWater at: 2024-07-27T18:00:01.109Z, Context: {"scheduleEventId":13}, 
[2024-07-27 20:00] Type: scheduled, Device: MODULE_01, Output: 7, Status: watering, Duration: 240 s, Send startWater at: 2024-07-27T18:00:01.108Z, Context: {"scheduleEventId":12}, 
[2024-07-27 20:00] Type: scheduled, Device: MODULE_00, Output: 3, Status: done, Duration: 50 s, Send startWater at: 2024-07-27T18:00:01.109Z, Context: {"scheduleEventId":13}, 
[2024-07-27 20:04] Type: scheduled, Device: MODULE_01, Output: 7, Status: done, Duration: 240 s, Send startWater at: 2024-07-27T18:00:01.108Z, Context: {"scheduleEventId":12}, 
