[2023-11-17 09:00] Type: scheduled, Device: MODULE_01, Output: 1, Status: watering, Duration: 5 s, Send startWater at: 2023-11-17T08:00:03.919Z, Context: {"scheduleEventId":2}, 
[2023-11-17 09:00] Type: scheduled, Device: MODULE_01, Output: 1, Status: done, Duration: 5 s, Send startWater at: 2023-11-17T08:00:03.919Z, Context: {"scheduleEventId":2}, 
[2023-11-17 09:42] Type: scheduled, Device: MODULE_01, Output: 1, Status: watering, Duration: 5 s, Send startWater at: 2023-11-17T08:42:01.262Z, Context: {"scheduleEventId":2}, 
[2023-11-17 09:42] Type: scheduled, Device: MODULE_01, Output: 1, Status: done, Duration: 5 s, Send startWater at: 2023-11-17T08:42:01.262Z, Context: {"scheduleEventId":2}, 
[2023-11-17 09:43] Type: scheduled, Device: MODULE_01, Output: 1, Status: watering, Duration: 5 s, Send startWater at: 2023-11-17T08:43:01.321Z, Context: {"scheduleEventId":2}, 
[2023-11-17 09:43] Type: scheduled, Device: MODULE_01, Output: 1, Status: done, Duration: 5 s, Send startWater at: 2023-11-17T08:43:01.321Z, Context: {"scheduleEventId":2}, 
[2023-11-17 09:44] Type: scheduled, Device: MODULE_01, Output: 1, Status: watering, Duration: 5 s, Send startWater at: 2023-11-17T08:44:01.378Z, Context: {"scheduleEventId":2}, 
[2023-11-17 09:44] Type: scheduled, Device: MODULE_01, Output: 1, Status: done, Duration: 5 s, Send startWater at: 2023-11-17T08:44:01.378Z, Context: {"scheduleEventId":2}, 
[2023-11-17 09:45] Type: scheduled, Device: MODULE_01, Output: 1, Status: watering, Duration: 5 s, Send startWater at: 2023-11-17T08:45:01.439Z, Context: {"scheduleEventId":2}, 
[2023-11-17 09:45] Type: scheduled, Device: MODULE_01, Output: 1, Status: done, Duration: 5 s, Send startWater at: 2023-11-17T08:45:01.439Z, Context: {"scheduleEventId":2}, 
[2023-11-17 09:46] Type: scheduled, Device: MODULE_01, Output: 1, Status: watering, Duration: 3 s, Send startWater at: 2023-11-17T08:46:01.494Z, Context: {"scheduleEventId":2}, 
[2023-11-17 09:46] Type: scheduled, Device: MODULE_01, Output: 1, Status: done, Duration: 3 s, Send startWater at: 2023-11-17T08:46:01.494Z, Context: {"scheduleEventId":2}, 
[2023-11-17 10:00] Type: scheduled, Device: MODULE_01, Output: 1, Status: watering, Duration: 5 s, Send startWater at: 2023-11-17T09:00:02.324Z, Context: {"scheduleEventId":2}, 
[2023-11-17 10:00] Type: scheduled, Device: MODULE_01, Output: 1, Status: done, Duration: 5 s, Send startWater at: 2023-11-17T09:00:02.324Z, Context: {"scheduleEventId":2}, 
[2023-11-17 11:00] Type: scheduled, Device: MODULE_01, Output: 1, Status: watering, Duration: 5 s, Send startWater at: 2023-11-17T10:00:00.444Z, Context: {"scheduleEventId":2}, 
[2023-11-17 11:00] Type: scheduled, Device: MODULE_01, Output: 1, Status: done, Duration: 5 s, Send startWater at: 2023-11-17T10:00:00.444Z, Context: {"scheduleEventId":2}, 
[2023-11-17 11:38] Type: manual, Device: MODULE_01, Output: 1, Status: watering, Duration: 3 s, Send startWater at: Fri Nov 17 2023 11:38:23 GMT+0100 (Central European Standard Time), 
[2023-11-17 11:38] Type: manual, Device: MODULE_01, Output: 1, Status: stopped, 
[2023-11-17 11:38] Type: manual, Device: MODULE_01, Output: 2, Status: watering, Duration: 5 s, Send startWater at: Fri Nov 17 2023 11:38:28 GMT+0100 (Central European Standard Time), 
[2023-11-17 11:38] Type: manual, Device: MODULE_01, Output: 2, Status: done, Duration: 5 s, Send startWater at: Fri Nov 17 2023 11:38:28 GMT+0100 (Central European Standard Time), 
[2023-11-17 11:38] Type: manual, Device: MODULE_01, Output: 1, Status: watering, Duration: 3 s, Send startWater at: Fri Nov 17 2023 11:38:29 GMT+0100 (Central European Standard Time), 
[2023-11-17 11:38] Type: manual, Device: MODULE_01, Output: 1, Status: done, Duration: 3 s, Send startWater at: Fri Nov 17 2023 11:38:29 GMT+0100 (Central European Standard Time), 
[2023-11-17 12:00] Type: scheduled, Device: MODULE_01, Output: 1, Status: watering, Duration: 5 s, Send startWater at: 2023-11-17T11:00:03.848Z, Context: {"scheduleEventId":2}, 
[2023-11-17 12:00] Type: scheduled, Device: MODULE_01, Output: 1, Status: done, Duration: 5 s, Send startWater at: 2023-11-17T11:00:03.848Z, Context: {"scheduleEventId":2}, 
[2023-11-17 20:36] Type: scheduled, Device: MODULE_01, Output: 1, Status: watering, Duration: 15 s, Send startWater at: 2023-11-17T19:36:31.020Z, Context: {"scheduleEventId":3}, 
[2023-11-17 20:36] Type: scheduled, Device: MODULE_01, Output: 1, Status: done, Duration: 15 s, Send startWater at: 2023-11-17T19:36:31.020Z, Context: {"scheduleEventId":3}, 
[2023-11-17 20:37] Type: scheduled, Device: MODULE_01, Output: 1, Status: watering, Duration: 20 s, Send startWater at: 2023-11-17T19:37:01.053Z, Context: {"scheduleEventId":3}, 
[2023-11-17 20:37] Type: scheduled, Device: MODULE_01, Output: 1, Status: done, Duration: 20 s, Send startWater at: 2023-11-17T19:37:01.053Z, Context: {"scheduleEventId":3}, 
[2023-11-17 20:38] Type: scheduled, Device: MODULE_01, Output: 1, Status: watering, Duration: 25 s, Send startWater at: 2023-11-17T19:38:01.108Z, Context: {"scheduleEventId":3}, 
[2023-11-17 20:38] Type: scheduled, Device: MODULE_01, Output: 1, Status: done, Duration: 25 s, Send startWater at: 2023-11-17T19:38:01.108Z, Context: {"scheduleEventId":3}, 
[2023-11-17 20:39] Type: scheduled, Device: MODULE_01, Output: 1, Status: watering, Duration: 30 s, Send startWater at: 2023-11-17T19:39:01.159Z, Context: {"scheduleEventId":3}, 
[2023-11-17 20:39] Type: scheduled, Device: MODULE_01, Output: 1, Status: done, Duration: 30 s, Send startWater at: 2023-11-17T19:39:01.159Z, Context: {"scheduleEventId":3}, 
[2023-11-17 20:41] Type: scheduled, Device: MODULE_01, Output: 1, Status: watering, Duration: 40 s, Send startWater at: 2023-11-17T19:41:01.260Z, Context: {"scheduleEventId":3}, 
[2023-11-17 20:41] Type: scheduled, Device: MODULE_01, Output: 1, Status: done, Duration: 40 s, Send startWater at: 2023-11-17T19:41:01.260Z, Context: {"scheduleEventId":3}, 
