[2024-12-06 08:00] Type: scheduled, Device: MODULE_01, Output: 1, Status: watering, Duration: 200 s, Send startWater at: 2024-12-06T07:00:02.537Z, Context: {"scheduleEventId":1}, 
[2024-12-06 08:03] Type: scheduled, Device: MODULE_01, Output: 1, Status: done, Duration: 200 s, Send startWater at: 2024-12-06T07:00:02.537Z, Context: {"scheduleEventId":1}, 
[2024-12-06 08:03] Type: scheduled, Device: MODULE_01, Output: 9, Status: watering, Duration: 160 s, Send startWater at: 2024-12-06T07:00:02.537Z, Context: {"scheduleEventId":2}, 
[2024-12-06 08:06] Type: scheduled, Device: MODULE_01, Output: 9, Status: done, Duration: 160 s, Send startWater at: 2024-12-06T07:00:02.537Z, Context: {"scheduleEventId":2}, 
[2024-12-06 08:06] Type: scheduled, Device: MODULE_01, Output: 6, Status: watering, Duration: 160 s, Send startWater at: 2024-12-06T07:00:02.537Z, Context: {"scheduleEventId":7}, 
[2024-12-06 08:08] Type: scheduled, Device: MODULE_01, Output: 6, Status: done, Duration: 160 s, Send startWater at: 2024-12-06T07:00:02.537Z, Context: {"scheduleEventId":7}, 
[2024-12-06 08:08] Type: scheduled, Device: MODULE_01, Output: 2, Status: watering, Duration: 200 s, Send startWater at: 2024-12-06T07:00:02.537Z, Context: {"scheduleEventId":11}, 
[2024-12-06 08:12] Type: scheduled, Device: MODULE_01, Output: 2, Status: done, Duration: 200 s, Send startWater at: 2024-12-06T07:00:02.537Z, Context: {"scheduleEventId":11}, 
[2024-12-06 09:00] Type: scheduled, Device: MODULE_01, Output: 4, Status: watering, Duration: 160 s, Send startWater at: 2024-12-06T08:00:04.779Z, Context: {"scheduleEventId":5}, 
[2024-12-06 09:02] Type: scheduled, Device: MODULE_01, Output: 4, Status: done, Duration: 160 s, Send startWater at: 2024-12-06T08:00:04.779Z, Context: {"scheduleEventId":5}, 
[2024-12-06 10:00] Type: scheduled, Device: MODULE_01, Output: 3, Status: watering, Duration: 16 s, Send startWater at: 2024-12-06T09:00:02.063Z, Context: {"scheduleEventId":4}, 
[2024-12-06 10:00] Type: scheduled, Device: MODULE_01, Output: 3, Status: done, Duration: 16 s, Send startWater at: 2024-12-06T09:00:02.063Z, Context: {"scheduleEventId":4}, 
[2024-12-06 10:18] Type: manual, Device: MODULE_00, Output: 3, Status: watering, Duration: 25 s, Send startWater at: Fri Dec 06 2024 10:18:27 GMT+0100 (Central European Standard Time), 
[2024-12-06 10:18] Type: manual, Device: MODULE_00, Output: 3, Status: done, Duration: 25 s, Send startWater at: Fri Dec 06 2024 10:18:27 GMT+0100 (Central European Standard Time), 
[2024-12-06 15:23] Type: manual, Device: MODULE_00, Output: 3, Status: watering, Duration: 25 s, Send startWater at: Fri Dec 06 2024 15:23:17 GMT+0100 (Central European Standard Time), 
[2024-12-06 15:23] Type: manual, Device: MODULE_00, Output: 3, Status: stopped, 
[2024-12-06 15:23] Type: manual, Device: MODULE_01, Output: 6, Status: watering, Duration: 120 s, Send startWater at: Fri Dec 06 2024 15:23:22 GMT+0100 (Central European Standard Time), 
[2024-12-06 15:23] Type: manual, Device: MODULE_01, Output: 6, Status: stopped, 
[2024-12-06 18:15] Type: scheduled, Device: MODULE_00, Output: 4, Status: watering, Duration: 75 s, Send startWater at: 2024-12-06T17:15:02.813Z, Context: {"scheduleEventId":14}, 
[2024-12-06 18:16] Type: scheduled, Device: MODULE_00, Output: 4, Status: done, Duration: 75 s, Send startWater at: 2024-12-06T17:15:02.813Z, Context: {"scheduleEventId":14}, 
[2024-12-06 18:20] Type: scheduled, Device: MODULE_00, Output: 6, Status: watering, Duration: 25 s, Send startWater at: 2024-12-06T17:20:02.983Z, Context: {"scheduleEventId":15}, 
[2024-12-06 18:20] Type: scheduled, Device: MODULE_00, Output: 6, Status: done, Duration: 25 s, Send startWater at: 2024-12-06T17:20:02.983Z, Context: {"scheduleEventId":15}, 
[2024-12-06 18:25] Type: scheduled, Device: MODULE_00, Output: 5, Status: watering, Duration: 50 s, Send startWater at: 2024-12-06T17:25:03.157Z, Context: {"scheduleEventId":16}, 
[2024-12-06 18:25] Type: scheduled, Device: MODULE_00, Output: 5, Status: done, Duration: 50 s, Send startWater at: 2024-12-06T17:25:03.157Z, Context: {"scheduleEventId":16}, 
[2024-12-06 18:30] Type: scheduled, Device: MODULE_00, Output: 3, Status: watering, Duration: 35 s, Send startWater at: 2024-12-06T17:30:03.325Z, Context: {"scheduleEventId":17}, 
[2024-12-06 18:30] Type: scheduled, Device: MODULE_00, Output: 3, Status: done, Duration: 35 s, Send startWater at: 2024-12-06T17:30:03.325Z, Context: {"scheduleEventId":17}, 
[2024-12-06 20:00] Type: scheduled, Device: MODULE_01, Output: 7, Status: watering, Duration: 240 s, Send startWater at: 2024-12-06T19:00:01.782Z, Context: {"scheduleEventId":12}, 
[2024-12-06 20:04] Type: scheduled, Device: MODULE_01, Output: 7, Status: done, Duration: 240 s, Send startWater at: 2024-12-06T19:00:01.782Z, Context: {"scheduleEventId":12}, 
