[2024-07-09 08:00] Type: scheduled, Device: MODULE_01, Output: 1, Status: watering, Duration: 200 s, Send startWater at: 2024-07-09T06:00:00.228Z, Context: {"scheduleEventId":1}, 
[2024-07-09 08:03] Type: scheduled, Device: MODULE_01, Output: 1, Status: done, Duration: 200 s, Send startWater at: 2024-07-09T06:00:00.228Z, Context: {"scheduleEventId":1}, 
[2024-07-09 08:03] Type: scheduled, Device: MODULE_01, Output: 9, Status: watering, Duration: 160 s, Send startWater at: 2024-07-09T06:00:00.228Z, Context: {"scheduleEventId":2}, 
[2024-07-09 08:05] Type: scheduled, Device: MODULE_00, Output: 3, Status: watering, Duration: 75 s, Send startWater at: 2024-07-09T06:05:00.418Z, Context: {"scheduleEventId":9}, 
[2024-07-09 08:06] Type: scheduled, Device: MODULE_01, Output: 9, Status: done, Duration: 160 s, Send startWater at: 2024-07-09T06:00:00.228Z, Context: {"scheduleEventId":2}, 
[2024-07-09 08:06] Type: scheduled, Device: MODULE_01, Output: 6, Status: watering, Duration: 160 s, Send startWater at: 2024-07-09T06:00:00.229Z, Context: {"scheduleEventId":7}, 
[2024-07-09 08:06] Type: scheduled, Device: MODULE_00, Output: 3, Status: done, Duration: 75 s, Send startWater at: 2024-07-09T06:05:00.418Z, Context: {"scheduleEventId":9}, 
[2024-07-09 08:08] Type: scheduled, Device: MODULE_01, Output: 6, Status: done, Duration: 160 s, Send startWater at: 2024-07-09T06:00:00.229Z, Context: {"scheduleEventId":7}, 
[2024-07-09 09:00] Type: scheduled, Device: MODULE_00, Output: 4, Status: watering, Duration: 50 s, Send startWater at: 2024-07-09T07:00:02.592Z, Context: {"scheduleEventId":10}, 
[2024-07-09 09:00] Type: scheduled, Device: MODULE_01, Output: 8, Status: watering, Duration: 240 s, Send startWater at: 2024-07-09T07:00:02.592Z, Context: {"scheduleEventId":3}, 
[2024-07-09 09:00] Type: scheduled, Device: MODULE_00, Output: 4, Status: done, Duration: 50 s, Send startWater at: 2024-07-09T07:00:02.592Z, Context: {"scheduleEventId":10}, 
[2024-07-09 09:04] Type: scheduled, Device: MODULE_01, Output: 8, Status: done, Duration: 240 s, Send startWater at: 2024-07-09T07:00:02.592Z, Context: {"scheduleEventId":3}, 
[2024-07-09 09:04] Type: scheduled, Device: MODULE_01, Output: 4, Status: watering, Duration: 160 s, Send startWater at: 2024-07-09T07:00:02.592Z, Context: {"scheduleEventId":5}, 
[2024-07-09 09:06] Type: scheduled, Device: MODULE_01, Output: 4, Status: done, Duration: 160 s, Send startWater at: 2024-07-09T07:00:02.592Z, Context: {"scheduleEventId":5}, 
[2024-07-09 11:00] Type: scheduled, Device: MODULE_01, Output: 5, Status: watering, Duration: 160 s, Send startWater at: 2024-07-09T09:00:01.873Z, Context: {"scheduleEventId":6}, 
[2024-07-09 11:02] Type: scheduled, Device: MODULE_01, Output: 5, Status: done, Duration: 160 s, Send startWater at: 2024-07-09T09:00:01.873Z, Context: {"scheduleEventId":6}, 
[2024-07-09 12:15] Type: scheduled, Device: MODULE_00, Output: 3, Status: watering, Duration: 75 s, Send startWater at: 2024-07-09T10:15:04.661Z, Context: {"scheduleEventId":9}, 
[2024-07-09 12:16] Type: scheduled, Device: MODULE_00, Output: 3, Status: done, Duration: 75 s, Send startWater at: 2024-07-09T10:15:04.661Z, Context: {"scheduleEventId":9}, 
[2024-07-09 18:15] Type: scheduled, Device: MODULE_00, Output: 3, Status: watering, Duration: 75 s, Send startWater at: 2024-07-09T16:15:02.687Z, Context: {"scheduleEventId":9}, 
[2024-07-09 18:16] Type: scheduled, Device: MODULE_00, Output: 3, Status: done, Duration: 75 s, Send startWater at: 2024-07-09T16:15:02.687Z, Context: {"scheduleEventId":9}, 
[2024-07-09 19:59] Type: manual, Device: MODULE_00, Output: 3, Status: watering, Duration: 25 s, Send startWater at: Tue Jul 09 2024 19:59:53 GMT+0200 (Central European Summer Time), 
[2024-07-09 19:59] Type: manual, Device: MODULE_00, Output: 3, Status: stopped, 
[2024-07-09 19:59] Type: manual, Device: MODULE_00, Output: 5, Status: watering, Duration: 25 s, Send startWater at: Tue Jul 09 2024 19:59:56 GMT+0200 (Central European Summer Time), 
[2024-07-09 19:59] Type: manual, Device: MODULE_00, Output: 5, Status: stopped, 
[2024-07-09 20:00] Type: scheduled, Device: MODULE_01, Output: 7, Status: watering, Duration: 240 s, Send startWater at: 2024-07-09T18:00:01.803Z, Context: {"scheduleEventId":12}, 
[2024-07-09 20:04] Type: scheduled, Device: MODULE_01, Output: 7, Status: done, Duration: 240 s, Send startWater at: 2024-07-09T18:00:01.803Z, Context: {"scheduleEventId":12}, 
[2024-07-09 20:11] Type: online, Device: MODULE_00, Output: 5, Status: watering, Duration: 25 s, Send startWater at: Tue Jul 09 2024 20:11:54 GMT+0200 (Central European Summer Time), Context: {"onlineMessageAction":"START_WATER","onlineMessageId":51,"volume":50,"action":"startWater"}, 
[2024-07-09 20:11] Type: online, Device: MODULE_00, Output: 5, Status: stopped, Context: {"onlineMessageAction":"STOP_WATER","onlineMessageId":52,"action":"stopWater"}, 
