[2024-04-06 08:00] Type: scheduled, Device: MODULE_01, Output: 1, Status: watering, Duration: 100 s, Send startWater at: 2024-04-06T06:00:02.492Z, Context: {"scheduleEventId":1}, 
[2024-04-06 08:01] Type: scheduled, Device: MODULE_01, Output: 1, Status: done, Duration: 100 s, Send startWater at: 2024-04-06T06:00:02.492Z, Context: {"scheduleEventId":1}, 
[2024-04-06 08:01] Type: scheduled, Device: MODULE_01, Output: 9, Status: watering, Duration: 24 s, Send startWater at: 2024-04-06T06:00:02.492Z, Context: {"scheduleEventId":2}, 
[2024-04-06 08:02] Type: scheduled, Device: MODULE_01, Output: 9, Status: done, Duration: 24 s, Send startWater at: 2024-04-06T06:00:02.492Z, Context: {"scheduleEventId":2}, 
[2024-04-06 08:02] Type: scheduled, Device: MODULE_01, Output: 6, Status: watering, Duration: 200 s, Send startWater at: 2024-04-06T06:00:02.492Z, Context: {"scheduleEventId":7}, 
[2024-04-06 08:05] Type: scheduled, Device: MODULE_01, Output: 6, Status: done, Duration: 200 s, Send startWater at: 2024-04-06T06:00:02.492Z, Context: {"scheduleEventId":7}, 
[2024-04-06 08:21] Type: manual, Device: MODULE_02, Output: 3, Status: watering, Duration: 79 s, Send startWater at: Sat Apr 06 2024 08:21:33 GMT+0200 (Central European Summer Time), 
[2024-04-06 08:22] Type: manual, Device: MODULE_02, Output: 3, Status: done, Duration: 79 s, Send startWater at: Sat Apr 06 2024 08:21:33 GMT+0200 (Central European Summer Time), 
[2024-04-06 08:23] Type: manual, Device: MODULE_02, Output: 3, Status: watering, Duration: 79 s, Send startWater at: Sat Apr 06 2024 08:22:58 GMT+0200 (Central European Summer Time), 
[2024-04-06 08:24] Type: manual, Device: MODULE_02, Output: 3, Status: done, Duration: 79 s, Send startWater at: Sat Apr 06 2024 08:22:58 GMT+0200 (Central European Summer Time), 
[2024-04-06 09:00] Type: scheduled, Device: MODULE_01, Output: 8, Status: watering, Duration: 200 s, Send startWater at: 2024-04-06T07:00:04.911Z, Context: {"scheduleEventId":3}, 
[2024-04-06 09:00] Type: scheduled, Device: MODULE_02, Output: 3, Status: watering, Duration: 79 s, Send startWater at: 2024-04-06T07:00:04.911Z, Context: {"scheduleEventId":10}, 
[2024-04-06 09:00] Type: manual, Device: MODULE_02, Output: 3, Status: stopped, 
[2024-04-06 09:03] Type: scheduled, Device: MODULE_01, Output: 8, Status: done, Duration: 200 s, Send startWater at: 2024-04-06T07:00:04.911Z, Context: {"scheduleEventId":3}, 
[2024-04-06 10:00] Type: scheduled, Device: MODULE_01, Output: 3, Status: watering, Duration: 150 s, Send startWater at: 2024-04-06T08:00:02.094Z, Context: {"scheduleEventId":4}, 
[2024-04-06 10:00] Type: scheduled, Device: MODULE_02, Output: 2, Status: watering, Duration: 79 s, Send startWater at: 2024-04-06T08:00:02.094Z, Context: {"scheduleEventId":9}, 
[2024-04-06 10:01] Type: scheduled, Device: MODULE_02, Output: 2, Status: done, Duration: 79 s, Send startWater at: 2024-04-06T08:00:02.094Z, Context: {"scheduleEventId":9}, 
[2024-04-06 10:02] Type: scheduled, Device: MODULE_01, Output: 3, Status: done, Duration: 150 s, Send startWater at: 2024-04-06T08:00:02.094Z, Context: {"scheduleEventId":4}, 
[2024-04-06 18:00] Type: scheduled, Device: MODULE_01, Output: 9, Status: watering, Duration: 24 s, Send startWater at: 2024-04-06T16:00:00.687Z, Context: {"scheduleEventId":2}, 
[2024-04-06 18:00] Type: scheduled, Device: MODULE_02, Output: 2, Status: watering, Duration: 79 s, Send startWater at: 2024-04-06T16:00:00.687Z, Context: {"scheduleEventId":9}, 
[2024-04-06 18:00] Type: scheduled, Device: MODULE_01, Output: 9, Status: done, Duration: 24 s, Send startWater at: 2024-04-06T16:00:00.687Z, Context: {"scheduleEventId":2}, 
[2024-04-06 18:01] Type: scheduled, Device: MODULE_02, Output: 2, Status: done, Duration: 79 s, Send startWater at: 2024-04-06T16:00:00.687Z, Context: {"scheduleEventId":9}, 
