[2024-03-07 08:00] Type: scheduled, Device: MODULE_01, Output: 1, Status: watering, Duration: 100 s, Send startWater at: 2024-03-07T07:00:04.885Z, Context: {"scheduleEventId":1}, 
[2024-03-07 08:00] Type: manual, Device: MODULE_01, Output: 1, Status: stopped, 
[2024-03-07 08:00] Type: scheduled, Device: MODULE_01, Output: 9, Status: watering, Duration: 24 s, Send startWater at: 2024-03-07T07:00:04.885Z, Context: {"scheduleEventId":2}, 
[2024-03-07 08:00] Type: manual, Device: MODULE_01, Output: 6, Status: aborted, 
[2024-03-07 08:00] Type: manual, Device: MODULE_01, Output: 5, Status: aborted, 
[2024-03-07 08:00] Type: manual, Device: MODULE_01, Output: 9, Status: stopped, 
[2024-03-07 08:00] Type: manual, Device: MODULE_02, Output: 2, Status: watering, Duration: 79 s, Send startWater at: Thu Mar 07 2024 08:00:33 GMT+0100 (Central European Standard Time), 
[2024-03-07 08:01] Type: manual, Device: MODULE_02, Output: 2, Status: done, Duration: 79 s, Send startWater at: Thu Mar 07 2024 08:00:33 GMT+0100 (Central European Standard Time), 
[2024-03-07 08:01] Type: manual, Device: MODULE_02, Output: 1, Status: watering, Duration: 32 s, Send startWater at: Thu Mar 07 2024 08:01:12 GMT+0100 (Central European Standard Time), 
[2024-03-07 08:02] Type: manual, Device: MODULE_02, Output: 1, Status: done, Duration: 32 s, Send startWater at: Thu Mar 07 2024 08:01:12 GMT+0100 (Central European Standard Time), 
[2024-03-07 09:00] Type: scheduled, Device: MODULE_01, Output: 8, Status: watering, Duration: 200 s, Send startWater at: 2024-03-07T08:00:02.144Z, Context: {"scheduleEventId":3}, 
[2024-03-07 09:03] Type: scheduled, Device: MODULE_01, Output: 8, Status: done, Duration: 200 s, Send startWater at: 2024-03-07T08:00:02.144Z, Context: {"scheduleEventId":3}, 
[2024-03-07 10:00] Type: scheduled, Device: MODULE_02, Output: 2, Status: watering, Duration: 79 s, Send startWater at: 2024-03-07T09:00:04.417Z, Context: {"scheduleEventId":9}, 
[2024-03-07 10:01] Type: scheduled, Device: MODULE_02, Output: 2, Status: done, Duration: 79 s, Send startWater at: 2024-03-07T09:00:04.417Z, Context: {"scheduleEventId":9}, 
[2024-03-07 13:00] Type: scheduled, Device: MODULE_02, Output: 2, Status: watering, Duration: 16 s, Send startWater at: 2024-03-07T12:00:04.352Z, Context: {"scheduleEventId":9}, 
[2024-03-07 13:00] Type: scheduled, Device: MODULE_02, Output: 2, Status: done, Duration: 16 s, Send startWater at: 2024-03-07T12:00:04.352Z, Context: {"scheduleEventId":9}, 
[2024-03-07 18:00] Type: scheduled, Device: MODULE_01, Output: 9, Status: watering, Duration: 24 s, Send startWater at: 2024-03-07T17:00:00.970Z, Context: {"scheduleEventId":2}, 
[2024-03-07 18:00] Type: scheduled, Device: MODULE_02, Output: 2, Status: watering, Duration: 16 s, Send startWater at: 2024-03-07T17:00:00.970Z, Context: {"scheduleEventId":9}, 
[2024-03-07 18:00] Type: scheduled, Device: MODULE_02, Output: 2, Status: done, Duration: 16 s, Send startWater at: 2024-03-07T17:00:00.970Z, Context: {"scheduleEventId":9}, 
[2024-03-07 18:00] Type: scheduled, Device: MODULE_01, Output: 9, Status: done, Duration: 24 s, Send startWater at: 2024-03-07T17:00:00.970Z, Context: {"scheduleEventId":2}, 
