[2025-06-08 07:46] Type: manual, Device: MODULE_01, Output: 1, Status: error, Duration: 160 s, Send startWater at: Sun Jun 08 2025 07:46:21 GMT+0200 (Central European Summer Time), Context: {"message":"request to https://192.168.50.18/output failed, reason: connect EHOSTUNREACH 192.168.50.18:443","type":"system","errno":"EHOSTUNREACH","code":"EHOSTUNREACH"}, 
[2025-06-08 07:50] Type: manual, Device: MODULE_01, Output: 1, Status: watering, Duration: 160 s, Send startWater at: Sun Jun 08 2025 07:49:58 GMT+0200 (Central European Summer Time), 
[2025-06-08 07:52] Type: manual, Device: MODULE_01, Output: 1, Status: done, Duration: 160 s, Send startWater at: Sun Jun 08 2025 07:49:58 GMT+0200 (Central European Summer Time), 
[2025-06-08 07:52] Type: manual, Device: MODULE_01, Output: 4, Status: watering, Duration: 40 s, Send startWater at: Sun Jun 08 2025 07:51:42 GMT+0200 (Central European Summer Time), 
[2025-06-08 07:53] Type: manual, Device: MODULE_01, Output: 4, Status: done, Duration: 40 s, Send startWater at: Sun Jun 08 2025 07:51:42 GMT+0200 (Central European Summer Time), 
[2025-06-08 07:54] Type: manual, Device: MODULE_01, Output: 2, Status: watering, Duration: 80 s, Send startWater at: Sun Jun 08 2025 07:54:13 GMT+0200 (Central European Summer Time), 
[2025-06-08 07:55] Type: manual, Device: MODULE_01, Output: 2, Status: done, Duration: 80 s, Send startWater at: Sun Jun 08 2025 07:54:13 GMT+0200 (Central European Summer Time), 
[2025-06-08 07:56] Type: manual, Device: MODULE_01, Output: 7, Status: watering, Duration: 160 s, Send startWater at: Sun Jun 08 2025 07:56:36 GMT+0200 (Central European Summer Time), 
[2025-06-08 07:59] Type: manual, Device: MODULE_01, Output: 7, Status: done, Duration: 160 s, Send startWater at: Sun Jun 08 2025 07:56:36 GMT+0200 (Central European Summer Time), 
[2025-06-08 08:00] Type: scheduled, Device: MODULE_01, Output: 1, Status: watering, Duration: 200 s, Send startWater at: 2025-06-08T06:00:03.874Z, Context: {"scheduleEventId":1}, 
[2025-06-08 08:02] Type: manual, Device: MODULE_01, Output: 1, Status: stopped, 
[2025-06-08 08:02] Type: scheduled, Device: MODULE_01, Output: 9, Status: watering, Duration: 160 s, Send startWater at: 2025-06-08T06:00:03.874Z, Context: {"scheduleEventId":2}, 
[2025-06-08 08:05] Type: scheduled, Device: MODULE_01, Output: 9, Status: done, Duration: 160 s, Send startWater at: 2025-06-08T06:00:03.874Z, Context: {"scheduleEventId":2}, 
[2025-06-08 08:05] Type: scheduled, Device: MODULE_01, Output: 6, Status: watering, Duration: 160 s, Send startWater at: 2025-06-08T06:00:03.874Z, Context: {"scheduleEventId":7}, 
[2025-06-08 08:05] Type: manual, Device: MODULE_01, Output: 7, Status: aborted, 
[2025-06-08 08:05] Type: manual, Device: MODULE_01, Output: 6, Status: stopped, 
[2025-06-08 08:05] Type: scheduled, Device: MODULE_01, Output: 2, Status: watering, Duration: 200 s, Send startWater at: 2025-06-08T06:00:03.874Z, Context: {"scheduleEventId":11}, 
[2025-06-08 08:05] Type: manual, Device: MODULE_01, Output: 2, Status: stopped, 
[2025-06-08 09:00] Type: scheduled, Device: MODULE_01, Output: 4, Status: watering, Duration: 160 s, Send startWater at: 2025-06-08T07:00:01.028Z, Context: {"scheduleEventId":5}, 
[2025-06-08 09:02] Type: scheduled, Device: MODULE_01, Output: 4, Status: done, Duration: 160 s, Send startWater at: 2025-06-08T07:00:01.028Z, Context: {"scheduleEventId":5}, 
[2025-06-08 10:00] Type: scheduled, Device: MODULE_01, Output: 3, Status: watering, Duration: 16 s, Send startWater at: 2025-06-08T08:00:03.329Z, Context: {"scheduleEventId":4}, 
[2025-06-08 10:00] Type: scheduled, Device: MODULE_01, Output: 3, Status: done, Duration: 16 s, Send startWater at: 2025-06-08T08:00:03.329Z, Context: {"scheduleEventId":4}, 
[2025-06-08 13:12] Type: manual, Device: MODULE_00, Output: 3, Status: watering, Duration: 25 s, Send startWater at: Sun Jun 08 2025 13:12:24 GMT+0200 (Central European Summer Time), 
[2025-06-08 13:12] Type: manual, Device: MODULE_00, Output: 3, Status: stopped, 
[2025-06-08 13:32] Type: manual, Device: MODULE_00, Output: 4, Status: watering, Duration: 25 s, Send startWater at: Sun Jun 08 2025 13:32:13 GMT+0200 (Central European Summer Time), 
[2025-06-08 13:32] Type: manual, Device: MODULE_01, Output: 1, Status: watering, Duration: 160 s, Send startWater at: Sun Jun 08 2025 13:32:15 GMT+0200 (Central European Summer Time), 
[2025-06-08 13:32] Type: manual, Device: MODULE_00, Output: 4, Status: stopped, 
[2025-06-08 13:32] Type: manual, Device: MODULE_01, Output: 1, Status: stopped, 
