[2024-05-20 08:00] Type: scheduled, Device: MODULE_01, Output: 1, Status: watering, Duration: 160 s, Send startWater at: 2024-05-20T06:00:00.549Z, Context: {"scheduleEventId":1}, 
[2024-05-20 08:02] Type: scheduled, Device: MODULE_01, Output: 1, Status: done, Duration: 160 s, Send startWater at: 2024-05-20T06:00:00.549Z, Context: {"scheduleEventId":1}, 
[2024-05-20 08:02] Type: scheduled, Device: MODULE_01, Output: 9, Status: watering, Duration: 160 s, Send startWater at: 2024-05-20T06:00:00.550Z, Context: {"scheduleEventId":2}, 
[2024-05-20 08:05] Type: scheduled, Device: MODULE_01, Output: 9, Status: done, Duration: 160 s, Send startWater at: 2024-05-20T06:00:00.550Z, Context: {"scheduleEventId":2}, 
[2024-05-20 08:05] Type: scheduled, Device: MODULE_01, Output: 6, Status: watering, Duration: 160 s, Send startWater at: 2024-05-20T06:00:00.550Z, Context: {"scheduleEventId":7}, 
[2024-05-20 08:08] Type: scheduled, Device: MODULE_01, Output: 6, Status: done, Duration: 160 s, Send startWater at: 2024-05-20T06:00:00.550Z, Context: {"scheduleEventId":7}, 
[2024-05-20 08:08] Type: scheduled, Device: MODULE_01, Output: 2, Status: watering, Duration: 320 s, Send startWater at: 2024-05-20T06:00:00.550Z, Context: {"scheduleEventId":11}, 
[2024-05-20 08:13] Type: scheduled, Device: MODULE_01, Output: 2, Status: done, Duration: 320 s, Send startWater at: 2024-05-20T06:00:00.550Z, Context: {"scheduleEventId":11}, 
[2024-05-20 09:00] Type: scheduled, Device: MODULE_02, Output: 3, Status: watering, Duration: 63 s, Send startWater at: 2024-05-20T07:00:02.868Z, Context: {"scheduleEventId":10}, 
[2024-05-20 09:00] Type: scheduled, Device: MODULE_01, Output: 8, Status: watering, Duration: 240 s, Send startWater at: 2024-05-20T07:00:02.868Z, Context: {"scheduleEventId":3}, 
[2024-05-20 09:00] Type: scheduled, Device: MODULE_01, Output: 4, Status: watering, Duration: 160 s, Send startWater at: 2024-05-20T07:00:02.868Z, Context: {"scheduleEventId":5}, 
[2024-05-20 09:01] Type: scheduled, Device: MODULE_02, Output: 3, Status: done, Duration: 63 s, Send startWater at: 2024-05-20T07:00:02.868Z, Context: {"scheduleEventId":10}, 
[2024-05-20 09:02] Type: scheduled, Device: MODULE_01, Output: 4, Status: done, Duration: 160 s, Send startWater at: 2024-05-20T07:00:02.868Z, Context: {"scheduleEventId":5}, 
[2024-05-20 09:04] Type: scheduled, Device: MODULE_01, Output: 8, Status: done, Duration: 240 s, Send startWater at: 2024-05-20T07:00:02.868Z, Context: {"scheduleEventId":3}, 
[2024-05-20 10:00] Type: scheduled, Device: MODULE_02, Output: 2, Status: watering, Duration: 79 s, Send startWater at: 2024-05-20T08:00:04.990Z, Context: {"scheduleEventId":9}, 
[2024-05-20 10:01] Type: scheduled, Device: MODULE_02, Output: 2, Status: done, Duration: 79 s, Send startWater at: 2024-05-20T08:00:04.990Z, Context: {"scheduleEventId":9}, 
[2024-05-20 15:09] Type: manual, Device: MODULE_01, Output: 2, Status: watering, Duration: 80 s, Send startWater at: Mon May 20 2024 15:09:03 GMT+0200 (Central European Summer Time), 
[2024-05-20 15:09] Type: manual, Device: MODULE_01, Output: 2, Status: stopped, 
[2024-05-20 18:00] Type: scheduled, Device: MODULE_02, Output: 2, Status: watering, Duration: 79 s, Send startWater at: 2024-05-20T16:00:03.101Z, Context: {"scheduleEventId":9}, 
[2024-05-20 18:01] Type: scheduled, Device: MODULE_02, Output: 2, Status: done, Duration: 79 s, Send startWater at: 2024-05-20T16:00:03.101Z, Context: {"scheduleEventId":9}, 
[2024-05-20 20:00] Type: scheduled, Device: MODULE_01, Output: 7, Status: error, Duration: 200 s, Send startWater at: 2024-05-20T18:00:02.722Z, Context: {"scheduleEventId":12,"message":"request to https://192.168.50.18/output failed, reason: connect EHOSTUNREACH 192.168.50.18:443","type":"system","errno":"EHOSTUNREACH","code":"EHOSTUNREACH"}, 
