[2024-02-24 08:00] Type: scheduled, Device: MODULE_01, Output: 1, Status: watering, Duration: 100 s, Send startWater at: 2024-02-24T07:00:03.311Z, Context: {"scheduleEventId":1}, 
[2024-02-24 08:01] Type: scheduled, Device: MODULE_01, Output: 1, Status: done, Duration: 100 s, Send startWater at: 2024-02-24T07:00:03.311Z, Context: {"scheduleEventId":1}, 
[2024-02-24 08:01] Type: scheduled, Device: MODULE_01, Output: 9, Status: watering, Duration: 24 s, Send startWater at: 2024-02-24T07:00:03.311Z, Context: {"scheduleEventId":2}, 
[2024-02-24 08:02] Type: scheduled, Device: MODULE_01, Output: 9, Status: done, Duration: 24 s, Send startWater at: 2024-02-24T07:00:03.311Z, Context: {"scheduleEventId":2}, 
[2024-02-24 08:02] Type: scheduled, Device: MODULE_01, Output: 6, Status: watering, Duration: 200 s, Send startWater at: 2024-02-24T07:00:03.311Z, Context: {"scheduleEventId":7}, 
[2024-02-24 08:05] Type: scheduled, Device: MODULE_01, Output: 6, Status: done, Duration: 200 s, Send startWater at: 2024-02-24T07:00:03.311Z, Context: {"scheduleEventId":7}, 
[2024-02-24 08:40] Type: manual, Device: MODULE_02, Output: 2, Status: watering, Duration: 32 s, Send startWater at: Sat Feb 24 2024 08:40:07 GMT+0100 (Central European Standard Time), 
[2024-02-24 08:40] Type: manual, Device: MODULE_02, Output: 2, Status: done, Duration: 32 s, Send startWater at: Sat Feb 24 2024 08:40:07 GMT+0100 (Central European Standard Time), 
[2024-02-24 09:00] Type: scheduled, Device: MODULE_01, Output: 8, Status: watering, Duration: 200 s, Send startWater at: 2024-02-24T08:00:00.709Z, Context: {"scheduleEventId":3}, 
[2024-02-24 09:03] Type: scheduled, Device: MODULE_01, Output: 8, Status: done, Duration: 200 s, Send startWater at: 2024-02-24T08:00:00.709Z, Context: {"scheduleEventId":3}, 
[2024-02-24 09:26] Type: manual, Device: MODULE_02, Output: 2, Status: watering, Duration: 32 s, Send startWater at: Sat Feb 24 2024 09:26:30 GMT+0100 (Central European Standard Time), 
[2024-02-24 09:26] Type: manual, Device: MODULE_02, Output: 2, Status: stopped, 
[2024-02-24 09:26] Type: manual, Device: MODULE_02, Output: 2, Status: watering, Duration: 32 s, Send startWater at: Sat Feb 24 2024 09:26:55 GMT+0100 (Central European Standard Time), 
[2024-02-24 09:27] Type: manual, Device: MODULE_02, Output: 2, Status: stopped, 
[2024-02-24 10:00] Type: scheduled, Device: MODULE_01, Output: 3, Status: watering, Duration: 150 s, Send startWater at: 2024-02-24T09:00:02.966Z, Context: {"scheduleEventId":4}, 
[2024-02-24 10:02] Type: scheduled, Device: MODULE_01, Output: 3, Status: done, Duration: 150 s, Send startWater at: 2024-02-24T09:00:02.966Z, Context: {"scheduleEventId":4}, 
[2024-02-24 14:01] Type: manual, Device: MODULE_02, Output: 2, Status: watering, Duration: 32 s, Send startWater at: Sat Feb 24 2024 14:01:13 GMT+0100 (Central European Standard Time), 
[2024-02-24 14:01] Type: manual, Device: MODULE_02, Output: 2, Status: stopped, 
[2024-02-24 18:00] Type: scheduled, Device: MODULE_01, Output: 9, Status: watering, Duration: 24 s, Send startWater at: 2024-02-24T17:00:01.541Z, Context: {"scheduleEventId":2}, 
[2024-02-24 18:00] Type: scheduled, Device: MODULE_01, Output: 9, Status: done, Duration: 24 s, Send startWater at: 2024-02-24T17:00:01.541Z, Context: {"scheduleEventId":2}, 
