[2024-08-24 08:00] Type: scheduled, Device: MODULE_00, Output: 3, Status: watering, Duration: 50 s, Send startWater at: 2024-08-24T06:00:04.330Z, Context: {"scheduleEventId":13}, 
[2024-08-24 08:00] Type: scheduled, Device: MODULE_01, Output: 1, Status: watering, Duration: 200 s, Send startWater at: 2024-08-24T06:00:04.330Z, Context: {"scheduleEventId":1}, 
[2024-08-24 08:00] Type: scheduled, Device: MODULE_00, Output: 3, Status: done, Duration: 50 s, Send startWater at: 2024-08-24T06:00:04.330Z, Context: {"scheduleEventId":13}, 
[2024-08-24 08:03] Type: scheduled, Device: MODULE_01, Output: 1, Status: done, Duration: 200 s, Send startWater at: 2024-08-24T06:00:04.330Z, Context: {"scheduleEventId":1}, 
[2024-08-24 08:03] Type: scheduled, Device: MODULE_01, Output: 9, Status: watering, Duration: 160 s, Send startWater at: 2024-08-24T06:00:04.330Z, Context: {"scheduleEventId":2}, 
[2024-08-24 08:06] Type: scheduled, Device: MODULE_01, Output: 9, Status: done, Duration: 160 s, Send startWater at: 2024-08-24T06:00:04.330Z, Context: {"scheduleEventId":2}, 
[2024-08-24 08:06] Type: scheduled, Device: MODULE_01, Output: 6, Status: watering, Duration: 160 s, Send startWater at: 2024-08-24T06:00:04.330Z, Context: {"scheduleEventId":7}, 
[2024-08-24 08:08] Type: scheduled, Device: MODULE_01, Output: 6, Status: done, Duration: 160 s, Send startWater at: 2024-08-24T06:00:04.330Z, Context: {"scheduleEventId":7}, 
[2024-08-24 09:00] Type: scheduled, Device: MODULE_01, Output: 4, Status: watering, Duration: 160 s, Send startWater at: 2024-08-24T07:00:01.467Z, Context: {"scheduleEventId":5}, 
[2024-08-24 09:02] Type: scheduled, Device: MODULE_01, Output: 4, Status: done, Duration: 160 s, Send startWater at: 2024-08-24T07:00:01.467Z, Context: {"scheduleEventId":5}, 
[2024-08-24 10:00] Type: scheduled, Device: MODULE_01, Output: 3, Status: watering, Duration: 120 s, Send startWater at: 2024-08-24T08:00:03.608Z, Context: {"scheduleEventId":4}, 
[2024-08-24 10:02] Type: scheduled, Device: MODULE_01, Output: 3, Status: done, Duration: 120 s, Send startWater at: 2024-08-24T08:00:03.608Z, Context: {"scheduleEventId":4}, 
[2024-08-24 13:05] Type: scheduled, Device: MODULE_00, Output: 3, Status: watering, Duration: 50 s, Send startWater at: 2024-08-24T11:05:00.350Z, Context: {"scheduleEventId":13}, 
[2024-08-24 13:05] Type: scheduled, Device: MODULE_00, Output: 3, Status: done, Duration: 50 s, Send startWater at: 2024-08-24T11:05:00.350Z, Context: {"scheduleEventId":13}, 
[2024-08-24 20:00] Type: scheduled, Device: MODULE_00, Output: 3, Status: watering, Duration: 50 s, Send startWater at: 2024-08-24T18:00:00.594Z, Context: {"scheduleEventId":13}, 
[2024-08-24 20:00] Type: scheduled, Device: MODULE_01, Output: 7, Status: watering, Duration: 240 s, Send startWater at: 2024-08-24T18:00:00.594Z, Context: {"scheduleEventId":12}, 
[2024-08-24 20:00] Type: scheduled, Device: MODULE_00, Output: 3, Status: done, Duration: 50 s, Send startWater at: 2024-08-24T18:00:00.594Z, Context: {"scheduleEventId":13}, 
[2024-08-24 20:04] Type: scheduled, Device: MODULE_01, Output: 7, Status: done, Duration: 240 s, Send startWater at: 2024-08-24T18:00:00.594Z, Context: {"scheduleEventId":12}, 
[2024-08-24 21:06] Type: manual, Device: MODULE_00, Output: 4, Status: watering, Duration: 25 s, Send startWater at: Sat Aug 24 2024 21:06:14 GMT+0200 (Central European Summer Time), 
[2024-08-24 21:06] Type: manual, Device: MODULE_00, Output: 4, Status: done, Duration: 25 s, Send startWater at: Sat Aug 24 2024 21:06:14 GMT+0200 (Central European Summer Time), 
[2024-08-24 21:07] Type: manual, Device: MODULE_00, Output: 7, Status: watering, Duration: 50 s, Send startWater at: Sat Aug 24 2024 21:07:06 GMT+0200 (Central European Summer Time), 
[2024-08-24 21:07] Type: manual, Device: MODULE_00, Output: 7, Status: stopped, 
[2024-08-24 21:09] Type: manual, Device: MODULE_00, Output: 7, Status: watering, Duration: 50 s, Send startWater at: Sat Aug 24 2024 21:09:14 GMT+0200 (Central European Summer Time), 
[2024-08-24 21:09] Type: manual, Device: MODULE_00, Output: 7, Status: stopped, 
