[2024-04-23 07:59] Type: manual, Device: MODULE_02, Output: 1, Status: watering, Duration: 16 s, Send startWater at: Tue Apr 23 2024 07:59:10 GMT+0200 (Central European Summer Time), 
[2024-04-23 07:59] Type: manual, Device: MODULE_02, Output: 1, Status: done, Duration: 16 s, Send startWater at: Tue Apr 23 2024 07:59:10 GMT+0200 (Central European Summer Time), 
[2024-04-23 07:59] Type: manual, Device: MODULE_02, Output: 2, Status: watering, Duration: 32 s, Send startWater at: Tue Apr 23 2024 07:59:30 GMT+0200 (Central European Summer Time), 
[2024-04-23 07:59] Type: manual, Device: MODULE_02, Output: 2, Status: stopped, 
[2024-04-23 08:00] Type: scheduled, Device: MODULE_01, Output: 1, Status: watering, Duration: 160 s, Send startWater at: 2024-04-23T06:00:02.128Z, Context: {"scheduleEventId":1}, 
[2024-04-23 08:00] Type: manual, Device: MODULE_02, Output: 3, Status: watering, Duration: 79 s, Send startWater at: Tue Apr 23 2024 08:00:57 GMT+0200 (Central European Summer Time), 
[2024-04-23 08:01] Type: manual, Device: MODULE_02, Output: 3, Status: stopped, 
[2024-04-23 08:02] Type: scheduled, Device: MODULE_01, Output: 1, Status: done, Duration: 160 s, Send startWater at: 2024-04-23T06:00:02.128Z, Context: {"scheduleEventId":1}, 
[2024-04-23 08:02] Type: scheduled, Device: MODULE_01, Output: 2, Status: watering, Duration: 160 s, Send startWater at: 2024-04-23T06:00:02.128Z, Context: {"scheduleEventId":11}, 
[2024-04-23 08:05] Type: scheduled, Device: MODULE_01, Output: 2, Status: done, Duration: 160 s, Send startWater at: 2024-04-23T06:00:02.128Z, Context: {"scheduleEventId":11}, 
[2024-04-23 09:00] Type: scheduled, Device: MODULE_02, Output: 3, Status: watering, Duration: 63 s, Send startWater at: 2024-04-23T07:00:04.540Z, Context: {"scheduleEventId":10}, 
[2024-04-23 09:00] Type: scheduled, Device: MODULE_01, Output: 8, Status: watering, Duration: 240 s, Send startWater at: 2024-04-23T07:00:04.539Z, Context: {"scheduleEventId":3}, 
[2024-04-23 09:01] Type: scheduled, Device: MODULE_02, Output: 3, Status: done, Duration: 63 s, Send startWater at: 2024-04-23T07:00:04.540Z, Context: {"scheduleEventId":10}, 
[2024-04-23 09:04] Type: scheduled, Device: MODULE_01, Output: 8, Status: done, Duration: 240 s, Send startWater at: 2024-04-23T07:00:04.539Z, Context: {"scheduleEventId":3}, 
[2024-04-23 10:00] Type: scheduled, Device: MODULE_02, Output: 2, Status: watering, Duration: 79 s, Send startWater at: 2024-04-23T08:00:01.684Z, Context: {"scheduleEventId":9}, 
[2024-04-23 10:01] Type: scheduled, Device: MODULE_02, Output: 2, Status: done, Duration: 79 s, Send startWater at: 2024-04-23T08:00:01.684Z, Context: {"scheduleEventId":9}, 
[2024-04-23 10:05] Type: scheduled, Device: MODULE_02, Output: 1, Status: watering, Duration: 32 s, Send startWater at: 2024-04-23T08:05:01.871Z, Context: {"scheduleEventId":8}, 
[2024-04-23 10:05] Type: scheduled, Device: MODULE_02, Output: 1, Status: done, Duration: 32 s, Send startWater at: 2024-04-23T08:05:01.871Z, Context: {"scheduleEventId":8}, 
[2024-04-23 17:38] Type: manual, Device: MODULE_01, Output: 2, Status: watering, Duration: 80 s, Send startWater at: Tue Apr 23 2024 17:38:00 GMT+0200 (Central European Summer Time), 
[2024-04-23 17:38] Type: manual, Device: MODULE_01, Output: 2, Status: stopped, 
[2024-04-23 17:40] Type: manual, Device: MODULE_01, Output: 8, Status: watering, Duration: 160 s, Send startWater at: Tue Apr 23 2024 17:40:00 GMT+0200 (Central European Summer Time), 
[2024-04-23 17:40] Type: manual, Device: MODULE_01, Output: 8, Status: stopped, 
[2024-04-23 18:00] Type: scheduled, Device: MODULE_02, Output: 2, Status: watering, Duration: 79 s, Send startWater at: 2024-04-23T16:00:00.027Z, Context: {"scheduleEventId":9}, 
[2024-04-23 18:01] Type: scheduled, Device: MODULE_02, Output: 2, Status: done, Duration: 79 s, Send startWater at: 2024-04-23T16:00:00.027Z, Context: {"scheduleEventId":9}, 
[2024-04-23 21:00] Type: scheduled, Device: MODULE_02, Output: 3, Status: watering, Duration: 63 s, Send startWater at: 2024-04-23T19:00:01.858Z, Context: {"scheduleEventId":10}, 
[2024-04-23 21:01] Type: scheduled, Device: MODULE_02, Output: 3, Status: done, Duration: 63 s, Send startWater at: 2024-04-23T19:00:01.858Z, Context: {"scheduleEventId":10}, 
[2024-04-23 21:07] Type: manual, Device: MODULE_01, Output: 8, Status: watering, Duration: 160 s, Send startWater at: Tue Apr 23 2024 21:07:06 GMT+0200 (Central European Summer Time), 
[2024-04-23 21:07] Type: manual, Device: MODULE_01, Output: 8, Status: stopped, 
