[2024-07-02 07:00] Type: scheduled, Device: MODULE_00, Output: 3, Status: watering, Duration: 40 s, Send startWater at: 2024-07-02T05:00:02.806Z, Context: {"scheduleEventId":9}, 
[2024-07-02 07:00] Type: scheduled, Device: MODULE_00, Output: 3, Status: done, Duration: 40 s, Send startWater at: 2024-07-02T05:00:02.806Z, Context: {"scheduleEventId":9}, 
[2024-07-02 07:00] Type: scheduled, Device: MODULE_00, Output: 4, Status: watering, Duration: 40 s, Send startWater at: 2024-07-02T05:00:02.806Z, Context: {"scheduleEventId":10}, 
[2024-07-02 07:01] Type: scheduled, Device: MODULE_00, Output: 4, Status: done, Duration: 40 s, Send startWater at: 2024-07-02T05:00:02.806Z, Context: {"scheduleEventId":10}, 
[2024-07-02 07:02] Type: manual, Device: MODULE_00, Output: 4, Status: watering, Duration: 25 s, Send startWater at: Tue Jul 02 2024 07:02:45 GMT+0200 (Central European Summer Time), 
[2024-07-02 07:03] Type: manual, Device: MODULE_00, Output: 4, Status: stopped, 
[2024-07-02 07:03] Type: manual, Device: MODULE_00, Output: 6, Status: watering, Duration: 50 s, Send startWater at: Tue Jul 02 2024 07:03:15 GMT+0200 (Central European Summer Time), 
[2024-07-02 07:03] Type: manual, Device: MODULE_00, Output: 6, Status: stopped, 
[2024-07-02 07:03] Type: manual, Device: MODULE_00, Output: 4, Status: watering, Duration: 25 s, Send startWater at: Tue Jul 02 2024 07:03:39 GMT+0200 (Central European Summer Time), 
[2024-07-02 07:03] Type: manual, Device: MODULE_00, Output: 4, Status: stopped, 
[2024-07-02 08:00] Type: scheduled, Device: MODULE_01, Output: 6, Status: watering, Duration: 160 s, Send startWater at: 2024-07-02T06:00:00.128Z, Context: {"scheduleEventId":7}, 
[2024-07-02 08:02] Type: scheduled, Device: MODULE_01, Output: 6, Status: done, Duration: 160 s, Send startWater at: 2024-07-02T06:00:00.128Z, Context: {"scheduleEventId":7}, 
[2024-07-02 09:00] Type: scheduled, Device: MODULE_01, Output: 4, Status: watering, Duration: 160 s, Send startWater at: 2024-07-02T07:00:02.210Z, Context: {"scheduleEventId":5}, 
[2024-07-02 09:02] Type: scheduled, Device: MODULE_01, Output: 4, Status: done, Duration: 160 s, Send startWater at: 2024-07-02T07:00:02.210Z, Context: {"scheduleEventId":5}, 
[2024-07-02 10:05] Type: scheduled, Device: MODULE_00, Output: 5, Status: watering, Duration: 75 s, Send startWater at: 2024-07-02T08:05:04.606Z, Context: {"scheduleEventId":8}, 
[2024-07-02 10:06] Type: scheduled, Device: MODULE_00, Output: 5, Status: done, Duration: 75 s, Send startWater at: 2024-07-02T08:05:04.606Z, Context: {"scheduleEventId":8}, 
[2024-07-02 12:00] Type: scheduled, Device: MODULE_00, Output: 3, Status: watering, Duration: 25 s, Send startWater at: 2024-07-02T10:00:03.826Z, Context: {"scheduleEventId":9}, 
[2024-07-02 12:00] Type: scheduled, Device: MODULE_00, Output: 3, Status: done, Duration: 25 s, Send startWater at: 2024-07-02T10:00:03.826Z, Context: {"scheduleEventId":9}, 
[2024-07-02 18:00] Type: scheduled, Device: MODULE_00, Output: 3, Status: watering, Duration: 25 s, Send startWater at: 2024-07-02T16:00:01.881Z, Context: {"scheduleEventId":9}, 
[2024-07-02 18:00] Type: scheduled, Device: MODULE_00, Output: 3, Status: done, Duration: 25 s, Send startWater at: 2024-07-02T16:00:01.881Z, Context: {"scheduleEventId":9}, 
[2024-07-02 19:00] Type: scheduled, Device: MODULE_00, Output: 6, Status: watering, Duration: 50 s, Send startWater at: 2024-07-02T17:00:04.131Z, Context: {"scheduleEventId":13}, 
[2024-07-02 19:00] Type: scheduled, Device: MODULE_00, Output: 6, Status: done, Duration: 50 s, Send startWater at: 2024-07-02T17:00:04.131Z, Context: {"scheduleEventId":13}, 
[2024-07-02 19:55] Type: manual, Device: MODULE_00, Output: 4, Status: watering, Duration: 25 s, Send startWater at: Tue Jul 02 2024 19:55:47 GMT+0200 (Central European Summer Time), 
[2024-07-02 19:56] Type: manual, Device: MODULE_00, Output: 4, Status: done, Duration: 25 s, Send startWater at: Tue Jul 02 2024 19:55:47 GMT+0200 (Central European Summer Time), 
[2024-07-02 19:57] Type: manual, Device: MODULE_00, Output: 4, Status: watering, Duration: 25 s, Send startWater at: Tue Jul 02 2024 19:57:41 GMT+0200 (Central European Summer Time), 
[2024-07-02 19:58] Type: manual, Device: MODULE_00, Output: 4, Status: done, Duration: 25 s, Send startWater at: Tue Jul 02 2024 19:57:41 GMT+0200 (Central European Summer Time), 
[2024-07-02 19:58] Type: manual, Device: MODULE_00, Output: 4, Status: watering, Duration: 25 s, Send startWater at: Tue Jul 02 2024 19:58:46 GMT+0200 (Central European Summer Time), 
[2024-07-02 19:58] Type: manual, Device: MODULE_00, Output: 4, Status: stopped, 
[2024-07-02 20:00] Type: scheduled, Device: MODULE_01, Output: 7, Status: watering, Duration: 240 s, Send startWater at: 2024-07-02T18:00:01.503Z, Context: {"scheduleEventId":12}, 
[2024-07-02 20:00] Type: manual, Device: MODULE_00, Output: 4, Status: watering, Duration: 25 s, Send startWater at: Tue Jul 02 2024 20:00:48 GMT+0200 (Central European Summer Time), 
[2024-07-02 20:01] Type: manual, Device: MODULE_00, Output: 4, Status: done, Duration: 25 s, Send startWater at: Tue Jul 02 2024 20:00:48 GMT+0200 (Central European Summer Time), 
[2024-07-02 20:01] Type: manual, Device: MODULE_00, Output: 4, Status: watering, Duration: 25 s, Send startWater at: Tue Jul 02 2024 20:01:27 GMT+0200 (Central European Summer Time), 
[2024-07-02 20:01] Type: manual, Device: MODULE_00, Output: 4, Status: done, Duration: 25 s, Send startWater at: Tue Jul 02 2024 20:01:27 GMT+0200 (Central European Summer Time), 
[2024-07-02 20:04] Type: scheduled, Device: MODULE_01, Output: 7, Status: done, Duration: 240 s, Send startWater at: 2024-07-02T18:00:01.503Z, Context: {"scheduleEventId":12}, 
[2024-07-02 20:09] Type: manual, Device: MODULE_00, Output: 3, Status: watering, Duration: 25 s, Send startWater at: Tue Jul 02 2024 20:09:43 GMT+0200 (Central European Summer Time), 
[2024-07-02 20:09] Type: manual, Device: MODULE_00, Output: 3, Status: stopped, 
