[2023-11-15 09:00] Type: scheduled, Device: MODULE_01, Output: 1, Status: watering, Duration: 5 s, Send startWater at: 2023-11-15T08:00:01.022Z, Context: {"scheduleEventId":2}, 
[2023-11-15 09:00] Type: scheduled, Device: MODULE_01, Output: 1, Status: done, Duration: 5 s, Send startWater at: 2023-11-15T08:00:01.022Z, Context: {"scheduleEventId":2}, 
[2023-11-15 09:42] Type: scheduled, Device: MODULE_01, Output: 1, Status: watering, Duration: 5 s, Send startWater at: 2023-11-15T08:42:03.238Z, Context: {"scheduleEventId":2}, 
[2023-11-15 09:42] Type: scheduled, Device: MODULE_01, Output: 1, Status: done, Duration: 5 s, Send startWater at: 2023-11-15T08:42:03.238Z, Context: {"scheduleEventId":2}, 
[2023-11-15 09:43] Type: scheduled, Device: MODULE_01, Output: 1, Status: watering, Duration: 5 s, Send startWater at: 2023-11-15T08:43:03.292Z, Context: {"scheduleEventId":2}, 
[2023-11-15 09:43] Type: scheduled, Device: MODULE_01, Output: 1, Status: done, Duration: 5 s, Send startWater at: 2023-11-15T08:43:03.292Z, Context: {"scheduleEventId":2}, 
[2023-11-15 09:44] Type: scheduled, Device: MODULE_01, Output: 1, Status: watering, Duration: 5 s, Send startWater at: 2023-11-15T08:44:03.346Z, Context: {"scheduleEventId":2}, 
[2023-11-15 09:44] Type: scheduled, Device: MODULE_01, Output: 1, Status: done, Duration: 5 s, Send startWater at: 2023-11-15T08:44:03.346Z, Context: {"scheduleEventId":2}, 
[2023-11-15 09:45] Type: scheduled, Device: MODULE_01, Output: 1, Status: watering, Duration: 5 s, Send startWater at: 2023-11-15T08:45:03.403Z, Context: {"scheduleEventId":2}, 
[2023-11-15 09:45] Type: scheduled, Device: MODULE_01, Output: 1, Status: done, Duration: 5 s, Send startWater at: 2023-11-15T08:45:03.403Z, Context: {"scheduleEventId":2}, 
[2023-11-15 09:46] Type: scheduled, Device: MODULE_01, Output: 1, Status: watering, Duration: 3 s, Send startWater at: 2023-11-15T08:46:03.457Z, Context: {"scheduleEventId":2}, 
[2023-11-15 09:46] Type: scheduled, Device: MODULE_01, Output: 1, Status: done, Duration: 3 s, Send startWater at: 2023-11-15T08:46:03.457Z, Context: {"scheduleEventId":2}, 
[2023-11-15 10:00] Type: scheduled, Device: MODULE_01, Output: 1, Status: watering, Duration: 5 s, Send startWater at: 2023-11-15T09:00:04.244Z, Context: {"scheduleEventId":2}, 
[2023-11-15 10:00] Type: scheduled, Device: MODULE_01, Output: 1, Status: done, Duration: 5 s, Send startWater at: 2023-11-15T09:00:04.244Z, Context: {"scheduleEventId":2}, 
[2023-11-15 11:00] Type: scheduled, Device: MODULE_01, Output: 1, Status: watering, Duration: 5 s, Send startWater at: 2023-11-15T10:00:02.544Z, Context: {"scheduleEventId":2}, 
[2023-11-15 11:00] Type: scheduled, Device: MODULE_01, Output: 1, Status: done, Duration: 5 s, Send startWater at: 2023-11-15T10:00:02.544Z, Context: {"scheduleEventId":2}, 
[2023-11-15 12:00] Type: scheduled, Device: MODULE_01, Output: 1, Status: watering, Duration: 5 s, Send startWater at: 2023-11-15T11:00:00.832Z, Context: {"scheduleEventId":2}, 
[2023-11-15 12:00] Type: scheduled, Device: MODULE_01, Output: 1, Status: done, Duration: 5 s, Send startWater at: 2023-11-15T11:00:00.832Z, Context: {"scheduleEventId":2}, 
[2023-11-15 20:35] Type: scheduled, Device: MODULE_01, Output: 1, Status: watering, Duration: 10 s, Send startWater at: 2023-11-15T19:35:04.111Z, Context: {"scheduleEventId":3}, 
[2023-11-15 20:35] Type: scheduled, Device: MODULE_01, Output: 1, Status: done, Duration: 10 s, Send startWater at: 2023-11-15T19:35:04.111Z, Context: {"scheduleEventId":3}, 
[2023-11-15 20:36] Type: scheduled, Device: MODULE_01, Output: 1, Status: watering, Duration: 15 s, Send startWater at: 2023-11-15T19:36:04.166Z, Context: {"scheduleEventId":3}, 
[2023-11-15 20:36] Type: scheduled, Device: MODULE_01, Output: 1, Status: done, Duration: 15 s, Send startWater at: 2023-11-15T19:36:04.166Z, Context: {"scheduleEventId":3}, 
[2023-11-15 20:37] Type: scheduled, Device: MODULE_01, Output: 1, Status: watering, Duration: 20 s, Send startWater at: 2023-11-15T19:37:04.218Z, Context: {"scheduleEventId":3}, 
[2023-11-15 20:37] Type: scheduled, Device: MODULE_01, Output: 1, Status: done, Duration: 20 s, Send startWater at: 2023-11-15T19:37:04.218Z, Context: {"scheduleEventId":3}, 
[2023-11-15 20:38] Type: scheduled, Device: MODULE_01, Output: 1, Status: watering, Duration: 25 s, Send startWater at: 2023-11-15T19:38:04.275Z, Context: {"scheduleEventId":3}, 
[2023-11-15 20:38] Type: manual, Device: MODULE_01, Output: 1, Status: stopped, 
[2023-11-15 20:38] Type: manual, Device: MODULE_01, Output: 1, Status: watering, Duration: 25 s, Send startWater at: Wed Nov 15 2023 20:38:45 GMT+0100 (Central European Standard Time), 
[2023-11-15 20:39] Type: manual, Device: MODULE_01, Output: 1, Status: done, Duration: 25 s, Send startWater at: Wed Nov 15 2023 20:38:45 GMT+0100 (Central European Standard Time), 
[2023-11-15 20:39] Type: scheduled, Device: MODULE_01, Output: 1, Status: watering, Duration: 30 s, Send startWater at: 2023-11-15T19:39:04.325Z, Context: {"scheduleEventId":3}, 
[2023-11-15 20:39] Type: scheduled, Device: MODULE_01, Output: 1, Status: done, Duration: 30 s, Send startWater at: 2023-11-15T19:39:04.325Z, Context: {"scheduleEventId":3}, 
[2023-11-15 20:41] Type: scheduled, Device: MODULE_01, Output: 1, Status: watering, Duration: 40 s, Send startWater at: 2023-11-15T19:41:04.425Z, Context: {"scheduleEventId":3}, 
[2023-11-15 20:41] Type: scheduled, Device: MODULE_01, Output: 1, Status: done, Duration: 40 s, Send startWater at: 2023-11-15T19:41:04.425Z, Context: {"scheduleEventId":3}, 
