[2024-02-22 08:00] Type: scheduled, Device: MODULE_01, Output: 1, Status: watering, Duration: 100 s, Send startWater at: 2024-02-22T07:00:04.981Z, Context: {"scheduleEventId":1}, 
[2024-02-22 08:01] Type: scheduled, Device: MODULE_01, Output: 1, Status: done, Duration: 100 s, Send startWater at: 2024-02-22T07:00:04.981Z, Context: {"scheduleEventId":1}, 
[2024-02-22 08:01] Type: scheduled, Device: MODULE_01, Output: 9, Status: watering, Duration: 24 s, Send startWater at: 2024-02-22T07:00:04.981Z, Context: {"scheduleEventId":2}, 
[2024-02-22 08:02] Type: scheduled, Device: MODULE_01, Output: 9, Status: done, Duration: 24 s, Send startWater at: 2024-02-22T07:00:04.981Z, Context: {"scheduleEventId":2}, 
[2024-02-22 08:02] Type: scheduled, Device: MODULE_01, Output: 5, Status: watering, Duration: 200 s, Send startWater at: 2024-02-22T07:00:04.981Z, Context: {"scheduleEventId":6}, 
[2024-02-22 08:05] Type: scheduled, Device: MODULE_01, Output: 5, Status: done, Duration: 200 s, Send startWater at: 2024-02-22T07:00:04.981Z, Context: {"scheduleEventId":6}, 
[2024-02-22 08:05] Type: scheduled, Device: MODULE_01, Output: 6, Status: watering, Duration: 200 s, Send startWater at: 2024-02-22T07:00:04.981Z, Context: {"scheduleEventId":7}, 
[2024-02-22 08:08] Type: scheduled, Device: MODULE_01, Output: 6, Status: done, Duration: 200 s, Send startWater at: 2024-02-22T07:00:04.981Z, Context: {"scheduleEventId":7}, 
[2024-02-22 09:00] Type: scheduled, Device: MODULE_01, Output: 8, Status: watering, Duration: 200 s, Send startWater at: 2024-02-22T08:00:02.224Z, Context: {"scheduleEventId":3}, 
[2024-02-22 09:03] Type: scheduled, Device: MODULE_01, Output: 8, Status: done, Duration: 200 s, Send startWater at: 2024-02-22T08:00:02.224Z, Context: {"scheduleEventId":3}, 
[2024-02-22 17:42] Type: manual, Device: MODULE_02, Output: 1, Status: watering, Duration: 9 s, Send startWater at: Thu Feb 22 2024 17:42:29 GMT+0100 (Central European Standard Time), 
[2024-02-22 17:42] Type: manual, Device: MODULE_02, Output: 1, Status: done, Duration: 9 s, Send startWater at: Thu Feb 22 2024 17:42:29 GMT+0100 (Central European Standard Time), 
[2024-02-22 17:42] Type: manual, Device: MODULE_02, Output: 2, Status: watering, Duration: 9 s, Send startWater at: Thu Feb 22 2024 17:42:53 GMT+0100 (Central European Standard Time), 
[2024-02-22 17:42] Type: manual, Device: MODULE_02, Output: 2, Status: stopped, 
[2024-02-22 17:43] Type: manual, Device: MODULE_02, Output: 1, Status: error, Duration: 9 s, Send startWater at: Thu Feb 22 2024 17:43:21 GMT+0100 (Central European Standard Time), Context: {"errno":"INVALIDTOKEN"}, 
[2024-02-22 17:43] Type: manual, Device: MODULE_02, Output: 3, Status: error, Duration: 9 s, Send startWater at: Thu Feb 22 2024 17:43:29 GMT+0100 (Central European Standard Time), Context: {"errno":"INVALIDTOKEN"}, 
[2024-02-22 17:44] Type: manual, Device: MODULE_02, Output: 1, Status: error, Duration: 9 s, Send startWater at: Thu Feb 22 2024 17:44:13 GMT+0100 (Central European Standard Time), Context: {"errno":"INVALIDTOKEN"}, 
[2024-02-22 18:00] Type: scheduled, Device: MODULE_01, Output: 9, Status: watering, Duration: 24 s, Send startWater at: 2024-02-22T17:00:02.781Z, Context: {"scheduleEventId":2}, 
[2024-02-22 18:00] Type: scheduled, Device: MODULE_01, Output: 9, Status: done, Duration: 24 s, Send startWater at: 2024-02-22T17:00:02.781Z, Context: {"scheduleEventId":2}, 
[2024-02-22 20:18] Type: manual, Device: MODULE_02, Output: 1, Status: error, Duration: 9 s, Send startWater at: Thu Feb 22 2024 20:18:21 GMT+0100 (Central European Standard Time), Context: {"errno":"INVALIDTOKEN"}, 
[2024-02-22 20:18] Type: manual, Device: MODULE_02, Output: 1, Status: error, Duration: 9 s, Send startWater at: Thu Feb 22 2024 20:18:31 GMT+0100 (Central European Standard Time), Context: {"errno":"INVALIDTOKEN"}, 
[2024-02-22 20:24] Type: manual, Device: MODULE_02, Output: 1, Status: error, Duration: 9 s, Send startWater at: Thu Feb 22 2024 20:24:26 GMT+0100 (Central European Standard Time), Context: {"errno":"INVALIDTOKEN"}, 
[2024-02-22 20:24] Type: manual, Device: MODULE_02, Output: 1, Status: error, Duration: 9 s, Send startWater at: Thu Feb 22 2024 20:24:35 GMT+0100 (Central European Standard Time), Context: {"errno":"INVALIDTOKEN"}, 
[2024-02-22 20:24] Type: manual, Device: MODULE_02, Output: 1, Status: error, Duration: 9 s, Send startWater at: Thu Feb 22 2024 20:24:45 GMT+0100 (Central European Standard Time), Context: {"errno":"INVALIDTOKEN"}, 
[2024-02-22 20:30] Type: manual, Device: MODULE_02, Output: 1, Status: error, Duration: 9 s, Send startWater at: Thu Feb 22 2024 20:30:25 GMT+0100 (Central European Standard Time), Context: {"errno":"INVALIDTOKEN"}, 
[2024-02-22 20:30] Type: manual, Device: MODULE_02, Output: 1, Status: watering, Duration: 9 s, Send startWater at: Thu Feb 22 2024 20:30:39 GMT+0100 (Central European Standard Time), 
[2024-02-22 20:30] Type: manual, Device: MODULE_02, Output: 1, Status: stopped, 
