[2024-02-13 08:00] Type: scheduled, Device: MODULE_01, Output: 9, Status: watering, Duration: 24 s, Send startWater at: 2024-02-13T07:00:04.944Z, Context: {"scheduleEventId":2}, 
[2024-02-13 08:00] Type: scheduled, Device: MODULE_01, Output: 5, Status: watering, Duration: 200 s, Send startWater at: 2024-02-13T07:00:04.945Z, Context: {"scheduleEventId":6}, 
[2024-02-13 08:00] Type: scheduled, Device: MODULE_01, Output: 9, Status: done, Duration: 24 s, Send startWater at: 2024-02-13T07:00:04.944Z, Context: {"scheduleEventId":2}, 
[2024-02-13 08:03] Type: scheduled, Device: MODULE_01, Output: 5, Status: done, Duration: 200 s, Send startWater at: 2024-02-13T07:00:04.945Z, Context: {"scheduleEventId":6}, 
[2024-02-13 18:00] Type: scheduled, Device: MODULE_01, Output: 9, Status: watering, Duration: 24 s, Send startWater at: 2024-02-13T17:00:03.163Z, Context: {"scheduleEventId":2}, 
[2024-02-13 18:00] Type: scheduled, Device: MODULE_01, Output: 9, Status: done, Duration: 24 s, Send startWater at: 2024-02-13T17:00:03.163Z, Context: {"scheduleEventId":2}, 
[2024-02-13 19:27] Type: manual, Device: MODULE_02, Output: 2, Status: watering, Duration: 1 s, Send startWater at: Tue Feb 13 2024 19:27:18 GMT+0100 (Central European Standard Time), 
[2024-02-13 19:27] Type: manual, Device: MODULE_02, Output: 2, Status: done, Duration: 1 s, Send startWater at: Tue Feb 13 2024 19:27:18 GMT+0100 (Central European Standard Time), 
[2024-02-13 19:27] Type: manual, Device: MODULE_02, Output: 2, Status: watering, Duration: 1 s, Send startWater at: Tue Feb 13 2024 19:27:21 GMT+0100 (Central European Standard Time), 
[2024-02-13 19:27] Type: manual, Device: MODULE_02, Output: 2, Status: done, Duration: 1 s, Send startWater at: Tue Feb 13 2024 19:27:21 GMT+0100 (Central European Standard Time), 
[2024-02-13 19:27] Type: manual, Device: MODULE_02, Output: 1, Status: watering, Duration: 3 s, Send startWater at: Tue Feb 13 2024 19:27:28 GMT+0100 (Central European Standard Time), 
[2024-02-13 19:27] Type: manual, Device: MODULE_02, Output: 1, Status: done, Duration: 3 s, Send startWater at: Tue Feb 13 2024 19:27:28 GMT+0100 (Central European Standard Time), 
[2024-02-13 19:27] Type: manual, Device: MODULE_02, Output: 1, Status: watering, Duration: 33 s, Send startWater at: Tue Feb 13 2024 19:27:38 GMT+0100 (Central European Standard Time), 
[2024-02-13 19:27] Type: manual, Device: MODULE_02, Output: 1, Status: stopped, 
[2024-02-13 19:27] Type: manual, Device: MODULE_02, Output: 2, Status: watering, Duration: 1 s, Send startWater at: Tue Feb 13 2024 19:27:52 GMT+0100 (Central European Standard Time), 
[2024-02-13 19:27] Type: manual, Device: MODULE_02, Output: 2, Status: done, Duration: 1 s, Send startWater at: Tue Feb 13 2024 19:27:52 GMT+0100 (Central European Standard Time), 
[2024-02-13 19:28] Type: manual, Device: MODULE_02, Output: 2, Status: watering, Duration: 1 s, Send startWater at: Tue Feb 13 2024 19:28:00 GMT+0100 (Central European Standard Time), 
[2024-02-13 19:28] Type: manual, Device: MODULE_02, Output: 2, Status: done, Duration: 1 s, Send startWater at: Tue Feb 13 2024 19:28:00 GMT+0100 (Central European Standard Time), 
[2024-02-13 19:28] Type: manual, Device: MODULE_02, Output: 3, Status: watering, Duration: 1 s, Send startWater at: Tue Feb 13 2024 19:28:05 GMT+0100 (Central European Standard Time), 
[2024-02-13 19:28] Type: manual, Device: MODULE_02, Output: 3, Status: done, Duration: 1 s, Send startWater at: Tue Feb 13 2024 19:28:05 GMT+0100 (Central European Standard Time), 
[2024-02-13 19:28] Type: manual, Device: MODULE_02, Output: 2, Status: watering, Duration: 6 s, Send startWater at: Tue Feb 13 2024 19:28:22 GMT+0100 (Central European Standard Time), 
[2024-02-13 19:28] Type: manual, Device: MODULE_02, Output: 2, Status: done, Duration: 6 s, Send startWater at: Tue Feb 13 2024 19:28:22 GMT+0100 (Central European Standard Time), 
[2024-02-13 19:28] Type: manual, Device: MODULE_02, Output: 1, Status: watering, Duration: 6 s, Send startWater at: Tue Feb 13 2024 19:28:38 GMT+0100 (Central European Standard Time), 
[2024-02-13 19:28] Type: manual, Device: MODULE_02, Output: 1, Status: stopped, 
[2024-02-13 19:28] Type: manual, Device: MODULE_02, Output: 2, Status: watering, Duration: 6 s, Send startWater at: Tue Feb 13 2024 19:28:52 GMT+0100 (Central European Standard Time), 
[2024-02-13 19:28] Type: manual, Device: MODULE_02, Output: 2, Status: stopped, 
[2024-02-13 19:28] Type: manual, Device: MODULE_02, Output: 3, Status: watering, Duration: 1 s, Send startWater at: Tue Feb 13 2024 19:28:56 GMT+0100 (Central European Standard Time), 
[2024-02-13 19:28] Type: manual, Device: MODULE_02, Output: 3, Status: done, Duration: 1 s, Send startWater at: Tue Feb 13 2024 19:28:56 GMT+0100 (Central European Standard Time), 
[2024-02-13 19:29] Type: manual, Device: MODULE_02, Output: 3, Status: watering, Duration: 1 s, Send startWater at: Tue Feb 13 2024 19:29:02 GMT+0100 (Central European Standard Time), 
[2024-02-13 19:29] Type: manual, Device: MODULE_02, Output: 3, Status: done, Duration: 1 s, Send startWater at: Tue Feb 13 2024 19:29:02 GMT+0100 (Central European Standard Time), 
[2024-02-13 19:29] Type: manual, Device: MODULE_02, Output: 3, Status: watering, Duration: 1 s, Send startWater at: Tue Feb 13 2024 19:29:16 GMT+0100 (Central European Standard Time), 
[2024-02-13 19:29] Type: manual, Device: MODULE_02, Output: 3, Status: done, Duration: 1 s, Send startWater at: Tue Feb 13 2024 19:29:16 GMT+0100 (Central European Standard Time), 
[2024-02-13 19:29] Type: manual, Device: MODULE_02, Output: 3, Status: watering, Duration: 1 s, Send startWater at: Tue Feb 13 2024 19:29:21 GMT+0100 (Central European Standard Time), 
[2024-02-13 19:29] Type: manual, Device: MODULE_02, Output: 3, Status: done, Duration: 1 s, Send startWater at: Tue Feb 13 2024 19:29:21 GMT+0100 (Central European Standard Time), 
[2024-02-13 19:29] Type: manual, Device: MODULE_02, Output: 2, Status: watering, Duration: 6 s, Send startWater at: Tue Feb 13 2024 19:29:24 GMT+0100 (Central European Standard Time), 
[2024-02-13 19:29] Type: manual, Device: MODULE_02, Output: 2, Status: done, Duration: 6 s, Send startWater at: Tue Feb 13 2024 19:29:24 GMT+0100 (Central European Standard Time), 
[2024-02-13 19:46] Type: manual, Device: MODULE_02, Output: 1, Status: watering, Duration: 3 s, Send startWater at: Tue Feb 13 2024 19:46:26 GMT+0100 (Central European Standard Time), 
[2024-02-13 19:46] Type: manual, Device: MODULE_02, Output: 1, Status: done, Duration: 3 s, Send startWater at: Tue Feb 13 2024 19:46:26 GMT+0100 (Central European Standard Time), 
[2024-02-13 19:46] Type: manual, Device: MODULE_02, Output: 1, Status: aborted, 
[2024-02-13 19:46] Type: manual, Device: MODULE_02, Output: 2, Status: watering, Duration: 1 s, Send startWater at: Tue Feb 13 2024 19:46:36 GMT+0100 (Central European Standard Time), 
[2024-02-13 19:46] Type: manual, Device: MODULE_02, Output: 2, Status: error, Duration: 1 s, Send startWater at: Tue Feb 13 2024 19:46:36 GMT+0100 (Central European Standard Time), Context: "TypeError: fetch failed", 
[2024-02-13 19:46] Type: manual, Device: MODULE_02, Output: 1, Status: watering, Duration: 3 s, Send startWater at: Tue Feb 13 2024 19:46:49 GMT+0100 (Central European Standard Time), 
[2024-02-13 19:46] Type: manual, Device: MODULE_02, Output: 1, Status: done, Duration: 3 s, Send startWater at: Tue Feb 13 2024 19:46:49 GMT+0100 (Central European Standard Time), 
[2024-02-13 19:46] Type: manual, Device: MODULE_02, Output: 1, Status: watering, Duration: 3 s, Send startWater at: Tue Feb 13 2024 19:46:54 GMT+0100 (Central European Standard Time), 
[2024-02-13 19:46] Type: manual, Device: MODULE_02, Output: 1, Status: stopped, 
[2024-02-13 19:47] Type: manual, Device: MODULE_02, Output: 3, Status: watering, Duration: 1 s, Send startWater at: Tue Feb 13 2024 19:47:00 GMT+0100 (Central European Standard Time), 
[2024-02-13 19:47] Type: manual, Device: MODULE_02, Output: 3, Status: error, Duration: 1 s, Send startWater at: Tue Feb 13 2024 19:47:00 GMT+0100 (Central European Standard Time), Context: "TypeError: fetch failed", 
[2024-02-13 19:47] Type: manual, Device: MODULE_02, Output: 2, Status: watering, Duration: 1 s, Send startWater at: Tue Feb 13 2024 19:47:05 GMT+0100 (Central European Standard Time), 
[2024-02-13 19:47] Type: manual, Device: MODULE_02, Output: 2, Status: done, Duration: 1 s, Send startWater at: Tue Feb 13 2024 19:47:05 GMT+0100 (Central European Standard Time), 
[2024-02-13 19:47] Type: manual, Device: MODULE_02, Output: 2, Status: watering, Duration: 1 s, Send startWater at: Tue Feb 13 2024 19:47:09 GMT+0100 (Central European Standard Time), 
[2024-02-13 19:47] Type: manual, Device: MODULE_02, Output: 2, Status: done, Duration: 1 s, Send startWater at: Tue Feb 13 2024 19:47:09 GMT+0100 (Central European Standard Time), 
[2024-02-13 19:47] Type: manual, Device: MODULE_02, Output: 1, Status: watering, Duration: 3 s, Send startWater at: Tue Feb 13 2024 19:47:13 GMT+0100 (Central European Standard Time), 
[2024-02-13 19:47] Type: manual, Device: MODULE_02, Output: 1, Status: error, Duration: 3 s, Send startWater at: Tue Feb 13 2024 19:47:13 GMT+0100 (Central European Standard Time), Context: "TypeError: fetch failed", 
[2024-02-13 19:47] Type: manual, Device: MODULE_02, Output: 1, Status: watering, Duration: 3 s, Send startWater at: Tue Feb 13 2024 19:47:15 GMT+0100 (Central European Standard Time), 
[2024-02-13 19:47] Type: manual, Device: MODULE_02, Output: 1, Status: error, Duration: 3 s, Send startWater at: Tue Feb 13 2024 19:47:15 GMT+0100 (Central European Standard Time), Context: "TypeError: fetch failed", 
[2024-02-13 19:47] Type: manual, Device: MODULE_02, Output: 2, Status: watering, Duration: 1 s, Send startWater at: Tue Feb 13 2024 19:47:19 GMT+0100 (Central European Standard Time), 
[2024-02-13 19:47] Type: manual, Device: MODULE_02, Output: 2, Status: error, Duration: 1 s, Send startWater at: Tue Feb 13 2024 19:47:19 GMT+0100 (Central European Standard Time), Context: "TypeError: fetch failed", 
[2024-02-13 19:48] Type: manual, Device: MODULE_02, Output: 1, Status: watering, Duration: 6 s, Send startWater at: Tue Feb 13 2024 19:48:13 GMT+0100 (Central European Standard Time), 
[2024-02-13 19:48] Type: manual, Device: MODULE_02, Output: 1, Status: stopped, 
[2024-02-13 19:48] Type: manual, Device: MODULE_02, Output: 1, Status: watering, Duration: 3 s, Send startWater at: Tue Feb 13 2024 19:48:26 GMT+0100 (Central European Standard Time), 
[2024-02-13 19:48] Type: manual, Device: MODULE_02, Output: 1, Status: stopped, 
[2024-02-13 19:48] Type: manual, Device: MODULE_02, Output: 1, Status: watering, Duration: 3 s, Send startWater at: Tue Feb 13 2024 19:48:30 GMT+0100 (Central European Standard Time), 
[2024-02-13 19:48] Type: manual, Device: MODULE_02, Output: 1, Status: stopped, 
[2024-02-13 19:48] Type: manual, Device: MODULE_02, Output: 1, Status: watering, Duration: 3 s, Send startWater at: Tue Feb 13 2024 19:48:36 GMT+0100 (Central European Standard Time), 
[2024-02-13 19:48] Type: manual, Device: MODULE_02, Output: 1, Status: done, Duration: 3 s, Send startWater at: Tue Feb 13 2024 19:48:36 GMT+0100 (Central European Standard Time), 
[2024-02-13 19:48] Type: manual, Device: MODULE_02, Output: 2, Status: watering, Duration: 1 s, Send startWater at: Tue Feb 13 2024 19:48:38 GMT+0100 (Central European Standard Time), 
[2024-02-13 19:48] Type: manual, Device: MODULE_02, Output: 2, Status: done, Duration: 1 s, Send startWater at: Tue Feb 13 2024 19:48:38 GMT+0100 (Central European Standard Time), 
[2024-02-13 19:48] Type: manual, Device: MODULE_02, Output: 3, Status: watering, Duration: 1 s, Send startWater at: Tue Feb 13 2024 19:48:42 GMT+0100 (Central European Standard Time), 
[2024-02-13 19:48] Type: manual, Device: MODULE_02, Output: 3, Status: done, Duration: 1 s, Send startWater at: Tue Feb 13 2024 19:48:42 GMT+0100 (Central European Standard Time), 
[2024-02-13 19:48] Type: manual, Device: MODULE_02, Output: 2, Status: watering, Duration: 1 s, Send startWater at: Tue Feb 13 2024 19:48:44 GMT+0100 (Central European Standard Time), 
[2024-02-13 19:48] Type: manual, Device: MODULE_02, Output: 2, Status: done, Duration: 1 s, Send startWater at: Tue Feb 13 2024 19:48:44 GMT+0100 (Central European Standard Time), 
[2024-02-13 19:49] Type: manual, Device: MODULE_02, Output: 4, Status: watering, Duration: 9 s, Send startWater at: Tue Feb 13 2024 19:49:00 GMT+0100 (Central European Standard Time), 
[2024-02-13 19:49] Type: manual, Device: MODULE_02, Output: 4, Status: stopped, 
[2024-02-13 19:49] Type: manual, Device: MODULE_02, Output: 3, Status: watering, Duration: 9 s, Send startWater at: Tue Feb 13 2024 19:49:01 GMT+0100 (Central European Standard Time), 
[2024-02-13 19:49] Type: manual, Device: MODULE_02, Output: 3, Status: stopped, 
[2024-02-13 19:49] Type: manual, Device: MODULE_02, Output: 4, Status: watering, Duration: 9 s, Send startWater at: Tue Feb 13 2024 19:49:10 GMT+0100 (Central European Standard Time), 
[2024-02-13 19:49] Type: manual, Device: MODULE_02, Output: 4, Status: stopped, 
[2024-02-13 19:49] Type: manual, Device: MODULE_02, Output: 3, Status: watering, Duration: 9 s, Send startWater at: Tue Feb 13 2024 19:49:14 GMT+0100 (Central European Standard Time), 
[2024-02-13 19:49] Type: manual, Device: MODULE_02, Output: 3, Status: stopped, 
[2024-02-13 19:49] Type: manual, Device: MODULE_02, Output: 1, Status: watering, Duration: 9 s, Send startWater at: Tue Feb 13 2024 19:49:22 GMT+0100 (Central European Standard Time), 
[2024-02-13 19:49] Type: manual, Device: MODULE_02, Output: 1, Status: done, Duration: 9 s, Send startWater at: Tue Feb 13 2024 19:49:22 GMT+0100 (Central European Standard Time), 
[2024-02-13 19:49] Type: manual, Device: MODULE_02, Output: 2, Status: watering, Duration: 9 s, Send startWater at: Tue Feb 13 2024 19:49:24 GMT+0100 (Central European Standard Time), 
[2024-02-13 19:49] Type: manual, Device: MODULE_02, Output: 2, Status: done, Duration: 9 s, Send startWater at: Tue Feb 13 2024 19:49:24 GMT+0100 (Central European Standard Time), 
[2024-02-13 19:49] Type: manual, Device: MODULE_02, Output: 3, Status: watering, Duration: 9 s, Send startWater at: Tue Feb 13 2024 19:49:26 GMT+0100 (Central European Standard Time), 
[2024-02-13 19:49] Type: manual, Device: MODULE_02, Output: 3, Status: done, Duration: 9 s, Send startWater at: Tue Feb 13 2024 19:49:26 GMT+0100 (Central European Standard Time), 
[2024-02-13 19:49] Type: manual, Device: MODULE_02, Output: 4, Status: watering, Duration: 1 s, Send startWater at: Tue Feb 13 2024 19:49:58 GMT+0100 (Central European Standard Time), 
[2024-02-13 19:49] Type: manual, Device: MODULE_02, Output: 4, Status: done, Duration: 1 s, Send startWater at: Tue Feb 13 2024 19:49:58 GMT+0100 (Central European Standard Time), 
[2024-02-13 19:50] Type: manual, Device: MODULE_02, Output: 3, Status: watering, Duration: 1 s, Send startWater at: Tue Feb 13 2024 19:50:03 GMT+0100 (Central European Standard Time), 
[2024-02-13 19:50] Type: manual, Device: MODULE_02, Output: 3, Status: done, Duration: 1 s, Send startWater at: Tue Feb 13 2024 19:50:03 GMT+0100 (Central European Standard Time), 
[2024-02-13 19:50] Type: manual, Device: MODULE_02, Output: 4, Status: watering, Duration: 1 s, Send startWater at: Tue Feb 13 2024 19:50:08 GMT+0100 (Central European Standard Time), 
[2024-02-13 19:50] Type: manual, Device: MODULE_02, Output: 4, Status: done, Duration: 1 s, Send startWater at: Tue Feb 13 2024 19:50:08 GMT+0100 (Central European Standard Time), 
[2024-02-13 19:50] Type: manual, Device: MODULE_02, Output: 3, Status: watering, Duration: 1 s, Send startWater at: Tue Feb 13 2024 19:50:10 GMT+0100 (Central European Standard Time), 
[2024-02-13 19:50] Type: manual, Device: MODULE_02, Output: 3, Status: done, Duration: 1 s, Send startWater at: Tue Feb 13 2024 19:50:10 GMT+0100 (Central European Standard Time), 
[2024-02-13 19:50] Type: manual, Device: MODULE_02, Output: 4, Status: watering, Duration: 1 s, Send startWater at: Tue Feb 13 2024 19:50:42 GMT+0100 (Central European Standard Time), 
[2024-02-13 19:50] Type: manual, Device: MODULE_02, Output: 4, Status: done, Duration: 1 s, Send startWater at: Tue Feb 13 2024 19:50:42 GMT+0100 (Central European Standard Time), 
[2024-02-13 19:52] Type: manual, Device: MODULE_02, Output: 4, Status: watering, Duration: 1 s, Send startWater at: Tue Feb 13 2024 19:52:44 GMT+0100 (Central European Standard Time), 
[2024-02-13 19:52] Type: manual, Device: MODULE_02, Output: 4, Status: done, Duration: 1 s, Send startWater at: Tue Feb 13 2024 19:52:44 GMT+0100 (Central European Standard Time), 
[2024-02-13 19:52] Type: manual, Device: MODULE_02, Output: 3, Status: watering, Duration: 1 s, Send startWater at: Tue Feb 13 2024 19:52:48 GMT+0100 (Central European Standard Time), 
[2024-02-13 19:52] Type: manual, Device: MODULE_02, Output: 3, Status: stopped, 
[2024-02-13 19:52] Type: manual, Device: MODULE_02, Output: 4, Status: watering, Duration: 1 s, Send startWater at: Tue Feb 13 2024 19:52:58 GMT+0100 (Central European Standard Time), 
[2024-02-13 19:52] Type: manual, Device: MODULE_02, Output: 4, Status: done, Duration: 1 s, Send startWater at: Tue Feb 13 2024 19:52:58 GMT+0100 (Central European Standard Time), 
[2024-02-13 19:53] Type: manual, Device: MODULE_02, Output: 4, Status: watering, Duration: 1 s, Send startWater at: Tue Feb 13 2024 19:53:04 GMT+0100 (Central European Standard Time), 
[2024-02-13 19:53] Type: manual, Device: MODULE_02, Output: 4, Status: done, Duration: 1 s, Send startWater at: Tue Feb 13 2024 19:53:04 GMT+0100 (Central European Standard Time), 
[2024-02-13 19:54] Type: manual, Device: MODULE_02, Output: 4, Status: watering, Duration: 9 s, Send startWater at: Tue Feb 13 2024 19:54:34 GMT+0100 (Central European Standard Time), 
[2024-02-13 19:54] Type: manual, Device: MODULE_02, Output: 4, Status: done, Duration: 9 s, Send startWater at: Tue Feb 13 2024 19:54:34 GMT+0100 (Central European Standard Time), 
[2024-02-13 19:54] Type: manual, Device: MODULE_02, Output: 3, Status: watering, Duration: 9 s, Send startWater at: Tue Feb 13 2024 19:54:35 GMT+0100 (Central European Standard Time), 
[2024-02-13 19:54] Type: manual, Device: MODULE_02, Output: 2, Status: aborted, 
[2024-02-13 19:54] Type: manual, Device: MODULE_02, Output: 3, Status: done, Duration: 9 s, Send startWater at: Tue Feb 13 2024 19:54:35 GMT+0100 (Central European Standard Time), 
[2024-02-13 19:54] Type: manual, Device: MODULE_02, Output: 1, Status: watering, Duration: 9 s, Send startWater at: Tue Feb 13 2024 19:54:36 GMT+0100 (Central European Standard Time), 
[2024-02-13 19:55] Type: manual, Device: MODULE_02, Output: 1, Status: done, Duration: 9 s, Send startWater at: Tue Feb 13 2024 19:54:36 GMT+0100 (Central European Standard Time), 
[2024-02-13 19:55] Type: manual, Device: MODULE_02, Output: 2, Status: watering, Duration: 9 s, Send startWater at: Tue Feb 13 2024 19:54:54 GMT+0100 (Central European Standard Time), 
[2024-02-13 19:55] Type: manual, Device: MODULE_02, Output: 2, Status: done, Duration: 9 s, Send startWater at: Tue Feb 13 2024 19:54:54 GMT+0100 (Central European Standard Time), 
[2024-02-13 19:55] Type: manual, Device: MODULE_02, Output: 1, Status: watering, Duration: 9 s, Send startWater at: Tue Feb 13 2024 19:55:41 GMT+0100 (Central European Standard Time), 
[2024-02-13 19:55] Type: manual, Device: MODULE_02, Output: 1, Status: done, Duration: 9 s, Send startWater at: Tue Feb 13 2024 19:55:41 GMT+0100 (Central European Standard Time), 
[2024-02-13 19:55] Type: manual, Device: MODULE_02, Output: 2, Status: watering, Duration: 9 s, Send startWater at: Tue Feb 13 2024 19:55:43 GMT+0100 (Central European Standard Time), 
[2024-02-13 19:55] Type: manual, Device: MODULE_02, Output: 2, Status: stopped, 
[2024-02-13 19:55] Type: manual, Device: MODULE_02, Output: 3, Status: watering, Duration: 9 s, Send startWater at: Tue Feb 13 2024 19:55:44 GMT+0100 (Central European Standard Time), 
[2024-02-13 19:55] Type: manual, Device: MODULE_02, Output: 3, Status: stopped, 
[2024-02-13 19:55] Type: manual, Device: MODULE_02, Output: 4, Status: watering, Duration: 9 s, Send startWater at: Tue Feb 13 2024 19:55:44 GMT+0100 (Central European Standard Time), 
[2024-02-13 19:56] Type: manual, Device: MODULE_02, Output: 4, Status: stopped, 
[2024-02-13 19:56] Type: manual, Device: MODULE_02, Output: 3, Status: watering, Duration: 9 s, Send startWater at: Tue Feb 13 2024 19:56:04 GMT+0100 (Central European Standard Time), 
[2024-02-13 19:56] Type: manual, Device: MODULE_02, Output: 3, Status: stopped, 
[2024-02-13 19:56] Type: manual, Device: MODULE_02, Output: 4, Status: watering, Duration: 9 s, Send startWater at: Tue Feb 13 2024 19:56:48 GMT+0100 (Central European Standard Time), 
[2024-02-13 19:56] Type: manual, Device: MODULE_02, Output: 4, Status: done, Duration: 9 s, Send startWater at: Tue Feb 13 2024 19:56:48 GMT+0100 (Central European Standard Time), 
[2024-02-13 19:57] Type: manual, Device: MODULE_02, Output: 4, Status: watering, Duration: 9 s, Send startWater at: Tue Feb 13 2024 19:57:06 GMT+0100 (Central European Standard Time), 
[2024-02-13 19:57] Type: manual, Device: MODULE_02, Output: 4, Status: stopped, 
[2024-02-13 19:57] Type: manual, Device: MODULE_02, Output: 1, Status: watering, Duration: 9 s, Send startWater at: Tue Feb 13 2024 19:57:10 GMT+0100 (Central European Standard Time), 
[2024-02-13 19:57] Type: manual, Device: MODULE_02, Output: 1, Status: stopped, 
[2024-02-13 19:57] Type: manual, Device: MODULE_02, Output: 1, Status: watering, Duration: 9 s, Send startWater at: Tue Feb 13 2024 19:57:16 GMT+0100 (Central European Standard Time), 
[2024-02-13 19:57] Type: manual, Device: MODULE_02, Output: 1, Status: stopped, 
[2024-02-13 19:57] Type: manual, Device: MODULE_02, Output: 2, Status: watering, Duration: 9 s, Send startWater at: Tue Feb 13 2024 19:57:19 GMT+0100 (Central European Standard Time), 
[2024-02-13 19:57] Type: manual, Device: MODULE_02, Output: 2, Status: stopped, 
[2024-02-13 19:57] Type: manual, Device: MODULE_02, Output: 2, Status: watering, Duration: 9 s, Send startWater at: Tue Feb 13 2024 19:57:22 GMT+0100 (Central European Standard Time), 
[2024-02-13 19:57] Type: manual, Device: MODULE_02, Output: 3, Status: aborted, 
[2024-02-13 19:57] Type: manual, Device: MODULE_02, Output: 2, Status: error, Duration: 9 s, Send startWater at: Tue Feb 13 2024 19:57:22 GMT+0100 (Central European Standard Time), Context: "TypeError: fetch failed", 
[2024-02-13 19:58] Type: manual, Device: MODULE_02, Output: 1, Status: watering, Duration: 3 s, Send startWater at: Tue Feb 13 2024 19:58:35 GMT+0100 (Central European Standard Time), 
[2024-02-13 19:58] Type: manual, Device: MODULE_02, Output: 1, Status: stopped, 
[2024-02-13 19:59] Type: manual, Device: MODULE_02, Output: 1, Status: watering, Duration: 3 s, Send startWater at: Tue Feb 13 2024 19:59:01 GMT+0100 (Central European Standard Time), 
[2024-02-13 19:59] Type: manual, Device: MODULE_02, Output: 1, Status: done, Duration: 3 s, Send startWater at: Tue Feb 13 2024 19:59:01 GMT+0100 (Central European Standard Time), 
[2024-02-13 21:31] Type: manual, Device: MODULE_02, Output: 4, Status: watering, Duration: 1 s, Send startWater at: Tue Feb 13 2024 21:31:10 GMT+0100 (Central European Standard Time), 
[2024-02-13 21:31] Type: manual, Device: MODULE_02, Output: 4, Status: done, Duration: 1 s, Send startWater at: Tue Feb 13 2024 21:31:10 GMT+0100 (Central European Standard Time), 
[2024-02-13 21:35] Type: manual, Device: MODULE_02, Output: 1, Status: watering, Duration: 3 s, Send startWater at: Tue Feb 13 2024 21:35:12 GMT+0100 (Central European Standard Time), 
[2024-02-13 21:35] Type: manual, Device: MODULE_02, Output: 1, Status: done, Duration: 3 s, Send startWater at: Tue Feb 13 2024 21:35:12 GMT+0100 (Central European Standard Time), 
[2024-02-13 21:35] Type: manual, Device: MODULE_02, Output: 1, Status: watering, Duration: 3 s, Send startWater at: Tue Feb 13 2024 21:35:32 GMT+0100 (Central European Standard Time), 
[2024-02-13 21:35] Type: manual, Device: MODULE_02, Output: 1, Status: done, Duration: 3 s, Send startWater at: Tue Feb 13 2024 21:35:32 GMT+0100 (Central European Standard Time), 
[2024-02-13 21:36] Type: manual, Device: MODULE_02, Output: 1, Status: watering, Duration: 3 s, Send startWater at: Tue Feb 13 2024 21:36:58 GMT+0100 (Central European Standard Time), 
[2024-02-13 21:37] Type: manual, Device: MODULE_02, Output: 1, Status: done, Duration: 3 s, Send startWater at: Tue Feb 13 2024 21:36:58 GMT+0100 (Central European Standard Time), 
[2024-02-13 21:37] Type: manual, Device: MODULE_02, Output: 1, Status: watering, Duration: 3 s, Send startWater at: Tue Feb 13 2024 21:37:09 GMT+0100 (Central European Standard Time), 
[2024-02-13 21:37] Type: manual, Device: MODULE_02, Output: 1, Status: done, Duration: 3 s, Send startWater at: Tue Feb 13 2024 21:37:09 GMT+0100 (Central European Standard Time), 
