[2025-11-30 06:10] Type: scheduled, Device: MODULE_01, Output: 7, Status: watering, Duration: 80 s, Send startWater at: 2025-11-30T05:10:04.502Z, Context: {"scheduleEventId":12}, 
[2025-11-30 06:11] Type: scheduled, Device: MODULE_01, Output: 7, Status: done, Duration: 80 s, Send startWater at: 2025-11-30T05:10:04.502Z, Context: {"scheduleEventId":12}, 
[2025-11-30 06:20] Type: scheduled, Device: MODULE_01, Output: 2, Status: watering, Duration: 80 s, Send startWater at: 2025-11-30T05:20:04.868Z, Context: {"scheduleEventId":11}, 
[2025-11-30 06:21] Type: scheduled, Device: MODULE_01, Output: 2, Status: done, Duration: 80 s, Send startWater at: 2025-11-30T05:20:04.868Z, Context: {"scheduleEventId":11}, 
[2025-11-30 06:30] Type: scheduled, Device: MODULE_01, Output: 9, Status: watering, Duration: 120 s, Send startWater at: 2025-11-30T05:30:00.206Z, Context: {"scheduleEventId":2}, 
[2025-11-30 06:32] Type: scheduled, Device: MODULE_01, Output: 9, Status: done, Duration: 120 s, Send startWater at: 2025-11-30T05:30:00.206Z, Context: {"scheduleEventId":2}, 
[2025-11-30 06:40] Type: scheduled, Device: MODULE_01, Output: 8, Status: watering, Duration: 80 s, Send startWater at: 2025-11-30T05:40:00.567Z, Context: {"scheduleEventId":19}, 
[2025-11-30 06:41] Type: scheduled, Device: MODULE_01, Output: 8, Status: done, Duration: 80 s, Send startWater at: 2025-11-30T05:40:00.567Z, Context: {"scheduleEventId":19}, 
[2025-11-30 07:10] Type: scheduled, Device: MODULE_01, Output: 1, Status: watering, Duration: 160 s, Send startWater at: 2025-11-30T06:10:01.683Z, Context: {"scheduleEventId":20}, 
[2025-11-30 07:12] Type: scheduled, Device: MODULE_01, Output: 1, Status: done, Duration: 160 s, Send startWater at: 2025-11-30T06:10:01.683Z, Context: {"scheduleEventId":20}, 
[2025-11-30 14:41] Type: manual, Device: MODULE_01, Output: 3, Status: stopped, 
[2025-11-30 14:41] Type: manual, Device: MODULE_01, Output: 3, Status: watering, Duration: 120 s, Send startWater at: Sun Nov 30 2025 14:41:50 GMT+0100 (Central European Standard Time), 
[2025-11-30 14:41] Type: manual, Device: MODULE_01, Output: 3, Status: error, Duration: 120 s, Send startWater at: Sun Nov 30 2025 14:41:50 GMT+0100 (Central European Standard Time), Context: {}, 
[2025-11-30 14:41] Type: manual, Device: MODULE_01, Output: 3, Status: watering, Duration: 120 s, Send startWater at: Sun Nov 30 2025 14:41:56 GMT+0100 (Central European Standard Time), 
[2025-11-30 14:42] Type: manual, Device: MODULE_01, Output: 3, Status: stopped, 
[2025-11-30 17:45] Type: scheduled, Device: MODULE_00, Output: 3, Status: watering, Duration: 50 s, Send startWater at: 2025-11-30T16:45:04.486Z, Context: {"scheduleEventId":17}, 
[2025-11-30 17:45] Type: scheduled, Device: MODULE_00, Output: 3, Status: done, Duration: 50 s, Send startWater at: 2025-11-30T16:45:04.486Z, Context: {"scheduleEventId":17}, 
[2025-11-30 19:10] Type: scheduled, Device: MODULE_00, Output: 4, Status: watering, Duration: 35 s, Send startWater at: 2025-11-30T18:10:02.688Z, Context: {"scheduleEventId":23}, 
[2025-11-30 19:10] Type: scheduled, Device: MODULE_00, Output: 4, Status: done, Duration: 35 s, Send startWater at: 2025-11-30T18:10:02.688Z, Context: {"scheduleEventId":23}, 
[2025-11-30 19:20] Type: scheduled, Device: MODULE_00, Output: 5, Status: watering, Duration: 25 s, Send startWater at: 2025-11-30T18:20:03.032Z, Context: {"scheduleEventId":24}, 
[2025-11-30 19:20] Type: scheduled, Device: MODULE_00, Output: 5, Status: done, Duration: 25 s, Send startWater at: 2025-11-30T18:20:03.032Z, Context: {"scheduleEventId":24}, 
[2025-11-30 20:40] Type: scheduled, Device: MODULE_01, Output: 8, Status: watering, Duration: 80 s, Send startWater at: 2025-11-30T19:40:00.926Z, Context: {"scheduleEventId":19}, 
[2025-11-30 20:41] Type: scheduled, Device: MODULE_01, Output: 8, Status: done, Duration: 80 s, Send startWater at: 2025-11-30T19:40:00.926Z, Context: {"scheduleEventId":19}, 
[2025-11-30 21:10] Type: scheduled, Device: MODULE_01, Output: 7, Status: watering, Duration: 80 s, Send startWater at: 2025-11-30T20:10:02.074Z, Context: {"scheduleEventId":12}, 
[2025-11-30 21:11] Type: scheduled, Device: MODULE_01, Output: 7, Status: done, Duration: 80 s, Send startWater at: 2025-11-30T20:10:02.074Z, Context: {"scheduleEventId":12}, 
[2025-11-30 21:20] Type: scheduled, Device: MODULE_01, Output: 2, Status: watering, Duration: 80 s, Send startWater at: 2025-11-30T20:20:02.484Z, Context: {"scheduleEventId":11}, 
[2025-11-30 21:21] Type: scheduled, Device: MODULE_01, Output: 2, Status: done, Duration: 80 s, Send startWater at: 2025-11-30T20:20:02.484Z, Context: {"scheduleEventId":11}, 
[2025-11-30 21:50] Type: scheduled, Device: MODULE_01, Output: 6, Status: watering, Duration: 120 s, Send startWater at: 2025-11-30T20:50:03.626Z, Context: {"scheduleEventId":7}, 
[2025-11-30 21:52] Type: scheduled, Device: MODULE_01, Output: 6, Status: done, Duration: 120 s, Send startWater at: 2025-11-30T20:50:03.626Z, Context: {"scheduleEventId":7}, 
