[2024-02-08 08:00] Type: scheduled, Device: MODULE_01, Output: 1, Status: watering, Duration: 100 s, Send startWater at: 2024-02-08T07:00:00.583Z, Context: {"scheduleEventId":1}, 
[2024-02-08 08:01] Type: scheduled, Device: MODULE_01, Output: 1, Status: done, Duration: 100 s, Send startWater at: 2024-02-08T07:00:00.583Z, Context: {"scheduleEventId":1}, 
[2024-02-08 08:01] Type: scheduled, Device: MODULE_01, Output: 9, Status: watering, Duration: 24 s, Send startWater at: 2024-02-08T07:00:00.583Z, Context: {"scheduleEventId":2}, 
[2024-02-08 08:02] Type: scheduled, Device: MODULE_01, Output: 9, Status: done, Duration: 24 s, Send startWater at: 2024-02-08T07:00:00.583Z, Context: {"scheduleEventId":2}, 
[2024-02-08 08:02] Type: scheduled, Device: MODULE_01, Output: 5, Status: watering, Duration: 200 s, Send startWater at: 2024-02-08T07:00:00.583Z, Context: {"scheduleEventId":6}, 
[2024-02-08 08:05] Type: scheduled, Device: MODULE_01, Output: 5, Status: done, Duration: 200 s, Send startWater at: 2024-02-08T07:00:00.583Z, Context: {"scheduleEventId":6}, 
[2024-02-08 08:05] Type: scheduled, Device: MODULE_01, Output: 6, Status: watering, Duration: 200 s, Send startWater at: 2024-02-08T07:00:00.583Z, Context: {"scheduleEventId":7}, 
[2024-02-08 08:08] Type: scheduled, Device: MODULE_01, Output: 6, Status: done, Duration: 200 s, Send startWater at: 2024-02-08T07:00:00.583Z, Context: {"scheduleEventId":7}, 
[2024-02-08 09:00] Type: scheduled, Device: MODULE_01, Output: 8, Status: watering, Duration: 200 s, Send startWater at: 2024-02-08T08:00:02.990Z, Context: {"scheduleEventId":3}, 
[2024-02-08 09:03] Type: scheduled, Device: MODULE_01, Output: 8, Status: done, Duration: 200 s, Send startWater at: 2024-02-08T08:00:02.990Z, Context: {"scheduleEventId":3}, 
[2024-02-08 18:00] Type: scheduled, Device: MODULE_01, Output: 9, Status: watering, Duration: 24 s, Send startWater at: 2024-02-08T17:00:03.758Z, Context: {"scheduleEventId":2}, 
[2024-02-08 18:00] Type: scheduled, Device: MODULE_01, Output: 9, Status: done, Duration: 24 s, Send startWater at: 2024-02-08T17:00:03.758Z, Context: {"scheduleEventId":2}, 
[2024-02-08 20:59] Type: manual, Device: MODULE_01, Output: 9, Status: watering, Duration: 35 s, Send startWater at: Thu Feb 08 2024 20:59:13 GMT+0100 (Central European Standard Time), 
[2024-02-08 20:59] Type: manual, Device: MODULE_01, Output: 9, Status: stopped, 
[2024-02-08 20:59] Type: manual, Device: MODULE_01, Output: 8, Status: watering, Duration: 80 s, Send startWater at: Thu Feb 08 2024 20:59:14 GMT+0100 (Central European Standard Time), 
[2024-02-08 20:59] Type: manual, Device: MODULE_01, Output: 8, Status: stopped, 
[2024-02-08 20:59] Type: manual, Device: MODULE_01, Output: 6, Status: watering, Duration: 200 s, Send startWater at: Thu Feb 08 2024 20:59:15 GMT+0100 (Central European Standard Time), 
[2024-02-08 20:59] Type: manual, Device: MODULE_01, Output: 6, Status: stopped, 
[2024-02-08 21:01] Type: online, Device: MODULE_01, Output: 5, Status: watering, Duration: 200 s, Send startWater at: Thu Feb 08 2024 21:01:32 GMT+0100 (Central European Standard Time), Context: {"onlineMessageAction":"START_WATER","onlineMessageId":344,"volume":200,"action":"startWater"}, 
[2024-02-08 21:01] Type: online, Device: MODULE_01, Output: 5, Status: stopped, Context: {"onlineMessageAction":"STOP_WATER","onlineMessageId":345,"action":"stopWater"}, 
