[2024-05-09 09:00] Type: scheduled, Device: MODULE_02, Output: 3, Status: watering, Duration: 63 s, Send startWater at: 2024-05-09T07:00:01.460Z, Context: {"scheduleEventId":10}, 
[2024-05-09 09:01] Type: scheduled, Device: MODULE_02, Output: 3, Status: done, Duration: 63 s, Send startWater at: 2024-05-09T07:00:01.460Z, Context: {"scheduleEventId":10}, 
[2024-05-09 10:00] Type: scheduled, Device: MODULE_02, Output: 2, Status: watering, Duration: 79 s, Send startWater at: 2024-05-09T08:00:03.705Z, Context: {"scheduleEventId":9}, 
[2024-05-09 10:01] Type: scheduled, Device: MODULE_02, Output: 2, Status: done, Duration: 79 s, Send startWater at: 2024-05-09T08:00:03.705Z, Context: {"scheduleEventId":9}, 
[2024-05-09 10:05] Type: scheduled, Device: MODULE_02, Output: 1, Status: watering, Duration: 32 s, Send startWater at: 2024-05-09T08:05:03.878Z, Context: {"scheduleEventId":8}, 
[2024-05-09 10:05] Type: scheduled, Device: MODULE_02, Output: 1, Status: done, Duration: 32 s, Send startWater at: 2024-05-09T08:05:03.878Z, Context: {"scheduleEventId":8}, 
[2024-05-09 11:57] Type: manual, Device: MODULE_03, Output: 0, Status: watering, Duration: 25 s, Send startWater at: Thu May 09 2024 11:57:10 GMT+0200 (Central European Summer Time), 
[2024-05-09 11:57] Type: manual, Device: MODULE_03, Output: 0, Status: stopped, 
[2024-05-09 11:57] Type: manual, Device: MODULE_03, Output: 0, Status: watering, Duration: 25 s, Send startWater at: Thu May 09 2024 11:57:14 GMT+0200 (Central European Summer Time), 
[2024-05-09 11:57] Type: manual, Device: MODULE_03, Output: 0, Status: stopped, 
[2024-05-09 11:57] Type: manual, Device: MODULE_03, Output: 1, Status: watering, Duration: 25 s, Send startWater at: Thu May 09 2024 11:57:18 GMT+0200 (Central European Summer Time), 
[2024-05-09 11:57] Type: manual, Device: MODULE_03, Output: 1, Status: stopped, 
[2024-05-09 11:57] Type: manual, Device: MODULE_03, Output: 2, Status: watering, Duration: 25 s, Send startWater at: Thu May 09 2024 11:57:21 GMT+0200 (Central European Summer Time), 
[2024-05-09 11:57] Type: manual, Device: MODULE_03, Output: 2, Status: stopped, 
[2024-05-09 11:57] Type: manual, Device: MODULE_03, Output: 5, Status: watering, Duration: 25 s, Send startWater at: Thu May 09 2024 11:57:24 GMT+0200 (Central European Summer Time), 
[2024-05-09 11:57] Type: manual, Device: MODULE_03, Output: 5, Status: stopped, 
[2024-05-09 11:57] Type: manual, Device: MODULE_03, Output: 4, Status: watering, Duration: 25 s, Send startWater at: Thu May 09 2024 11:57:26 GMT+0200 (Central European Summer Time), 
[2024-05-09 11:57] Type: manual, Device: MODULE_03, Output: 4, Status: stopped, 
[2024-05-09 12:07] Type: manual, Device: MODULE_03, Output: 5, Status: watering, Duration: 25 s, Send startWater at: Thu May 09 2024 12:07:49 GMT+0200 (Central European Summer Time), 
[2024-05-09 12:07] Type: manual, Device: MODULE_03, Output: 5, Status: stopped, 
[2024-05-09 15:53] Type: manual, Device: MODULE_03, Output: 0, Status: error, Duration: 25 s, Send startWater at: Thu May 09 2024 15:53:51 GMT+0200 (Central European Summer Time), Context: {}, 
[2024-05-09 15:53] Type: manual, Device: MODULE_03, Output: 2, Status: watering, Duration: 25 s, Send startWater at: Thu May 09 2024 15:53:58 GMT+0200 (Central European Summer Time), 
[2024-05-09 15:54] Type: manual, Device: MODULE_03, Output: 2, Status: stopped, 
[2024-05-09 15:54] Type: manual, Device: MODULE_03, Output: 3, Status: watering, Duration: 25 s, Send startWater at: Thu May 09 2024 15:54:04 GMT+0200 (Central European Summer Time), 
[2024-05-09 15:54] Type: manual, Device: MODULE_03, Output: 3, Status: stopped, 
[2024-05-09 15:56] Type: manual, Device: MODULE_00, Output: 4, Status: watering, Duration: 25 s, Send startWater at: Thu May 09 2024 15:56:46 GMT+0200 (Central European Summer Time), 
[2024-05-09 15:56] Type: manual, Device: MODULE_00, Output: 4, Status: stopped, 
[2024-05-09 15:56] Type: manual, Device: MODULE_00, Output: 2, Status: watering, Duration: 25 s, Send startWater at: Thu May 09 2024 15:56:49 GMT+0200 (Central European Summer Time), 
[2024-05-09 15:56] Type: manual, Device: MODULE_00, Output: 2, Status: stopped, 
[2024-05-09 15:56] Type: manual, Device: MODULE_00, Output: 3, Status: watering, Duration: 25 s, Send startWater at: Thu May 09 2024 15:56:53 GMT+0200 (Central European Summer Time), 
[2024-05-09 15:56] Type: manual, Device: MODULE_00, Output: 3, Status: stopped, 
[2024-05-09 15:56] Type: manual, Device: MODULE_00, Output: 5, Status: watering, Duration: 25 s, Send startWater at: Thu May 09 2024 15:56:56 GMT+0200 (Central European Summer Time), 
[2024-05-09 15:57] Type: manual, Device: MODULE_00, Output: 5, Status: stopped, 
[2024-05-09 15:57] Type: manual, Device: MODULE_00, Output: 9, Status: watering, Duration: 25 s, Send startWater at: Thu May 09 2024 15:57:01 GMT+0200 (Central European Summer Time), 
[2024-05-09 15:57] Type: manual, Device: MODULE_00, Output: 9, Status: stopped, 
[2024-05-09 15:57] Type: manual, Device: MODULE_00, Output: 2, Status: watering, Duration: 25 s, Send startWater at: Thu May 09 2024 15:57:58 GMT+0200 (Central European Summer Time), 
[2024-05-09 15:57] Type: manual, Device: MODULE_00, Output: 2, Status: stopped, 
[2024-05-09 15:58] Type: manual, Device: MODULE_00, Output: 2, Status: watering, Duration: 25 s, Send startWater at: Thu May 09 2024 15:58:59 GMT+0200 (Central European Summer Time), 
[2024-05-09 15:59] Type: manual, Device: MODULE_00, Output: 2, Status: stopped, 
[2024-05-09 15:59] Type: manual, Device: MODULE_00, Output: 9, Status: watering, Duration: 25 s, Send startWater at: Thu May 09 2024 15:59:06 GMT+0200 (Central European Summer Time), 
[2024-05-09 15:59] Type: manual, Device: MODULE_00, Output: 9, Status: stopped, 
[2024-05-09 16:01] Type: manual, Device: MODULE_00, Output: 5, Status: watering, Duration: 25 s, Send startWater at: Thu May 09 2024 16:01:57 GMT+0200 (Central European Summer Time), 
[2024-05-09 16:02] Type: manual, Device: MODULE_00, Output: 5, Status: stopped, 
[2024-05-09 16:03] Type: manual, Device: MODULE_00, Output: 2, Status: watering, Duration: 25 s, Send startWater at: Thu May 09 2024 16:03:34 GMT+0200 (Central European Summer Time), 
[2024-05-09 16:03] Type: manual, Device: MODULE_00, Output: 2, Status: stopped, 
[2024-05-09 16:03] Type: manual, Device: MODULE_00, Output: 3, Status: watering, Duration: 25 s, Send startWater at: Thu May 09 2024 16:03:42 GMT+0200 (Central European Summer Time), 
[2024-05-09 16:03] Type: manual, Device: MODULE_00, Output: 3, Status: stopped, 
[2024-05-09 16:04] Type: manual, Device: MODULE_00, Output: 3, Status: watering, Duration: 25 s, Send startWater at: Thu May 09 2024 16:04:13 GMT+0200 (Central European Summer Time), 
[2024-05-09 16:04] Type: manual, Device: MODULE_00, Output: 3, Status: stopped, 
[2024-05-09 16:04] Type: manual, Device: MODULE_00, Output: 10, Status: watering, Duration: 25 s, Send startWater at: Thu May 09 2024 16:04:26 GMT+0200 (Central European Summer Time), 
[2024-05-09 16:04] Type: manual, Device: MODULE_00, Output: 10, Status: stopped, 
[2024-05-09 16:08] Type: manual, Device: MODULE_00, Output: 5, Status: watering, Duration: 25 s, Send startWater at: Thu May 09 2024 16:08:41 GMT+0200 (Central European Summer Time), 
[2024-05-09 16:08] Type: manual, Device: MODULE_00, Output: 5, Status: stopped, 
[2024-05-09 16:09] Type: manual, Device: MODULE_00, Output: 10, Status: watering, Duration: 25 s, Send startWater at: Thu May 09 2024 16:09:58 GMT+0200 (Central European Summer Time), 
[2024-05-09 16:10] Type: manual, Device: MODULE_00, Output: 10, Status: stopped, 
[2024-05-09 16:10] Type: manual, Device: MODULE_00, Output: 2, Status: watering, Duration: 1 s, Send startWater at: Thu May 09 2024 16:10:08 GMT+0200 (Central European Summer Time), 
[2024-05-09 16:10] Type: manual, Device: MODULE_00, Output: 2, Status: done, Duration: 1 s, Send startWater at: Thu May 09 2024 16:10:08 GMT+0200 (Central European Summer Time), 
[2024-05-09 16:35] Type: manual, Device: MODULE_00, Output: 4, Status: watering, Duration: 25 s, Send startWater at: Thu May 09 2024 16:35:06 GMT+0200 (Central European Summer Time), 
[2024-05-09 16:35] Type: manual, Device: MODULE_00, Output: 4, Status: stopped, 
[2024-05-09 16:36] Type: manual, Device: MODULE_00, Output: 2, Status: watering, Duration: 1 s, Send startWater at: Thu May 09 2024 16:36:41 GMT+0200 (Central European Summer Time), 
[2024-05-09 16:36] Type: manual, Device: MODULE_00, Output: 2, Status: done, Duration: 1 s, Send startWater at: Thu May 09 2024 16:36:41 GMT+0200 (Central European Summer Time), 
[2024-05-09 16:36] Type: manual, Device: MODULE_00, Output: 4, Status: watering, Duration: 25 s, Send startWater at: Thu May 09 2024 16:36:46 GMT+0200 (Central European Summer Time), 
[2024-05-09 16:36] Type: manual, Device: MODULE_00, Output: 4, Status: stopped, 
[2024-05-09 16:36] Type: manual, Device: MODULE_00, Output: 10, Status: watering, Duration: 25 s, Send startWater at: Thu May 09 2024 16:36:50 GMT+0200 (Central European Summer Time), 
[2024-05-09 16:36] Type: manual, Device: MODULE_00, Output: 10, Status: stopped, 
[2024-05-09 16:37] Type: manual, Device: MODULE_00, Output: 10, Status: watering, Duration: 25 s, Send startWater at: Thu May 09 2024 16:37:27 GMT+0200 (Central European Summer Time), 
[2024-05-09 16:37] Type: manual, Device: MODULE_00, Output: 10, Status: stopped, 
[2024-05-09 16:39] Type: manual, Device: MODULE_00, Output: 9, Status: watering, Duration: 25 s, Send startWater at: Thu May 09 2024 16:39:07 GMT+0200 (Central European Summer Time), 
[2024-05-09 16:39] Type: manual, Device: MODULE_00, Output: 9, Status: stopped, 
[2024-05-09 16:40] Type: manual, Device: MODULE_00, Output: 10, Status: watering, Duration: 25 s, Send startWater at: Thu May 09 2024 16:40:12 GMT+0200 (Central European Summer Time), 
[2024-05-09 16:40] Type: manual, Device: MODULE_00, Output: 10, Status: stopped, 
[2024-05-09 16:41] Type: manual, Device: MODULE_00, Output: 13, Status: watering, Duration: 25 s, Send startWater at: Thu May 09 2024 16:41:00 GMT+0200 (Central European Summer Time), 
[2024-05-09 16:41] Type: manual, Device: MODULE_00, Output: 13, Status: stopped, 
[2024-05-09 16:41] Type: manual, Device: MODULE_03, Output: 2, Status: watering, Duration: 25 s, Send startWater at: Thu May 09 2024 16:41:50 GMT+0200 (Central European Summer Time), 
[2024-05-09 16:41] Type: manual, Device: MODULE_03, Output: 2, Status: stopped, 
[2024-05-09 16:42] Type: manual, Device: MODULE_03, Output: 2, Status: watering, Duration: 25 s, Send startWater at: Thu May 09 2024 16:42:03 GMT+0200 (Central European Summer Time), 
[2024-05-09 16:42] Type: manual, Device: MODULE_03, Output: 2, Status: stopped, 
[2024-05-09 16:46] Type: manual, Device: MODULE_03, Output: 4, Status: watering, Duration: 25 s, Send startWater at: Thu May 09 2024 16:46:11 GMT+0200 (Central European Summer Time), 
[2024-05-09 16:46] Type: manual, Device: MODULE_03, Output: 4, Status: stopped, 
[2024-05-09 16:46] Type: manual, Device: MODULE_03, Output: 4, Status: watering, Duration: 25 s, Send startWater at: Thu May 09 2024 16:46:34 GMT+0200 (Central European Summer Time), 
[2024-05-09 16:46] Type: manual, Device: MODULE_03, Output: 4, Status: stopped, 
[2024-05-09 16:46] Type: manual, Device: MODULE_03, Output: 4, Status: watering, Duration: 25 s, Send startWater at: Thu May 09 2024 16:46:54 GMT+0200 (Central European Summer Time), 
[2024-05-09 16:46] Type: manual, Device: MODULE_03, Output: 4, Status: stopped, 
[2024-05-09 16:53] Type: manual, Device: MODULE_03, Output: 2, Status: watering, Duration: 25 s, Send startWater at: Thu May 09 2024 16:53:42 GMT+0200 (Central European Summer Time), 
[2024-05-09 16:53] Type: manual, Device: MODULE_03, Output: 2, Status: stopped, 
[2024-05-09 16:53] Type: manual, Device: MODULE_03, Output: 3, Status: watering, Duration: 25 s, Send startWater at: Thu May 09 2024 16:53:45 GMT+0200 (Central European Summer Time), 
[2024-05-09 16:53] Type: manual, Device: MODULE_03, Output: 3, Status: stopped, 
[2024-05-09 16:53] Type: manual, Device: MODULE_03, Output: 7, Status: watering, Duration: 25 s, Send startWater at: Thu May 09 2024 16:53:50 GMT+0200 (Central European Summer Time), 
[2024-05-09 16:53] Type: manual, Device: MODULE_03, Output: 7, Status: stopped, 
[2024-05-09 16:53] Type: manual, Device: MODULE_03, Output: 4, Status: watering, Duration: 25 s, Send startWater at: Thu May 09 2024 16:53:55 GMT+0200 (Central European Summer Time), 
[2024-05-09 16:53] Type: manual, Device: MODULE_03, Output: 4, Status: stopped, 
[2024-05-09 16:53] Type: manual, Device: MODULE_03, Output: 5, Status: watering, Duration: 25 s, Send startWater at: Thu May 09 2024 16:53:57 GMT+0200 (Central European Summer Time), 
[2024-05-09 16:53] Type: manual, Device: MODULE_03, Output: 5, Status: stopped, 
[2024-05-09 16:55] Type: manual, Device: MODULE_03, Output: 5, Status: watering, Duration: 25 s, Send startWater at: Thu May 09 2024 16:55:19 GMT+0200 (Central European Summer Time), 
[2024-05-09 16:55] Type: manual, Device: MODULE_03, Output: 5, Status: stopped, 
[2024-05-09 16:55] Type: manual, Device: MODULE_03, Output: 5, Status: watering, Duration: 25 s, Send startWater at: Thu May 09 2024 16:55:21 GMT+0200 (Central European Summer Time), 
[2024-05-09 16:55] Type: manual, Device: MODULE_03, Output: 5, Status: stopped, 
[2024-05-09 16:55] Type: manual, Device: MODULE_03, Output: 6, Status: watering, Duration: 25 s, Send startWater at: Thu May 09 2024 16:55:23 GMT+0200 (Central European Summer Time), 
[2024-05-09 16:55] Type: manual, Device: MODULE_03, Output: 6, Status: stopped, 
[2024-05-09 16:59] Type: manual, Device: MODULE_03, Output: 2, Status: watering, Duration: 25 s, Send startWater at: Thu May 09 2024 16:59:21 GMT+0200 (Central European Summer Time), 
[2024-05-09 16:59] Type: manual, Device: MODULE_03, Output: 2, Status: stopped, 
[2024-05-09 16:59] Type: manual, Device: MODULE_03, Output: 6, Status: watering, Duration: 25 s, Send startWater at: Thu May 09 2024 16:59:24 GMT+0200 (Central European Summer Time), 
[2024-05-09 16:59] Type: manual, Device: MODULE_03, Output: 6, Status: stopped, 
[2024-05-09 16:59] Type: manual, Device: MODULE_03, Output: 7, Status: watering, Duration: 25 s, Send startWater at: Thu May 09 2024 16:59:25 GMT+0200 (Central European Summer Time), 
[2024-05-09 16:59] Type: manual, Device: MODULE_03, Output: 7, Status: stopped, 
[2024-05-09 16:59] Type: manual, Device: MODULE_03, Output: 7, Status: watering, Duration: 25 s, Send startWater at: Thu May 09 2024 16:59:29 GMT+0200 (Central European Summer Time), 
[2024-05-09 16:59] Type: manual, Device: MODULE_03, Output: 7, Status: stopped, 
[2024-05-09 16:59] Type: manual, Device: MODULE_03, Output: 8, Status: watering, Duration: 25 s, Send startWater at: Thu May 09 2024 16:59:32 GMT+0200 (Central European Summer Time), 
[2024-05-09 16:59] Type: manual, Device: MODULE_03, Output: 8, Status: stopped, 
[2024-05-09 16:59] Type: manual, Device: MODULE_03, Output: 9, Status: watering, Duration: 25 s, Send startWater at: Thu May 09 2024 16:59:34 GMT+0200 (Central European Summer Time), 
[2024-05-09 16:59] Type: manual, Device: MODULE_03, Output: 9, Status: stopped, 
[2024-05-09 16:59] Type: manual, Device: MODULE_03, Output: 10, Status: watering, Duration: 25 s, Send startWater at: Thu May 09 2024 16:59:35 GMT+0200 (Central European Summer Time), 
[2024-05-09 16:59] Type: manual, Device: MODULE_03, Output: 10, Status: stopped, 
[2024-05-09 16:59] Type: manual, Device: MODULE_03, Output: 11, Status: watering, Duration: 25 s, Send startWater at: Thu May 09 2024 16:59:37 GMT+0200 (Central European Summer Time), 
[2024-05-09 16:59] Type: manual, Device: MODULE_03, Output: 11, Status: stopped, 
[2024-05-09 16:59] Type: manual, Device: MODULE_03, Output: 12, Status: watering, Duration: 25 s, Send startWater at: Thu May 09 2024 16:59:39 GMT+0200 (Central European Summer Time), 
[2024-05-09 16:59] Type: manual, Device: MODULE_03, Output: 12, Status: stopped, 
[2024-05-09 16:59] Type: manual, Device: MODULE_03, Output: 13, Status: watering, Duration: 25 s, Send startWater at: Thu May 09 2024 16:59:40 GMT+0200 (Central European Summer Time), 
[2024-05-09 16:59] Type: manual, Device: MODULE_03, Output: 13, Status: stopped, 
[2024-05-09 16:59] Type: manual, Device: MODULE_03, Output: 14, Status: watering, Duration: 25 s, Send startWater at: Thu May 09 2024 16:59:42 GMT+0200 (Central European Summer Time), 
[2024-05-09 16:59] Type: manual, Device: MODULE_03, Output: 14, Status: stopped, 
[2024-05-09 17:18] Type: manual, Device: MODULE_00, Output: 4, Status: watering, Duration: 25 s, Send startWater at: Thu May 09 2024 17:18:40 GMT+0200 (Central European Summer Time), 
[2024-05-09 17:18] Type: manual, Device: MODULE_00, Output: 4, Status: stopped, 
[2024-05-09 17:20] Type: manual, Device: MODULE_00, Output: 2, Status: watering, Duration: 25 s, Send startWater at: Thu May 09 2024 17:20:29 GMT+0200 (Central European Summer Time), 
[2024-05-09 17:20] Type: manual, Device: MODULE_00, Output: 2, Status: stopped, 
[2024-05-09 17:21] Type: manual, Device: MODULE_00, Output: 4, Status: watering, Duration: 25 s, Send startWater at: Thu May 09 2024 17:21:10 GMT+0200 (Central European Summer Time), 
[2024-05-09 17:21] Type: manual, Device: MODULE_00, Output: 4, Status: stopped, 
[2024-05-09 17:24] Type: manual, Device: MODULE_00, Output: 4, Status: watering, Duration: 25 s, Send startWater at: Thu May 09 2024 17:24:04 GMT+0200 (Central European Summer Time), 
[2024-05-09 17:24] Type: manual, Device: MODULE_00, Output: 4, Status: stopped, 
[2024-05-09 17:28] Type: manual, Device: MODULE_00, Output: 2, Status: watering, Duration: 25 s, Send startWater at: Thu May 09 2024 17:28:11 GMT+0200 (Central European Summer Time), 
[2024-05-09 17:28] Type: manual, Device: MODULE_00, Output: 2, Status: stopped, 
[2024-05-09 17:28] Type: manual, Device: MODULE_00, Output: 3, Status: watering, Duration: 25 s, Send startWater at: Thu May 09 2024 17:28:14 GMT+0200 (Central European Summer Time), 
[2024-05-09 17:28] Type: manual, Device: MODULE_00, Output: 3, Status: stopped, 
[2024-05-09 19:56] Type: manual, Device: MODULE_02, Output: 1, Status: error, Duration: 16 s, Send startWater at: Thu May 09 2024 19:56:55 GMT+0200 (Central European Summer Time), Context: {"code":"MODULE_NOT_FOUND","requireStack":["/home/tompis/sawc/sawc-embedded-controller/devices/network.js","/home/tompis/sawc/sawc-embedded-controller/controller/inputOutput.js","/home/tompis/sawc/sawc-embedded-controller/controller/wateringCan.js","/home/tompis/sawc/sawc-embedded-controller/server.js"]}, 
[2024-05-09 19:57] Type: manual, Device: MODULE_02, Output: 2, Status: error, Duration: 32 s, Send startWater at: Thu May 09 2024 19:57:10 GMT+0200 (Central European Summer Time), Context: {"code":"MODULE_NOT_FOUND","requireStack":["/home/tompis/sawc/sawc-embedded-controller/devices/network.js","/home/tompis/sawc/sawc-embedded-controller/controller/inputOutput.js","/home/tompis/sawc/sawc-embedded-controller/controller/wateringCan.js","/home/tompis/sawc/sawc-embedded-controller/server.js"]}, 
[2024-05-09 19:58] Type: manual, Device: MODULE_01, Output: 9, Status: error, Duration: 120 s, Send startWater at: Thu May 09 2024 19:58:36 GMT+0200 (Central European Summer Time), Context: {"code":"MODULE_NOT_FOUND","requireStack":["/home/tompis/sawc/sawc-embedded-controller/devices/network.js","/home/tompis/sawc/sawc-embedded-controller/controller/inputOutput.js","/home/tompis/sawc/sawc-embedded-controller/controller/wateringCan.js","/home/tompis/sawc/sawc-embedded-controller/server.js"]}, 
[2024-05-09 20:00] Type: scheduled, Device: MODULE_01, Output: 7, Status: error, Duration: 200 s, Send startWater at: 2024-05-09T18:00:03.503Z, Context: {"scheduleEventId":12,"code":"MODULE_NOT_FOUND","requireStack":["/home/tompis/sawc/sawc-embedded-controller/devices/network.js","/home/tompis/sawc/sawc-embedded-controller/controller/inputOutput.js","/home/tompis/sawc/sawc-embedded-controller/controller/wateringCan.js","/home/tompis/sawc/sawc-embedded-controller/server.js"]}, 
[2024-05-09 20:05] Type: manual, Device: MODULE_02, Output: 3, Status: error, Duration: 79 s, Send startWater at: Thu May 09 2024 20:05:50 GMT+0200 (Central European Summer Time), Context: {"code":"MODULE_NOT_FOUND","requireStack":["/home/tompis/sawc/sawc-embedded-controller/devices/network.js","/home/tompis/sawc/sawc-embedded-controller/controller/inputOutput.js","/home/tompis/sawc/sawc-embedded-controller/controller/wateringCan.js","/home/tompis/sawc/sawc-embedded-controller/server.js"]}, 
[2024-05-09 20:06] Type: manual, Device: MODULE_02, Output: 3, Status: error, Duration: 79 s, Send startWater at: Thu May 09 2024 20:06:45 GMT+0200 (Central European Summer Time), Context: {"code":"MODULE_NOT_FOUND","requireStack":["/home/tompis/sawc/sawc-embedded-controller/devices/network.js","/home/tompis/sawc/sawc-embedded-controller/controller/inputOutput.js","/home/tompis/sawc/sawc-embedded-controller/controller/wateringCan.js","/home/tompis/sawc/sawc-embedded-controller/server.js"]}, 
[2024-05-09 20:07] Type: manual, Device: MODULE_02, Output: 3, Status: error, Duration: 79 s, Send startWater at: Thu May 09 2024 20:07:34 GMT+0200 (Central European Summer Time), Context: {"code":"MODULE_NOT_FOUND","requireStack":["/home/tompis/sawc/sawc-embedded-controller/devices/network.js","/home/tompis/sawc/sawc-embedded-controller/controller/inputOutput.js","/home/tompis/sawc/sawc-embedded-controller/controller/wateringCan.js","/home/tompis/sawc/sawc-embedded-controller/server.js"]}, 
[2024-05-09 20:09] Type: manual, Device: MODULE_02, Output: 3, Status: watering, Duration: 79 s, Send startWater at: Thu May 09 2024 20:09:17 GMT+0200 (Central European Summer Time), 
[2024-05-09 20:09] Type: manual, Device: MODULE_02, Output: 3, Status: stopped, 
[2024-05-09 20:11] Type: manual, Device: MODULE_01, Output: 2, Status: watering, Duration: 80 s, Send startWater at: Thu May 09 2024 20:11:46 GMT+0200 (Central European Summer Time), 
[2024-05-09 20:11] Type: manual, Device: MODULE_01, Output: 2, Status: stopped, 
