[2023-11-19 08:49] Type: manual, Device: MODULE_01, Output: 7, Status: watering, Duration: 5 s, Send startWater at: Sun Nov 19 2023 08:49:18 GMT+0100 (Central European Standard Time), 
[2023-11-19 08:49] Type: manual, Device: MODULE_01, Output: 7, Status: stopped, 
[2023-11-19 08:49] Type: manual, Device: MODULE_01, Output: 7, Status: watering, Duration: 5 s, Send startWater at: Sun Nov 19 2023 08:49:20 GMT+0100 (Central European Standard Time), 
[2023-11-19 08:49] Type: manual, Device: MODULE_01, Output: 7, Status: stopped, 
[2023-11-19 08:49] Type: manual, Device: MODULE_01, Output: 6, Status: watering, Duration: 5 s, Send startWater at: Sun Nov 19 2023 08:49:40 GMT+0100 (Central European Standard Time), 
[2023-11-19 08:49] Type: manual, Device: MODULE_01, Output: 6, Status: stopped, 
[2023-11-19 08:49] Type: manual, Device: MODULE_01, Output: 6, Status: watering, Duration: 5 s, Send startWater at: Sun Nov 19 2023 08:49:46 GMT+0100 (Central European Standard Time), 
[2023-11-19 08:49] Type: manual, Device: MODULE_01, Output: 6, Status: stopped, 
[2023-11-19 08:49] Type: manual, Device: MODULE_01, Output: 6, Status: watering, Duration: 5 s, Send startWater at: Sun Nov 19 2023 08:49:52 GMT+0100 (Central European Standard Time), 
[2023-11-19 08:49] Type: manual, Device: MODULE_01, Output: 6, Status: stopped, 
[2023-11-19 08:49] Type: manual, Device: MODULE_01, Output: 6, Status: watering, Duration: 5 s, Send startWater at: Sun Nov 19 2023 08:49:59 GMT+0100 (Central European Standard Time), 
[2023-11-19 08:50] Type: manual, Device: MODULE_01, Output: 6, Status: stopped, 
[2023-11-19 08:51] Type: manual, Device: MODULE_01, Output: 6, Status: watering, Duration: 5 s, Send startWater at: Sun Nov 19 2023 08:51:11 GMT+0100 (Central European Standard Time), 
[2023-11-19 08:51] Type: manual, Device: MODULE_01, Output: 6, Status: done, Duration: 5 s, Send startWater at: Sun Nov 19 2023 08:51:11 GMT+0100 (Central European Standard Time), 
[2023-11-19 08:51] Type: manual, Device: MODULE_01, Output: 6, Status: watering, Duration: 5 s, Send startWater at: Sun Nov 19 2023 08:51:59 GMT+0100 (Central European Standard Time), 
[2023-11-19 08:52] Type: manual, Device: MODULE_01, Output: 6, Status: stopped, 
[2023-11-19 08:52] Type: manual, Device: MODULE_01, Output: 2, Status: watering, Duration: 5 s, Send startWater at: Sun Nov 19 2023 08:52:13 GMT+0100 (Central European Standard Time), 
[2023-11-19 08:52] Type: manual, Device: MODULE_01, Output: 2, Status: done, Duration: 5 s, Send startWater at: Sun Nov 19 2023 08:52:13 GMT+0100 (Central European Standard Time), 
[2023-11-19 08:54] Type: manual, Device: MODULE_01, Output: 2, Status: watering, Duration: 5 s, Send startWater at: Sun Nov 19 2023 08:54:20 GMT+0100 (Central European Standard Time), 
[2023-11-19 08:54] Type: manual, Device: MODULE_01, Output: 2, Status: done, Duration: 5 s, Send startWater at: Sun Nov 19 2023 08:54:20 GMT+0100 (Central European Standard Time), 
[2023-11-19 08:54] Type: manual, Device: MODULE_01, Output: 6, Status: watering, Duration: 5 s, Send startWater at: Sun Nov 19 2023 08:54:29 GMT+0100 (Central European Standard Time), 
[2023-11-19 08:54] Type: manual, Device: MODULE_01, Output: 6, Status: stopped, 
[2023-11-19 08:54] Type: manual, Device: MODULE_01, Output: 6, Status: watering, Duration: 5 s, Send startWater at: Sun Nov 19 2023 08:54:35 GMT+0100 (Central European Standard Time), 
[2023-11-19 08:54] Type: manual, Device: MODULE_01, Output: 6, Status: stopped, 
[2023-11-19 10:03] Type: manual, Device: MODULE_01, Output: 2, Status: watering, Duration: 5 s, Send startWater at: Sun Nov 19 2023 10:03:23 GMT+0100 (Central European Standard Time), 
[2023-11-19 10:03] Type: manual, Device: MODULE_01, Output: 2, Status: stopped, 
[2023-11-19 20:35] Type: scheduled, Device: MODULE_01, Output: 1, Status: watering, Duration: 10 s, Send startWater at: 2023-11-19T19:35:03.660Z, Context: {"scheduleEventId":3}, 
[2023-11-19 20:35] Type: scheduled, Device: MODULE_01, Output: 1, Status: done, Duration: 10 s, Send startWater at: 2023-11-19T19:35:03.660Z, Context: {"scheduleEventId":3}, 
[2023-11-19 20:36] Type: scheduled, Device: MODULE_01, Output: 1, Status: watering, Duration: 15 s, Send startWater at: 2023-11-19T19:36:03.710Z, Context: {"scheduleEventId":3}, 
[2023-11-19 20:36] Type: scheduled, Device: MODULE_01, Output: 1, Status: done, Duration: 15 s, Send startWater at: 2023-11-19T19:36:03.710Z, Context: {"scheduleEventId":3}, 
[2023-11-19 20:37] Type: scheduled, Device: MODULE_01, Output: 1, Status: watering, Duration: 20 s, Send startWater at: 2023-11-19T19:37:03.765Z, Context: {"scheduleEventId":3}, 
[2023-11-19 20:37] Type: scheduled, Device: MODULE_01, Output: 1, Status: done, Duration: 20 s, Send startWater at: 2023-11-19T19:37:03.765Z, Context: {"scheduleEventId":3}, 
[2023-11-19 20:38] Type: scheduled, Device: MODULE_01, Output: 1, Status: watering, Duration: 25 s, Send startWater at: 2023-11-19T19:38:03.822Z, Context: {"scheduleEventId":3}, 
[2023-11-19 20:38] Type: scheduled, Device: MODULE_01, Output: 1, Status: done, Duration: 25 s, Send startWater at: 2023-11-19T19:38:03.822Z, Context: {"scheduleEventId":3}, 
[2023-11-19 20:39] Type: scheduled, Device: MODULE_01, Output: 1, Status: watering, Duration: 30 s, Send startWater at: 2023-11-19T19:39:03.875Z, Context: {"scheduleEventId":3}, 
[2023-11-19 20:39] Type: scheduled, Device: MODULE_01, Output: 1, Status: done, Duration: 30 s, Send startWater at: 2023-11-19T19:39:03.875Z, Context: {"scheduleEventId":3}, 
[2023-11-19 20:41] Type: scheduled, Device: MODULE_01, Output: 1, Status: watering, Duration: 40 s, Send startWater at: 2023-11-19T19:41:03.985Z, Context: {"scheduleEventId":3}, 
[2023-11-19 20:41] Type: scheduled, Device: MODULE_01, Output: 1, Status: done, Duration: 40 s, Send startWater at: 2023-11-19T19:41:03.985Z, Context: {"scheduleEventId":3}, 
