[2025-07-05 05:50] Type: scheduled, Device: MODULE_01, Output: 10, Status: watering, Duration: 80 s, Send startWater at: 2025-07-05T03:50:00.002Z, Context: {"scheduleEventId":22}, 
[2025-07-05 05:51] Type: scheduled, Device: MODULE_01, Output: 10, Status: done, Duration: 80 s, Send startWater at: 2025-07-05T03:50:00.002Z, Context: {"scheduleEventId":22}, 
[2025-07-05 06:00] Type: scheduled, Device: MODULE_01, Output: 8, Status: watering, Duration: 40 s, Send startWater at: 2025-07-05T04:00:00.315Z, Context: {"scheduleEventId":19}, 
[2025-07-05 06:00] Type: scheduled, Device: MODULE_01, Output: 8, Status: done, Duration: 40 s, Send startWater at: 2025-07-05T04:00:00.315Z, Context: {"scheduleEventId":19}, 
[2025-07-05 06:10] Type: scheduled, Device: MODULE_01, Output: 7, Status: watering, Duration: 80 s, Send startWater at: 2025-07-05T04:10:00.656Z, Context: {"scheduleEventId":12}, 
[2025-07-05 06:11] Type: scheduled, Device: MODULE_01, Output: 7, Status: done, Duration: 80 s, Send startWater at: 2025-07-05T04:10:00.656Z, Context: {"scheduleEventId":12}, 
[2025-07-05 06:20] Type: scheduled, Device: MODULE_01, Output: 2, Status: watering, Duration: 80 s, Send startWater at: 2025-07-05T04:20:01.013Z, Context: {"scheduleEventId":11}, 
[2025-07-05 06:21] Type: scheduled, Device: MODULE_01, Output: 2, Status: done, Duration: 80 s, Send startWater at: 2025-07-05T04:20:01.013Z, Context: {"scheduleEventId":11}, 
[2025-07-05 06:30] Type: scheduled, Device: MODULE_01, Output: 9, Status: watering, Duration: 80 s, Send startWater at: 2025-07-05T04:30:01.390Z, Context: {"scheduleEventId":2}, 
[2025-07-05 06:31] Type: scheduled, Device: MODULE_01, Output: 9, Status: done, Duration: 80 s, Send startWater at: 2025-07-05T04:30:01.390Z, Context: {"scheduleEventId":2}, 
[2025-07-05 06:40] Type: scheduled, Device: MODULE_01, Output: 4, Status: watering, Duration: 160 s, Send startWater at: 2025-07-05T04:40:01.719Z, Context: {"scheduleEventId":5}, 
[2025-07-05 06:42] Type: scheduled, Device: MODULE_01, Output: 4, Status: done, Duration: 160 s, Send startWater at: 2025-07-05T04:40:01.719Z, Context: {"scheduleEventId":5}, 
[2025-07-05 07:00] Type: scheduled, Device: MODULE_01, Output: 3, Status: watering, Duration: 160 s, Send startWater at: 2025-07-05T05:00:02.482Z, Context: {"scheduleEventId":21}, 
[2025-07-05 07:02] Type: scheduled, Device: MODULE_01, Output: 3, Status: done, Duration: 160 s, Send startWater at: 2025-07-05T05:00:02.482Z, Context: {"scheduleEventId":21}, 
[2025-07-05 07:10] Type: scheduled, Device: MODULE_01, Output: 1, Status: watering, Duration: 160 s, Send startWater at: 2025-07-05T05:10:02.856Z, Context: {"scheduleEventId":20}, 
[2025-07-05 07:12] Type: scheduled, Device: MODULE_01, Output: 1, Status: done, Duration: 160 s, Send startWater at: 2025-07-05T05:10:02.856Z, Context: {"scheduleEventId":20}, 
[2025-07-05 09:50] Type: manual, Device: MODULE_00, Output: 3, Status: watering, Duration: 25 s, Send startWater at: Sat Jul 05 2025 09:50:59 GMT+0200 (Central European Summer Time), 
[2025-07-05 09:51] Type: manual, Device: MODULE_00, Output: 3, Status: stopped, 
[2025-07-05 09:53] Type: manual, Device: MODULE_01, Output: 8, Status: error, Duration: 160 s, Send startWater at: Sat Jul 05 2025 09:53:12 GMT+0200 (Central European Summer Time), Context: {"message":"request to https://192.168.50.18/output failed, reason: connect EHOSTUNREACH 192.168.50.18:443","type":"system","errno":"EHOSTUNREACH","code":"EHOSTUNREACH"}, 
[2025-07-05 09:56] Type: manual, Device: MODULE_01, Output: 8, Status: watering, Duration: 160 s, Send startWater at: Sat Jul 05 2025 09:56:16 GMT+0200 (Central European Summer Time), 
[2025-07-05 09:56] Type: manual, Device: MODULE_01, Output: 8, Status: stopped, 
[2025-07-05 10:04] Type: manual, Device: MODULE_01, Output: 1, Status: error, Duration: 160 s, Send startWater at: Sat Jul 05 2025 10:04:20 GMT+0200 (Central European Summer Time), Context: {"message":"request to https://192.168.50.18/output failed, reason: connect EHOSTUNREACH 192.168.50.18:443","type":"system","errno":"EHOSTUNREACH","code":"EHOSTUNREACH"}, 
[2025-07-05 10:06] Type: manual, Device: MODULE_01, Output: 1, Status: watering, Duration: 160 s, Send startWater at: Sat Jul 05 2025 10:06:26 GMT+0200 (Central European Summer Time), 
[2025-07-05 10:06] Type: manual, Device: MODULE_01, Output: 1, Status: stopped, 
[2025-07-05 10:08] Type: manual, Device: MODULE_01, Output: 1, Status: watering, Duration: 160 s, Send startWater at: Sat Jul 05 2025 10:08:08 GMT+0200 (Central European Summer Time), 
[2025-07-05 10:08] Type: manual, Device: MODULE_01, Output: 1, Status: stopped, 
[2025-07-05 14:04] Type: manual, Device: MODULE_01, Output: 1, Status: watering, Duration: 160 s, Send startWater at: Sat Jul 05 2025 14:04:03 GMT+0200 (Central European Summer Time), 
[2025-07-05 14:04] Type: manual, Device: MODULE_01, Output: 1, Status: stopped, 
[2025-07-05 19:00] Type: scheduled, Device: MODULE_00, Output: 3, Status: watering, Duration: 35 s, Send startWater at: 2025-07-05T17:00:03.714Z, Context: {"scheduleEventId":17}, 
[2025-07-05 19:00] Type: scheduled, Device: MODULE_00, Output: 3, Status: done, Duration: 35 s, Send startWater at: 2025-07-05T17:00:03.714Z, Context: {"scheduleEventId":17}, 
[2025-07-05 19:10] Type: scheduled, Device: MODULE_00, Output: 4, Status: watering, Duration: 35 s, Send startWater at: 2025-07-05T17:10:04.070Z, Context: {"scheduleEventId":23}, 
[2025-07-05 19:10] Type: scheduled, Device: MODULE_00, Output: 4, Status: done, Duration: 35 s, Send startWater at: 2025-07-05T17:10:04.070Z, Context: {"scheduleEventId":23}, 
[2025-07-05 19:20] Type: scheduled, Device: MODULE_00, Output: 5, Status: watering, Duration: 25 s, Send startWater at: 2025-07-05T17:20:04.456Z, Context: {"scheduleEventId":24}, 
[2025-07-05 19:20] Type: scheduled, Device: MODULE_00, Output: 5, Status: done, Duration: 25 s, Send startWater at: 2025-07-05T17:20:04.456Z, Context: {"scheduleEventId":24}, 
[2025-07-05 19:40] Type: scheduled, Device: MODULE_00, Output: 11, Status: watering, Duration: 30 s, Send startWater at: 2025-07-05T17:40:00.231Z, Context: {"scheduleEventId":30}, 
[2025-07-05 19:40] Type: scheduled, Device: MODULE_00, Output: 11, Status: done, Duration: 30 s, Send startWater at: 2025-07-05T17:40:00.231Z, Context: {"scheduleEventId":30}, 
[2025-07-05 21:10] Type: scheduled, Device: MODULE_01, Output: 7, Status: watering, Duration: 80 s, Send startWater at: 2025-07-05T19:10:03.427Z, Context: {"scheduleEventId":12}, 
[2025-07-05 21:11] Type: scheduled, Device: MODULE_01, Output: 7, Status: done, Duration: 80 s, Send startWater at: 2025-07-05T19:10:03.427Z, Context: {"scheduleEventId":12}, 
[2025-07-05 21:20] Type: scheduled, Device: MODULE_01, Output: 2, Status: watering, Duration: 80 s, Send startWater at: 2025-07-05T19:20:03.769Z, Context: {"scheduleEventId":11}, 
[2025-07-05 21:21] Type: scheduled, Device: MODULE_01, Output: 2, Status: done, Duration: 80 s, Send startWater at: 2025-07-05T19:20:03.769Z, Context: {"scheduleEventId":11}, 
[2025-07-05 21:50] Type: scheduled, Device: MODULE_01, Output: 6, Status: watering, Duration: 120 s, Send startWater at: 2025-07-05T19:50:04.849Z, Context: {"scheduleEventId":7}, 
[2025-07-05 21:52] Type: scheduled, Device: MODULE_01, Output: 6, Status: done, Duration: 120 s, Send startWater at: 2025-07-05T19:50:04.849Z, Context: {"scheduleEventId":7}, 
[2025-07-05 22:00] Type: scheduled, Device: MODULE_01, Output: 5, Status: watering, Duration: 80 s, Send startWater at: 2025-07-05T20:00:00.234Z, Context: {"scheduleEventId":6}, 
