[2025-05-10 10:00] Type: scheduled, Device: MODULE_01, Output: 3, Status: watering, Duration: 16 s, Send startWater at: 2025-05-10T08:00:01.923Z, Context: {"scheduleEventId":4}, 
[2025-05-10 10:00] Type: scheduled, Device: MODULE_01, Output: 3, Status: done, Duration: 16 s, Send startWater at: 2025-05-10T08:00:01.923Z, Context: {"scheduleEventId":4}, 
[2025-05-10 17:52] Type: manual, Device: MODULE_00, Output: 3, Status: error, Duration: 25 s, Send startWater at: Sat May 10 2025 17:52:46 GMT+0200 (Central European Summer Time), Context: {"errno":5,"code":"EIO","syscall":"writeByte"}, 
[2025-05-10 17:52] Type: manual, Device: MODULE_00, Output: 3, Status: error, Duration: 25 s, Send startWater at: Sat May 10 2025 17:52:48 GMT+0200 (Central European Summer Time), Context: {"errno":5,"code":"EIO","syscall":"writeByte"}, 
[2025-05-10 17:53] Type: manual, Device: MODULE_00, Output: 3, Status: error, Duration: 25 s, Send startWater at: Sat May 10 2025 17:53:13 GMT+0200 (Central European Summer Time), Context: {"errno":5,"code":"EIO","syscall":"writeByte"}, 
[2025-05-10 18:30] Type: scheduled, Device: MODULE_00, Output: 3, Status: error, Duration: 50 s, Send startWater at: 2025-05-10T16:30:00.715Z, Context: {"scheduleEventId":17,"errno":5,"code":"EIO","syscall":"writeByte"}, 
[2025-05-10 18:38] Type: manual, Device: MODULE_00, Output: 3, Status: watering, Duration: 25 s, Send startWater at: Sat May 10 2025 18:38:52 GMT+0200 (Central European Summer Time), 
[2025-05-10 18:38] Type: manual, Device: MODULE_00, Output: 3, Status: stopped, 
[2025-05-10 18:38] Type: manual, Device: MODULE_00, Output: 4, Status: watering, Duration: 25 s, Send startWater at: Sat May 10 2025 18:38:53 GMT+0200 (Central European Summer Time), 
[2025-05-10 18:38] Type: manual, Device: MODULE_00, Output: 4, Status: stopped, 
[2025-05-10 18:41] Type: manual, Device: MODULE_00, Output: 3, Status: watering, Duration: 25 s, Send startWater at: Sat May 10 2025 18:41:47 GMT+0200 (Central European Summer Time), 
[2025-05-10 18:41] Type: manual, Device: MODULE_00, Output: 3, Status: stopped, 
[2025-05-10 18:41] Type: manual, Device: MODULE_00, Output: 3, Status: watering, Duration: 25 s, Send startWater at: Sat May 10 2025 18:41:50 GMT+0200 (Central European Summer Time), 
[2025-05-10 18:41] Type: manual, Device: MODULE_00, Output: 3, Status: stopped, 
[2025-05-10 18:41] Type: manual, Device: MODULE_00, Output: 4, Status: watering, Duration: 25 s, Send startWater at: Sat May 10 2025 18:41:56 GMT+0200 (Central European Summer Time), 
[2025-05-10 18:42] Type: manual, Device: MODULE_00, Output: 4, Status: stopped, 
[2025-05-10 18:58] Type: manual, Device: MODULE_00, Output: 3, Status: watering, Duration: 25 s, Send startWater at: Sat May 10 2025 18:58:56 GMT+0200 (Central European Summer Time), 
[2025-05-10 18:58] Type: manual, Device: MODULE_00, Output: 3, Status: stopped, 
[2025-05-10 19:00] Type: manual, Device: MODULE_01, Output: 2, Status: watering, Duration: 80 s, Send startWater at: Sat May 10 2025 19:00:16 GMT+0200 (Central European Summer Time), 
[2025-05-10 19:00] Type: manual, Device: MODULE_01, Output: 2, Status: stopped, 
[2025-05-10 19:33] Type: manual, Device: MODULE_00, Output: 3, Status: watering, Duration: 25 s, Send startWater at: Sat May 10 2025 19:33:49 GMT+0200 (Central European Summer Time), 
[2025-05-10 19:33] Type: manual, Device: MODULE_00, Output: 3, Status: stopped, 
