[2025-06-28 08:00] Type: scheduled, Device: MODULE_01, Output: 1, Status: watering, Duration: 200 s, Send startWater at: 2025-06-28T06:00:00.686Z, Context: {"scheduleEventId":1}, 
[2025-06-28 08:03] Type: scheduled, Device: MODULE_01, Output: 1, Status: done, Duration: 200 s, Send startWater at: 2025-06-28T06:00:00.686Z, Context: {"scheduleEventId":1}, 
[2025-06-28 08:03] Type: scheduled, Device: MODULE_01, Output: 9, Status: watering, Duration: 160 s, Send startWater at: 2025-06-28T06:00:00.686Z, Context: {"scheduleEventId":2}, 
[2025-06-28 08:06] Type: scheduled, Device: MODULE_01, Output: 9, Status: done, Duration: 160 s, Send startWater at: 2025-06-28T06:00:00.686Z, Context: {"scheduleEventId":2}, 
[2025-06-28 10:00] Type: scheduled, Device: MODULE_01, Output: 3, Status: watering, Duration: 16 s, Send startWater at: 2025-06-28T08:00:01.882Z, Context: {"scheduleEventId":4}, 
[2025-06-28 10:00] Type: scheduled, Device: MODULE_01, Output: 3, Status: done, Duration: 16 s, Send startWater at: 2025-06-28T08:00:01.882Z, Context: {"scheduleEventId":4}, 
[2025-06-28 15:08] Type: manual, Device: MODULE_01, Output: 1, Status: watering, Duration: 160 s, Send startWater at: Sat Jun 28 2025 15:08:36 GMT+0200 (Central European Summer Time), 
[2025-06-28 15:08] Type: manual, Device: MODULE_01, Output: 1, Status: stopped, 
[2025-06-28 15:16] Type: manual, Device: MODULE_01, Output: 1, Status: stopped, 
[2025-06-28 15:16] Type: manual, Device: MODULE_01, Output: 1, Status: error, Duration: 160 s, Send startWater at: Sat Jun 28 2025 15:16:26 GMT+0200 (Central European Summer Time), Context: {"message":"request to https://192.168.50.18/output failed, reason: connect EHOSTUNREACH 192.168.50.18:443","type":"system","errno":"EHOSTUNREACH","code":"EHOSTUNREACH"}, 
[2025-06-28 18:06] Type: manual, Device: MODULE_01, Output: 8, Status: watering, Duration: 160 s, Send startWater at: Sat Jun 28 2025 18:06:07 GMT+0200 (Central European Summer Time), 
[2025-06-28 18:08] Type: manual, Device: MODULE_01, Output: 8, Status: done, Duration: 160 s, Send startWater at: Sat Jun 28 2025 18:06:07 GMT+0200 (Central European Summer Time), 
[2025-06-28 18:11] Type: manual, Device: MODULE_01, Output: 7, Status: watering, Duration: 160 s, Send startWater at: Sat Jun 28 2025 18:11:16 GMT+0200 (Central European Summer Time), 
[2025-06-28 18:13] Type: manual, Device: MODULE_01, Output: 7, Status: done, Duration: 160 s, Send startWater at: Sat Jun 28 2025 18:11:16 GMT+0200 (Central European Summer Time), 
[2025-06-28 18:30] Type: scheduled, Device: MODULE_00, Output: 3, Status: watering, Duration: 50 s, Send startWater at: 2025-06-28T16:30:03.029Z, Context: {"scheduleEventId":17}, 
[2025-06-28 18:30] Type: scheduled, Device: MODULE_00, Output: 3, Status: done, Duration: 50 s, Send startWater at: 2025-06-28T16:30:03.029Z, Context: {"scheduleEventId":17}, 
[2025-06-28 18:31] Type: manual, Device: MODULE_01, Output: 2, Status: watering, Duration: 80 s, Send startWater at: Sat Jun 28 2025 18:31:06 GMT+0200 (Central European Summer Time), 
[2025-06-28 18:32] Type: manual, Device: MODULE_01, Output: 2, Status: done, Duration: 80 s, Send startWater at: Sat Jun 28 2025 18:31:06 GMT+0200 (Central European Summer Time), 
[2025-06-28 18:47] Type: manual, Device: MODULE_01, Output: 9, Status: watering, Duration: 120 s, Send startWater at: Sat Jun 28 2025 18:47:38 GMT+0200 (Central European Summer Time), 
[2025-06-28 18:47] Type: manual, Device: MODULE_01, Output: 9, Status: stopped, 
[2025-06-28 19:06] Type: manual, Device: MODULE_01, Output: 4, Status: watering, Duration: 40 s, Send startWater at: Sat Jun 28 2025 19:06:49 GMT+0200 (Central European Summer Time), 
[2025-06-28 19:07] Type: manual, Device: MODULE_01, Output: 4, Status: done, Duration: 40 s, Send startWater at: Sat Jun 28 2025 19:06:49 GMT+0200 (Central European Summer Time), 
[2025-06-28 19:09] Type: manual, Device: MODULE_01, Output: 6, Status: watering, Duration: 120 s, Send startWater at: Sat Jun 28 2025 19:09:25 GMT+0200 (Central European Summer Time), 
[2025-06-28 19:09] Type: manual, Device: MODULE_01, Output: 6, Status: stopped, 
[2025-06-28 19:10] Type: manual, Device: MODULE_01, Output: 6, Status: watering, Duration: 120 s, Send startWater at: Sat Jun 28 2025 19:10:54 GMT+0200 (Central European Summer Time), 
[2025-06-28 19:11] Type: manual, Device: MODULE_01, Output: 6, Status: stopped, 
[2025-06-28 19:16] Type: manual, Device: MODULE_01, Output: 6, Status: watering, Duration: 120 s, Send startWater at: Sat Jun 28 2025 19:16:06 GMT+0200 (Central European Summer Time), 
[2025-06-28 19:16] Type: manual, Device: MODULE_01, Output: 6, Status: stopped, 
[2025-06-28 19:18] Type: manual, Device: MODULE_01, Output: 5, Status: watering, Duration: 160 s, Send startWater at: Sat Jun 28 2025 19:18:43 GMT+0200 (Central European Summer Time), 
[2025-06-28 19:21] Type: manual, Device: MODULE_01, Output: 5, Status: done, Duration: 160 s, Send startWater at: Sat Jun 28 2025 19:18:43 GMT+0200 (Central European Summer Time), 
[2025-06-28 19:30] Type: manual, Device: MODULE_01, Output: 5, Status: watering, Duration: 160 s, Send startWater at: Sat Jun 28 2025 19:30:20 GMT+0200 (Central European Summer Time), 
[2025-06-28 19:30] Type: manual, Device: MODULE_01, Output: 5, Status: stopped, 
[2025-06-28 20:10] Type: scheduled, Device: MODULE_01, Output: 7, Status: watering, Duration: 80 s, Send startWater at: 2025-06-28T18:10:03.106Z, Context: {"scheduleEventId":12}, 
[2025-06-28 20:11] Type: scheduled, Device: MODULE_01, Output: 7, Status: done, Duration: 80 s, Send startWater at: 2025-06-28T18:10:03.106Z, Context: {"scheduleEventId":12}, 
[2025-06-28 20:20] Type: scheduled, Device: MODULE_01, Output: 2, Status: watering, Duration: 80 s, Send startWater at: 2025-06-28T18:20:03.600Z, Context: {"scheduleEventId":11}, 
[2025-06-28 20:21] Type: scheduled, Device: MODULE_01, Output: 2, Status: done, Duration: 80 s, Send startWater at: 2025-06-28T18:20:03.600Z, Context: {"scheduleEventId":11}, 
[2025-06-28 20:40] Type: scheduled, Device: MODULE_01, Output: 4, Status: watering, Duration: 160 s, Send startWater at: 2025-06-28T18:40:04.631Z, Context: {"scheduleEventId":5}, 
[2025-06-28 20:42] Type: scheduled, Device: MODULE_01, Output: 4, Status: done, Duration: 160 s, Send startWater at: 2025-06-28T18:40:04.631Z, Context: {"scheduleEventId":5}, 
[2025-06-28 20:50] Type: scheduled, Device: MODULE_01, Output: 6, Status: watering, Duration: 120 s, Send startWater at: 2025-06-28T18:50:00.172Z, Context: {"scheduleEventId":7}, 
[2025-06-28 20:52] Type: scheduled, Device: MODULE_01, Output: 6, Status: done, Duration: 120 s, Send startWater at: 2025-06-28T18:50:00.172Z, Context: {"scheduleEventId":7}, 
[2025-06-28 21:00] Type: scheduled, Device: MODULE_01, Output: 5, Status: watering, Duration: 80 s, Send startWater at: 2025-06-28T19:00:00.711Z, Context: {"scheduleEventId":6}, 
[2025-06-28 21:01] Type: scheduled, Device: MODULE_01, Output: 5, Status: done, Duration: 80 s, Send startWater at: 2025-06-28T19:00:00.711Z, Context: {"scheduleEventId":6}, 
