[2024-01-27 08:51] Type: manual, Device: MODULE_01, Output: 1, Status: watering, Duration: 200 s, Send startWater at: Sat Jan 27 2024 08:51:22 GMT+0100 (Central European Standard Time), 
[2024-01-27 08:51] Type: manual, Device: MODULE_01, Output: 1, Status: stopped, 
[2024-01-27 08:51] Type: manual, Device: MODULE_01, Output: 1, Status: watering, Duration: 200 s, Send startWater at: Sat Jan 27 2024 08:51:38 GMT+0100 (Central European Standard Time), 
[2024-01-27 08:51] Type: manual, Device: MODULE_01, Output: 1, Status: stopped, 
[2024-01-27 08:51] Type: manual, Device: MODULE_01, Output: 3, Status: watering, Duration: 50 s, Send startWater at: Sat Jan 27 2024 08:51:47 GMT+0100 (Central European Standard Time), 
[2024-01-27 08:51] Type: manual, Device: MODULE_01, Output: 3, Status: stopped, 
[2024-01-27 08:51] Type: manual, Device: MODULE_01, Output: 4, Status: watering, Duration: 50 s, Send startWater at: Sat Jan 27 2024 08:51:52 GMT+0100 (Central European Standard Time), 
[2024-01-27 08:51] Type: manual, Device: MODULE_01, Output: 4, Status: stopped, 
[2024-01-27 08:52] Type: manual, Device: MODULE_01, Output: 5, Status: watering, Duration: 200 s, Send startWater at: Sat Jan 27 2024 08:52:02 GMT+0100 (Central European Standard Time), 
[2024-01-27 08:52] Type: manual, Device: MODULE_01, Output: 5, Status: stopped, 
[2024-01-27 08:52] Type: manual, Device: MODULE_01, Output: 8, Status: watering, Duration: 80 s, Send startWater at: Sat Jan 27 2024 08:52:08 GMT+0100 (Central European Standard Time), 
[2024-01-27 08:52] Type: manual, Device: MODULE_01, Output: 8, Status: stopped, 
[2024-01-27 08:52] Type: manual, Device: MODULE_01, Output: 6, Status: watering, Duration: 200 s, Send startWater at: Sat Jan 27 2024 08:52:15 GMT+0100 (Central European Standard Time), 
[2024-01-27 08:52] Type: manual, Device: MODULE_01, Output: 6, Status: stopped, 
[2024-01-27 08:52] Type: manual, Device: MODULE_01, Output: 9, Status: watering, Duration: 150 s, Send startWater at: Sat Jan 27 2024 08:52:24 GMT+0100 (Central European Standard Time), 
[2024-01-27 08:54] Type: manual, Device: MODULE_01, Output: 9, Status: done, Duration: 150 s, Send startWater at: Sat Jan 27 2024 08:52:24 GMT+0100 (Central European Standard Time), 
[2024-01-27 10:00] Type: scheduled, Device: MODULE_01, Output: 3, Status: watering, Duration: 150 s, Send startWater at: 2024-01-27T09:00:00.058Z, Context: {"scheduleEventId":4}, 
[2024-01-27 10:02] Type: scheduled, Device: MODULE_01, Output: 3, Status: done, Duration: 150 s, Send startWater at: 2024-01-27T09:00:00.058Z, Context: {"scheduleEventId":4}, 
[2024-01-27 18:00] Type: scheduled, Device: MODULE_01, Output: 9, Status: watering, Duration: 100 s, Send startWater at: 2024-01-27T17:00:03.616Z, Context: {"scheduleEventId":2}, 
[2024-01-27 18:01] Type: scheduled, Device: MODULE_01, Output: 9, Status: done, Duration: 100 s, Send startWater at: 2024-01-27T17:00:03.616Z, Context: {"scheduleEventId":2}, 
