[2025-06-30 05:50] Type: scheduled, Device: MODULE_01, Output: 10, Status: watering, Duration: 80 s, Send startWater at: 2025-06-30T03:50:01.985Z, Context: {"scheduleEventId":22}, 
[2025-06-30 05:51] Type: scheduled, Device: MODULE_01, Output: 10, Status: done, Duration: 80 s, Send startWater at: 2025-06-30T03:50:01.985Z, Context: {"scheduleEventId":22}, 
[2025-06-30 06:00] Type: scheduled, Device: MODULE_01, Output: 8, Status: watering, Duration: 40 s, Send startWater at: 2025-06-30T04:00:02.453Z, Context: {"scheduleEventId":19}, 
[2025-06-30 06:00] Type: scheduled, Device: MODULE_01, Output: 8, Status: done, Duration: 40 s, Send startWater at: 2025-06-30T04:00:02.453Z, Context: {"scheduleEventId":19}, 
[2025-06-30 06:10] Type: scheduled, Device: MODULE_01, Output: 7, Status: watering, Duration: 80 s, Send startWater at: 2025-06-30T04:10:02.940Z, Context: {"scheduleEventId":12}, 
[2025-06-30 06:11] Type: scheduled, Device: MODULE_01, Output: 7, Status: done, Duration: 80 s, Send startWater at: 2025-06-30T04:10:02.940Z, Context: {"scheduleEventId":12}, 
[2025-06-30 06:20] Type: scheduled, Device: MODULE_01, Output: 2, Status: watering, Duration: 80 s, Send startWater at: 2025-06-30T04:20:03.425Z, Context: {"scheduleEventId":11}, 
[2025-06-30 06:21] Type: scheduled, Device: MODULE_01, Output: 2, Status: done, Duration: 80 s, Send startWater at: 2025-06-30T04:20:03.425Z, Context: {"scheduleEventId":11}, 
[2025-06-30 06:30] Type: scheduled, Device: MODULE_01, Output: 9, Status: watering, Duration: 80 s, Send startWater at: 2025-06-30T04:30:03.963Z, Context: {"scheduleEventId":2}, 
[2025-06-30 06:31] Type: scheduled, Device: MODULE_01, Output: 9, Status: done, Duration: 80 s, Send startWater at: 2025-06-30T04:30:03.963Z, Context: {"scheduleEventId":2}, 
[2025-06-30 06:40] Type: scheduled, Device: MODULE_01, Output: 4, Status: watering, Duration: 160 s, Send startWater at: 2025-06-30T04:40:04.453Z, Context: {"scheduleEventId":5}, 
[2025-06-30 06:42] Type: scheduled, Device: MODULE_01, Output: 4, Status: done, Duration: 160 s, Send startWater at: 2025-06-30T04:40:04.453Z, Context: {"scheduleEventId":5}, 
[2025-06-30 06:48] Type: manual, Device: MODULE_00, Output: 3, Status: watering, Duration: 25 s, Send startWater at: Mon Jun 30 2025 06:48:19 GMT+0200 (Central European Summer Time), 
[2025-06-30 06:48] Type: manual, Device: MODULE_00, Output: 3, Status: done, Duration: 25 s, Send startWater at: Mon Jun 30 2025 06:48:19 GMT+0200 (Central European Summer Time), 
[2025-06-30 07:00] Type: scheduled, Device: MODULE_01, Output: 3, Status: watering, Duration: 160 s, Send startWater at: 2025-06-30T05:00:00.497Z, Context: {"scheduleEventId":21}, 
[2025-06-30 07:02] Type: scheduled, Device: MODULE_01, Output: 3, Status: done, Duration: 160 s, Send startWater at: 2025-06-30T05:00:00.497Z, Context: {"scheduleEventId":21}, 
[2025-06-30 07:10] Type: scheduled, Device: MODULE_01, Output: 1, Status: watering, Duration: 160 s, Send startWater at: 2025-06-30T05:10:01.053Z, Context: {"scheduleEventId":20}, 
[2025-06-30 07:12] Type: manual, Device: MODULE_01, Output: 1, Status: stopped, 
[2025-06-30 07:12] Type: manual, Device: MODULE_01, Output: 8, Status: watering, Duration: 160 s, Send startWater at: Mon Jun 30 2025 07:12:18 GMT+0200 (Central European Summer Time), 
[2025-06-30 07:12] Type: manual, Device: MODULE_01, Output: 8, Status: stopped, 
[2025-06-30 07:13] Type: manual, Device: MODULE_01, Output: 1, Status: watering, Duration: 160 s, Send startWater at: Mon Jun 30 2025 07:13:13 GMT+0200 (Central European Summer Time), 
[2025-06-30 07:14] Type: manual, Device: MODULE_01, Output: 1, Status: stopped, 
