[2024-12-21 08:00] Type: scheduled, Device: MODULE_01, Output: 6, Status: watering, Duration: 160 s, Send startWater at: 2024-12-21T07:00:01.268Z, Context: {"scheduleEventId":7}, 
[2024-12-21 08:00] Type: scheduled, Device: MODULE_01, Output: 2, Status: watering, Duration: 200 s, Send startWater at: 2024-12-21T07:00:01.268Z, Context: {"scheduleEventId":11}, 
[2024-12-21 08:02] Type: scheduled, Device: MODULE_01, Output: 6, Status: done, Duration: 160 s, Send startWater at: 2024-12-21T07:00:01.268Z, Context: {"scheduleEventId":7}, 
[2024-12-21 08:03] Type: scheduled, Device: MODULE_01, Output: 2, Status: done, Duration: 200 s, Send startWater at: 2024-12-21T07:00:01.268Z, Context: {"scheduleEventId":11}, 
[2024-12-21 09:00] Type: scheduled, Device: MODULE_01, Output: 4, Status: watering, Duration: 160 s, Send startWater at: 2024-12-21T08:00:03.527Z, Context: {"scheduleEventId":5}, 
[2024-12-21 09:02] Type: scheduled, Device: MODULE_01, Output: 4, Status: done, Duration: 160 s, Send startWater at: 2024-12-21T08:00:03.527Z, Context: {"scheduleEventId":5}, 
[2024-12-21 10:00] Type: scheduled, Device: MODULE_01, Output: 3, Status: watering, Duration: 16 s, Send startWater at: 2024-12-21T09:00:00.694Z, Context: {"scheduleEventId":4}, 
[2024-12-21 10:00] Type: scheduled, Device: MODULE_01, Output: 3, Status: done, Duration: 16 s, Send startWater at: 2024-12-21T09:00:00.694Z, Context: {"scheduleEventId":4}, 
[2024-12-21 13:57] Type: manual, Device: MODULE_01, Output: 9, Status: watering, Duration: 120 s, Send startWater at: Sat Dec 21 2024 13:57:43 GMT+0100 (Central European Standard Time), 
[2024-12-21 13:57] Type: manual, Device: MODULE_01, Output: 9, Status: stopped, 
[2024-12-21 13:57] Type: manual, Device: MODULE_00, Output: 3, Status: watering, Duration: 25 s, Send startWater at: Sat Dec 21 2024 13:57:57 GMT+0100 (Central European Standard Time), 
[2024-12-21 13:58] Type: manual, Device: MODULE_00, Output: 3, Status: done, Duration: 25 s, Send startWater at: Sat Dec 21 2024 13:57:57 GMT+0100 (Central European Standard Time), 
[2024-12-21 14:26] Type: manual, Device: MODULE_00, Output: 3, Status: watering, Duration: 25 s, Send startWater at: Sat Dec 21 2024 14:26:38 GMT+0100 (Central European Standard Time), 
[2024-12-21 14:26] Type: manual, Device: MODULE_00, Output: 3, Status: stopped, 
[2024-12-21 18:15] Type: scheduled, Device: MODULE_00, Output: 4, Status: watering, Duration: 75 s, Send startWater at: 2024-12-21T17:15:00.338Z, Context: {"scheduleEventId":14}, 
[2024-12-21 18:16] Type: scheduled, Device: MODULE_00, Output: 4, Status: done, Duration: 75 s, Send startWater at: 2024-12-21T17:15:00.338Z, Context: {"scheduleEventId":14}, 
[2024-12-21 18:20] Type: scheduled, Device: MODULE_00, Output: 6, Status: watering, Duration: 25 s, Send startWater at: 2024-12-21T17:20:00.520Z, Context: {"scheduleEventId":15}, 
[2024-12-21 18:20] Type: scheduled, Device: MODULE_00, Output: 6, Status: done, Duration: 25 s, Send startWater at: 2024-12-21T17:20:00.520Z, Context: {"scheduleEventId":15}, 
[2024-12-21 18:30] Type: scheduled, Device: MODULE_00, Output: 3, Status: watering, Duration: 35 s, Send startWater at: 2024-12-21T17:30:00.868Z, Context: {"scheduleEventId":17}, 
[2024-12-21 18:30] Type: scheduled, Device: MODULE_00, Output: 3, Status: done, Duration: 35 s, Send startWater at: 2024-12-21T17:30:00.868Z, Context: {"scheduleEventId":17}, 
[2024-12-21 20:00] Type: scheduled, Device: MODULE_01, Output: 7, Status: watering, Duration: 240 s, Send startWater at: 2024-12-21T19:00:04.143Z, Context: {"scheduleEventId":12}, 
[2024-12-21 20:04] Type: scheduled, Device: MODULE_01, Output: 7, Status: done, Duration: 240 s, Send startWater at: 2024-12-21T19:00:04.143Z, Context: {"scheduleEventId":12}, 
