[2024-08-02 07:07] Type: manual, Device: MODULE_01, Output: 2, Status: error, Duration: 80 s, Send startWater at: Fri Aug 02 2024 07:07:31 GMT+0200 (Central European Summer Time), Context: {"message":"request to https://192.168.50.18/output failed, reason: connect EHOSTUNREACH 192.168.50.18:443","type":"system","errno":"EHOSTUNREACH","code":"EHOSTUNREACH"}, 
[2024-08-02 07:07] Type: manual, Device: MODULE_01, Output: 2, Status: error, Duration: 80 s, Send startWater at: Fri Aug 02 2024 07:07:42 GMT+0200 (Central European Summer Time), Context: {"message":"request to https://192.168.50.18/output failed, reason: connect EHOSTUNREACH 192.168.50.18:443","type":"system","errno":"EHOSTUNREACH","code":"EHOSTUNREACH"}, 
[2024-08-02 07:08] Type: manual, Device: MODULE_01, Output: 4, Status: watering, Duration: 40 s, Send startWater at: Fri Aug 02 2024 07:08:34 GMT+0200 (Central European Summer Time), 
[2024-08-02 07:09] Type: manual, Device: MODULE_01, Output: 4, Status: done, Duration: 40 s, Send startWater at: Fri Aug 02 2024 07:08:34 GMT+0200 (Central European Summer Time), 
[2024-08-02 07:10] Type: manual, Device: MODULE_01, Output: 1, Status: watering, Duration: 160 s, Send startWater at: Fri Aug 02 2024 07:10:34 GMT+0200 (Central European Summer Time), 
[2024-08-02 07:13] Type: manual, Device: MODULE_01, Output: 1, Status: done, Duration: 160 s, Send startWater at: Fri Aug 02 2024 07:10:34 GMT+0200 (Central European Summer Time), 
[2024-08-02 07:13] Type: manual, Device: MODULE_01, Output: 2, Status: watering, Duration: 80 s, Send startWater at: Fri Aug 02 2024 07:10:39 GMT+0200 (Central European Summer Time), 
[2024-08-02 07:14] Type: manual, Device: MODULE_01, Output: 2, Status: done, Duration: 80 s, Send startWater at: Fri Aug 02 2024 07:10:39 GMT+0200 (Central European Summer Time), 
[2024-08-02 07:14] Type: manual, Device: MODULE_01, Output: 4, Status: watering, Duration: 40 s, Send startWater at: Fri Aug 02 2024 07:10:45 GMT+0200 (Central European Summer Time), 
[2024-08-02 07:15] Type: manual, Device: MODULE_01, Output: 4, Status: done, Duration: 40 s, Send startWater at: Fri Aug 02 2024 07:10:45 GMT+0200 (Central European Summer Time), 
[2024-08-02 07:15] Type: manual, Device: MODULE_01, Output: 5, Status: watering, Duration: 160 s, Send startWater at: Fri Aug 02 2024 07:10:46 GMT+0200 (Central European Summer Time), 
[2024-08-02 07:18] Type: manual, Device: MODULE_01, Output: 5, Status: done, Duration: 160 s, Send startWater at: Fri Aug 02 2024 07:10:46 GMT+0200 (Central European Summer Time), 
[2024-08-02 07:18] Type: manual, Device: MODULE_01, Output: 6, Status: watering, Duration: 120 s, Send startWater at: Fri Aug 02 2024 07:10:47 GMT+0200 (Central European Summer Time), 
[2024-08-02 07:20] Type: manual, Device: MODULE_01, Output: 6, Status: done, Duration: 120 s, Send startWater at: Fri Aug 02 2024 07:10:47 GMT+0200 (Central European Summer Time), 
[2024-08-02 07:20] Type: manual, Device: MODULE_01, Output: 7, Status: watering, Duration: 160 s, Send startWater at: Fri Aug 02 2024 07:10:48 GMT+0200 (Central European Summer Time), 
[2024-08-02 07:22] Type: manual, Device: MODULE_01, Output: 7, Status: done, Duration: 160 s, Send startWater at: Fri Aug 02 2024 07:10:48 GMT+0200 (Central European Summer Time), 
[2024-08-02 07:22] Type: manual, Device: MODULE_01, Output: 9, Status: watering, Duration: 120 s, Send startWater at: Fri Aug 02 2024 07:10:59 GMT+0200 (Central European Summer Time), 
[2024-08-02 07:24] Type: manual, Device: MODULE_01, Output: 9, Status: done, Duration: 120 s, Send startWater at: Fri Aug 02 2024 07:10:59 GMT+0200 (Central European Summer Time), 
[2024-08-02 08:00] Type: scheduled, Device: MODULE_00, Output: 3, Status: watering, Duration: 50 s, Send startWater at: 2024-08-02T06:00:04.651Z, Context: {"scheduleEventId":13}, 
[2024-08-02 08:00] Type: scheduled, Device: MODULE_01, Output: 1, Status: watering, Duration: 200 s, Send startWater at: 2024-08-02T06:00:04.651Z, Context: {"scheduleEventId":1}, 
[2024-08-02 08:00] Type: scheduled, Device: MODULE_01, Output: 9, Status: watering, Duration: 160 s, Send startWater at: 2024-08-02T06:00:04.651Z, Context: {"scheduleEventId":2}, 
[2024-08-02 08:00] Type: scheduled, Device: MODULE_01, Output: 6, Status: watering, Duration: 160 s, Send startWater at: 2024-08-02T06:00:04.651Z, Context: {"scheduleEventId":7}, 
[2024-08-02 08:00] Type: scheduled, Device: MODULE_00, Output: 3, Status: done, Duration: 50 s, Send startWater at: 2024-08-02T06:00:04.651Z, Context: {"scheduleEventId":13}, 
[2024-08-02 08:02] Type: scheduled, Device: MODULE_01, Output: 9, Status: done, Duration: 160 s, Send startWater at: 2024-08-02T06:00:04.651Z, Context: {"scheduleEventId":2}, 
[2024-08-02 08:02] Type: scheduled, Device: MODULE_01, Output: 6, Status: done, Duration: 160 s, Send startWater at: 2024-08-02T06:00:04.651Z, Context: {"scheduleEventId":7}, 
[2024-08-02 08:03] Type: scheduled, Device: MODULE_01, Output: 1, Status: done, Duration: 200 s, Send startWater at: 2024-08-02T06:00:04.651Z, Context: {"scheduleEventId":1}, 
[2024-08-02 09:00] Type: scheduled, Device: MODULE_01, Output: 8, Status: watering, Duration: 240 s, Send startWater at: 2024-08-02T07:00:01.820Z, Context: {"scheduleEventId":3}, 
[2024-08-02 09:04] Type: scheduled, Device: MODULE_01, Output: 8, Status: done, Duration: 240 s, Send startWater at: 2024-08-02T07:00:01.820Z, Context: {"scheduleEventId":3}, 
[2024-08-02 09:04] Type: scheduled, Device: MODULE_01, Output: 4, Status: watering, Duration: 160 s, Send startWater at: 2024-08-02T07:00:01.820Z, Context: {"scheduleEventId":5}, 
[2024-08-02 09:06] Type: scheduled, Device: MODULE_01, Output: 4, Status: done, Duration: 160 s, Send startWater at: 2024-08-02T07:00:01.820Z, Context: {"scheduleEventId":5}, 
[2024-08-02 11:00] Type: scheduled, Device: MODULE_01, Output: 5, Status: watering, Duration: 160 s, Send startWater at: 2024-08-02T09:00:01.236Z, Context: {"scheduleEventId":6}, 
[2024-08-02 11:02] Type: scheduled, Device: MODULE_01, Output: 5, Status: done, Duration: 160 s, Send startWater at: 2024-08-02T09:00:01.236Z, Context: {"scheduleEventId":6}, 
[2024-08-02 13:05] Type: scheduled, Device: MODULE_00, Output: 3, Status: watering, Duration: 50 s, Send startWater at: 2024-08-02T11:05:00.683Z, Context: {"scheduleEventId":13}, 
[2024-08-02 13:05] Type: scheduled, Device: MODULE_00, Output: 3, Status: done, Duration: 50 s, Send startWater at: 2024-08-02T11:05:00.683Z, Context: {"scheduleEventId":13}, 
[2024-08-02 20:00] Type: scheduled, Device: MODULE_00, Output: 3, Status: watering, Duration: 50 s, Send startWater at: 2024-08-02T18:00:01.097Z, Context: {"scheduleEventId":13}, 
[2024-08-02 20:00] Type: scheduled, Device: MODULE_01, Output: 7, Status: watering, Duration: 240 s, Send startWater at: 2024-08-02T18:00:01.097Z, Context: {"scheduleEventId":12}, 
[2024-08-02 20:00] Type: scheduled, Device: MODULE_00, Output: 3, Status: done, Duration: 50 s, Send startWater at: 2024-08-02T18:00:01.097Z, Context: {"scheduleEventId":13}, 
[2024-08-02 20:04] Type: scheduled, Device: MODULE_01, Output: 7, Status: done, Duration: 240 s, Send startWater at: 2024-08-02T18:00:01.097Z, Context: {"scheduleEventId":12}, 
