[2024-08-29 07:13] Type: manual, Device: MODULE_00, Output: 4, Status: watering, Duration: 25 s, Send startWater at: Thu Aug 29 2024 07:13:32 GMT+0200 (Central European Summer Time), 
[2024-08-29 07:13] Type: manual, Device: MODULE_00, Output: 4, Status: done, Duration: 25 s, Send startWater at: Thu Aug 29 2024 07:13:32 GMT+0200 (Central European Summer Time), 
[2024-08-29 08:00] Type: scheduled, Device: MODULE_00, Output: 3, Status: watering, Duration: 50 s, Send startWater at: 2024-08-29T06:00:02.204Z, Context: {"scheduleEventId":13}, 
[2024-08-29 08:00] Type: scheduled, Device: MODULE_01, Output: 6, Status: watering, Duration: 160 s, Send startWater at: 2024-08-29T06:00:02.204Z, Context: {"scheduleEventId":7}, 
[2024-08-29 08:00] Type: scheduled, Device: MODULE_00, Output: 3, Status: done, Duration: 50 s, Send startWater at: 2024-08-29T06:00:02.204Z, Context: {"scheduleEventId":13}, 
[2024-08-29 08:02] Type: scheduled, Device: MODULE_01, Output: 6, Status: done, Duration: 160 s, Send startWater at: 2024-08-29T06:00:02.204Z, Context: {"scheduleEventId":7}, 
[2024-08-29 09:00] Type: scheduled, Device: MODULE_01, Output: 4, Status: watering, Duration: 160 s, Send startWater at: 2024-08-29T07:00:04.478Z, Context: {"scheduleEventId":5}, 
[2024-08-29 09:02] Type: scheduled, Device: MODULE_01, Output: 4, Status: done, Duration: 160 s, Send startWater at: 2024-08-29T07:00:04.478Z, Context: {"scheduleEventId":5}, 
[2024-08-29 13:05] Type: scheduled, Device: MODULE_00, Output: 3, Status: watering, Duration: 50 s, Send startWater at: 2024-08-29T11:05:03.270Z, Context: {"scheduleEventId":13}, 
[2024-08-29 13:05] Type: scheduled, Device: MODULE_00, Output: 3, Status: done, Duration: 50 s, Send startWater at: 2024-08-29T11:05:03.270Z, Context: {"scheduleEventId":13}, 
[2024-08-29 18:15] Type: scheduled, Device: MODULE_00, Output: 4, Status: watering, Duration: 75 s, Send startWater at: 2024-08-29T16:15:04.586Z, Context: {"scheduleEventId":14}, 
[2024-08-29 18:16] Type: scheduled, Device: MODULE_00, Output: 4, Status: done, Duration: 75 s, Send startWater at: 2024-08-29T16:15:04.586Z, Context: {"scheduleEventId":14}, 
[2024-08-29 18:20] Type: scheduled, Device: MODULE_00, Output: 6, Status: watering, Duration: 25 s, Send startWater at: 2024-08-29T16:20:04.778Z, Context: {"scheduleEventId":15}, 
[2024-08-29 18:20] Type: scheduled, Device: MODULE_00, Output: 6, Status: done, Duration: 25 s, Send startWater at: 2024-08-29T16:20:04.778Z, Context: {"scheduleEventId":15}, 
[2024-08-29 18:25] Type: scheduled, Device: MODULE_00, Output: 5, Status: watering, Duration: 50 s, Send startWater at: 2024-08-29T16:25:04.925Z, Context: {"scheduleEventId":16}, 
[2024-08-29 18:25] Type: scheduled, Device: MODULE_00, Output: 5, Status: done, Duration: 50 s, Send startWater at: 2024-08-29T16:25:04.925Z, Context: {"scheduleEventId":16}, 
[2024-08-29 20:00] Type: scheduled, Device: MODULE_00, Output: 3, Status: watering, Duration: 50 s, Send startWater at: 2024-08-29T18:00:03.508Z, Context: {"scheduleEventId":13}, 
[2024-08-29 20:00] Type: scheduled, Device: MODULE_01, Output: 7, Status: watering, Duration: 240 s, Send startWater at: 2024-08-29T18:00:03.508Z, Context: {"scheduleEventId":12}, 
[2024-08-29 20:00] Type: scheduled, Device: MODULE_00, Output: 3, Status: done, Duration: 50 s, Send startWater at: 2024-08-29T18:00:03.508Z, Context: {"scheduleEventId":13}, 
[2024-08-29 20:04] Type: scheduled, Device: MODULE_01, Output: 7, Status: done, Duration: 240 s, Send startWater at: 2024-08-29T18:00:03.508Z, Context: {"scheduleEventId":12}, 
[2024-08-29 22:37] Type: online, Device: MODULE_01, Output: 4, Status: watering, Duration: 40 s, Send startWater at: Thu Aug 29 2024 22:37:03 GMT+0200 (Central European Summer Time), Context: {"onlineMessageAction":"START_WATER","onlineMessageId":57,"volume":50,"action":"startWater"}, 
[2024-08-29 22:37] Type: manual, Device: MODULE_01, Output: 4, Status: stopped, 
