[2025-01-04 08:00] Type: scheduled, Device: MODULE_01, Output: 6, Status: watering, Duration: 160 s, Send startWater at: 2025-01-04T07:00:01.655Z, Context: {"scheduleEventId":7}, 
[2025-01-04 08:02] Type: scheduled, Device: MODULE_01, Output: 6, Status: done, Duration: 160 s, Send startWater at: 2025-01-04T07:00:01.655Z, Context: {"scheduleEventId":7}, 
[2025-01-04 09:00] Type: scheduled, Device: MODULE_01, Output: 4, Status: watering, Duration: 160 s, Send startWater at: 2025-01-04T08:00:03.929Z, Context: {"scheduleEventId":5}, 
[2025-01-04 09:02] Type: scheduled, Device: MODULE_01, Output: 4, Status: done, Duration: 160 s, Send startWater at: 2025-01-04T08:00:03.929Z, Context: {"scheduleEventId":5}, 
[2025-01-04 10:00] Type: scheduled, Device: MODULE_01, Output: 3, Status: watering, Duration: 16 s, Send startWater at: 2025-01-04T09:00:01.084Z, Context: {"scheduleEventId":4}, 
[2025-01-04 10:00] Type: scheduled, Device: MODULE_01, Output: 3, Status: done, Duration: 16 s, Send startWater at: 2025-01-04T09:00:01.084Z, Context: {"scheduleEventId":4}, 
[2025-01-04 18:15] Type: scheduled, Device: MODULE_00, Output: 4, Status: watering, Duration: 75 s, Send startWater at: 2025-01-04T17:15:04.187Z, Context: {"scheduleEventId":14}, 
[2025-01-04 18:16] Type: scheduled, Device: MODULE_00, Output: 4, Status: done, Duration: 75 s, Send startWater at: 2025-01-04T17:15:04.187Z, Context: {"scheduleEventId":14}, 
[2025-01-04 18:30] Type: scheduled, Device: MODULE_00, Output: 3, Status: watering, Duration: 35 s, Send startWater at: 2025-01-04T17:30:04.761Z, Context: {"scheduleEventId":17}, 
[2025-01-04 18:30] Type: scheduled, Device: MODULE_00, Output: 3, Status: done, Duration: 35 s, Send startWater at: 2025-01-04T17:30:04.761Z, Context: {"scheduleEventId":17}, 
[2025-01-04 20:00] Type: scheduled, Device: MODULE_01, Output: 7, Status: watering, Duration: 240 s, Send startWater at: 2025-01-04T19:00:02.878Z, Context: {"scheduleEventId":12}, 
[2025-01-04 20:04] Type: scheduled, Device: MODULE_01, Output: 7, Status: done, Duration: 240 s, Send startWater at: 2025-01-04T19:00:02.878Z, Context: {"scheduleEventId":12}, 
[2025-01-04 22:20] Type: manual, Device: MODULE_00, Output: 3, Status: watering, Duration: 25 s, Send startWater at: Sat Jan 04 2025 22:20:30 GMT+0100 (Central European Standard Time), 
[2025-01-04 22:20] Type: manual, Device: MODULE_00, Output: 3, Status: stopped, 
[2025-01-04 22:20] Type: manual, Device: MODULE_00, Output: 4, Status: watering, Duration: 25 s, Send startWater at: Sat Jan 04 2025 22:20:33 GMT+0100 (Central European Standard Time), 
[2025-01-04 22:20] Type: manual, Device: MODULE_01, Output: 1, Status: watering, Duration: 160 s, Send startWater at: Sat Jan 04 2025 22:20:39 GMT+0100 (Central European Standard Time), 
[2025-01-04 22:20] Type: manual, Device: MODULE_01, Output: 1, Status: stopped, 
[2025-01-04 22:20] Type: manual, Device: MODULE_01, Output: 2, Status: watering, Duration: 80 s, Send startWater at: Sat Jan 04 2025 22:20:51 GMT+0100 (Central European Standard Time), 
[2025-01-04 22:20] Type: manual, Device: MODULE_00, Output: 4, Status: done, Duration: 25 s, Send startWater at: Sat Jan 04 2025 22:20:33 GMT+0100 (Central European Standard Time), 
[2025-01-04 22:20] Type: manual, Device: MODULE_01, Output: 2, Status: stopped, 
