[2025-01-08 08:00] Type: scheduled, Device: MODULE_01, Output: 6, Status: watering, Duration: 160 s, Send startWater at: 2025-01-08T07:00:02.409Z, Context: {"scheduleEventId":7}, 
[2025-01-08 08:02] Type: scheduled, Device: MODULE_01, Output: 6, Status: done, Duration: 160 s, Send startWater at: 2025-01-08T07:00:02.409Z, Context: {"scheduleEventId":7}, 
[2025-01-08 08:02] Type: scheduled, Device: MODULE_01, Output: 2, Status: watering, Duration: 200 s, Send startWater at: 2025-01-08T07:00:02.409Z, Context: {"scheduleEventId":11}, 
[2025-01-08 08:06] Type: scheduled, Device: MODULE_01, Output: 2, Status: done, Duration: 200 s, Send startWater at: 2025-01-08T07:00:02.409Z, Context: {"scheduleEventId":11}, 
[2025-01-08 09:00] Type: scheduled, Device: MODULE_01, Output: 8, Status: watering, Duration: 240 s, Send startWater at: 2025-01-08T08:00:04.415Z, Context: {"scheduleEventId":3}, 
[2025-01-08 09:04] Type: scheduled, Device: MODULE_01, Output: 8, Status: done, Duration: 240 s, Send startWater at: 2025-01-08T08:00:04.415Z, Context: {"scheduleEventId":3}, 
[2025-01-08 09:04] Type: scheduled, Device: MODULE_01, Output: 4, Status: watering, Duration: 160 s, Send startWater at: 2025-01-08T08:00:04.415Z, Context: {"scheduleEventId":5}, 
[2025-01-08 09:06] Type: scheduled, Device: MODULE_01, Output: 4, Status: done, Duration: 160 s, Send startWater at: 2025-01-08T08:00:04.415Z, Context: {"scheduleEventId":5}, 
[2025-01-08 10:00] Type: scheduled, Device: MODULE_01, Output: 3, Status: watering, Duration: 16 s, Send startWater at: 2025-01-08T09:00:01.592Z, Context: {"scheduleEventId":4}, 
[2025-01-08 10:00] Type: scheduled, Device: MODULE_01, Output: 3, Status: done, Duration: 16 s, Send startWater at: 2025-01-08T09:00:01.592Z, Context: {"scheduleEventId":4}, 
[2025-01-08 17:17] Type: manual, Device: MODULE_00, Output: 3, Status: watering, Duration: 25 s, Send startWater at: Wed Jan 08 2025 17:17:13 GMT+0100 (Central European Standard Time), 
[2025-01-08 17:17] Type: manual, Device: MODULE_00, Output: 3, Status: stopped, 
[2025-01-08 17:17] Type: manual, Device: MODULE_00, Output: 3, Status: watering, Duration: 25 s, Send startWater at: Wed Jan 08 2025 17:17:34 GMT+0100 (Central European Standard Time), 
[2025-01-08 17:17] Type: manual, Device: MODULE_00, Output: 3, Status: done, Duration: 25 s, Send startWater at: Wed Jan 08 2025 17:17:34 GMT+0100 (Central European Standard Time), 
[2025-01-08 18:15] Type: scheduled, Device: MODULE_00, Output: 4, Status: watering, Duration: 75 s, Send startWater at: 2025-01-08T17:15:04.718Z, Context: {"scheduleEventId":14}, 
[2025-01-08 18:16] Type: scheduled, Device: MODULE_00, Output: 4, Status: done, Duration: 75 s, Send startWater at: 2025-01-08T17:15:04.718Z, Context: {"scheduleEventId":14}, 
[2025-01-08 18:20] Type: scheduled, Device: MODULE_00, Output: 6, Status: watering, Duration: 25 s, Send startWater at: 2025-01-08T17:20:04.923Z, Context: {"scheduleEventId":15}, 
[2025-01-08 18:20] Type: scheduled, Device: MODULE_00, Output: 6, Status: done, Duration: 25 s, Send startWater at: 2025-01-08T17:20:04.923Z, Context: {"scheduleEventId":15}, 
[2025-01-08 18:30] Type: scheduled, Device: MODULE_00, Output: 3, Status: watering, Duration: 50 s, Send startWater at: 2025-01-08T17:30:00.251Z, Context: {"scheduleEventId":17}, 
[2025-01-08 18:30] Type: scheduled, Device: MODULE_00, Output: 3, Status: done, Duration: 50 s, Send startWater at: 2025-01-08T17:30:00.251Z, Context: {"scheduleEventId":17}, 
[2025-01-08 20:00] Type: scheduled, Device: MODULE_01, Output: 7, Status: watering, Duration: 240 s, Send startWater at: 2025-01-08T19:00:03.700Z, Context: {"scheduleEventId":12}, 
[2025-01-08 20:04] Type: scheduled, Device: MODULE_01, Output: 7, Status: done, Duration: 240 s, Send startWater at: 2025-01-08T19:00:03.700Z, Context: {"scheduleEventId":12}, 
