[2024-03-23 08:00] Type: scheduled, Device: MODULE_01, Output: 1, Status: watering, Duration: 100 s, Send startWater at: 2024-03-23T07:00:03.366Z, Context: {"scheduleEventId":1}, 
[2024-03-23 08:01] Type: scheduled, Device: MODULE_01, Output: 1, Status: done, Duration: 100 s, Send startWater at: 2024-03-23T07:00:03.366Z, Context: {"scheduleEventId":1}, 
[2024-03-23 08:01] Type: scheduled, Device: MODULE_01, Output: 9, Status: watering, Duration: 24 s, Send startWater at: 2024-03-23T07:00:03.366Z, Context: {"scheduleEventId":2}, 
[2024-03-23 08:02] Type: scheduled, Device: MODULE_01, Output: 9, Status: done, Duration: 24 s, Send startWater at: 2024-03-23T07:00:03.366Z, Context: {"scheduleEventId":2}, 
[2024-03-23 08:02] Type: scheduled, Device: MODULE_01, Output: 6, Status: watering, Duration: 200 s, Send startWater at: 2024-03-23T07:00:03.366Z, Context: {"scheduleEventId":7}, 
[2024-03-23 08:05] Type: scheduled, Device: MODULE_01, Output: 6, Status: done, Duration: 200 s, Send startWater at: 2024-03-23T07:00:03.366Z, Context: {"scheduleEventId":7}, 
[2024-03-23 09:00] Type: scheduled, Device: MODULE_01, Output: 8, Status: watering, Duration: 200 s, Send startWater at: 2024-03-23T08:00:00.744Z, Context: {"scheduleEventId":3}, 
[2024-03-23 09:03] Type: scheduled, Device: MODULE_01, Output: 8, Status: done, Duration: 200 s, Send startWater at: 2024-03-23T08:00:00.744Z, Context: {"scheduleEventId":3}, 
[2024-03-23 10:00] Type: scheduled, Device: MODULE_01, Output: 3, Status: watering, Duration: 150 s, Send startWater at: 2024-03-23T09:00:03.055Z, Context: {"scheduleEventId":4}, 
[2024-03-23 10:00] Type: scheduled, Device: MODULE_02, Output: 2, Status: watering, Duration: 79 s, Send startWater at: 2024-03-23T09:00:03.055Z, Context: {"scheduleEventId":9}, 
[2024-03-23 10:01] Type: scheduled, Device: MODULE_02, Output: 2, Status: done, Duration: 79 s, Send startWater at: 2024-03-23T09:00:03.055Z, Context: {"scheduleEventId":9}, 
[2024-03-23 10:02] Type: scheduled, Device: MODULE_01, Output: 3, Status: done, Duration: 150 s, Send startWater at: 2024-03-23T09:00:03.055Z, Context: {"scheduleEventId":4}, 
[2024-03-23 14:56] Type: scheduled, Device: MODULE_02, Output: 1, Status: watering, Duration: 32 s, Send startWater at: 2024-03-23T13:56:04.557Z, Context: {"scheduleEventId":10}, 
[2024-03-23 14:56] Type: scheduled, Device: MODULE_02, Output: 1, Status: done, Duration: 32 s, Send startWater at: 2024-03-23T13:56:04.557Z, Context: {"scheduleEventId":10}, 
[2024-03-23 14:56] Type: scheduled, Device: MODULE_02, Output: 2, Status: watering, Duration: 32 s, Send startWater at: 2024-03-23T13:56:04.557Z, Context: {"scheduleEventId":11}, 
[2024-03-23 14:57] Type: scheduled, Device: MODULE_02, Output: 2, Status: done, Duration: 32 s, Send startWater at: 2024-03-23T13:56:04.557Z, Context: {"scheduleEventId":11}, 
[2024-03-23 15:10] Type: manual, Device: MODULE_02, Output: 1, Status: watering, Duration: 8 s, Send startWater at: Sat Mar 23 2024 15:10:45 GMT+0100 (Central European Standard Time), 
[2024-03-23 15:10] Type: manual, Device: MODULE_02, Output: 1, Status: done, Duration: 8 s, Send startWater at: Sat Mar 23 2024 15:10:45 GMT+0100 (Central European Standard Time), 
[2024-03-23 15:10] Type: manual, Device: MODULE_02, Output: 2, Status: watering, Duration: 8 s, Send startWater at: Sat Mar 23 2024 15:10:46 GMT+0100 (Central European Standard Time), 
[2024-03-23 15:11] Type: manual, Device: MODULE_02, Output: 2, Status: done, Duration: 8 s, Send startWater at: Sat Mar 23 2024 15:10:46 GMT+0100 (Central European Standard Time), 
[2024-03-23 15:11] Type: manual, Device: MODULE_02, Output: 1, Status: watering, Duration: 8 s, Send startWater at: Sat Mar 23 2024 15:11:02 GMT+0100 (Central European Standard Time), 
[2024-03-23 15:11] Type: manual, Device: MODULE_02, Output: 1, Status: done, Duration: 8 s, Send startWater at: Sat Mar 23 2024 15:11:02 GMT+0100 (Central European Standard Time), 
[2024-03-23 15:11] Type: manual, Device: MODULE_02, Output: 2, Status: watering, Duration: 8 s, Send startWater at: Sat Mar 23 2024 15:11:11 GMT+0100 (Central European Standard Time), 
[2024-03-23 15:11] Type: manual, Device: MODULE_02, Output: 2, Status: stopped, 
[2024-03-23 15:11] Type: manual, Device: MODULE_02, Output: 1, Status: watering, Duration: 8 s, Send startWater at: Sat Mar 23 2024 15:11:40 GMT+0100 (Central European Standard Time), 
[2024-03-23 15:11] Type: manual, Device: MODULE_02, Output: 1, Status: done, Duration: 8 s, Send startWater at: Sat Mar 23 2024 15:11:40 GMT+0100 (Central European Standard Time), 
[2024-03-23 18:00] Type: scheduled, Device: MODULE_01, Output: 9, Status: watering, Duration: 24 s, Send startWater at: 2024-03-23T17:00:01.581Z, Context: {"scheduleEventId":2}, 
[2024-03-23 18:00] Type: scheduled, Device: MODULE_02, Output: 2, Status: watering, Duration: 79 s, Send startWater at: 2024-03-23T17:00:01.581Z, Context: {"scheduleEventId":9}, 
[2024-03-23 18:00] Type: scheduled, Device: MODULE_01, Output: 9, Status: done, Duration: 24 s, Send startWater at: 2024-03-23T17:00:01.581Z, Context: {"scheduleEventId":2}, 
[2024-03-23 18:01] Type: scheduled, Device: MODULE_02, Output: 2, Status: done, Duration: 79 s, Send startWater at: 2024-03-23T17:00:01.581Z, Context: {"scheduleEventId":9}, 
