[2024-06-30 07:00] Type: scheduled, Device: MODULE_00, Output: 3, Status: watering, Duration: 40 s, Send startWater at: 2024-06-30T05:00:02.474Z, Context: {"scheduleEventId":9}, 
[2024-06-30 07:00] Type: scheduled, Device: MODULE_00, Output: 3, Status: done, Duration: 40 s, Send startWater at: 2024-06-30T05:00:02.474Z, Context: {"scheduleEventId":9}, 
[2024-06-30 07:00] Type: scheduled, Device: MODULE_00, Output: 4, Status: error, Duration: 40 s, Send startWater at: 2024-06-30T05:00:02.474Z, Context: {"scheduleEventId":10,"errno":121,"code":"","syscall":"writeByte"}, 
[2024-06-30 08:00] Type: scheduled, Device: MODULE_01, Output: 6, Status: watering, Duration: 160 s, Send startWater at: 2024-06-30T06:00:04.685Z, Context: {"scheduleEventId":7}, 
[2024-06-30 08:02] Type: scheduled, Device: MODULE_01, Output: 6, Status: done, Duration: 160 s, Send startWater at: 2024-06-30T06:00:04.685Z, Context: {"scheduleEventId":7}, 
[2024-06-30 08:02] Type: scheduled, Device: MODULE_01, Output: 2, Status: watering, Duration: 400 s, Send startWater at: 2024-06-30T06:00:04.685Z, Context: {"scheduleEventId":11}, 
[2024-06-30 08:09] Type: scheduled, Device: MODULE_01, Output: 2, Status: done, Duration: 400 s, Send startWater at: 2024-06-30T06:00:04.685Z, Context: {"scheduleEventId":11}, 
[2024-06-30 09:00] Type: scheduled, Device: MODULE_01, Output: 4, Status: watering, Duration: 160 s, Send startWater at: 2024-06-30T07:00:02.056Z, Context: {"scheduleEventId":5}, 
[2024-06-30 09:02] Type: scheduled, Device: MODULE_01, Output: 4, Status: done, Duration: 160 s, Send startWater at: 2024-06-30T07:00:02.056Z, Context: {"scheduleEventId":5}, 
[2024-06-30 10:05] Type: scheduled, Device: MODULE_00, Output: 5, Status: watering, Duration: 75 s, Send startWater at: 2024-06-30T08:05:04.287Z, Context: {"scheduleEventId":8}, 
[2024-06-30 10:06] Type: scheduled, Device: MODULE_00, Output: 5, Status: done, Duration: 75 s, Send startWater at: 2024-06-30T08:05:04.287Z, Context: {"scheduleEventId":8}, 
[2024-06-30 12:00] Type: scheduled, Device: MODULE_00, Output: 3, Status: watering, Duration: 25 s, Send startWater at: 2024-06-30T10:00:03.637Z, Context: {"scheduleEventId":9}, 
[2024-06-30 12:00] Type: scheduled, Device: MODULE_00, Output: 3, Status: done, Duration: 25 s, Send startWater at: 2024-06-30T10:00:03.637Z, Context: {"scheduleEventId":9}, 
[2024-06-30 18:00] Type: scheduled, Device: MODULE_00, Output: 3, Status: watering, Duration: 25 s, Send startWater at: 2024-06-30T16:00:01.699Z, Context: {"scheduleEventId":9}, 
[2024-06-30 18:00] Type: scheduled, Device: MODULE_00, Output: 3, Status: done, Duration: 25 s, Send startWater at: 2024-06-30T16:00:01.699Z, Context: {"scheduleEventId":9}, 
[2024-06-30 20:00] Type: scheduled, Device: MODULE_01, Output: 7, Status: watering, Duration: 240 s, Send startWater at: 2024-06-30T18:00:01.094Z, Context: {"scheduleEventId":12}, 
[2024-06-30 20:04] Type: scheduled, Device: MODULE_01, Output: 7, Status: done, Duration: 240 s, Send startWater at: 2024-06-30T18:00:01.094Z, Context: {"scheduleEventId":12}, 
[2024-06-30 20:15] Type: manual, Device: MODULE_01, Output: 4, Status: watering, Duration: 40 s, Send startWater at: Sun Jun 30 2024 20:15:53 GMT+0200 (Central European Summer Time), 
[2024-06-30 20:16] Type: manual, Device: MODULE_01, Output: 4, Status: done, Duration: 40 s, Send startWater at: Sun Jun 30 2024 20:15:53 GMT+0200 (Central European Summer Time), 
[2024-06-30 21:00] Type: scheduled, Device: MODULE_00, Output: 7, Status: watering, Duration: 75 s, Send startWater at: 2024-06-30T19:00:03.385Z, Context: {"scheduleEventId":14}, 
[2024-06-30 21:01] Type: scheduled, Device: MODULE_00, Output: 7, Status: done, Duration: 75 s, Send startWater at: 2024-06-30T19:00:03.385Z, Context: {"scheduleEventId":14}, 
[2024-06-30 21:02] Type: manual, Device: MODULE_00, Output: 3, Status: watering, Duration: 25 s, Send startWater at: Sun Jun 30 2024 21:02:08 GMT+0200 (Central European Summer Time), 
[2024-06-30 21:02] Type: manual, Device: MODULE_00, Output: 3, Status: done, Duration: 25 s, Send startWater at: Sun Jun 30 2024 21:02:08 GMT+0200 (Central European Summer Time), 
[2024-06-30 21:10] Type: manual, Device: MODULE_00, Output: 3, Status: watering, Duration: 25 s, Send startWater at: Sun Jun 30 2024 21:10:29 GMT+0200 (Central European Summer Time), 
[2024-06-30 21:10] Type: manual, Device: MODULE_00, Output: 3, Status: done, Duration: 25 s, Send startWater at: Sun Jun 30 2024 21:10:29 GMT+0200 (Central European Summer Time), 
