[2025-10-28 05:45] Type: scheduled, Device: MODULE_01, Output: 3, Status: watering, Duration: 160 s, Send startWater at: 2025-10-28T04:45:03.046Z, Context: {"scheduleEventId":21}, 
[2025-10-28 05:47] Type: scheduled, Device: MODULE_01, Output: 3, Status: done, Duration: 160 s, Send startWater at: 2025-10-28T04:45:03.046Z, Context: {"scheduleEventId":21}, 
[2025-10-28 06:10] Type: scheduled, Device: MODULE_01, Output: 7, Status: watering, Duration: 80 s, Send startWater at: 2025-10-28T05:10:04.024Z, Context: {"scheduleEventId":12}, 
[2025-10-28 06:11] Type: scheduled, Device: MODULE_01, Output: 7, Status: done, Duration: 80 s, Send startWater at: 2025-10-28T05:10:04.024Z, Context: {"scheduleEventId":12}, 
[2025-10-28 06:20] Type: scheduled, Device: MODULE_01, Output: 2, Status: watering, Duration: 80 s, Send startWater at: 2025-10-28T05:20:04.410Z, Context: {"scheduleEventId":11}, 
[2025-10-28 06:21] Type: scheduled, Device: MODULE_01, Output: 2, Status: done, Duration: 80 s, Send startWater at: 2025-10-28T05:20:04.410Z, Context: {"scheduleEventId":11}, 
[2025-10-28 06:30] Type: scheduled, Device: MODULE_01, Output: 9, Status: watering, Duration: 120 s, Send startWater at: 2025-10-28T05:30:04.806Z, Context: {"scheduleEventId":2}, 
[2025-10-28 06:32] Type: scheduled, Device: MODULE_01, Output: 9, Status: done, Duration: 120 s, Send startWater at: 2025-10-28T05:30:04.806Z, Context: {"scheduleEventId":2}, 
[2025-10-28 06:40] Type: scheduled, Device: MODULE_01, Output: 8, Status: watering, Duration: 80 s, Send startWater at: 2025-10-28T05:40:00.207Z, Context: {"scheduleEventId":19}, 
[2025-10-28 06:41] Type: scheduled, Device: MODULE_01, Output: 8, Status: done, Duration: 80 s, Send startWater at: 2025-10-28T05:40:00.207Z, Context: {"scheduleEventId":19}, 
[2025-10-28 07:10] Type: scheduled, Device: MODULE_01, Output: 1, Status: watering, Duration: 160 s, Send startWater at: 2025-10-28T06:10:01.293Z, Context: {"scheduleEventId":20}, 
[2025-10-28 07:12] Type: scheduled, Device: MODULE_01, Output: 1, Status: done, Duration: 160 s, Send startWater at: 2025-10-28T06:10:01.293Z, Context: {"scheduleEventId":20}, 
[2025-10-28 16:45] Type: manual, Device: MODULE_00, Output: 3, Status: watering, Duration: 25 s, Send startWater at: Tue Oct 28 2025 16:45:50 GMT+0100 (Central European Standard Time), 
[2025-10-28 16:45] Type: manual, Device: MODULE_00, Output: 3, Status: stopped, 
[2025-10-28 16:46] Type: manual, Device: MODULE_00, Output: 3, Status: watering, Duration: 25 s, Send startWater at: Tue Oct 28 2025 16:46:11 GMT+0100 (Central European Standard Time), 
[2025-10-28 16:46] Type: manual, Device: MODULE_00, Output: 3, Status: stopped, 
[2025-10-28 16:53] Type: manual, Device: MODULE_00, Output: 3, Status: watering, Duration: 25 s, Send startWater at: Tue Oct 28 2025 16:53:41 GMT+0100 (Central European Standard Time), 
[2025-10-28 16:54] Type: manual, Device: MODULE_00, Output: 3, Status: done, Duration: 25 s, Send startWater at: Tue Oct 28 2025 16:53:41 GMT+0100 (Central European Standard Time), 
[2025-10-28 16:54] Type: manual, Device: MODULE_00, Output: 3, Status: watering, Duration: 25 s, Send startWater at: Tue Oct 28 2025 16:54:28 GMT+0100 (Central European Standard Time), 
[2025-10-28 16:54] Type: manual, Device: MODULE_00, Output: 3, Status: stopped, 
[2025-10-28 19:45] Type: scheduled, Device: MODULE_01, Output: 3, Status: watering, Duration: 160 s, Send startWater at: 2025-10-28T18:45:03.884Z, Context: {"scheduleEventId":21}, 
[2025-10-28 19:47] Type: scheduled, Device: MODULE_01, Output: 3, Status: done, Duration: 160 s, Send startWater at: 2025-10-28T18:45:03.884Z, Context: {"scheduleEventId":21}, 
[2025-10-28 20:40] Type: scheduled, Device: MODULE_01, Output: 8, Status: watering, Duration: 80 s, Send startWater at: 2025-10-28T19:40:00.875Z, Context: {"scheduleEventId":19}, 
[2025-10-28 20:41] Type: scheduled, Device: MODULE_01, Output: 8, Status: done, Duration: 80 s, Send startWater at: 2025-10-28T19:40:00.875Z, Context: {"scheduleEventId":19}, 
[2025-10-28 20:45] Type: scheduled, Device: MODULE_01, Output: 5, Status: watering, Duration: 80 s, Send startWater at: 2025-10-28T19:45:01.068Z, Context: {"scheduleEventId":6}, 
[2025-10-28 20:46] Type: scheduled, Device: MODULE_01, Output: 5, Status: done, Duration: 80 s, Send startWater at: 2025-10-28T19:45:01.068Z, Context: {"scheduleEventId":6}, 
[2025-10-28 21:10] Type: scheduled, Device: MODULE_01, Output: 7, Status: watering, Duration: 80 s, Send startWater at: 2025-10-28T20:10:02.013Z, Context: {"scheduleEventId":12}, 
[2025-10-28 21:11] Type: scheduled, Device: MODULE_01, Output: 7, Status: done, Duration: 80 s, Send startWater at: 2025-10-28T20:10:02.013Z, Context: {"scheduleEventId":12}, 
[2025-10-28 21:20] Type: scheduled, Device: MODULE_01, Output: 2, Status: watering, Duration: 80 s, Send startWater at: 2025-10-28T20:20:02.418Z, Context: {"scheduleEventId":11}, 
[2025-10-28 21:21] Type: scheduled, Device: MODULE_01, Output: 2, Status: done, Duration: 80 s, Send startWater at: 2025-10-28T20:20:02.418Z, Context: {"scheduleEventId":11}, 
[2025-10-28 21:50] Type: scheduled, Device: MODULE_01, Output: 6, Status: watering, Duration: 120 s, Send startWater at: 2025-10-28T20:50:03.577Z, Context: {"scheduleEventId":7}, 
[2025-10-28 21:52] Type: scheduled, Device: MODULE_01, Output: 6, Status: done, Duration: 120 s, Send startWater at: 2025-10-28T20:50:03.577Z, Context: {"scheduleEventId":7}, 
