[2025-07-01 05:50] Type: scheduled, Device: MODULE_01, Output: 10, Status: watering, Duration: 80 s, Send startWater at: 2025-07-01T03:50:00.788Z, Context: {"scheduleEventId":22}, 
[2025-07-01 05:51] Type: scheduled, Device: MODULE_01, Output: 10, Status: done, Duration: 80 s, Send startWater at: 2025-07-01T03:50:00.788Z, Context: {"scheduleEventId":22}, 
[2025-07-01 06:00] Type: scheduled, Device: MODULE_01, Output: 8, Status: watering, Duration: 40 s, Send startWater at: 2025-07-01T04:00:01.309Z, Context: {"scheduleEventId":19}, 
[2025-07-01 06:00] Type: scheduled, Device: MODULE_01, Output: 8, Status: done, Duration: 40 s, Send startWater at: 2025-07-01T04:00:01.309Z, Context: {"scheduleEventId":19}, 
[2025-07-01 06:10] Type: scheduled, Device: MODULE_01, Output: 7, Status: watering, Duration: 80 s, Send startWater at: 2025-07-01T04:10:01.835Z, Context: {"scheduleEventId":12}, 
[2025-07-01 06:11] Type: scheduled, Device: MODULE_01, Output: 7, Status: done, Duration: 80 s, Send startWater at: 2025-07-01T04:10:01.835Z, Context: {"scheduleEventId":12}, 
[2025-07-01 06:20] Type: scheduled, Device: MODULE_01, Output: 2, Status: watering, Duration: 80 s, Send startWater at: 2025-07-01T04:20:02.388Z, Context: {"scheduleEventId":11}, 
[2025-07-01 06:21] Type: scheduled, Device: MODULE_01, Output: 2, Status: done, Duration: 80 s, Send startWater at: 2025-07-01T04:20:02.388Z, Context: {"scheduleEventId":11}, 
[2025-07-01 06:30] Type: scheduled, Device: MODULE_01, Output: 9, Status: watering, Duration: 80 s, Send startWater at: 2025-07-01T04:30:02.953Z, Context: {"scheduleEventId":2}, 
[2025-07-01 06:31] Type: scheduled, Device: MODULE_01, Output: 9, Status: done, Duration: 80 s, Send startWater at: 2025-07-01T04:30:02.953Z, Context: {"scheduleEventId":2}, 
[2025-07-01 06:40] Type: scheduled, Device: MODULE_01, Output: 4, Status: watering, Duration: 160 s, Send startWater at: 2025-07-01T04:40:03.499Z, Context: {"scheduleEventId":5}, 
[2025-07-01 06:42] Type: scheduled, Device: MODULE_01, Output: 4, Status: done, Duration: 160 s, Send startWater at: 2025-07-01T04:40:03.499Z, Context: {"scheduleEventId":5}, 
[2025-07-01 06:56] Type: manual, Device: MODULE_01, Output: 1, Status: watering, Duration: 160 s, Send startWater at: Tue Jul 01 2025 06:56:05 GMT+0200 (Central European Summer Time), 
[2025-07-01 06:56] Type: manual, Device: MODULE_01, Output: 1, Status: stopped, 
[2025-07-01 07:00] Type: scheduled, Device: MODULE_01, Output: 3, Status: watering, Duration: 160 s, Send startWater at: 2025-07-01T05:00:04.510Z, Context: {"scheduleEventId":21}, 
[2025-07-01 07:02] Type: scheduled, Device: MODULE_01, Output: 3, Status: done, Duration: 160 s, Send startWater at: 2025-07-01T05:00:04.510Z, Context: {"scheduleEventId":21}, 
[2025-07-01 07:10] Type: scheduled, Device: MODULE_01, Output: 1, Status: watering, Duration: 160 s, Send startWater at: 2025-07-01T05:10:04.980Z, Context: {"scheduleEventId":20}, 
[2025-07-01 07:12] Type: scheduled, Device: MODULE_01, Output: 1, Status: done, Duration: 160 s, Send startWater at: 2025-07-01T05:10:04.980Z, Context: {"scheduleEventId":20}, 
[2025-07-01 19:00] Type: scheduled, Device: MODULE_00, Output: 3, Status: watering, Duration: 50 s, Send startWater at: 2025-07-01T17:00:01.521Z, Context: {"scheduleEventId":17}, 
[2025-07-01 19:00] Type: manual, Device: MODULE_00, Output: 3, Status: stopped, 
[2025-07-01 19:01] Type: manual, Device: MODULE_00, Output: 3, Status: watering, Duration: 50 s, Send startWater at: Tue Jul 01 2025 19:01:13 GMT+0200 (Central European Summer Time), 
[2025-07-01 19:01] Type: manual, Device: MODULE_00, Output: 3, Status: stopped, 
[2025-07-01 19:02] Type: manual, Device: MODULE_00, Output: 3, Status: watering, Duration: 50 s, Send startWater at: Tue Jul 01 2025 19:02:53 GMT+0200 (Central European Summer Time), 
[2025-07-01 19:03] Type: manual, Device: MODULE_00, Output: 3, Status: stopped, 
[2025-07-01 19:03] Type: manual, Device: MODULE_00, Output: 4, Status: watering, Duration: 25 s, Send startWater at: Tue Jul 01 2025 19:03:09 GMT+0200 (Central European Summer Time), 
[2025-07-01 19:03] Type: manual, Device: MODULE_00, Output: 4, Status: stopped, 
[2025-07-01 19:03] Type: manual, Device: MODULE_00, Output: 3, Status: watering, Duration: 50 s, Send startWater at: Tue Jul 01 2025 19:03:11 GMT+0200 (Central European Summer Time), 
[2025-07-01 19:03] Type: manual, Device: MODULE_00, Output: 3, Status: stopped, 
[2025-07-01 19:03] Type: manual, Device: MODULE_00, Output: 3, Status: watering, Duration: 50 s, Send startWater at: Tue Jul 01 2025 19:03:13 GMT+0200 (Central European Summer Time), 
[2025-07-01 19:03] Type: manual, Device: MODULE_00, Output: 3, Status: stopped, 
[2025-07-01 19:05] Type: manual, Device: MODULE_00, Output: 3, Status: watering, Duration: 50 s, Send startWater at: Tue Jul 01 2025 19:05:45 GMT+0200 (Central European Summer Time), 
[2025-07-01 19:06] Type: manual, Device: MODULE_00, Output: 3, Status: done, Duration: 50 s, Send startWater at: Tue Jul 01 2025 19:05:45 GMT+0200 (Central European Summer Time), 
[2025-07-01 19:08] Type: manual, Device: MODULE_00, Output: 3, Status: watering, Duration: 50 s, Send startWater at: Tue Jul 01 2025 19:08:09 GMT+0200 (Central European Summer Time), 
[2025-07-01 19:08] Type: manual, Device: MODULE_00, Output: 3, Status: stopped, 
[2025-07-01 19:08] Type: manual, Device: MODULE_00, Output: 3, Status: watering, Duration: 50 s, Send startWater at: Tue Jul 01 2025 19:08:16 GMT+0200 (Central European Summer Time), 
[2025-07-01 19:08] Type: manual, Device: MODULE_00, Output: 3, Status: stopped, 
[2025-07-01 19:08] Type: manual, Device: MODULE_00, Output: 3, Status: watering, Duration: 50 s, Send startWater at: Tue Jul 01 2025 19:08:42 GMT+0200 (Central European Summer Time), 
[2025-07-01 19:09] Type: manual, Device: MODULE_00, Output: 3, Status: done, Duration: 50 s, Send startWater at: Tue Jul 01 2025 19:08:42 GMT+0200 (Central European Summer Time), 
[2025-07-01 19:10] Type: scheduled, Device: MODULE_00, Output: 4, Status: watering, Duration: 35 s, Send startWater at: 2025-07-01T17:10:01.970Z, Context: {"scheduleEventId":23}, 
[2025-07-01 19:10] Type: manual, Device: MODULE_00, Output: 4, Status: stopped, 
[2025-07-01 19:11] Type: manual, Device: MODULE_00, Output: 4, Status: watering, Duration: 35 s, Send startWater at: Tue Jul 01 2025 19:11:16 GMT+0200 (Central European Summer Time), 
[2025-07-01 19:11] Type: manual, Device: MODULE_00, Output: 4, Status: stopped, 
[2025-07-01 19:11] Type: manual, Device: MODULE_00, Output: 4, Status: watering, Duration: 35 s, Send startWater at: Tue Jul 01 2025 19:11:52 GMT+0200 (Central European Summer Time), 
[2025-07-01 19:11] Type: manual, Device: MODULE_00, Output: 4, Status: stopped, 
[2025-07-01 19:12] Type: manual, Device: MODULE_00, Output: 4, Status: watering, Duration: 35 s, Send startWater at: Tue Jul 01 2025 19:12:07 GMT+0200 (Central European Summer Time), 
[2025-07-01 19:12] Type: manual, Device: MODULE_00, Output: 4, Status: stopped, 
[2025-07-01 19:12] Type: manual, Device: MODULE_00, Output: 4, Status: watering, Duration: 35 s, Send startWater at: Tue Jul 01 2025 19:12:20 GMT+0200 (Central European Summer Time), 
[2025-07-01 19:12] Type: manual, Device: MODULE_00, Output: 4, Status: stopped, 
[2025-07-01 19:13] Type: manual, Device: MODULE_00, Output: 4, Status: watering, Duration: 35 s, Send startWater at: Tue Jul 01 2025 19:13:20 GMT+0200 (Central European Summer Time), 
[2025-07-01 19:13] Type: manual, Device: MODULE_00, Output: 4, Status: stopped, 
[2025-07-01 19:15] Type: manual, Device: MODULE_00, Output: 4, Status: watering, Duration: 35 s, Send startWater at: Tue Jul 01 2025 19:15:40 GMT+0200 (Central European Summer Time), 
[2025-07-01 19:15] Type: manual, Device: MODULE_00, Output: 4, Status: stopped, 
[2025-07-01 19:16] Type: manual, Device: MODULE_00, Output: 5, Status: watering, Duration: 25 s, Send startWater at: Tue Jul 01 2025 19:16:06 GMT+0200 (Central European Summer Time), 
[2025-07-01 19:16] Type: manual, Device: MODULE_00, Output: 5, Status: stopped, 
[2025-07-01 19:16] Type: manual, Device: MODULE_00, Output: 6, Status: watering, Duration: 50 s, Send startWater at: Tue Jul 01 2025 19:16:41 GMT+0200 (Central European Summer Time), 
[2025-07-01 19:16] Type: manual, Device: MODULE_00, Output: 6, Status: stopped, 
[2025-07-01 19:16] Type: manual, Device: MODULE_00, Output: 7, Status: watering, Duration: 400 s, Send startWater at: Tue Jul 01 2025 19:16:53 GMT+0200 (Central European Summer Time), 
[2025-07-01 19:17] Type: manual, Device: MODULE_00, Output: 7, Status: stopped, 
[2025-07-01 19:17] Type: manual, Device: MODULE_00, Output: 8, Status: watering, Duration: 25 s, Send startWater at: Tue Jul 01 2025 19:17:09 GMT+0200 (Central European Summer Time), 
[2025-07-01 19:17] Type: manual, Device: MODULE_00, Output: 8, Status: stopped, 
[2025-07-01 19:17] Type: manual, Device: MODULE_00, Output: 9, Status: watering, Duration: 25 s, Send startWater at: Tue Jul 01 2025 19:17:23 GMT+0200 (Central European Summer Time), 
[2025-07-01 19:17] Type: manual, Device: MODULE_00, Output: 9, Status: stopped, 
[2025-07-01 19:17] Type: manual, Device: MODULE_00, Output: 10, Status: watering, Duration: 25 s, Send startWater at: Tue Jul 01 2025 19:17:35 GMT+0200 (Central European Summer Time), 
[2025-07-01 19:17] Type: manual, Device: MODULE_00, Output: 10, Status: stopped, 
[2025-07-01 19:17] Type: manual, Device: MODULE_00, Output: 11, Status: watering, Duration: 25 s, Send startWater at: Tue Jul 01 2025 19:17:46 GMT+0200 (Central European Summer Time), 
[2025-07-01 19:17] Type: manual, Device: MODULE_00, Output: 11, Status: stopped, 
[2025-07-01 19:17] Type: manual, Device: MODULE_00, Output: 12, Status: watering, Duration: 25 s, Send startWater at: Tue Jul 01 2025 19:17:55 GMT+0200 (Central European Summer Time), 
[2025-07-01 19:17] Type: manual, Device: MODULE_00, Output: 12, Status: stopped, 
[2025-07-01 19:18] Type: manual, Device: MODULE_00, Output: 13, Status: watering, Duration: 25 s, Send startWater at: Tue Jul 01 2025 19:18:02 GMT+0200 (Central European Summer Time), 
[2025-07-01 19:18] Type: manual, Device: MODULE_00, Output: 13, Status: stopped, 
[2025-07-01 19:18] Type: manual, Device: MODULE_00, Output: 14, Status: watering, Duration: 75 s, Send startWater at: Tue Jul 01 2025 19:18:09 GMT+0200 (Central European Summer Time), 
[2025-07-01 19:18] Type: manual, Device: MODULE_00, Output: 14, Status: stopped, 
[2025-07-01 19:20] Type: scheduled, Device: MODULE_00, Output: 5, Status: watering, Duration: 25 s, Send startWater at: 2025-07-01T17:20:02.383Z, Context: {"scheduleEventId":24}, 
[2025-07-01 19:20] Type: scheduled, Device: MODULE_00, Output: 5, Status: done, Duration: 25 s, Send startWater at: 2025-07-01T17:20:02.383Z, Context: {"scheduleEventId":24}, 
[2025-07-01 19:23] Type: manual, Device: MODULE_00, Output: 3, Status: watering, Duration: 25 s, Send startWater at: Tue Jul 01 2025 19:23:27 GMT+0200 (Central European Summer Time), 
[2025-07-01 19:23] Type: manual, Device: MODULE_00, Output: 3, Status: done, Duration: 25 s, Send startWater at: Tue Jul 01 2025 19:23:27 GMT+0200 (Central European Summer Time), 
[2025-07-01 19:24] Type: manual, Device: MODULE_00, Output: 3, Status: watering, Duration: 25 s, Send startWater at: Tue Jul 01 2025 19:24:10 GMT+0200 (Central European Summer Time), 
[2025-07-01 19:24] Type: manual, Device: MODULE_00, Output: 3, Status: done, Duration: 25 s, Send startWater at: Tue Jul 01 2025 19:24:10 GMT+0200 (Central European Summer Time), 
[2025-07-01 19:30] Type: scheduled, Device: MODULE_00, Output: 7, Status: watering, Duration: 400 s, Send startWater at: 2025-07-01T17:30:02.860Z, Context: {"scheduleEventId":26}, 
[2025-07-01 19:36] Type: scheduled, Device: MODULE_00, Output: 7, Status: done, Duration: 400 s, Send startWater at: 2025-07-01T17:30:02.860Z, Context: {"scheduleEventId":26}, 
[2025-07-01 19:40] Type: scheduled, Device: MODULE_00, Output: 7, Status: watering, Duration: 400 s, Send startWater at: 2025-07-01T17:40:03.343Z, Context: {"scheduleEventId":26}, 
[2025-07-01 19:40] Type: manual, Device: MODULE_00, Output: 7, Status: stopped, 
[2025-07-01 20:13] Type: manual, Device: MODULE_00, Output: 3, Status: watering, Duration: 25 s, Send startWater at: Tue Jul 01 2025 20:13:28 GMT+0200 (Central European Summer Time), 
[2025-07-01 20:13] Type: manual, Device: MODULE_00, Output: 3, Status: stopped, 
[2025-07-01 20:30] Type: scheduled, Device: MODULE_00, Output: 14, Status: watering, Duration: 40 s, Send startWater at: 2025-07-01T18:30:01.521Z, Context: {"scheduleEventId":33}, 
[2025-07-01 20:30] Type: scheduled, Device: MODULE_00, Output: 14, Status: done, Duration: 40 s, Send startWater at: 2025-07-01T18:30:01.521Z, Context: {"scheduleEventId":33}, 
[2025-07-01 20:33] Type: manual, Device: MODULE_01, Output: 8, Status: watering, Duration: 160 s, Send startWater at: Tue Jul 01 2025 20:33:54 GMT+0200 (Central European Summer Time), 
[2025-07-01 20:34] Type: manual, Device: MODULE_01, Output: 8, Status: stopped, 
[2025-07-01 20:34] Type: manual, Device: MODULE_01, Output: 1, Status: watering, Duration: 160 s, Send startWater at: Tue Jul 01 2025 20:34:42 GMT+0200 (Central European Summer Time), 
[2025-07-01 20:35] Type: manual, Device: MODULE_01, Output: 1, Status: stopped, 
[2025-07-01 20:35] Type: manual, Device: MODULE_01, Output: 3, Status: watering, Duration: 120 s, Send startWater at: Tue Jul 01 2025 20:35:26 GMT+0200 (Central European Summer Time), 
[2025-07-01 20:35] Type: manual, Device: MODULE_01, Output: 3, Status: stopped, 
[2025-07-01 21:10] Type: scheduled, Device: MODULE_01, Output: 7, Status: watering, Duration: 80 s, Send startWater at: 2025-07-01T19:10:03.035Z, Context: {"scheduleEventId":12}, 
[2025-07-01 21:11] Type: scheduled, Device: MODULE_01, Output: 7, Status: done, Duration: 80 s, Send startWater at: 2025-07-01T19:10:03.035Z, Context: {"scheduleEventId":12}, 
[2025-07-01 21:20] Type: scheduled, Device: MODULE_01, Output: 2, Status: watering, Duration: 80 s, Send startWater at: 2025-07-01T19:20:03.437Z, Context: {"scheduleEventId":11}, 
[2025-07-01 21:21] Type: scheduled, Device: MODULE_01, Output: 2, Status: done, Duration: 80 s, Send startWater at: 2025-07-01T19:20:03.437Z, Context: {"scheduleEventId":11}, 
[2025-07-01 21:50] Type: scheduled, Device: MODULE_01, Output: 6, Status: watering, Duration: 120 s, Send startWater at: 2025-07-01T19:50:04.621Z, Context: {"scheduleEventId":7}, 
[2025-07-01 21:52] Type: scheduled, Device: MODULE_01, Output: 6, Status: done, Duration: 120 s, Send startWater at: 2025-07-01T19:50:04.621Z, Context: {"scheduleEventId":7}, 
[2025-07-01 22:00] Type: scheduled, Device: MODULE_01, Output: 5, Status: watering, Duration: 80 s, Send startWater at: 2025-07-01T20:00:00.006Z, Context: {"scheduleEventId":6}, 
[2025-07-01 22:01] Type: scheduled, Device: MODULE_01, Output: 5, Status: done, Duration: 80 s, Send startWater at: 2025-07-01T20:00:00.006Z, Context: {"scheduleEventId":6}, 
