[2024-02-23 08:00] Type: scheduled, Device: MODULE_01, Output: 9, Status: watering, Duration: 24 s, Send startWater at: 2024-02-23T07:00:00.407Z, Context: {"scheduleEventId":2}, 
[2024-02-23 08:00] Type: scheduled, Device: MODULE_01, Output: 9, Status: done, Duration: 24 s, Send startWater at: 2024-02-23T07:00:00.407Z, Context: {"scheduleEventId":2}, 
[2024-02-23 11:01] Type: manual, Device: MODULE_02, Output: 1, Status: watering, Duration: 9 s, Send startWater at: Fri Feb 23 2024 11:01:11 GMT+0100 (Central European Standard Time), 
[2024-02-23 11:01] Type: manual, Device: MODULE_02, Output: 1, Status: done, Duration: 9 s, Send startWater at: Fri Feb 23 2024 11:01:11 GMT+0100 (Central European Standard Time), 
[2024-02-23 11:01] Type: manual, Device: MODULE_02, Output: 1, Status: watering, Duration: 9 s, Send startWater at: Fri Feb 23 2024 11:01:35 GMT+0100 (Central European Standard Time), 
[2024-02-23 11:01] Type: manual, Device: MODULE_02, Output: 1, Status: stopped, 
[2024-02-23 11:01] Type: manual, Device: MODULE_02, Output: 2, Status: watering, Duration: 9 s, Send startWater at: Fri Feb 23 2024 11:01:54 GMT+0100 (Central European Standard Time), 
[2024-02-23 11:02] Type: manual, Device: MODULE_02, Output: 2, Status: done, Duration: 9 s, Send startWater at: Fri Feb 23 2024 11:01:54 GMT+0100 (Central European Standard Time), 
[2024-02-23 11:02] Type: manual, Device: MODULE_02, Output: 2, Status: watering, Duration: 9 s, Send startWater at: Fri Feb 23 2024 11:02:13 GMT+0100 (Central European Standard Time), 
[2024-02-23 11:02] Type: manual, Device: MODULE_02, Output: 2, Status: stopped, 
[2024-02-23 11:04] Type: manual, Device: MODULE_02, Output: 1, Status: watering, Duration: 9 s, Send startWater at: Fri Feb 23 2024 11:04:52 GMT+0100 (Central European Standard Time), 
[2024-02-23 11:05] Type: manual, Device: MODULE_02, Output: 1, Status: done, Duration: 9 s, Send startWater at: Fri Feb 23 2024 11:04:52 GMT+0100 (Central European Standard Time), 
[2024-02-23 11:05] Type: manual, Device: MODULE_02, Output: 2, Status: watering, Duration: 9 s, Send startWater at: Fri Feb 23 2024 11:05:09 GMT+0100 (Central European Standard Time), 
[2024-02-23 11:05] Type: manual, Device: MODULE_02, Output: 2, Status: done, Duration: 9 s, Send startWater at: Fri Feb 23 2024 11:05:09 GMT+0100 (Central European Standard Time), 
[2024-02-23 11:27] Type: manual, Device: MODULE_02, Output: 1, Status: watering, Duration: 9 s, Send startWater at: Fri Feb 23 2024 11:27:19 GMT+0100 (Central European Standard Time), 
[2024-02-23 11:27] Type: manual, Device: MODULE_02, Output: 1, Status: stopped, 
[2024-02-23 11:27] Type: manual, Device: MODULE_02, Output: 4, Status: watering, Duration: 9 s, Send startWater at: Fri Feb 23 2024 11:27:39 GMT+0100 (Central European Standard Time), 
[2024-02-23 11:27] Type: manual, Device: MODULE_02, Output: 4, Status: done, Duration: 9 s, Send startWater at: Fri Feb 23 2024 11:27:39 GMT+0100 (Central European Standard Time), 
[2024-02-23 11:28] Type: manual, Device: MODULE_02, Output: 4, Status: watering, Duration: 49 s, Send startWater at: Fri Feb 23 2024 11:28:04 GMT+0100 (Central European Standard Time), 
[2024-02-23 11:28] Type: manual, Device: MODULE_02, Output: 4, Status: stopped, 
[2024-02-23 11:28] Type: manual, Device: MODULE_02, Output: 4, Status: watering, Duration: 49 s, Send startWater at: Fri Feb 23 2024 11:28:40 GMT+0100 (Central European Standard Time), 
[2024-02-23 11:29] Type: manual, Device: MODULE_02, Output: 4, Status: stopped, 
[2024-02-23 11:29] Type: manual, Device: MODULE_02, Output: 4, Status: watering, Duration: 49 s, Send startWater at: Fri Feb 23 2024 11:29:07 GMT+0100 (Central European Standard Time), 
[2024-02-23 11:29] Type: manual, Device: MODULE_02, Output: 4, Status: stopped, 
[2024-02-23 11:29] Type: manual, Device: MODULE_02, Output: 1, Status: watering, Duration: 9 s, Send startWater at: Fri Feb 23 2024 11:29:48 GMT+0100 (Central European Standard Time), 
[2024-02-23 11:29] Type: manual, Device: MODULE_02, Output: 1, Status: done, Duration: 9 s, Send startWater at: Fri Feb 23 2024 11:29:48 GMT+0100 (Central European Standard Time), 
[2024-02-23 11:30] Type: manual, Device: MODULE_02, Output: 1, Status: watering, Duration: 9 s, Send startWater at: Fri Feb 23 2024 11:30:04 GMT+0100 (Central European Standard Time), 
[2024-02-23 11:30] Type: manual, Device: MODULE_02, Output: 1, Status: done, Duration: 9 s, Send startWater at: Fri Feb 23 2024 11:30:04 GMT+0100 (Central European Standard Time), 
[2024-02-23 11:30] Type: manual, Device: MODULE_02, Output: 1, Status: watering, Duration: 9 s, Send startWater at: Fri Feb 23 2024 11:30:29 GMT+0100 (Central European Standard Time), 
[2024-02-23 11:30] Type: manual, Device: MODULE_02, Output: 1, Status: done, Duration: 9 s, Send startWater at: Fri Feb 23 2024 11:30:29 GMT+0100 (Central European Standard Time), 
[2024-02-23 11:30] Type: manual, Device: MODULE_02, Output: 2, Status: watering, Duration: 9 s, Send startWater at: Fri Feb 23 2024 11:30:30 GMT+0100 (Central European Standard Time), 
[2024-02-23 11:30] Type: manual, Device: MODULE_02, Output: 2, Status: stopped, 
[2024-02-23 11:31] Type: manual, Device: MODULE_02, Output: 3, Status: watering, Duration: 9 s, Send startWater at: Fri Feb 23 2024 11:31:22 GMT+0100 (Central European Standard Time), 
[2024-02-23 11:31] Type: manual, Device: MODULE_02, Output: 3, Status: done, Duration: 9 s, Send startWater at: Fri Feb 23 2024 11:31:22 GMT+0100 (Central European Standard Time), 
[2024-02-23 11:31] Type: manual, Device: MODULE_02, Output: 2, Status: watering, Duration: 9 s, Send startWater at: Fri Feb 23 2024 11:31:24 GMT+0100 (Central European Standard Time), 
[2024-02-23 11:31] Type: manual, Device: MODULE_02, Output: 2, Status: done, Duration: 9 s, Send startWater at: Fri Feb 23 2024 11:31:24 GMT+0100 (Central European Standard Time), 
[2024-02-23 11:40] Type: manual, Device: MODULE_02, Output: 1, Status: watering, Duration: 9 s, Send startWater at: Fri Feb 23 2024 11:40:34 GMT+0100 (Central European Standard Time), 
[2024-02-23 11:40] Type: manual, Device: MODULE_02, Output: 1, Status: done, Duration: 9 s, Send startWater at: Fri Feb 23 2024 11:40:34 GMT+0100 (Central European Standard Time), 
[2024-02-23 11:40] Type: manual, Device: MODULE_02, Output: 4, Status: watering, Duration: 49 s, Send startWater at: Fri Feb 23 2024 11:40:47 GMT+0100 (Central European Standard Time), 
[2024-02-23 11:41] Type: manual, Device: MODULE_02, Output: 4, Status: done, Duration: 49 s, Send startWater at: Fri Feb 23 2024 11:40:47 GMT+0100 (Central European Standard Time), 
[2024-02-23 12:36] Type: manual, Device: MODULE_02, Output: 1, Status: watering, Duration: 9 s, Send startWater at: Fri Feb 23 2024 12:36:02 GMT+0100 (Central European Standard Time), 
[2024-02-23 12:36] Type: manual, Device: MODULE_02, Output: 1, Status: stopped, 
[2024-02-23 12:36] Type: manual, Device: MODULE_02, Output: 1, Status: watering, Duration: 9 s, Send startWater at: Fri Feb 23 2024 12:36:53 GMT+0100 (Central European Standard Time), 
[2024-02-23 12:37] Type: manual, Device: MODULE_02, Output: 1, Status: done, Duration: 9 s, Send startWater at: Fri Feb 23 2024 12:36:53 GMT+0100 (Central European Standard Time), 
[2024-02-23 12:37] Type: manual, Device: MODULE_02, Output: 1, Status: watering, Duration: 9 s, Send startWater at: Fri Feb 23 2024 12:37:29 GMT+0100 (Central European Standard Time), 
[2024-02-23 12:37] Type: manual, Device: MODULE_02, Output: 2, Status: aborted, 
[2024-02-23 12:37] Type: manual, Device: MODULE_02, Output: 1, Status: done, Duration: 9 s, Send startWater at: Fri Feb 23 2024 12:37:29 GMT+0100 (Central European Standard Time), 
[2024-02-23 12:38] Type: manual, Device: MODULE_02, Output: 1, Status: watering, Duration: 9 s, Send startWater at: Fri Feb 23 2024 12:38:19 GMT+0100 (Central European Standard Time), 
[2024-02-23 12:38] Type: manual, Device: MODULE_02, Output: 1, Status: done, Duration: 9 s, Send startWater at: Fri Feb 23 2024 12:38:19 GMT+0100 (Central European Standard Time), 
[2024-02-23 14:09] Type: manual, Device: MODULE_02, Output: 1, Status: watering, Duration: 32 s, Send startWater at: Fri Feb 23 2024 14:09:49 GMT+0100 (Central European Standard Time), 
[2024-02-23 14:10] Type: manual, Device: MODULE_02, Output: 1, Status: done, Duration: 32 s, Send startWater at: Fri Feb 23 2024 14:09:49 GMT+0100 (Central European Standard Time), 
[2024-02-23 14:10] Type: manual, Device: MODULE_02, Output: 2, Status: watering, Duration: 22 s, Send startWater at: Fri Feb 23 2024 14:10:12 GMT+0100 (Central European Standard Time), 
[2024-02-23 14:10] Type: manual, Device: MODULE_02, Output: 2, Status: done, Duration: 22 s, Send startWater at: Fri Feb 23 2024 14:10:12 GMT+0100 (Central European Standard Time), 
[2024-02-23 14:11] Type: manual, Device: MODULE_02, Output: 2, Status: watering, Duration: 22 s, Send startWater at: Fri Feb 23 2024 14:11:13 GMT+0100 (Central European Standard Time), 
[2024-02-23 14:11] Type: manual, Device: MODULE_02, Output: 2, Status: done, Duration: 22 s, Send startWater at: Fri Feb 23 2024 14:11:13 GMT+0100 (Central European Standard Time), 
[2024-02-23 14:11] Type: manual, Device: MODULE_02, Output: 2, Status: watering, Duration: 13 s, Send startWater at: Fri Feb 23 2024 14:11:50 GMT+0100 (Central European Standard Time), 
[2024-02-23 14:12] Type: manual, Device: MODULE_02, Output: 2, Status: done, Duration: 13 s, Send startWater at: Fri Feb 23 2024 14:11:50 GMT+0100 (Central European Standard Time), 
[2024-02-23 15:05] Type: online, Device: MODULE_02, Output: 1, Status: watering, Duration: 16 s, Send startWater at: Fri Feb 23 2024 15:05:45 GMT+0100 (Central European Standard Time), Context: {"onlineMessageAction":"START_WATER","onlineMessageId":369,"volume":10,"action":"startWater"}, 
[2024-02-23 15:06] Type: online, Device: MODULE_02, Output: 1, Status: done, Duration: 16 s, Send startWater at: Fri Feb 23 2024 15:05:45 GMT+0100 (Central European Standard Time), Context: {"onlineMessageAction":"START_WATER","onlineMessageId":369,"volume":10,"action":"startWater"}, 
[2024-02-23 15:06] Type: manual, Device: MODULE_02, Output: 1, Status: watering, Duration: 16 s, Send startWater at: Fri Feb 23 2024 15:06:14 GMT+0100 (Central European Standard Time), 
[2024-02-23 15:06] Type: manual, Device: MODULE_02, Output: 1, Status: stopped, 
[2024-02-23 15:06] Type: online, Device: MODULE_02, Output: 1, Status: watering, Duration: 16 s, Send startWater at: Fri Feb 23 2024 15:06:37 GMT+0100 (Central European Standard Time), Context: {"onlineMessageAction":"START_WATER","onlineMessageId":370,"volume":10,"action":"startWater"}, 
[2024-02-23 15:06] Type: online, Device: MODULE_02, Output: 1, Status: done, Duration: 16 s, Send startWater at: Fri Feb 23 2024 15:06:37 GMT+0100 (Central European Standard Time), Context: {"onlineMessageAction":"START_WATER","onlineMessageId":370,"volume":10,"action":"startWater"}, 
[2024-02-23 18:00] Type: scheduled, Device: MODULE_01, Output: 9, Status: watering, Duration: 24 s, Send startWater at: 2024-02-23T17:00:00.927Z, Context: {"scheduleEventId":2}, 
[2024-02-23 18:00] Type: scheduled, Device: MODULE_01, Output: 9, Status: done, Duration: 24 s, Send startWater at: 2024-02-23T17:00:00.927Z, Context: {"scheduleEventId":2}, 
