[2025-10-11 05:45] Type: scheduled, Device: MODULE_01, Output: 3, Status: watering, Duration: 160 s, Send startWater at: 2025-10-11T03:45:04.381Z, Context: {"scheduleEventId":21}, 
[2025-10-11 05:47] Type: scheduled, Device: MODULE_01, Output: 3, Status: done, Duration: 160 s, Send startWater at: 2025-10-11T03:45:04.381Z, Context: {"scheduleEventId":21}, 
[2025-10-11 06:10] Type: scheduled, Device: MODULE_01, Output: 7, Status: watering, Duration: 80 s, Send startWater at: 2025-10-11T04:10:00.257Z, Context: {"scheduleEventId":12}, 
[2025-10-11 06:11] Type: scheduled, Device: MODULE_01, Output: 7, Status: done, Duration: 80 s, Send startWater at: 2025-10-11T04:10:00.257Z, Context: {"scheduleEventId":12}, 
[2025-10-11 06:20] Type: scheduled, Device: MODULE_01, Output: 2, Status: watering, Duration: 80 s, Send startWater at: 2025-10-11T04:20:00.631Z, Context: {"scheduleEventId":11}, 
[2025-10-11 06:21] Type: scheduled, Device: MODULE_01, Output: 2, Status: done, Duration: 80 s, Send startWater at: 2025-10-11T04:20:00.631Z, Context: {"scheduleEventId":11}, 
[2025-10-11 06:30] Type: scheduled, Device: MODULE_01, Output: 9, Status: watering, Duration: 120 s, Send startWater at: 2025-10-11T04:30:01.032Z, Context: {"scheduleEventId":2}, 
[2025-10-11 06:32] Type: scheduled, Device: MODULE_01, Output: 9, Status: done, Duration: 120 s, Send startWater at: 2025-10-11T04:30:01.032Z, Context: {"scheduleEventId":2}, 
[2025-10-11 06:40] Type: scheduled, Device: MODULE_01, Output: 8, Status: watering, Duration: 80 s, Send startWater at: 2025-10-11T04:40:01.402Z, Context: {"scheduleEventId":19}, 
[2025-10-11 06:41] Type: scheduled, Device: MODULE_01, Output: 8, Status: done, Duration: 80 s, Send startWater at: 2025-10-11T04:40:01.402Z, Context: {"scheduleEventId":19}, 
[2025-10-11 07:10] Type: scheduled, Device: MODULE_01, Output: 1, Status: watering, Duration: 160 s, Send startWater at: 2025-10-11T05:10:02.563Z, Context: {"scheduleEventId":20}, 
[2025-10-11 07:12] Type: scheduled, Device: MODULE_01, Output: 1, Status: done, Duration: 160 s, Send startWater at: 2025-10-11T05:10:02.563Z, Context: {"scheduleEventId":20}, 
[2025-10-11 09:48] Type: manual, Device: MODULE_02, Output: 1, Status: watering, Duration: 123 s, Send startWater at: Sat Oct 11 2025 09:48:11 GMT+0200 (Central European Summer Time), 
[2025-10-11 09:48] Type: manual, Device: MODULE_02, Output: 1, Status: stopped, 
[2025-10-11 09:48] Type: manual, Device: MODULE_02, Output: 2, Status: watering, Duration: 123 s, Send startWater at: Sat Oct 11 2025 09:48:41 GMT+0200 (Central European Summer Time), 
[2025-10-11 09:48] Type: manual, Device: MODULE_02, Output: 2, Status: stopped, 
[2025-10-11 09:48] Type: manual, Device: MODULE_02, Output: 3, Status: watering, Duration: 92 s, Send startWater at: Sat Oct 11 2025 09:48:56 GMT+0200 (Central European Summer Time), 
[2025-10-11 09:48] Type: manual, Device: MODULE_02, Output: 3, Status: stopped, 
[2025-10-11 09:49] Type: manual, Device: MODULE_02, Output: 1, Status: watering, Duration: 123 s, Send startWater at: Sat Oct 11 2025 09:49:22 GMT+0200 (Central European Summer Time), 
[2025-10-11 09:49] Type: manual, Device: MODULE_02, Output: 1, Status: stopped, 
[2025-10-11 09:51] Type: manual, Device: MODULE_02, Output: 1, Status: watering, Duration: 123 s, Send startWater at: Sat Oct 11 2025 09:51:56 GMT+0200 (Central European Summer Time), 
[2025-10-11 09:51] Type: manual, Device: MODULE_02, Output: 1, Status: stopped, 
[2025-10-11 09:52] Type: manual, Device: MODULE_02, Output: 2, Status: stopped, 
[2025-10-11 09:52] Type: manual, Device: MODULE_02, Output: 2, Status: watering, Duration: 123 s, Send startWater at: Sat Oct 11 2025 09:52:04 GMT+0200 (Central European Summer Time), 
[2025-10-11 09:52] Type: manual, Device: MODULE_02, Output: 2, Status: error, Duration: 123 s, Send startWater at: Sat Oct 11 2025 09:52:04 GMT+0200 (Central European Summer Time), Context: {}, 
[2025-10-11 09:52] Type: manual, Device: MODULE_02, Output: 3, Status: stopped, 
[2025-10-11 09:52] Type: manual, Device: MODULE_02, Output: 3, Status: watering, Duration: 92 s, Send startWater at: Sat Oct 11 2025 09:52:08 GMT+0200 (Central European Summer Time), 
[2025-10-11 09:52] Type: manual, Device: MODULE_02, Output: 3, Status: error, Duration: 92 s, Send startWater at: Sat Oct 11 2025 09:52:08 GMT+0200 (Central European Summer Time), Context: {}, 
[2025-10-11 09:52] Type: manual, Device: MODULE_01, Output: 10, Status: watering, Duration: 80 s, Send startWater at: Sat Oct 11 2025 09:52:29 GMT+0200 (Central European Summer Time), 
[2025-10-11 09:52] Type: manual, Device: MODULE_01, Output: 10, Status: stopped, 
[2025-10-11 10:08] Type: manual, Device: MODULE_02, Output: 2, Status: watering, Duration: 123 s, Send startWater at: Sat Oct 11 2025 10:08:43 GMT+0200 (Central European Summer Time), 
[2025-10-11 10:08] Type: manual, Device: MODULE_02, Output: 2, Status: stopped, 
[2025-10-11 10:09] Type: manual, Device: MODULE_02, Output: 1, Status: watering, Duration: 123 s, Send startWater at: Sat Oct 11 2025 10:09:31 GMT+0200 (Central European Summer Time), 
[2025-10-11 10:09] Type: manual, Device: MODULE_02, Output: 1, Status: stopped, 
[2025-10-11 10:09] Type: manual, Device: MODULE_02, Output: 1, Status: stopped, 
[2025-10-11 10:09] Type: manual, Device: MODULE_02, Output: 1, Status: watering, Duration: 123 s, Send startWater at: Sat Oct 11 2025 10:09:55 GMT+0200 (Central European Summer Time), 
[2025-10-11 10:09] Type: manual, Device: MODULE_02, Output: 1, Status: error, Duration: 123 s, Send startWater at: Sat Oct 11 2025 10:09:55 GMT+0200 (Central European Summer Time), Context: {}, 
[2025-10-11 10:19] Type: manual, Device: MODULE_02, Output: 1, Status: watering, Duration: 123 s, Send startWater at: Sat Oct 11 2025 10:19:20 GMT+0200 (Central European Summer Time), 
[2025-10-11 10:19] Type: manual, Device: MODULE_02, Output: 1, Status: stopped, 
[2025-10-11 10:19] Type: manual, Device: MODULE_02, Output: 2, Status: watering, Duration: 123 s, Send startWater at: Sat Oct 11 2025 10:19:30 GMT+0200 (Central European Summer Time), 
[2025-10-11 10:19] Type: manual, Device: MODULE_02, Output: 2, Status: stopped, 
[2025-10-11 10:22] Type: manual, Device: MODULE_02, Output: 1, Status: watering, Duration: 123 s, Send startWater at: Sat Oct 11 2025 10:22:21 GMT+0200 (Central European Summer Time), 
[2025-10-11 10:22] Type: manual, Device: MODULE_02, Output: 1, Status: stopped, 
[2025-10-11 10:22] Type: manual, Device: MODULE_02, Output: 1, Status: watering, Duration: 123 s, Send startWater at: Sat Oct 11 2025 10:22:46 GMT+0200 (Central European Summer Time), 
[2025-10-11 10:22] Type: manual, Device: MODULE_02, Output: 1, Status: stopped, 
[2025-10-11 17:45] Type: scheduled, Device: MODULE_00, Output: 3, Status: watering, Duration: 50 s, Send startWater at: 2025-10-11T15:45:00.567Z, Context: {"scheduleEventId":17}, 
[2025-10-11 17:45] Type: scheduled, Device: MODULE_00, Output: 3, Status: done, Duration: 50 s, Send startWater at: 2025-10-11T15:45:00.567Z, Context: {"scheduleEventId":17}, 
[2025-10-11 19:10] Type: scheduled, Device: MODULE_00, Output: 4, Status: watering, Duration: 35 s, Send startWater at: 2025-10-11T17:10:03.728Z, Context: {"scheduleEventId":23}, 
[2025-10-11 19:10] Type: scheduled, Device: MODULE_00, Output: 4, Status: done, Duration: 35 s, Send startWater at: 2025-10-11T17:10:03.728Z, Context: {"scheduleEventId":23}, 
[2025-10-11 19:20] Type: scheduled, Device: MODULE_00, Output: 5, Status: watering, Duration: 25 s, Send startWater at: 2025-10-11T17:20:04.121Z, Context: {"scheduleEventId":24}, 
[2025-10-11 19:20] Type: scheduled, Device: MODULE_00, Output: 5, Status: done, Duration: 25 s, Send startWater at: 2025-10-11T17:20:04.121Z, Context: {"scheduleEventId":24}, 
[2025-10-11 19:45] Type: scheduled, Device: MODULE_01, Output: 3, Status: watering, Duration: 160 s, Send startWater at: 2025-10-11T17:45:00.079Z, Context: {"scheduleEventId":21}, 
[2025-10-11 19:47] Type: scheduled, Device: MODULE_01, Output: 3, Status: done, Duration: 160 s, Send startWater at: 2025-10-11T17:45:00.079Z, Context: {"scheduleEventId":21}, 
[2025-10-11 20:40] Type: scheduled, Device: MODULE_01, Output: 8, Status: watering, Duration: 80 s, Send startWater at: 2025-10-11T18:40:01.990Z, Context: {"scheduleEventId":19}, 
[2025-10-11 20:41] Type: scheduled, Device: MODULE_01, Output: 8, Status: done, Duration: 80 s, Send startWater at: 2025-10-11T18:40:01.990Z, Context: {"scheduleEventId":19}, 
[2025-10-11 20:45] Type: scheduled, Device: MODULE_01, Output: 5, Status: watering, Duration: 80 s, Send startWater at: 2025-10-11T18:45:02.169Z, Context: {"scheduleEventId":6}, 
[2025-10-11 20:46] Type: scheduled, Device: MODULE_01, Output: 5, Status: done, Duration: 80 s, Send startWater at: 2025-10-11T18:45:02.169Z, Context: {"scheduleEventId":6}, 
[2025-10-11 21:10] Type: scheduled, Device: MODULE_01, Output: 7, Status: watering, Duration: 80 s, Send startWater at: 2025-10-11T19:10:03.058Z, Context: {"scheduleEventId":12}, 
[2025-10-11 21:11] Type: scheduled, Device: MODULE_01, Output: 7, Status: done, Duration: 80 s, Send startWater at: 2025-10-11T19:10:03.058Z, Context: {"scheduleEventId":12}, 
[2025-10-11 21:20] Type: scheduled, Device: MODULE_01, Output: 2, Status: watering, Duration: 80 s, Send startWater at: 2025-10-11T19:20:03.430Z, Context: {"scheduleEventId":11}, 
[2025-10-11 21:21] Type: scheduled, Device: MODULE_01, Output: 2, Status: done, Duration: 80 s, Send startWater at: 2025-10-11T19:20:03.430Z, Context: {"scheduleEventId":11}, 
[2025-10-11 21:50] Type: scheduled, Device: MODULE_01, Output: 6, Status: watering, Duration: 120 s, Send startWater at: 2025-10-11T19:50:04.551Z, Context: {"scheduleEventId":7}, 
[2025-10-11 21:52] Type: scheduled, Device: MODULE_01, Output: 6, Status: done, Duration: 120 s, Send startWater at: 2025-10-11T19:50:04.551Z, Context: {"scheduleEventId":7}, 
