[2025-06-29 06:00] Type: scheduled, Device: MODULE_01, Output: 8, Status: watering, Duration: 80 s, Send startWater at: 2025-06-29T04:00:03.366Z, Context: {"scheduleEventId":19}, 
[2025-06-29 06:01] Type: scheduled, Device: MODULE_01, Output: 8, Status: done, Duration: 80 s, Send startWater at: 2025-06-29T04:00:03.366Z, Context: {"scheduleEventId":19}, 
[2025-06-29 06:10] Type: scheduled, Device: MODULE_01, Output: 7, Status: watering, Duration: 80 s, Send startWater at: 2025-06-29T04:10:03.852Z, Context: {"scheduleEventId":12}, 
[2025-06-29 06:11] Type: scheduled, Device: MODULE_01, Output: 7, Status: done, Duration: 80 s, Send startWater at: 2025-06-29T04:10:03.852Z, Context: {"scheduleEventId":12}, 
[2025-06-29 06:20] Type: scheduled, Device: MODULE_01, Output: 2, Status: watering, Duration: 80 s, Send startWater at: 2025-06-29T04:20:04.339Z, Context: {"scheduleEventId":11}, 
[2025-06-29 06:21] Type: scheduled, Device: MODULE_01, Output: 2, Status: done, Duration: 80 s, Send startWater at: 2025-06-29T04:20:04.339Z, Context: {"scheduleEventId":11}, 
[2025-06-29 06:30] Type: scheduled, Device: MODULE_01, Output: 9, Status: watering, Duration: 80 s, Send startWater at: 2025-06-29T04:30:04.842Z, Context: {"scheduleEventId":2}, 
[2025-06-29 06:31] Type: scheduled, Device: MODULE_01, Output: 9, Status: done, Duration: 80 s, Send startWater at: 2025-06-29T04:30:04.842Z, Context: {"scheduleEventId":2}, 
[2025-06-29 13:39] Type: manual, Device: MODULE_01, Output: 1, Status: watering, Duration: 160 s, Send startWater at: Sun Jun 29 2025 13:39:44 GMT+0200 (Central European Summer Time), 
[2025-06-29 13:40] Type: manual, Device: MODULE_01, Output: 1, Status: stopped, 
[2025-06-29 14:23] Type: manual, Device: MODULE_01, Output: 3, Status: watering, Duration: 40 s, Send startWater at: Sun Jun 29 2025 14:23:47 GMT+0200 (Central European Summer Time), 
[2025-06-29 14:24] Type: manual, Device: MODULE_01, Output: 3, Status: done, Duration: 40 s, Send startWater at: Sun Jun 29 2025 14:23:47 GMT+0200 (Central European Summer Time), 
[2025-06-29 14:24] Type: manual, Device: MODULE_01, Output: 4, Status: watering, Duration: 40 s, Send startWater at: Sun Jun 29 2025 14:24:16 GMT+0200 (Central European Summer Time), 
[2025-06-29 14:25] Type: manual, Device: MODULE_01, Output: 4, Status: done, Duration: 40 s, Send startWater at: Sun Jun 29 2025 14:24:16 GMT+0200 (Central European Summer Time), 
[2025-06-29 14:42] Type: manual, Device: MODULE_01, Output: 8, Status: watering, Duration: 160 s, Send startWater at: Sun Jun 29 2025 14:42:33 GMT+0200 (Central European Summer Time), 
[2025-06-29 14:42] Type: manual, Device: MODULE_01, Output: 8, Status: stopped, 
[2025-06-29 14:46] Type: manual, Device: MODULE_01, Output: 10, Status: watering, Duration: 8 s, Send startWater at: Sun Jun 29 2025 14:46:07 GMT+0200 (Central European Summer Time), 
[2025-06-29 14:46] Type: manual, Device: MODULE_01, Output: 10, Status: stopped, 
[2025-06-29 15:22] Type: manual, Device: MODULE_01, Output: 10, Status: watering, Duration: 8 s, Send startWater at: Sun Jun 29 2025 15:22:47 GMT+0200 (Central European Summer Time), 
[2025-06-29 15:22] Type: manual, Device: MODULE_01, Output: 10, Status: done, Duration: 8 s, Send startWater at: Sun Jun 29 2025 15:22:47 GMT+0200 (Central European Summer Time), 
[2025-06-29 15:23] Type: manual, Device: MODULE_01, Output: 10, Status: watering, Duration: 80 s, Send startWater at: Sun Jun 29 2025 15:23:24 GMT+0200 (Central European Summer Time), 
[2025-06-29 15:23] Type: manual, Device: MODULE_01, Output: 10, Status: stopped, 
[2025-06-29 18:15] Type: scheduled, Device: MODULE_00, Output: 4, Status: watering, Duration: 25 s, Send startWater at: 2025-06-29T16:15:01.124Z, Context: {"scheduleEventId":14}, 
[2025-06-29 18:15] Type: scheduled, Device: MODULE_00, Output: 4, Status: done, Duration: 25 s, Send startWater at: 2025-06-29T16:15:01.124Z, Context: {"scheduleEventId":14}, 
[2025-06-29 18:25] Type: scheduled, Device: MODULE_00, Output: 5, Status: watering, Duration: 50 s, Send startWater at: 2025-06-29T16:25:01.613Z, Context: {"scheduleEventId":16}, 
[2025-06-29 18:25] Type: scheduled, Device: MODULE_00, Output: 5, Status: done, Duration: 50 s, Send startWater at: 2025-06-29T16:25:01.613Z, Context: {"scheduleEventId":16}, 
[2025-06-29 18:30] Type: scheduled, Device: MODULE_00, Output: 3, Status: watering, Duration: 50 s, Send startWater at: 2025-06-29T16:30:01.858Z, Context: {"scheduleEventId":17}, 
[2025-06-29 18:30] Type: scheduled, Device: MODULE_00, Output: 3, Status: done, Duration: 50 s, Send startWater at: 2025-06-29T16:30:01.858Z, Context: {"scheduleEventId":17}, 
[2025-06-29 21:10] Type: scheduled, Device: MODULE_01, Output: 7, Status: watering, Duration: 80 s, Send startWater at: 2025-06-29T19:10:00.108Z, Context: {"scheduleEventId":12}, 
[2025-06-29 21:11] Type: scheduled, Device: MODULE_01, Output: 7, Status: done, Duration: 80 s, Send startWater at: 2025-06-29T19:10:00.108Z, Context: {"scheduleEventId":12}, 
[2025-06-29 21:20] Type: scheduled, Device: MODULE_01, Output: 2, Status: watering, Duration: 80 s, Send startWater at: 2025-06-29T19:20:00.662Z, Context: {"scheduleEventId":11}, 
[2025-06-29 21:21] Type: scheduled, Device: MODULE_01, Output: 2, Status: done, Duration: 80 s, Send startWater at: 2025-06-29T19:20:00.662Z, Context: {"scheduleEventId":11}, 
[2025-06-29 21:50] Type: scheduled, Device: MODULE_01, Output: 6, Status: watering, Duration: 120 s, Send startWater at: 2025-06-29T19:50:02.266Z, Context: {"scheduleEventId":7}, 
[2025-06-29 21:52] Type: scheduled, Device: MODULE_01, Output: 6, Status: done, Duration: 120 s, Send startWater at: 2025-06-29T19:50:02.266Z, Context: {"scheduleEventId":7}, 
[2025-06-29 22:00] Type: scheduled, Device: MODULE_01, Output: 5, Status: watering, Duration: 80 s, Send startWater at: 2025-06-29T20:00:02.737Z, Context: {"scheduleEventId":6}, 
[2025-06-29 22:01] Type: scheduled, Device: MODULE_01, Output: 5, Status: done, Duration: 80 s, Send startWater at: 2025-06-29T20:00:02.737Z, Context: {"scheduleEventId":6}, 
