[2025-01-25 08:00] Type: scheduled, Device: MODULE_01, Output: 1, Status: watering, Duration: 200 s, Send startWater at: 2025-01-25T07:00:00.422Z, Context: {"scheduleEventId":1}, 
[2025-01-25 08:03] Type: scheduled, Device: MODULE_01, Output: 1, Status: done, Duration: 200 s, Send startWater at: 2025-01-25T07:00:00.422Z, Context: {"scheduleEventId":1}, 
[2025-01-25 08:03] Type: scheduled, Device: MODULE_01, Output: 9, Status: watering, Duration: 160 s, Send startWater at: 2025-01-25T07:00:00.422Z, Context: {"scheduleEventId":2}, 
[2025-01-25 08:06] Type: scheduled, Device: MODULE_01, Output: 9, Status: done, Duration: 160 s, Send startWater at: 2025-01-25T07:00:00.422Z, Context: {"scheduleEventId":2}, 
[2025-01-25 10:00] Type: scheduled, Device: MODULE_01, Output: 3, Status: watering, Duration: 16 s, Send startWater at: 2025-01-25T09:00:04.711Z, Context: {"scheduleEventId":4}, 
[2025-01-25 10:00] Type: scheduled, Device: MODULE_01, Output: 3, Status: done, Duration: 16 s, Send startWater at: 2025-01-25T09:00:04.711Z, Context: {"scheduleEventId":4}, 
[2025-01-25 11:00] Type: scheduled, Device: MODULE_01, Output: 5, Status: watering, Duration: 160 s, Send startWater at: 2025-01-25T10:00:02.049Z, Context: {"scheduleEventId":6}, 
[2025-01-25 11:02] Type: scheduled, Device: MODULE_01, Output: 5, Status: done, Duration: 160 s, Send startWater at: 2025-01-25T10:00:02.049Z, Context: {"scheduleEventId":6}, 
[2025-01-25 18:15] Type: scheduled, Device: MODULE_00, Output: 4, Status: watering, Duration: 50 s, Send startWater at: 2025-01-25T17:15:02.785Z, Context: {"scheduleEventId":14}, 
[2025-01-25 18:15] Type: scheduled, Device: MODULE_00, Output: 4, Status: done, Duration: 50 s, Send startWater at: 2025-01-25T17:15:02.785Z, Context: {"scheduleEventId":14}, 
[2025-01-25 18:16] Type: manual, Device: MODULE_01, Output: 2, Status: watering, Duration: 80 s, Send startWater at: Sat Jan 25 2025 18:16:12 GMT+0100 (Central European Standard Time), 
[2025-01-25 18:16] Type: manual, Device: MODULE_01, Output: 2, Status: stopped, 
[2025-01-25 18:17] Type: manual, Device: MODULE_01, Output: 1, Status: watering, Duration: 160 s, Send startWater at: Sat Jan 25 2025 18:17:11 GMT+0100 (Central European Standard Time), 
[2025-01-25 18:17] Type: manual, Device: MODULE_01, Output: 1, Status: stopped, 
[2025-01-25 18:17] Type: manual, Device: MODULE_01, Output: 2, Status: stopped, 
[2025-01-25 18:17] Type: manual, Device: MODULE_01, Output: 2, Status: watering, Duration: 80 s, Send startWater at: Sat Jan 25 2025 18:17:12 GMT+0100 (Central European Standard Time), 
[2025-01-25 18:17] Type: manual, Device: MODULE_01, Output: 3, Status: aborted, 
[2025-01-25 18:18] Type: manual, Device: MODULE_00, Output: 6, Status: watering, Duration: 50 s, Send startWater at: Sat Jan 25 2025 18:18:58 GMT+0100 (Central European Standard Time), 
[2025-01-25 18:19] Type: manual, Device: MODULE_00, Output: 6, Status: stopped, 
[2025-01-25 18:25] Type: scheduled, Device: MODULE_00, Output: 5, Status: watering, Duration: 50 s, Send startWater at: 2025-01-25T17:25:03.138Z, Context: {"scheduleEventId":16}, 
[2025-01-25 18:25] Type: scheduled, Device: MODULE_00, Output: 5, Status: done, Duration: 50 s, Send startWater at: 2025-01-25T17:25:03.138Z, Context: {"scheduleEventId":16}, 
[2025-01-25 18:30] Type: scheduled, Device: MODULE_00, Output: 3, Status: watering, Duration: 50 s, Send startWater at: 2025-01-25T17:30:03.312Z, Context: {"scheduleEventId":17}, 
[2025-01-25 18:30] Type: scheduled, Device: MODULE_00, Output: 3, Status: done, Duration: 50 s, Send startWater at: 2025-01-25T17:30:03.312Z, Context: {"scheduleEventId":17}, 
