[2025-05-24 08:00] Type: scheduled, Device: MODULE_01, Output: 6, Status: watering, Duration: 160 s, Send startWater at: 2025-05-24T06:00:01.943Z, Context: {"scheduleEventId":7}, 
[2025-05-24 08:02] Type: scheduled, Device: MODULE_01, Output: 6, Status: done, Duration: 160 s, Send startWater at: 2025-05-24T06:00:01.943Z, Context: {"scheduleEventId":7}, 
[2025-05-24 08:02] Type: scheduled, Device: MODULE_01, Output: 2, Status: watering, Duration: 200 s, Send startWater at: 2025-05-24T06:00:01.943Z, Context: {"scheduleEventId":11}, 
[2025-05-24 08:06] Type: scheduled, Device: MODULE_01, Output: 2, Status: done, Duration: 200 s, Send startWater at: 2025-05-24T06:00:01.943Z, Context: {"scheduleEventId":11}, 
[2025-05-24 09:00] Type: scheduled, Device: MODULE_01, Output: 4, Status: watering, Duration: 160 s, Send startWater at: 2025-05-24T07:00:04.163Z, Context: {"scheduleEventId":5}, 
[2025-05-24 09:02] Type: scheduled, Device: MODULE_01, Output: 4, Status: done, Duration: 160 s, Send startWater at: 2025-05-24T07:00:04.163Z, Context: {"scheduleEventId":5}, 
[2025-05-24 10:00] Type: scheduled, Device: MODULE_01, Output: 3, Status: watering, Duration: 16 s, Send startWater at: 2025-05-24T08:00:01.310Z, Context: {"scheduleEventId":4}, 
[2025-05-24 10:00] Type: scheduled, Device: MODULE_01, Output: 3, Status: done, Duration: 16 s, Send startWater at: 2025-05-24T08:00:01.310Z, Context: {"scheduleEventId":4}, 
[2025-05-24 15:30] Type: manual, Device: MODULE_00, Output: 3, Status: watering, Duration: 25 s, Send startWater at: Sat May 24 2025 15:30:11 GMT+0200 (Central European Summer Time), 
[2025-05-24 15:30] Type: manual, Device: MODULE_00, Output: 3, Status: stopped, 
[2025-05-24 15:30] Type: manual, Device: MODULE_01, Output: 1, Status: error, Duration: 160 s, Send startWater at: Sat May 24 2025 15:30:15 GMT+0200 (Central European Summer Time), Context: {"message":"request to https://192.168.50.18/output failed, reason: connect EHOSTUNREACH 192.168.50.18:443","type":"system","errno":"EHOSTUNREACH","code":"EHOSTUNREACH"}, 
[2025-05-24 15:30] Type: manual, Device: MODULE_01, Output: 1, Status: error, Duration: 160 s, Send startWater at: Sat May 24 2025 15:30:22 GMT+0200 (Central European Summer Time), Context: {"message":"request to https://192.168.50.18/output failed, reason: connect EHOSTUNREACH 192.168.50.18:443","type":"system","errno":"EHOSTUNREACH","code":"EHOSTUNREACH"}, 
[2025-05-24 15:31] Type: manual, Device: MODULE_01, Output: 1, Status: watering, Duration: 160 s, Send startWater at: Sat May 24 2025 15:31:44 GMT+0200 (Central European Summer Time), 
[2025-05-24 15:31] Type: manual, Device: MODULE_01, Output: 1, Status: stopped, 
[2025-05-24 18:15] Type: scheduled, Device: MODULE_00, Output: 4, Status: watering, Duration: 25 s, Send startWater at: 2025-05-24T16:15:00.038Z, Context: {"scheduleEventId":14}, 
[2025-05-24 18:15] Type: scheduled, Device: MODULE_00, Output: 4, Status: done, Duration: 25 s, Send startWater at: 2025-05-24T16:15:00.038Z, Context: {"scheduleEventId":14}, 
[2025-05-24 18:25] Type: scheduled, Device: MODULE_00, Output: 5, Status: watering, Duration: 50 s, Send startWater at: 2025-05-24T16:25:00.418Z, Context: {"scheduleEventId":16}, 
[2025-05-24 18:25] Type: scheduled, Device: MODULE_00, Output: 5, Status: done, Duration: 50 s, Send startWater at: 2025-05-24T16:25:00.418Z, Context: {"scheduleEventId":16}, 
[2025-05-24 18:30] Type: scheduled, Device: MODULE_00, Output: 3, Status: watering, Duration: 50 s, Send startWater at: 2025-05-24T16:30:00.595Z, Context: {"scheduleEventId":17}, 
[2025-05-24 18:30] Type: scheduled, Device: MODULE_00, Output: 3, Status: done, Duration: 50 s, Send startWater at: 2025-05-24T16:30:00.595Z, Context: {"scheduleEventId":17}, 
[2025-05-24 20:00] Type: scheduled, Device: MODULE_01, Output: 7, Status: watering, Duration: 80 s, Send startWater at: 2025-05-24T18:00:04.007Z, Context: {"scheduleEventId":12}, 
[2025-05-24 20:01] Type: scheduled, Device: MODULE_01, Output: 7, Status: done, Duration: 80 s, Send startWater at: 2025-05-24T18:00:04.007Z, Context: {"scheduleEventId":12}, 
