[2024-01-11 09:07] Type: manual, Device: MODULE_01, Output: 1, Status: watering, Duration: 10 s, Send startWater at: Thu Jan 11 2024 09:07:55 GMT+0100 (Central European Standard Time), 
[2024-01-11 09:07] Type: manual, Device: MODULE_01, Output: 1, Status: stopped, 
[2024-01-11 09:07] Type: manual, Device: MODULE_01, Output: 3, Status: watering, Duration: 10 s, Send startWater at: Thu Jan 11 2024 09:07:57 GMT+0100 (Central European Standard Time), 
[2024-01-11 09:07] Type: manual, Device: MODULE_01, Output: 3, Status: stopped, 
[2024-01-11 09:07] Type: manual, Device: MODULE_01, Output: 4, Status: watering, Duration: 10 s, Send startWater at: Thu Jan 11 2024 09:07:59 GMT+0100 (Central European Standard Time), 
[2024-01-11 09:08] Type: manual, Device: MODULE_01, Output: 4, Status: stopped, 
[2024-01-11 09:08] Type: manual, Device: MODULE_01, Output: 5, Status: watering, Duration: 10 s, Send startWater at: Thu Jan 11 2024 09:08:02 GMT+0100 (Central European Standard Time), 
[2024-01-11 09:08] Type: manual, Device: MODULE_01, Output: 5, Status: stopped, 
[2024-01-11 09:08] Type: manual, Device: MODULE_01, Output: 6, Status: watering, Duration: 10 s, Send startWater at: Thu Jan 11 2024 09:08:04 GMT+0100 (Central European Standard Time), 
[2024-01-11 09:08] Type: manual, Device: MODULE_01, Output: 6, Status: stopped, 
[2024-01-11 09:08] Type: manual, Device: MODULE_01, Output: 8, Status: watering, Duration: 10 s, Send startWater at: Thu Jan 11 2024 09:08:10 GMT+0100 (Central European Standard Time), 
[2024-01-11 09:08] Type: manual, Device: MODULE_01, Output: 8, Status: stopped, 
[2024-01-11 09:08] Type: manual, Device: MODULE_01, Output: 6, Status: watering, Duration: 10 s, Send startWater at: Thu Jan 11 2024 09:08:11 GMT+0100 (Central European Standard Time), 
[2024-01-11 09:08] Type: manual, Device: MODULE_01, Output: 6, Status: stopped, 
[2024-01-11 09:08] Type: manual, Device: MODULE_01, Output: 2, Status: watering, Duration: 10 s, Send startWater at: Thu Jan 11 2024 09:08:56 GMT+0100 (Central European Standard Time), 
[2024-01-11 09:08] Type: manual, Device: MODULE_01, Output: 2, Status: stopped, 
[2024-01-11 09:09] Type: manual, Device: MODULE_01, Output: 1, Status: watering, Duration: 10 s, Send startWater at: Thu Jan 11 2024 09:09:00 GMT+0100 (Central European Standard Time), 
[2024-01-11 09:09] Type: manual, Device: MODULE_01, Output: 1, Status: stopped, 
[2024-01-11 09:09] Type: manual, Device: MODULE_01, Output: 2, Status: watering, Duration: 10 s, Send startWater at: Thu Jan 11 2024 09:09:02 GMT+0100 (Central European Standard Time), 
[2024-01-11 09:09] Type: manual, Device: MODULE_01, Output: 2, Status: stopped, 
[2024-01-11 09:09] Type: manual, Device: MODULE_01, Output: 3, Status: watering, Duration: 10 s, Send startWater at: Thu Jan 11 2024 09:09:03 GMT+0100 (Central European Standard Time), 
[2024-01-11 09:09] Type: manual, Device: MODULE_01, Output: 3, Status: stopped, 
[2024-01-11 09:09] Type: manual, Device: MODULE_01, Output: 4, Status: watering, Duration: 10 s, Send startWater at: Thu Jan 11 2024 09:09:06 GMT+0100 (Central European Standard Time), 
[2024-01-11 09:09] Type: manual, Device: MODULE_01, Output: 4, Status: stopped, 
[2024-01-11 09:09] Type: manual, Device: MODULE_01, Output: 5, Status: watering, Duration: 10 s, Send startWater at: Thu Jan 11 2024 09:09:08 GMT+0100 (Central European Standard Time), 
[2024-01-11 09:09] Type: manual, Device: MODULE_01, Output: 5, Status: stopped, 
[2024-01-11 09:09] Type: manual, Device: MODULE_01, Output: 6, Status: watering, Duration: 10 s, Send startWater at: Thu Jan 11 2024 09:09:10 GMT+0100 (Central European Standard Time), 
[2024-01-11 09:09] Type: manual, Device: MODULE_01, Output: 6, Status: stopped, 
[2024-01-11 09:22] Type: manual, Device: MODULE_01, Output: 6, Status: watering, Duration: 10 s, Send startWater at: Thu Jan 11 2024 09:22:13 GMT+0100 (Central European Standard Time), 
[2024-01-11 09:22] Type: manual, Device: MODULE_01, Output: 6, Status: stopped, 
[2024-01-11 09:22] Type: manual, Device: MODULE_01, Output: 7, Status: watering, Duration: 10 s, Send startWater at: Thu Jan 11 2024 09:22:20 GMT+0100 (Central European Standard Time), 
[2024-01-11 09:22] Type: manual, Device: MODULE_01, Output: 7, Status: stopped, 
[2024-01-11 09:22] Type: manual, Device: MODULE_01, Output: 6, Status: watering, Duration: 10 s, Send startWater at: Thu Jan 11 2024 09:22:25 GMT+0100 (Central European Standard Time), 
[2024-01-11 09:22] Type: manual, Device: MODULE_01, Output: 6, Status: stopped, 
[2024-01-11 09:22] Type: manual, Device: MODULE_01, Output: 7, Status: watering, Duration: 10 s, Send startWater at: Thu Jan 11 2024 09:22:27 GMT+0100 (Central European Standard Time), 
[2024-01-11 09:22] Type: manual, Device: MODULE_01, Output: 7, Status: stopped, 
[2024-01-11 09:22] Type: manual, Device: MODULE_01, Output: 8, Status: watering, Duration: 10 s, Send startWater at: Thu Jan 11 2024 09:22:30 GMT+0100 (Central European Standard Time), 
[2024-01-11 09:22] Type: manual, Device: MODULE_01, Output: 8, Status: stopped, 
[2024-01-11 09:22] Type: manual, Device: MODULE_01, Output: 9, Status: watering, Duration: 10 s, Send startWater at: Thu Jan 11 2024 09:22:34 GMT+0100 (Central European Standard Time), 
[2024-01-11 09:22] Type: manual, Device: MODULE_01, Output: 9, Status: stopped, 
[2024-01-11 09:22] Type: manual, Device: MODULE_01, Output: 10, Status: watering, Duration: 10 s, Send startWater at: Thu Jan 11 2024 09:22:37 GMT+0100 (Central European Standard Time), 
[2024-01-11 09:22] Type: manual, Device: MODULE_01, Output: 10, Status: stopped, 
[2024-01-11 09:22] Type: manual, Device: MODULE_01, Output: 1, Status: watering, Duration: 10 s, Send startWater at: Thu Jan 11 2024 09:22:45 GMT+0100 (Central European Standard Time), 
[2024-01-11 09:22] Type: manual, Device: MODULE_01, Output: 1, Status: stopped, 
[2024-01-11 09:22] Type: manual, Device: MODULE_01, Output: 2, Status: watering, Duration: 10 s, Send startWater at: Thu Jan 11 2024 09:22:48 GMT+0100 (Central European Standard Time), 
[2024-01-11 09:22] Type: manual, Device: MODULE_01, Output: 2, Status: stopped, 
[2024-01-11 09:22] Type: manual, Device: MODULE_01, Output: 2, Status: watering, Duration: 10 s, Send startWater at: Thu Jan 11 2024 09:22:52 GMT+0100 (Central European Standard Time), 
[2024-01-11 09:22] Type: manual, Device: MODULE_01, Output: 2, Status: stopped, 
[2024-01-11 09:23] Type: manual, Device: MODULE_01, Output: 2, Status: watering, Duration: 10 s, Send startWater at: Thu Jan 11 2024 09:23:15 GMT+0100 (Central European Standard Time), 
[2024-01-11 09:23] Type: manual, Device: MODULE_01, Output: 2, Status: stopped, 
[2024-01-11 09:23] Type: manual, Device: MODULE_01, Output: 2, Status: watering, Duration: 10 s, Send startWater at: Thu Jan 11 2024 09:23:49 GMT+0100 (Central European Standard Time), 
[2024-01-11 09:23] Type: manual, Device: MODULE_01, Output: 2, Status: stopped, 
[2024-01-11 09:23] Type: manual, Device: MODULE_01, Output: 2, Status: watering, Duration: 10 s, Send startWater at: Thu Jan 11 2024 09:23:52 GMT+0100 (Central European Standard Time), 
[2024-01-11 09:23] Type: manual, Device: MODULE_01, Output: 2, Status: stopped, 
[2024-01-11 09:23] Type: manual, Device: MODULE_01, Output: 1, Status: watering, Duration: 10 s, Send startWater at: Thu Jan 11 2024 09:23:57 GMT+0100 (Central European Standard Time), 
[2024-01-11 09:23] Type: manual, Device: MODULE_01, Output: 1, Status: stopped, 
[2024-01-11 09:24] Type: manual, Device: MODULE_01, Output: 2, Status: watering, Duration: 10 s, Send startWater at: Thu Jan 11 2024 09:24:00 GMT+0100 (Central European Standard Time), 
[2024-01-11 09:24] Type: manual, Device: MODULE_01, Output: 2, Status: stopped, 
[2024-01-11 09:24] Type: manual, Device: MODULE_01, Output: 2, Status: watering, Duration: 10 s, Send startWater at: Thu Jan 11 2024 09:24:30 GMT+0100 (Central European Standard Time), 
[2024-01-11 09:24] Type: manual, Device: MODULE_01, Output: 2, Status: stopped, 
[2024-01-11 09:24] Type: manual, Device: MODULE_01, Output: 2, Status: watering, Duration: 10 s, Send startWater at: Thu Jan 11 2024 09:24:44 GMT+0100 (Central European Standard Time), 
[2024-01-11 09:24] Type: manual, Device: MODULE_01, Output: 2, Status: stopped, 
[2024-01-11 09:24] Type: manual, Device: MODULE_01, Output: 2, Status: watering, Duration: 10 s, Send startWater at: Thu Jan 11 2024 09:24:47 GMT+0100 (Central European Standard Time), 
[2024-01-11 09:24] Type: manual, Device: MODULE_01, Output: 2, Status: stopped, 
[2024-01-11 09:25] Type: manual, Device: MODULE_01, Output: 2, Status: watering, Duration: 10 s, Send startWater at: Thu Jan 11 2024 09:25:11 GMT+0100 (Central European Standard Time), 
[2024-01-11 09:25] Type: manual, Device: MODULE_01, Output: 2, Status: stopped, 
[2024-01-11 09:25] Type: manual, Device: MODULE_01, Output: 5, Status: watering, Duration: 10 s, Send startWater at: Thu Jan 11 2024 09:25:18 GMT+0100 (Central European Standard Time), 
[2024-01-11 09:25] Type: manual, Device: MODULE_01, Output: 5, Status: stopped, 
[2024-01-11 09:25] Type: manual, Device: MODULE_01, Output: 6, Status: watering, Duration: 10 s, Send startWater at: Thu Jan 11 2024 09:25:21 GMT+0100 (Central European Standard Time), 
[2024-01-11 09:25] Type: manual, Device: MODULE_01, Output: 6, Status: stopped, 
[2024-01-11 09:25] Type: manual, Device: MODULE_01, Output: 7, Status: watering, Duration: 10 s, Send startWater at: Thu Jan 11 2024 09:25:31 GMT+0100 (Central European Standard Time), 
[2024-01-11 09:25] Type: manual, Device: MODULE_01, Output: 7, Status: stopped, 
[2024-01-11 09:25] Type: manual, Device: MODULE_01, Output: 6, Status: watering, Duration: 10 s, Send startWater at: Thu Jan 11 2024 09:25:35 GMT+0100 (Central European Standard Time), 
[2024-01-11 09:25] Type: manual, Device: MODULE_01, Output: 6, Status: stopped, 
[2024-01-11 09:25] Type: manual, Device: MODULE_01, Output: 6, Status: watering, Duration: 10 s, Send startWater at: Thu Jan 11 2024 09:25:41 GMT+0100 (Central European Standard Time), 
[2024-01-11 09:25] Type: manual, Device: MODULE_01, Output: 6, Status: stopped, 
[2024-01-11 09:25] Type: manual, Device: MODULE_01, Output: 7, Status: watering, Duration: 10 s, Send startWater at: Thu Jan 11 2024 09:25:44 GMT+0100 (Central European Standard Time), 
[2024-01-11 09:25] Type: manual, Device: MODULE_01, Output: 7, Status: stopped, 
[2024-01-11 09:26] Type: manual, Device: MODULE_01, Output: 2, Status: watering, Duration: 10 s, Send startWater at: Thu Jan 11 2024 09:26:00 GMT+0100 (Central European Standard Time), 
[2024-01-11 09:26] Type: manual, Device: MODULE_01, Output: 2, Status: stopped, 
[2024-01-11 09:26] Type: manual, Device: MODULE_01, Output: 1, Status: watering, Duration: 10 s, Send startWater at: Thu Jan 11 2024 09:26:02 GMT+0100 (Central European Standard Time), 
[2024-01-11 09:26] Type: manual, Device: MODULE_01, Output: 1, Status: stopped, 
[2024-01-11 09:27] Type: manual, Device: MODULE_01, Output: 7, Status: watering, Duration: 10 s, Send startWater at: Thu Jan 11 2024 09:27:32 GMT+0100 (Central European Standard Time), 
[2024-01-11 09:27] Type: manual, Device: MODULE_01, Output: 7, Status: stopped, 
[2024-01-11 09:27] Type: manual, Device: MODULE_01, Output: 7, Status: watering, Duration: 10 s, Send startWater at: Thu Jan 11 2024 09:27:34 GMT+0100 (Central European Standard Time), 
[2024-01-11 09:27] Type: manual, Device: MODULE_01, Output: 7, Status: stopped, 
[2024-01-11 09:27] Type: manual, Device: MODULE_01, Output: 7, Status: watering, Duration: 10 s, Send startWater at: Thu Jan 11 2024 09:27:35 GMT+0100 (Central European Standard Time), 
[2024-01-11 09:27] Type: manual, Device: MODULE_01, Output: 7, Status: stopped, 
[2024-01-11 09:27] Type: manual, Device: MODULE_01, Output: 6, Status: watering, Duration: 10 s, Send startWater at: Thu Jan 11 2024 09:27:44 GMT+0100 (Central European Standard Time), 
[2024-01-11 09:27] Type: manual, Device: MODULE_01, Output: 6, Status: stopped, 
[2024-01-11 09:27] Type: manual, Device: MODULE_01, Output: 6, Status: watering, Duration: 10 s, Send startWater at: Thu Jan 11 2024 09:27:46 GMT+0100 (Central European Standard Time), 
[2024-01-11 09:27] Type: manual, Device: MODULE_01, Output: 6, Status: stopped, 
[2024-01-11 09:27] Type: manual, Device: MODULE_01, Output: 4, Status: watering, Duration: 10 s, Send startWater at: Thu Jan 11 2024 09:27:49 GMT+0100 (Central European Standard Time), 
[2024-01-11 09:27] Type: manual, Device: MODULE_01, Output: 4, Status: stopped, 
[2024-01-11 09:27] Type: manual, Device: MODULE_01, Output: 8, Status: watering, Duration: 10 s, Send startWater at: Thu Jan 11 2024 09:27:55 GMT+0100 (Central European Standard Time), 
[2024-01-11 09:27] Type: manual, Device: MODULE_01, Output: 8, Status: stopped, 
[2024-01-11 09:27] Type: manual, Device: MODULE_01, Output: 3, Status: watering, Duration: 10 s, Send startWater at: Thu Jan 11 2024 09:27:59 GMT+0100 (Central European Standard Time), 
[2024-01-11 09:27] Type: manual, Device: MODULE_01, Output: 3, Status: stopped, 
[2024-01-11 09:28] Type: manual, Device: MODULE_01, Output: 1, Status: watering, Duration: 10 s, Send startWater at: Thu Jan 11 2024 09:28:01 GMT+0100 (Central European Standard Time), 
[2024-01-11 09:28] Type: manual, Device: MODULE_01, Output: 1, Status: stopped, 
[2024-01-11 09:35] Type: manual, Device: MODULE_01, Output: 6, Status: watering, Duration: 10 s, Send startWater at: Thu Jan 11 2024 09:35:16 GMT+0100 (Central European Standard Time), 
[2024-01-11 09:35] Type: manual, Device: MODULE_01, Output: 6, Status: done, Duration: 10 s, Send startWater at: Thu Jan 11 2024 09:35:16 GMT+0100 (Central European Standard Time), 
[2024-01-11 09:35] Type: manual, Device: MODULE_01, Output: 6, Status: watering, Duration: 10 s, Send startWater at: Thu Jan 11 2024 09:35:28 GMT+0100 (Central European Standard Time), 
[2024-01-11 09:35] Type: manual, Device: MODULE_01, Output: 6, Status: done, Duration: 10 s, Send startWater at: Thu Jan 11 2024 09:35:28 GMT+0100 (Central European Standard Time), 
[2024-01-11 09:35] Type: manual, Device: MODULE_01, Output: 6, Status: watering, Duration: 10 s, Send startWater at: Thu Jan 11 2024 09:35:45 GMT+0100 (Central European Standard Time), 
[2024-01-11 09:35] Type: manual, Device: MODULE_01, Output: 6, Status: done, Duration: 10 s, Send startWater at: Thu Jan 11 2024 09:35:45 GMT+0100 (Central European Standard Time), 
[2024-01-11 09:35] Type: manual, Device: MODULE_01, Output: 7, Status: watering, Duration: 10 s, Send startWater at: Thu Jan 11 2024 09:35:57 GMT+0100 (Central European Standard Time), 
[2024-01-11 09:36] Type: manual, Device: MODULE_01, Output: 7, Status: done, Duration: 10 s, Send startWater at: Thu Jan 11 2024 09:35:57 GMT+0100 (Central European Standard Time), 
[2024-01-11 09:43] Type: manual, Device: MODULE_01, Output: 6, Status: watering, Duration: 10 s, Send startWater at: Thu Jan 11 2024 09:43:28 GMT+0100 (Central European Standard Time), 
[2024-01-11 09:43] Type: manual, Device: MODULE_01, Output: 6, Status: stopped, 
[2024-01-11 09:43] Type: manual, Device: MODULE_01, Output: 7, Status: watering, Duration: 10 s, Send startWater at: Thu Jan 11 2024 09:43:31 GMT+0100 (Central European Standard Time), 
[2024-01-11 09:43] Type: manual, Device: MODULE_01, Output: 7, Status: stopped, 
[2024-01-11 09:44] Type: manual, Device: MODULE_01, Output: 6, Status: watering, Duration: 10 s, Send startWater at: Thu Jan 11 2024 09:44:08 GMT+0100 (Central European Standard Time), 
[2024-01-11 09:44] Type: manual, Device: MODULE_01, Output: 6, Status: stopped, 
[2024-01-11 09:44] Type: manual, Device: MODULE_01, Output: 8, Status: watering, Duration: 10 s, Send startWater at: Thu Jan 11 2024 09:44:11 GMT+0100 (Central European Standard Time), 
[2024-01-11 09:44] Type: manual, Device: MODULE_01, Output: 8, Status: stopped, 
[2024-01-11 09:44] Type: manual, Device: MODULE_01, Output: 7, Status: watering, Duration: 10 s, Send startWater at: Thu Jan 11 2024 09:44:14 GMT+0100 (Central European Standard Time), 
[2024-01-11 09:44] Type: manual, Device: MODULE_01, Output: 7, Status: stopped, 
[2024-01-11 09:48] Type: manual, Device: MODULE_01, Output: 7, Status: watering, Duration: 10 s, Send startWater at: Thu Jan 11 2024 09:48:51 GMT+0100 (Central European Standard Time), 
[2024-01-11 09:48] Type: manual, Device: MODULE_01, Output: 7, Status: stopped, 
[2024-01-11 09:48] Type: manual, Device: MODULE_01, Output: 6, Status: watering, Duration: 10 s, Send startWater at: Thu Jan 11 2024 09:48:54 GMT+0100 (Central European Standard Time), 
[2024-01-11 09:48] Type: manual, Device: MODULE_01, Output: 6, Status: stopped, 
[2024-01-11 09:48] Type: manual, Device: MODULE_01, Output: 5, Status: watering, Duration: 10 s, Send startWater at: Thu Jan 11 2024 09:48:57 GMT+0100 (Central European Standard Time), 
[2024-01-11 09:48] Type: manual, Device: MODULE_01, Output: 5, Status: stopped, 
[2024-01-11 09:49] Type: manual, Device: MODULE_01, Output: 6, Status: watering, Duration: 10 s, Send startWater at: Thu Jan 11 2024 09:49:03 GMT+0100 (Central European Standard Time), 
[2024-01-11 09:49] Type: manual, Device: MODULE_01, Output: 6, Status: stopped, 
[2024-01-11 09:49] Type: manual, Device: MODULE_01, Output: 7, Status: watering, Duration: 10 s, Send startWater at: Thu Jan 11 2024 09:49:37 GMT+0100 (Central European Standard Time), 
[2024-01-11 09:49] Type: manual, Device: MODULE_01, Output: 7, Status: stopped, 
[2024-01-11 09:49] Type: manual, Device: MODULE_01, Output: 6, Status: watering, Duration: 10 s, Send startWater at: Thu Jan 11 2024 09:49:41 GMT+0100 (Central European Standard Time), 
[2024-01-11 09:49] Type: manual, Device: MODULE_01, Output: 6, Status: stopped, 
[2024-01-11 09:49] Type: manual, Device: MODULE_01, Output: 7, Status: watering, Duration: 10 s, Send startWater at: Thu Jan 11 2024 09:49:44 GMT+0100 (Central European Standard Time), 
[2024-01-11 09:49] Type: manual, Device: MODULE_01, Output: 7, Status: stopped, 
[2024-01-11 09:49] Type: manual, Device: MODULE_01, Output: 6, Status: watering, Duration: 10 s, Send startWater at: Thu Jan 11 2024 09:49:48 GMT+0100 (Central European Standard Time), 
[2024-01-11 09:49] Type: manual, Device: MODULE_01, Output: 6, Status: stopped, 
[2024-01-11 09:50] Type: manual, Device: MODULE_01, Output: 7, Status: watering, Duration: 10 s, Send startWater at: Thu Jan 11 2024 09:50:36 GMT+0100 (Central European Standard Time), 
[2024-01-11 09:50] Type: manual, Device: MODULE_01, Output: 7, Status: stopped, 
[2024-01-11 09:50] Type: manual, Device: MODULE_01, Output: 6, Status: watering, Duration: 10 s, Send startWater at: Thu Jan 11 2024 09:50:38 GMT+0100 (Central European Standard Time), 
[2024-01-11 09:50] Type: manual, Device: MODULE_01, Output: 6, Status: stopped, 
[2024-01-11 09:50] Type: manual, Device: MODULE_01, Output: 8, Status: watering, Duration: 10 s, Send startWater at: Thu Jan 11 2024 09:50:41 GMT+0100 (Central European Standard Time), 
[2024-01-11 09:50] Type: manual, Device: MODULE_01, Output: 8, Status: stopped, 
[2024-01-11 09:53] Type: manual, Device: MODULE_01, Output: 7, Status: watering, Duration: 10 s, Send startWater at: Thu Jan 11 2024 09:53:53 GMT+0100 (Central European Standard Time), 
[2024-01-11 09:53] Type: manual, Device: MODULE_01, Output: 7, Status: stopped, 
[2024-01-11 09:53] Type: manual, Device: MODULE_01, Output: 6, Status: watering, Duration: 10 s, Send startWater at: Thu Jan 11 2024 09:53:59 GMT+0100 (Central European Standard Time), 
[2024-01-11 09:53] Type: manual, Device: MODULE_01, Output: 6, Status: stopped, 
[2024-01-11 09:54] Type: manual, Device: MODULE_01, Output: 7, Status: watering, Duration: 10 s, Send startWater at: Thu Jan 11 2024 09:54:18 GMT+0100 (Central European Standard Time), 
[2024-01-11 09:54] Type: manual, Device: MODULE_01, Output: 7, Status: stopped, 
[2024-01-11 09:55] Type: manual, Device: MODULE_01, Output: 6, Status: watering, Duration: 10 s, Send startWater at: Thu Jan 11 2024 09:55:47 GMT+0100 (Central European Standard Time), 
[2024-01-11 09:55] Type: manual, Device: MODULE_01, Output: 6, Status: stopped, 
[2024-01-11 09:55] Type: manual, Device: MODULE_01, Output: 7, Status: watering, Duration: 10 s, Send startWater at: Thu Jan 11 2024 09:55:49 GMT+0100 (Central European Standard Time), 
[2024-01-11 09:55] Type: manual, Device: MODULE_01, Output: 7, Status: stopped, 
[2024-01-11 09:57] Type: manual, Device: MODULE_01, Output: 7, Status: watering, Duration: 10 s, Send startWater at: Thu Jan 11 2024 09:57:13 GMT+0100 (Central European Standard Time), 
[2024-01-11 09:57] Type: manual, Device: MODULE_01, Output: 7, Status: stopped, 
[2024-01-11 09:57] Type: manual, Device: MODULE_01, Output: 6, Status: watering, Duration: 10 s, Send startWater at: Thu Jan 11 2024 09:57:17 GMT+0100 (Central European Standard Time), 
[2024-01-11 09:57] Type: manual, Device: MODULE_01, Output: 6, Status: stopped, 
[2024-01-11 09:57] Type: manual, Device: MODULE_01, Output: 5, Status: watering, Duration: 10 s, Send startWater at: Thu Jan 11 2024 09:57:18 GMT+0100 (Central European Standard Time), 
[2024-01-11 09:57] Type: manual, Device: MODULE_01, Output: 5, Status: stopped, 
[2024-01-11 10:12] Type: manual, Device: MODULE_01, Output: 1, Status: watering, Duration: 10 s, Send startWater at: Thu Jan 11 2024 10:12:40 GMT+0100 (Central European Standard Time), 
[2024-01-11 10:12] Type: manual, Device: MODULE_01, Output: 1, Status: stopped, 
[2024-01-11 10:12] Type: manual, Device: MODULE_01, Output: 2, Status: watering, Duration: 10 s, Send startWater at: Thu Jan 11 2024 10:12:44 GMT+0100 (Central European Standard Time), 
[2024-01-11 10:12] Type: manual, Device: MODULE_01, Output: 2, Status: stopped, 
[2024-01-11 10:12] Type: manual, Device: MODULE_01, Output: 3, Status: watering, Duration: 10 s, Send startWater at: Thu Jan 11 2024 10:12:48 GMT+0100 (Central European Standard Time), 
[2024-01-11 10:12] Type: manual, Device: MODULE_01, Output: 3, Status: stopped, 
[2024-01-11 10:12] Type: manual, Device: MODULE_01, Output: 4, Status: watering, Duration: 10 s, Send startWater at: Thu Jan 11 2024 10:12:50 GMT+0100 (Central European Standard Time), 
[2024-01-11 10:12] Type: manual, Device: MODULE_01, Output: 4, Status: stopped, 
[2024-01-11 10:12] Type: manual, Device: MODULE_01, Output: 5, Status: watering, Duration: 10 s, Send startWater at: Thu Jan 11 2024 10:12:52 GMT+0100 (Central European Standard Time), 
[2024-01-11 10:12] Type: manual, Device: MODULE_01, Output: 5, Status: stopped, 
[2024-01-11 10:12] Type: manual, Device: MODULE_01, Output: 6, Status: watering, Duration: 10 s, Send startWater at: Thu Jan 11 2024 10:12:55 GMT+0100 (Central European Standard Time), 
[2024-01-11 10:12] Type: manual, Device: MODULE_01, Output: 6, Status: stopped, 
[2024-01-11 10:12] Type: manual, Device: MODULE_01, Output: 7, Status: watering, Duration: 10 s, Send startWater at: Thu Jan 11 2024 10:12:58 GMT+0100 (Central European Standard Time), 
[2024-01-11 10:12] Type: manual, Device: MODULE_01, Output: 7, Status: stopped, 
[2024-01-11 10:13] Type: manual, Device: MODULE_01, Output: 8, Status: watering, Duration: 10 s, Send startWater at: Thu Jan 11 2024 10:13:01 GMT+0100 (Central European Standard Time), 
[2024-01-11 10:13] Type: manual, Device: MODULE_01, Output: 8, Status: stopped, 
[2024-01-11 10:13] Type: manual, Device: MODULE_01, Output: 9, Status: watering, Duration: 10 s, Send startWater at: Thu Jan 11 2024 10:13:04 GMT+0100 (Central European Standard Time), 
[2024-01-11 10:13] Type: manual, Device: MODULE_01, Output: 9, Status: stopped, 
[2024-01-11 10:13] Type: manual, Device: MODULE_01, Output: 10, Status: watering, Duration: 10 s, Send startWater at: Thu Jan 11 2024 10:13:07 GMT+0100 (Central European Standard Time), 
[2024-01-11 10:13] Type: manual, Device: MODULE_01, Output: 10, Status: stopped, 
[2024-01-11 10:19] Type: manual, Device: MODULE_01, Output: 3, Status: watering, Duration: 10 s, Send startWater at: Thu Jan 11 2024 10:19:16 GMT+0100 (Central European Standard Time), 
[2024-01-11 10:19] Type: manual, Device: MODULE_01, Output: 3, Status: done, Duration: 10 s, Send startWater at: Thu Jan 11 2024 10:19:16 GMT+0100 (Central European Standard Time), 
[2024-01-11 10:19] Type: manual, Device: MODULE_01, Output: 3, Status: watering, Duration: 10 s, Send startWater at: Thu Jan 11 2024 10:19:29 GMT+0100 (Central European Standard Time), 
[2024-01-11 10:19] Type: manual, Device: MODULE_01, Output: 3, Status: stopped, 
[2024-01-11 10:21] Type: manual, Device: MODULE_01, Output: 3, Status: watering, Duration: 10 s, Send startWater at: Thu Jan 11 2024 10:21:27 GMT+0100 (Central European Standard Time), 
[2024-01-11 10:21] Type: manual, Device: MODULE_01, Output: 3, Status: stopped, 
[2024-01-11 10:21] Type: manual, Device: MODULE_01, Output: 3, Status: watering, Duration: 10 s, Send startWater at: Thu Jan 11 2024 10:21:51 GMT+0100 (Central European Standard Time), 
[2024-01-11 10:21] Type: manual, Device: MODULE_01, Output: 3, Status: stopped, 
[2024-01-11 10:24] Type: manual, Device: MODULE_01, Output: 8, Status: watering, Duration: 10 s, Send startWater at: Thu Jan 11 2024 10:24:50 GMT+0100 (Central European Standard Time), 
[2024-01-11 10:24] Type: manual, Device: MODULE_01, Output: 8, Status: stopped, 
[2024-01-11 10:24] Type: manual, Device: MODULE_01, Output: 8, Status: watering, Duration: 10 s, Send startWater at: Thu Jan 11 2024 10:24:58 GMT+0100 (Central European Standard Time), 
[2024-01-11 10:24] Type: manual, Device: MODULE_01, Output: 8, Status: stopped, 
[2024-01-11 10:26] Type: online, Device: MODULE_01, Output: 8, Status: watering, Duration: 10 s, Send startWater at: Thu Jan 11 2024 10:26:06 GMT+0100 (Central European Standard Time), Context: {"onlineMessageAction":"START_WATER","onlineMessageId":316,"volume":10,"action":"startWater"}, 
[2024-01-11 10:26] Type: online, Device: MODULE_01, Output: 8, Status: stopped, Context: {"onlineMessageAction":"STOP_WATER","onlineMessageId":317,"action":"stopWater"}, 
[2024-01-11 10:26] Type: online, Device: MODULE_01, Output: 6, Status: watering, Duration: 10 s, Send startWater at: Thu Jan 11 2024 10:26:16 GMT+0100 (Central European Standard Time), Context: {"onlineMessageAction":"START_WATER","onlineMessageId":318,"volume":10,"action":"startWater"}, 
[2024-01-11 10:26] Type: online, Device: MODULE_01, Output: 6, Status: stopped, Context: {"onlineMessageAction":"STOP_WATER","onlineMessageId":319,"action":"stopWater"}, 
[2024-01-11 10:26] Type: online, Device: MODULE_01, Output: 6, Status: watering, Duration: 10 s, Send startWater at: Thu Jan 11 2024 10:26:21 GMT+0100 (Central European Standard Time), Context: {"onlineMessageAction":"START_WATER","onlineMessageId":320,"volume":10,"action":"startWater"}, 
[2024-01-11 10:26] Type: online, Device: MODULE_01, Output: 6, Status: stopped, Context: {"onlineMessageAction":"STOP_WATER","onlineMessageId":321,"action":"stopWater"}, 
[2024-01-11 10:28] Type: online, Device: MODULE_01, Output: 9, Status: watering, Duration: 10 s, Send startWater at: Thu Jan 11 2024 10:28:09 GMT+0100 (Central European Standard Time), Context: {"onlineMessageAction":"START_WATER","onlineMessageId":322,"volume":10,"action":"startWater"}, 
[2024-01-11 10:28] Type: online, Device: MODULE_01, Output: 9, Status: done, Duration: 10 s, Send startWater at: Thu Jan 11 2024 10:28:09 GMT+0100 (Central European Standard Time), Context: {"onlineMessageAction":"START_WATER","onlineMessageId":322,"volume":10,"action":"startWater"}, 
[2024-01-11 10:29] Type: online, Device: MODULE_01, Output: 9, Status: watering, Duration: 50 s, Send startWater at: Thu Jan 11 2024 10:29:29 GMT+0100 (Central European Standard Time), Context: {"onlineMessageAction":"START_WATER","onlineMessageId":324,"volume":50,"action":"startWater"}, 
[2024-01-11 10:30] Type: online, Device: MODULE_01, Output: 9, Status: done, Duration: 50 s, Send startWater at: Thu Jan 11 2024 10:29:29 GMT+0100 (Central European Standard Time), Context: {"onlineMessageAction":"START_WATER","onlineMessageId":324,"volume":50,"action":"startWater"}, 
[2024-01-11 10:30] Type: online, Device: MODULE_01, Output: 5, Status: watering, Duration: 100 s, Send startWater at: Thu Jan 11 2024 10:30:49 GMT+0100 (Central European Standard Time), Context: {"onlineMessageAction":"START_WATER","onlineMessageId":325,"volume":100,"action":"startWater"}, 
[2024-01-11 10:32] Type: online, Device: MODULE_01, Output: 5, Status: done, Duration: 100 s, Send startWater at: Thu Jan 11 2024 10:30:49 GMT+0100 (Central European Standard Time), Context: {"onlineMessageAction":"START_WATER","onlineMessageId":325,"volume":100,"action":"startWater"}, 
[2024-01-11 11:13] Type: online, Device: MODULE_01, Output: 9, Status: watering, Duration: 50 s, Send startWater at: Thu Jan 11 2024 11:13:04 GMT+0100 (Central European Standard Time), Context: {"onlineMessageAction":"START_WATER","onlineMessageId":326,"volume":50,"action":"startWater"}, 
[2024-01-11 11:13] Type: online, Device: MODULE_01, Output: 9, Status: done, Duration: 50 s, Send startWater at: Thu Jan 11 2024 11:13:04 GMT+0100 (Central European Standard Time), Context: {"onlineMessageAction":"START_WATER","onlineMessageId":326,"volume":50,"action":"startWater"}, 
[2024-01-11 11:14] Type: online, Device: MODULE_01, Output: 4, Status: watering, Duration: 10 s, Send startWater at: Thu Jan 11 2024 11:14:22 GMT+0100 (Central European Standard Time), Context: {"onlineMessageAction":"START_WATER","onlineMessageId":327,"volume":10,"action":"startWater"}, 
[2024-01-11 11:14] Type: online, Device: MODULE_01, Output: 4, Status: done, Duration: 10 s, Send startWater at: Thu Jan 11 2024 11:14:22 GMT+0100 (Central European Standard Time), Context: {"onlineMessageAction":"START_WATER","onlineMessageId":327,"volume":10,"action":"startWater"}, 
[2024-01-11 11:14] Type: online, Device: MODULE_01, Output: 8, Status: watering, Duration: 10 s, Send startWater at: Thu Jan 11 2024 11:14:22 GMT+0100 (Central European Standard Time), Context: {"onlineMessageAction":"START_WATER","onlineMessageId":328,"volume":10,"action":"startWater"}, 
[2024-01-11 11:14] Type: online, Device: MODULE_01, Output: 8, Status: done, Duration: 10 s, Send startWater at: Thu Jan 11 2024 11:14:22 GMT+0100 (Central European Standard Time), Context: {"onlineMessageAction":"START_WATER","onlineMessageId":328,"volume":10,"action":"startWater"}, 
[2024-01-11 11:15] Type: online, Device: MODULE_01, Output: 1, Status: watering, Duration: 100 s, Send startWater at: Thu Jan 11 2024 11:15:20 GMT+0100 (Central European Standard Time), Context: {"onlineMessageAction":"START_WATER","onlineMessageId":329,"volume":100,"action":"startWater"}, 
[2024-01-11 11:17] Type: online, Device: MODULE_01, Output: 1, Status: done, Duration: 100 s, Send startWater at: Thu Jan 11 2024 11:15:20 GMT+0100 (Central European Standard Time), Context: {"onlineMessageAction":"START_WATER","onlineMessageId":329,"volume":100,"action":"startWater"}, 
[2024-01-11 13:05] Type: online, Device: MODULE_01, Output: 6, Status: watering, Duration: 10 s, Send startWater at: Thu Jan 11 2024 13:05:21 GMT+0100 (Central European Standard Time), Context: {"onlineMessageAction":"START_WATER","onlineMessageId":330,"volume":10,"action":"startWater"}, 
[2024-01-11 13:05] Type: online, Device: MODULE_01, Output: 6, Status: stopped, Context: {"onlineMessageAction":"STOP_WATER","onlineMessageId":331,"action":"stopWater"}, 
[2024-01-11 19:42] Type: manual, Device: MODULE_01, Output: 3, Status: watering, Duration: 10 s, Send startWater at: Thu Jan 11 2024 19:42:32 GMT+0100 (Central European Standard Time), 
[2024-01-11 19:42] Type: manual, Device: MODULE_01, Output: 3, Status: stopped, 
[2024-01-11 19:42] Type: manual, Device: MODULE_01, Output: 4, Status: watering, Duration: 10 s, Send startWater at: Thu Jan 11 2024 19:42:38 GMT+0100 (Central European Standard Time), 
[2024-01-11 19:42] Type: manual, Device: MODULE_01, Output: 4, Status: stopped, 
[2024-01-11 19:42] Type: manual, Device: MODULE_01, Output: 4, Status: watering, Duration: 10 s, Send startWater at: Thu Jan 11 2024 19:42:41 GMT+0100 (Central European Standard Time), 
[2024-01-11 19:42] Type: manual, Device: MODULE_01, Output: 4, Status: stopped, 
[2024-01-11 19:43] Type: manual, Device: MODULE_01, Output: 1, Status: watering, Duration: 10 s, Send startWater at: Thu Jan 11 2024 19:43:35 GMT+0100 (Central European Standard Time), 
[2024-01-11 19:43] Type: manual, Device: MODULE_01, Output: 1, Status: stopped, 
[2024-01-11 19:43] Type: manual, Device: MODULE_01, Output: 1, Status: watering, Duration: 10 s, Send startWater at: Thu Jan 11 2024 19:43:51 GMT+0100 (Central European Standard Time), 
[2024-01-11 19:43] Type: manual, Device: MODULE_01, Output: 1, Status: stopped, 
