[2024-03-02 08:00] Type: scheduled, Device: MODULE_01, Output: 9, Status: watering, Duration: 24 s, Send startWater at: 2024-03-02T07:00:01.859Z, Context: {"scheduleEventId":2}, 
[2024-03-02 08:00] Type: scheduled, Device: MODULE_01, Output: 9, Status: done, Duration: 24 s, Send startWater at: 2024-03-02T07:00:01.859Z, Context: {"scheduleEventId":2}, 
[2024-03-02 10:00] Type: scheduled, Device: MODULE_01, Output: 3, Status: watering, Duration: 150 s, Send startWater at: 2024-03-02T09:00:01.384Z, Context: {"scheduleEventId":4}, 
[2024-03-02 10:02] Type: scheduled, Device: MODULE_01, Output: 3, Status: done, Duration: 150 s, Send startWater at: 2024-03-02T09:00:01.384Z, Context: {"scheduleEventId":4}, 
[2024-03-02 18:00] Type: scheduled, Device: MODULE_01, Output: 9, Status: watering, Duration: 24 s, Send startWater at: 2024-03-02T17:00:04.865Z, Context: {"scheduleEventId":2}, 
[2024-03-02 18:00] Type: scheduled, Device: MODULE_01, Output: 9, Status: done, Duration: 24 s, Send startWater at: 2024-03-02T17:00:04.865Z, Context: {"scheduleEventId":2}, 
[2024-03-02 18:12] Type: manual, Device: MODULE_02, Output: 2, Status: watering, Duration: 32 s, Send startWater at: Sat Mar 02 2024 18:12:14 GMT+0100 (Central European Standard Time), 
[2024-03-02 18:12] Type: manual, Device: MODULE_02, Output: 2, Status: done, Duration: 32 s, Send startWater at: Sat Mar 02 2024 18:12:14 GMT+0100 (Central European Standard Time), 
[2024-03-02 18:12] Type: manual, Device: MODULE_02, Output: 1, Status: watering, Duration: 16 s, Send startWater at: Sat Mar 02 2024 18:12:44 GMT+0100 (Central European Standard Time), 
[2024-03-02 18:13] Type: manual, Device: MODULE_02, Output: 1, Status: done, Duration: 16 s, Send startWater at: Sat Mar 02 2024 18:12:44 GMT+0100 (Central European Standard Time), 
[2024-03-02 18:13] Type: manual, Device: MODULE_02, Output: 1, Status: watering, Duration: 16 s, Send startWater at: Sat Mar 02 2024 18:13:12 GMT+0100 (Central European Standard Time), 
[2024-03-02 18:13] Type: manual, Device: MODULE_02, Output: 1, Status: done, Duration: 16 s, Send startWater at: Sat Mar 02 2024 18:13:12 GMT+0100 (Central European Standard Time), 
[2024-03-02 18:13] Type: manual, Device: MODULE_02, Output: 1, Status: watering, Duration: 16 s, Send startWater at: Sat Mar 02 2024 18:13:36 GMT+0100 (Central European Standard Time), 
[2024-03-02 18:13] Type: manual, Device: MODULE_02, Output: 1, Status: done, Duration: 16 s, Send startWater at: Sat Mar 02 2024 18:13:36 GMT+0100 (Central European Standard Time), 
[2024-03-02 18:14] Type: manual, Device: MODULE_02, Output: 1, Status: watering, Duration: 16 s, Send startWater at: Sat Mar 02 2024 18:14:11 GMT+0100 (Central European Standard Time), 
[2024-03-02 18:14] Type: manual, Device: MODULE_02, Output: 1, Status: stopped, 
[2024-03-02 19:04] Type: manual, Device: MODULE_02, Output: 2, Status: watering, Duration: 32 s, Send startWater at: Sat Mar 02 2024 19:04:18 GMT+0100 (Central European Standard Time), 
[2024-03-02 19:04] Type: manual, Device: MODULE_02, Output: 2, Status: done, Duration: 32 s, Send startWater at: Sat Mar 02 2024 19:04:18 GMT+0100 (Central European Standard Time), 
[2024-03-02 19:04] Type: manual, Device: MODULE_02, Output: 1, Status: watering, Duration: 16 s, Send startWater at: Sat Mar 02 2024 19:04:19 GMT+0100 (Central European Standard Time), 
[2024-03-02 19:05] Type: manual, Device: MODULE_02, Output: 1, Status: done, Duration: 16 s, Send startWater at: Sat Mar 02 2024 19:04:19 GMT+0100 (Central European Standard Time), 
