[2024-10-23 08:00] Type: scheduled, Device: MODULE_01, Output: 1, Status: watering, Duration: 200 s, Send startWater at: 2024-10-23T06:00:01.550Z, Context: {"scheduleEventId":1}, 
[2024-10-23 08:03] Type: scheduled, Device: MODULE_01, Output: 1, Status: done, Duration: 200 s, Send startWater at: 2024-10-23T06:00:01.550Z, Context: {"scheduleEventId":1}, 
[2024-10-23 08:03] Type: scheduled, Device: MODULE_01, Output: 9, Status: watering, Duration: 160 s, Send startWater at: 2024-10-23T06:00:01.550Z, Context: {"scheduleEventId":2}, 
[2024-10-23 08:06] Type: scheduled, Device: MODULE_01, Output: 9, Status: done, Duration: 160 s, Send startWater at: 2024-10-23T06:00:01.550Z, Context: {"scheduleEventId":2}, 
[2024-10-23 08:06] Type: scheduled, Device: MODULE_01, Output: 6, Status: watering, Duration: 160 s, Send startWater at: 2024-10-23T06:00:01.551Z, Context: {"scheduleEventId":7}, 
[2024-10-23 08:08] Type: scheduled, Device: MODULE_01, Output: 6, Status: done, Duration: 160 s, Send startWater at: 2024-10-23T06:00:01.551Z, Context: {"scheduleEventId":7}, 
[2024-10-23 08:08] Type: scheduled, Device: MODULE_01, Output: 2, Status: watering, Duration: 200 s, Send startWater at: 2024-10-23T06:00:01.551Z, Context: {"scheduleEventId":11}, 
[2024-10-23 08:12] Type: scheduled, Device: MODULE_01, Output: 2, Status: done, Duration: 200 s, Send startWater at: 2024-10-23T06:00:01.551Z, Context: {"scheduleEventId":11}, 
[2024-10-23 09:00] Type: scheduled, Device: MODULE_01, Output: 8, Status: watering, Duration: 240 s, Send startWater at: 2024-10-23T07:00:03.784Z, Context: {"scheduleEventId":3}, 
[2024-10-23 09:04] Type: scheduled, Device: MODULE_01, Output: 8, Status: done, Duration: 240 s, Send startWater at: 2024-10-23T07:00:03.784Z, Context: {"scheduleEventId":3}, 
[2024-10-23 09:04] Type: scheduled, Device: MODULE_01, Output: 4, Status: watering, Duration: 160 s, Send startWater at: 2024-10-23T07:00:03.784Z, Context: {"scheduleEventId":5}, 
[2024-10-23 09:06] Type: scheduled, Device: MODULE_01, Output: 4, Status: done, Duration: 160 s, Send startWater at: 2024-10-23T07:00:03.784Z, Context: {"scheduleEventId":5}, 
[2024-10-23 10:00] Type: scheduled, Device: MODULE_01, Output: 3, Status: watering, Duration: 16 s, Send startWater at: 2024-10-23T08:00:00.902Z, Context: {"scheduleEventId":4}, 
[2024-10-23 10:00] Type: scheduled, Device: MODULE_01, Output: 3, Status: done, Duration: 16 s, Send startWater at: 2024-10-23T08:00:00.902Z, Context: {"scheduleEventId":4}, 
[2024-10-23 10:29] Type: manual, Device: MODULE_00, Output: 3, Status: watering, Duration: 25 s, Send startWater at: Wed Oct 23 2024 10:29:48 GMT+0200 (Central European Summer Time), 
[2024-10-23 10:30] Type: manual, Device: MODULE_00, Output: 3, Status: done, Duration: 25 s, Send startWater at: Wed Oct 23 2024 10:29:48 GMT+0200 (Central European Summer Time), 
[2024-10-23 10:30] Type: manual, Device: MODULE_00, Output: 3, Status: watering, Duration: 25 s, Send startWater at: Wed Oct 23 2024 10:30:44 GMT+0200 (Central European Summer Time), 
[2024-10-23 10:31] Type: manual, Device: MODULE_00, Output: 3, Status: done, Duration: 25 s, Send startWater at: Wed Oct 23 2024 10:30:44 GMT+0200 (Central European Summer Time), 
[2024-10-23 17:20] Type: manual, Device: MODULE_01, Output: 4, Status: watering, Duration: 40 s, Send startWater at: Wed Oct 23 2024 17:20:25 GMT+0200 (Central European Summer Time), 
[2024-10-23 17:20] Type: manual, Device: MODULE_01, Output: 4, Status: stopped, 
[2024-10-23 18:15] Type: scheduled, Device: MODULE_00, Output: 4, Status: watering, Duration: 75 s, Send startWater at: 2024-10-23T16:15:04.094Z, Context: {"scheduleEventId":14}, 
[2024-10-23 18:16] Type: scheduled, Device: MODULE_00, Output: 4, Status: done, Duration: 75 s, Send startWater at: 2024-10-23T16:15:04.094Z, Context: {"scheduleEventId":14}, 
[2024-10-23 18:20] Type: scheduled, Device: MODULE_00, Output: 6, Status: watering, Duration: 25 s, Send startWater at: 2024-10-23T16:20:04.253Z, Context: {"scheduleEventId":15}, 
[2024-10-23 18:20] Type: scheduled, Device: MODULE_00, Output: 6, Status: done, Duration: 25 s, Send startWater at: 2024-10-23T16:20:04.253Z, Context: {"scheduleEventId":15}, 
[2024-10-23 20:00] Type: scheduled, Device: MODULE_01, Output: 7, Status: watering, Duration: 240 s, Send startWater at: 2024-10-23T18:00:03.085Z, Context: {"scheduleEventId":12}, 
[2024-10-23 20:04] Type: scheduled, Device: MODULE_01, Output: 7, Status: done, Duration: 240 s, Send startWater at: 2024-10-23T18:00:03.085Z, Context: {"scheduleEventId":12}, 
