[2024-06-02 07:00] Type: scheduled, Device: MODULE_00, Output: 3, Status: watering, Duration: 40 s, Send startWater at: 2024-06-02T05:00:03.472Z, Context: {"scheduleEventId":9}, 
[2024-06-02 07:00] Type: scheduled, Device: MODULE_00, Output: 3, Status: done, Duration: 40 s, Send startWater at: 2024-06-02T05:00:03.472Z, Context: {"scheduleEventId":9}, 
[2024-06-02 09:00] Type: scheduled, Device: MODULE_00, Output: 4, Status: watering, Duration: 20 s, Send startWater at: 2024-06-02T07:00:02.769Z, Context: {"scheduleEventId":10}, 
[2024-06-02 09:00] Type: scheduled, Device: MODULE_00, Output: 4, Status: done, Duration: 20 s, Send startWater at: 2024-06-02T07:00:02.769Z, Context: {"scheduleEventId":10}, 
[2024-06-02 10:05] Type: scheduled, Device: MODULE_00, Output: 5, Status: watering, Duration: 10 s, Send startWater at: 2024-06-02T08:05:00.230Z, Context: {"scheduleEventId":8}, 
[2024-06-02 10:05] Type: scheduled, Device: MODULE_00, Output: 5, Status: done, Duration: 10 s, Send startWater at: 2024-06-02T08:05:00.230Z, Context: {"scheduleEventId":8}, 
[2024-06-02 12:00] Type: scheduled, Device: MODULE_00, Output: 3, Status: watering, Duration: 25 s, Send startWater at: 2024-06-02T10:00:04.392Z, Context: {"scheduleEventId":9}, 
[2024-06-02 12:00] Type: scheduled, Device: MODULE_00, Output: 3, Status: done, Duration: 25 s, Send startWater at: 2024-06-02T10:00:04.392Z, Context: {"scheduleEventId":9}, 
[2024-06-02 12:56] Type: manual, Device: MODULE_00, Output: 5, Status: watering, Duration: 25 s, Send startWater at: Sun Jun 02 2024 12:56:51 GMT+0200 (Central European Summer Time), 
[2024-06-02 12:57] Type: manual, Device: MODULE_00, Output: 5, Status: stopped, 
[2024-06-02 12:57] Type: manual, Device: MODULE_00, Output: 4, Status: watering, Duration: 25 s, Send startWater at: Sun Jun 02 2024 12:57:20 GMT+0200 (Central European Summer Time), 
[2024-06-02 12:57] Type: manual, Device: MODULE_00, Output: 4, Status: done, Duration: 25 s, Send startWater at: Sun Jun 02 2024 12:57:20 GMT+0200 (Central European Summer Time), 
[2024-06-02 15:31] Type: manual, Device: MODULE_00, Output: 7, Status: watering, Duration: 50 s, Send startWater at: Sun Jun 02 2024 15:31:05 GMT+0200 (Central European Summer Time), 
[2024-06-02 15:31] Type: manual, Device: MODULE_00, Output: 7, Status: stopped, 
[2024-06-02 15:31] Type: manual, Device: MODULE_00, Output: 6, Status: watering, Duration: 50 s, Send startWater at: Sun Jun 02 2024 15:31:22 GMT+0200 (Central European Summer Time), 
[2024-06-02 15:31] Type: manual, Device: MODULE_00, Output: 6, Status: stopped, 
[2024-06-02 15:31] Type: manual, Device: MODULE_00, Output: 6, Status: watering, Duration: 50 s, Send startWater at: Sun Jun 02 2024 15:31:31 GMT+0200 (Central European Summer Time), 
[2024-06-02 15:31] Type: manual, Device: MODULE_00, Output: 6, Status: stopped, 
[2024-06-02 15:32] Type: manual, Device: MODULE_00, Output: 7, Status: watering, Duration: 50 s, Send startWater at: Sun Jun 02 2024 15:32:30 GMT+0200 (Central European Summer Time), 
[2024-06-02 15:33] Type: manual, Device: MODULE_00, Output: 7, Status: done, Duration: 50 s, Send startWater at: Sun Jun 02 2024 15:32:30 GMT+0200 (Central European Summer Time), 
[2024-06-02 15:44] Type: manual, Device: MODULE_00, Output: 7, Status: watering, Duration: 50 s, Send startWater at: Sun Jun 02 2024 15:44:46 GMT+0200 (Central European Summer Time), 
[2024-06-02 15:44] Type: manual, Device: MODULE_00, Output: 7, Status: stopped, 
[2024-06-02 15:45] Type: manual, Device: MODULE_00, Output: 3, Status: watering, Duration: 25 s, Send startWater at: Sun Jun 02 2024 15:45:13 GMT+0200 (Central European Summer Time), 
[2024-06-02 15:45] Type: manual, Device: MODULE_00, Output: 3, Status: stopped, 
[2024-06-02 18:00] Type: scheduled, Device: MODULE_00, Output: 3, Status: watering, Duration: 25 s, Send startWater at: 2024-06-02T16:00:02.535Z, Context: {"scheduleEventId":9}, 
[2024-06-02 18:00] Type: scheduled, Device: MODULE_00, Output: 3, Status: done, Duration: 25 s, Send startWater at: 2024-06-02T16:00:02.535Z, Context: {"scheduleEventId":9}, 
[2024-06-02 20:00] Type: scheduled, Device: MODULE_01, Output: 7, Status: watering, Duration: 200 s, Send startWater at: 2024-06-02T18:00:01.908Z, Context: {"scheduleEventId":12}, 
[2024-06-02 20:03] Type: scheduled, Device: MODULE_01, Output: 7, Status: done, Duration: 200 s, Send startWater at: 2024-06-02T18:00:01.908Z, Context: {"scheduleEventId":12}, 
[2024-06-02 20:41] Type: manual, Device: MODULE_01, Output: 4, Status: watering, Duration: 40 s, Send startWater at: Sun Jun 02 2024 20:41:12 GMT+0200 (Central European Summer Time), 
[2024-06-02 20:41] Type: manual, Device: MODULE_01, Output: 4, Status: stopped, 
[2024-06-02 20:41] Type: manual, Device: MODULE_01, Output: 4, Status: watering, Duration: 240 s, Send startWater at: Sun Jun 02 2024 20:41:51 GMT+0200 (Central European Summer Time), 
[2024-06-02 20:45] Type: manual, Device: MODULE_01, Output: 4, Status: done, Duration: 240 s, Send startWater at: Sun Jun 02 2024 20:41:51 GMT+0200 (Central European Summer Time), 
[2024-06-02 20:45] Type: manual, Device: MODULE_01, Output: 2, Status: watering, Duration: 80 s, Send startWater at: Sun Jun 02 2024 20:42:52 GMT+0200 (Central European Summer Time), 
[2024-06-02 20:47] Type: manual, Device: MODULE_01, Output: 2, Status: done, Duration: 80 s, Send startWater at: Sun Jun 02 2024 20:42:52 GMT+0200 (Central European Summer Time), 
[2024-06-02 21:00] Type: scheduled, Device: MODULE_00, Output: 7, Status: watering, Duration: 75 s, Send startWater at: 2024-06-02T19:00:04.293Z, Context: {"scheduleEventId":14}, 
[2024-06-02 21:01] Type: scheduled, Device: MODULE_00, Output: 7, Status: done, Duration: 75 s, Send startWater at: 2024-06-02T19:00:04.293Z, Context: {"scheduleEventId":14}, 
[2024-06-02 21:28] Type: online, Device: MODULE_00, Output: 3, Status: watering, Duration: 25 s, Send startWater at: Sun Jun 02 2024 21:28:37 GMT+0200 (Central European Summer Time), Context: {"onlineMessageAction":"START_WATER","onlineMessageId":63,"volume":50,"action":"startWater"}, 
[2024-06-02 21:28] Type: online, Device: MODULE_00, Output: 3, Status: stopped, Context: {"onlineMessageAction":"STOP_WATER","onlineMessageId":64,"action":"stopWater"}, 
