[2024-01-09 10:23] Type: manual, Device: MODULE_01, Output: 1, Status: watering, Duration: 10 s, Send startWater at: Tue Jan 09 2024 10:23:11 GMT+0100 (Central European Standard Time), 
[2024-01-09 10:23] Type: manual, Device: MODULE_01, Output: 1, Status: stopped, 
[2024-01-09 10:23] Type: manual, Device: MODULE_01, Output: 2, Status: watering, Duration: 10 s, Send startWater at: Tue Jan 09 2024 10:23:16 GMT+0100 (Central European Standard Time), 
[2024-01-09 10:23] Type: manual, Device: MODULE_01, Output: 2, Status: stopped, 
[2024-01-09 10:23] Type: manual, Device: MODULE_01, Output: 2, Status: watering, Duration: 10 s, Send startWater at: Tue Jan 09 2024 10:23:22 GMT+0100 (Central European Standard Time), 
[2024-01-09 10:23] Type: manual, Device: MODULE_01, Output: 2, Status: stopped, 
[2024-01-09 10:23] Type: manual, Device: MODULE_01, Output: 1, Status: watering, Duration: 10 s, Send startWater at: Tue Jan 09 2024 10:23:24 GMT+0100 (Central European Standard Time), 
[2024-01-09 10:23] Type: manual, Device: MODULE_01, Output: 1, Status: stopped, 
[2024-01-09 10:23] Type: manual, Device: MODULE_01, Output: 3, Status: watering, Duration: 10 s, Send startWater at: Tue Jan 09 2024 10:23:26 GMT+0100 (Central European Standard Time), 
[2024-01-09 10:23] Type: manual, Device: MODULE_01, Output: 3, Status: stopped, 
[2024-01-09 10:23] Type: manual, Device: MODULE_01, Output: 2, Status: watering, Duration: 10 s, Send startWater at: Tue Jan 09 2024 10:23:28 GMT+0100 (Central European Standard Time), 
[2024-01-09 10:23] Type: manual, Device: MODULE_01, Output: 2, Status: stopped, 
[2024-01-09 10:23] Type: manual, Device: MODULE_01, Output: 2, Status: watering, Duration: 10 s, Send startWater at: Tue Jan 09 2024 10:23:34 GMT+0100 (Central European Standard Time), 
[2024-01-09 10:23] Type: manual, Device: MODULE_01, Output: 2, Status: stopped, 
[2024-01-09 10:23] Type: manual, Device: MODULE_01, Output: 2, Status: watering, Duration: 10 s, Send startWater at: Tue Jan 09 2024 10:23:42 GMT+0100 (Central European Standard Time), 
[2024-01-09 10:23] Type: manual, Device: MODULE_01, Output: 2, Status: stopped, 
[2024-01-09 10:23] Type: manual, Device: MODULE_01, Output: 3, Status: watering, Duration: 10 s, Send startWater at: Tue Jan 09 2024 10:23:46 GMT+0100 (Central European Standard Time), 
[2024-01-09 10:23] Type: manual, Device: MODULE_01, Output: 3, Status: stopped, 
[2024-01-09 10:23] Type: manual, Device: MODULE_01, Output: 4, Status: watering, Duration: 10 s, Send startWater at: Tue Jan 09 2024 10:23:50 GMT+0100 (Central European Standard Time), 
[2024-01-09 10:23] Type: manual, Device: MODULE_01, Output: 4, Status: stopped, 
[2024-01-09 10:23] Type: manual, Device: MODULE_01, Output: 5, Status: watering, Duration: 10 s, Send startWater at: Tue Jan 09 2024 10:23:54 GMT+0100 (Central European Standard Time), 
[2024-01-09 10:23] Type: manual, Device: MODULE_01, Output: 5, Status: stopped, 
[2024-01-09 10:37] Type: manual, Device: MODULE_01, Output: 1, Status: watering, Duration: 10 s, Send startWater at: Tue Jan 09 2024 10:37:18 GMT+0100 (Central European Standard Time), 
[2024-01-09 10:37] Type: manual, Device: MODULE_01, Output: 1, Status: done, Duration: 10 s, Send startWater at: Tue Jan 09 2024 10:37:18 GMT+0100 (Central European Standard Time), 
[2024-01-09 10:37] Type: manual, Device: MODULE_01, Output: 1, Status: watering, Duration: 10 s, Send startWater at: Tue Jan 09 2024 10:37:44 GMT+0100 (Central European Standard Time), 
[2024-01-09 10:37] Type: manual, Device: MODULE_01, Output: 1, Status: done, Duration: 10 s, Send startWater at: Tue Jan 09 2024 10:37:44 GMT+0100 (Central European Standard Time), 
[2024-01-09 10:38] Type: manual, Device: MODULE_01, Output: 1, Status: watering, Duration: 10 s, Send startWater at: Tue Jan 09 2024 10:38:10 GMT+0100 (Central European Standard Time), 
[2024-01-09 10:38] Type: manual, Device: MODULE_01, Output: 1, Status: done, Duration: 10 s, Send startWater at: Tue Jan 09 2024 10:38:10 GMT+0100 (Central European Standard Time), 
[2024-01-09 10:38] Type: manual, Device: MODULE_01, Output: 2, Status: watering, Duration: 10 s, Send startWater at: Tue Jan 09 2024 10:38:58 GMT+0100 (Central European Standard Time), 
[2024-01-09 10:39] Type: manual, Device: MODULE_01, Output: 2, Status: stopped, 
[2024-01-09 10:39] Type: manual, Device: MODULE_01, Output: 3, Status: watering, Duration: 10 s, Send startWater at: Tue Jan 09 2024 10:39:01 GMT+0100 (Central European Standard Time), 
[2024-01-09 10:39] Type: manual, Device: MODULE_01, Output: 3, Status: stopped, 
[2024-01-09 10:39] Type: manual, Device: MODULE_01, Output: 4, Status: watering, Duration: 10 s, Send startWater at: Tue Jan 09 2024 10:39:03 GMT+0100 (Central European Standard Time), 
[2024-01-09 10:39] Type: manual, Device: MODULE_01, Output: 4, Status: stopped, 
[2024-01-09 10:39] Type: manual, Device: MODULE_01, Output: 5, Status: watering, Duration: 10 s, Send startWater at: Tue Jan 09 2024 10:39:21 GMT+0100 (Central European Standard Time), 
[2024-01-09 10:39] Type: manual, Device: MODULE_01, Output: 5, Status: stopped, 
[2024-01-09 10:39] Type: manual, Device: MODULE_01, Output: 6, Status: watering, Duration: 10 s, Send startWater at: Tue Jan 09 2024 10:39:25 GMT+0100 (Central European Standard Time), 
[2024-01-09 10:39] Type: manual, Device: MODULE_01, Output: 6, Status: stopped, 
[2024-01-09 10:39] Type: manual, Device: MODULE_01, Output: 8, Status: watering, Duration: 10 s, Send startWater at: Tue Jan 09 2024 10:39:28 GMT+0100 (Central European Standard Time), 
[2024-01-09 10:39] Type: manual, Device: MODULE_01, Output: 8, Status: stopped, 
[2024-01-09 10:39] Type: manual, Device: MODULE_01, Output: 9, Status: watering, Duration: 10 s, Send startWater at: Tue Jan 09 2024 10:39:31 GMT+0100 (Central European Standard Time), 
[2024-01-09 10:39] Type: manual, Device: MODULE_01, Output: 9, Status: stopped, 
[2024-01-09 10:39] Type: manual, Device: MODULE_01, Output: 10, Status: watering, Duration: 10 s, Send startWater at: Tue Jan 09 2024 10:39:35 GMT+0100 (Central European Standard Time), 
[2024-01-09 10:39] Type: manual, Device: MODULE_01, Output: 10, Status: stopped, 
[2024-01-09 10:39] Type: manual, Device: MODULE_01, Output: 2, Status: watering, Duration: 10 s, Send startWater at: Tue Jan 09 2024 10:39:40 GMT+0100 (Central European Standard Time), 
[2024-01-09 10:39] Type: manual, Device: MODULE_01, Output: 2, Status: stopped, 
[2024-01-09 10:39] Type: manual, Device: MODULE_01, Output: 2, Status: watering, Duration: 10 s, Send startWater at: Tue Jan 09 2024 10:39:58 GMT+0100 (Central European Standard Time), 
[2024-01-09 10:39] Type: manual, Device: MODULE_01, Output: 2, Status: stopped, 
[2024-01-09 10:40] Type: manual, Device: MODULE_01, Output: 2, Status: watering, Duration: 10 s, Send startWater at: Tue Jan 09 2024 10:40:08 GMT+0100 (Central European Standard Time), 
[2024-01-09 10:40] Type: manual, Device: MODULE_01, Output: 2, Status: stopped, 
[2024-01-09 10:40] Type: manual, Device: MODULE_01, Output: 2, Status: watering, Duration: 10 s, Send startWater at: Tue Jan 09 2024 10:40:12 GMT+0100 (Central European Standard Time), 
[2024-01-09 10:40] Type: manual, Device: MODULE_01, Output: 2, Status: stopped, 
[2024-01-09 10:40] Type: manual, Device: MODULE_01, Output: 2, Status: watering, Duration: 10 s, Send startWater at: Tue Jan 09 2024 10:40:15 GMT+0100 (Central European Standard Time), 
[2024-01-09 10:40] Type: manual, Device: MODULE_01, Output: 2, Status: stopped, 
[2024-01-09 10:40] Type: manual, Device: MODULE_01, Output: 1, Status: watering, Duration: 10 s, Send startWater at: Tue Jan 09 2024 10:40:16 GMT+0100 (Central European Standard Time), 
[2024-01-09 10:40] Type: manual, Device: MODULE_01, Output: 1, Status: stopped, 
[2024-01-09 10:40] Type: manual, Device: MODULE_01, Output: 1, Status: watering, Duration: 10 s, Send startWater at: Tue Jan 09 2024 10:40:19 GMT+0100 (Central European Standard Time), 
[2024-01-09 10:40] Type: manual, Device: MODULE_01, Output: 1, Status: stopped, 
[2024-01-09 10:40] Type: manual, Device: MODULE_01, Output: 3, Status: watering, Duration: 10 s, Send startWater at: Tue Jan 09 2024 10:40:22 GMT+0100 (Central European Standard Time), 
[2024-01-09 10:40] Type: manual, Device: MODULE_01, Output: 3, Status: stopped, 
[2024-01-09 10:40] Type: manual, Device: MODULE_01, Output: 3, Status: watering, Duration: 10 s, Send startWater at: Tue Jan 09 2024 10:40:50 GMT+0100 (Central European Standard Time), 
[2024-01-09 10:40] Type: manual, Device: MODULE_01, Output: 3, Status: stopped, 
[2024-01-09 10:41] Type: manual, Device: MODULE_01, Output: 2, Status: watering, Duration: 10 s, Send startWater at: Tue Jan 09 2024 10:41:16 GMT+0100 (Central European Standard Time), 
[2024-01-09 10:41] Type: manual, Device: MODULE_01, Output: 2, Status: stopped, 
[2024-01-09 10:41] Type: manual, Device: MODULE_01, Output: 2, Status: watering, Duration: 10 s, Send startWater at: Tue Jan 09 2024 10:41:41 GMT+0100 (Central European Standard Time), 
[2024-01-09 10:41] Type: manual, Device: MODULE_01, Output: 2, Status: stopped, 
[2024-01-09 10:41] Type: manual, Device: MODULE_01, Output: 3, Status: watering, Duration: 10 s, Send startWater at: Tue Jan 09 2024 10:41:43 GMT+0100 (Central European Standard Time), 
[2024-01-09 10:41] Type: manual, Device: MODULE_01, Output: 3, Status: stopped, 
[2024-01-09 10:53] Type: manual, Device: MODULE_01, Output: 1, Status: watering, Duration: 10 s, Send startWater at: Tue Jan 09 2024 10:53:34 GMT+0100 (Central European Standard Time), 
[2024-01-09 10:53] Type: manual, Device: MODULE_01, Output: 1, Status: done, Duration: 10 s, Send startWater at: Tue Jan 09 2024 10:53:34 GMT+0100 (Central European Standard Time), 
[2024-01-09 14:44] Type: manual, Device: MODULE_01, Output: 3, Status: watering, Duration: 10 s, Send startWater at: Tue Jan 09 2024 14:44:47 GMT+0100 (Central European Standard Time), 
[2024-01-09 14:44] Type: manual, Device: MODULE_01, Output: 3, Status: stopped, 
[2024-01-09 14:49] Type: manual, Device: MODULE_01, Output: 1, Status: watering, Duration: 10 s, Send startWater at: Tue Jan 09 2024 14:49:40 GMT+0100 (Central European Standard Time), 
[2024-01-09 14:49] Type: manual, Device: MODULE_01, Output: 1, Status: stopped, 
[2024-01-09 14:50] Type: manual, Device: MODULE_01, Output: 3, Status: watering, Duration: 10 s, Send startWater at: Tue Jan 09 2024 14:50:56 GMT+0100 (Central European Standard Time), 
[2024-01-09 14:51] Type: manual, Device: MODULE_01, Output: 3, Status: stopped, 
[2024-01-09 14:51] Type: manual, Device: MODULE_01, Output: 4, Status: watering, Duration: 10 s, Send startWater at: Tue Jan 09 2024 14:51:16 GMT+0100 (Central European Standard Time), 
[2024-01-09 14:51] Type: manual, Device: MODULE_01, Output: 4, Status: done, Duration: 10 s, Send startWater at: Tue Jan 09 2024 14:51:16 GMT+0100 (Central European Standard Time), 
[2024-01-09 14:51] Type: manual, Device: MODULE_01, Output: 4, Status: watering, Duration: 10 s, Send startWater at: Tue Jan 09 2024 14:51:28 GMT+0100 (Central European Standard Time), 
[2024-01-09 14:51] Type: manual, Device: MODULE_01, Output: 4, Status: stopped, 
[2024-01-09 14:52] Type: manual, Device: MODULE_01, Output: 5, Status: watering, Duration: 10 s, Send startWater at: Tue Jan 09 2024 14:52:45 GMT+0100 (Central European Standard Time), 
[2024-01-09 14:52] Type: manual, Device: MODULE_01, Output: 5, Status: stopped, 
[2024-01-09 14:54] Type: manual, Device: MODULE_01, Output: 6, Status: watering, Duration: 10 s, Send startWater at: Tue Jan 09 2024 14:54:55 GMT+0100 (Central European Standard Time), 
[2024-01-09 14:55] Type: manual, Device: MODULE_01, Output: 6, Status: stopped, 
[2024-01-09 14:55] Type: manual, Device: MODULE_01, Output: 6, Status: watering, Duration: 10 s, Send startWater at: Tue Jan 09 2024 14:55:14 GMT+0100 (Central European Standard Time), 
[2024-01-09 14:55] Type: manual, Device: MODULE_01, Output: 6, Status: stopped, 
[2024-01-09 14:56] Type: manual, Device: MODULE_01, Output: 6, Status: watering, Duration: 10 s, Send startWater at: Tue Jan 09 2024 14:56:45 GMT+0100 (Central European Standard Time), 
[2024-01-09 14:56] Type: manual, Device: MODULE_01, Output: 6, Status: stopped, 
[2024-01-09 14:56] Type: manual, Device: MODULE_01, Output: 7, Status: watering, Duration: 10 s, Send startWater at: Tue Jan 09 2024 14:56:55 GMT+0100 (Central European Standard Time), 
[2024-01-09 14:57] Type: manual, Device: MODULE_01, Output: 7, Status: done, Duration: 10 s, Send startWater at: Tue Jan 09 2024 14:56:55 GMT+0100 (Central European Standard Time), 
[2024-01-09 14:57] Type: manual, Device: MODULE_01, Output: 7, Status: watering, Duration: 10 s, Send startWater at: Tue Jan 09 2024 14:57:17 GMT+0100 (Central European Standard Time), 
[2024-01-09 14:57] Type: manual, Device: MODULE_01, Output: 7, Status: stopped, 
[2024-01-09 14:57] Type: manual, Device: MODULE_01, Output: 7, Status: watering, Duration: 10 s, Send startWater at: Tue Jan 09 2024 14:57:30 GMT+0100 (Central European Standard Time), 
[2024-01-09 14:57] Type: manual, Device: MODULE_01, Output: 7, Status: stopped, 
[2024-01-09 14:57] Type: manual, Device: MODULE_01, Output: 7, Status: watering, Duration: 10 s, Send startWater at: Tue Jan 09 2024 14:57:33 GMT+0100 (Central European Standard Time), 
[2024-01-09 14:57] Type: manual, Device: MODULE_01, Output: 7, Status: stopped, 
[2024-01-09 14:57] Type: manual, Device: MODULE_01, Output: 8, Status: watering, Duration: 10 s, Send startWater at: Tue Jan 09 2024 14:57:55 GMT+0100 (Central European Standard Time), 
[2024-01-09 14:57] Type: manual, Device: MODULE_01, Output: 8, Status: stopped, 
[2024-01-09 14:57] Type: manual, Device: MODULE_01, Output: 8, Status: watering, Duration: 10 s, Send startWater at: Tue Jan 09 2024 14:57:59 GMT+0100 (Central European Standard Time), 
[2024-01-09 14:58] Type: manual, Device: MODULE_01, Output: 8, Status: stopped, 
[2024-01-09 14:58] Type: manual, Device: MODULE_01, Output: 8, Status: watering, Duration: 10 s, Send startWater at: Tue Jan 09 2024 14:58:08 GMT+0100 (Central European Standard Time), 
[2024-01-09 14:58] Type: manual, Device: MODULE_01, Output: 8, Status: stopped, 
[2024-01-09 14:58] Type: manual, Device: MODULE_01, Output: 8, Status: watering, Duration: 10 s, Send startWater at: Tue Jan 09 2024 14:58:10 GMT+0100 (Central European Standard Time), 
[2024-01-09 14:58] Type: manual, Device: MODULE_01, Output: 8, Status: stopped, 
[2024-01-09 14:58] Type: manual, Device: MODULE_01, Output: 8, Status: watering, Duration: 10 s, Send startWater at: Tue Jan 09 2024 14:58:13 GMT+0100 (Central European Standard Time), 
[2024-01-09 14:58] Type: manual, Device: MODULE_01, Output: 8, Status: stopped, 
[2024-01-09 14:58] Type: manual, Device: MODULE_01, Output: 7, Status: watering, Duration: 10 s, Send startWater at: Tue Jan 09 2024 14:58:51 GMT+0100 (Central European Standard Time), 
[2024-01-09 14:58] Type: manual, Device: MODULE_01, Output: 7, Status: stopped, 
[2024-01-09 14:59] Type: manual, Device: MODULE_01, Output: 7, Status: watering, Duration: 10 s, Send startWater at: Tue Jan 09 2024 14:59:12 GMT+0100 (Central European Standard Time), 
[2024-01-09 14:59] Type: manual, Device: MODULE_01, Output: 7, Status: stopped, 
[2024-01-09 15:01] Type: manual, Device: MODULE_01, Output: 7, Status: watering, Duration: 10 s, Send startWater at: Tue Jan 09 2024 15:01:15 GMT+0100 (Central European Standard Time), 
[2024-01-09 15:01] Type: manual, Device: MODULE_01, Output: 7, Status: stopped, 
[2024-01-09 15:01] Type: manual, Device: MODULE_01, Output: 7, Status: watering, Duration: 10 s, Send startWater at: Tue Jan 09 2024 15:01:37 GMT+0100 (Central European Standard Time), 
[2024-01-09 15:01] Type: manual, Device: MODULE_01, Output: 7, Status: stopped, 
[2024-01-09 15:02] Type: manual, Device: MODULE_01, Output: 6, Status: watering, Duration: 10 s, Send startWater at: Tue Jan 09 2024 15:02:01 GMT+0100 (Central European Standard Time), 
[2024-01-09 15:02] Type: manual, Device: MODULE_01, Output: 6, Status: stopped, 
[2024-01-09 15:02] Type: manual, Device: MODULE_01, Output: 6, Status: watering, Duration: 10 s, Send startWater at: Tue Jan 09 2024 15:02:06 GMT+0100 (Central European Standard Time), 
[2024-01-09 15:02] Type: manual, Device: MODULE_01, Output: 6, Status: stopped, 
[2024-01-09 15:02] Type: manual, Device: MODULE_01, Output: 6, Status: watering, Duration: 10 s, Send startWater at: Tue Jan 09 2024 15:02:21 GMT+0100 (Central European Standard Time), 
[2024-01-09 15:02] Type: manual, Device: MODULE_01, Output: 6, Status: stopped, 
[2024-01-09 15:02] Type: manual, Device: MODULE_01, Output: 7, Status: watering, Duration: 10 s, Send startWater at: Tue Jan 09 2024 15:02:29 GMT+0100 (Central European Standard Time), 
[2024-01-09 15:02] Type: manual, Device: MODULE_01, Output: 7, Status: stopped, 
[2024-01-09 15:02] Type: manual, Device: MODULE_01, Output: 7, Status: watering, Duration: 10 s, Send startWater at: Tue Jan 09 2024 15:02:44 GMT+0100 (Central European Standard Time), 
[2024-01-09 15:02] Type: manual, Device: MODULE_01, Output: 7, Status: stopped, 
[2024-01-09 15:02] Type: manual, Device: MODULE_01, Output: 6, Status: watering, Duration: 10 s, Send startWater at: Tue Jan 09 2024 15:02:50 GMT+0100 (Central European Standard Time), 
[2024-01-09 15:02] Type: manual, Device: MODULE_01, Output: 6, Status: stopped, 
[2024-01-09 15:02] Type: manual, Device: MODULE_01, Output: 7, Status: watering, Duration: 10 s, Send startWater at: Tue Jan 09 2024 15:02:58 GMT+0100 (Central European Standard Time), 
[2024-01-09 15:03] Type: manual, Device: MODULE_01, Output: 7, Status: stopped, 
[2024-01-09 15:03] Type: manual, Device: MODULE_01, Output: 6, Status: watering, Duration: 10 s, Send startWater at: Tue Jan 09 2024 15:03:03 GMT+0100 (Central European Standard Time), 
[2024-01-09 15:03] Type: manual, Device: MODULE_01, Output: 6, Status: stopped, 
[2024-01-09 15:03] Type: manual, Device: MODULE_01, Output: 8, Status: watering, Duration: 10 s, Send startWater at: Tue Jan 09 2024 15:03:14 GMT+0100 (Central European Standard Time), 
[2024-01-09 15:03] Type: manual, Device: MODULE_01, Output: 8, Status: stopped, 
[2024-01-09 15:03] Type: manual, Device: MODULE_01, Output: 8, Status: watering, Duration: 10 s, Send startWater at: Tue Jan 09 2024 15:03:20 GMT+0100 (Central European Standard Time), 
[2024-01-09 15:03] Type: manual, Device: MODULE_01, Output: 8, Status: stopped, 
[2024-01-09 15:03] Type: manual, Device: MODULE_01, Output: 9, Status: watering, Duration: 10 s, Send startWater at: Tue Jan 09 2024 15:03:27 GMT+0100 (Central European Standard Time), 
[2024-01-09 15:03] Type: manual, Device: MODULE_01, Output: 9, Status: stopped, 
[2024-01-09 15:03] Type: manual, Device: MODULE_01, Output: 10, Status: watering, Duration: 10 s, Send startWater at: Tue Jan 09 2024 15:03:29 GMT+0100 (Central European Standard Time), 
[2024-01-09 15:03] Type: manual, Device: MODULE_01, Output: 10, Status: stopped, 
[2024-01-09 15:03] Type: manual, Device: MODULE_01, Output: 8, Status: watering, Duration: 10 s, Send startWater at: Tue Jan 09 2024 15:03:34 GMT+0100 (Central European Standard Time), 
[2024-01-09 15:03] Type: manual, Device: MODULE_01, Output: 8, Status: stopped, 
[2024-01-09 15:04] Type: manual, Device: MODULE_01, Output: 7, Status: watering, Duration: 10 s, Send startWater at: Tue Jan 09 2024 15:04:57 GMT+0100 (Central European Standard Time), 
[2024-01-09 15:05] Type: manual, Device: MODULE_01, Output: 7, Status: stopped, 
[2024-01-09 15:05] Type: manual, Device: MODULE_01, Output: 7, Status: watering, Duration: 10 s, Send startWater at: Tue Jan 09 2024 15:05:12 GMT+0100 (Central European Standard Time), 
[2024-01-09 15:05] Type: manual, Device: MODULE_01, Output: 7, Status: stopped, 
[2024-01-09 15:05] Type: manual, Device: MODULE_01, Output: 7, Status: watering, Duration: 10 s, Send startWater at: Tue Jan 09 2024 15:05:21 GMT+0100 (Central European Standard Time), 
[2024-01-09 15:05] Type: manual, Device: MODULE_01, Output: 7, Status: stopped, 
[2024-01-09 15:05] Type: manual, Device: MODULE_01, Output: 6, Status: watering, Duration: 10 s, Send startWater at: Tue Jan 09 2024 15:05:25 GMT+0100 (Central European Standard Time), 
[2024-01-09 15:05] Type: manual, Device: MODULE_01, Output: 6, Status: stopped, 
[2024-01-09 15:05] Type: manual, Device: MODULE_01, Output: 6, Status: watering, Duration: 10 s, Send startWater at: Tue Jan 09 2024 15:05:40 GMT+0100 (Central European Standard Time), 
[2024-01-09 15:05] Type: manual, Device: MODULE_01, Output: 6, Status: stopped, 
[2024-01-09 15:06] Type: manual, Device: MODULE_01, Output: 6, Status: watering, Duration: 10 s, Send startWater at: Tue Jan 09 2024 15:06:20 GMT+0100 (Central European Standard Time), 
[2024-01-09 15:06] Type: manual, Device: MODULE_01, Output: 6, Status: stopped, 
[2024-01-09 15:06] Type: manual, Device: MODULE_01, Output: 7, Status: watering, Duration: 10 s, Send startWater at: Tue Jan 09 2024 15:06:24 GMT+0100 (Central European Standard Time), 
[2024-01-09 15:06] Type: manual, Device: MODULE_01, Output: 7, Status: stopped, 
[2024-01-09 15:06] Type: manual, Device: MODULE_01, Output: 7, Status: watering, Duration: 10 s, Send startWater at: Tue Jan 09 2024 15:06:36 GMT+0100 (Central European Standard Time), 
[2024-01-09 15:06] Type: manual, Device: MODULE_01, Output: 7, Status: stopped, 
[2024-01-09 15:06] Type: manual, Device: MODULE_01, Output: 7, Status: watering, Duration: 10 s, Send startWater at: Tue Jan 09 2024 15:06:43 GMT+0100 (Central European Standard Time), 
[2024-01-09 15:06] Type: manual, Device: MODULE_01, Output: 7, Status: stopped, 
[2024-01-09 15:06] Type: manual, Device: MODULE_01, Output: 7, Status: watering, Duration: 10 s, Send startWater at: Tue Jan 09 2024 15:06:47 GMT+0100 (Central European Standard Time), 
[2024-01-09 15:06] Type: manual, Device: MODULE_01, Output: 7, Status: stopped, 
[2024-01-09 15:06] Type: manual, Device: MODULE_01, Output: 6, Status: watering, Duration: 10 s, Send startWater at: Tue Jan 09 2024 15:06:52 GMT+0100 (Central European Standard Time), 
[2024-01-09 15:06] Type: manual, Device: MODULE_01, Output: 6, Status: stopped, 
[2024-01-09 15:08] Type: manual, Device: MODULE_01, Output: 6, Status: watering, Duration: 10 s, Send startWater at: Tue Jan 09 2024 15:08:10 GMT+0100 (Central European Standard Time), 
[2024-01-09 15:08] Type: manual, Device: MODULE_01, Output: 6, Status: stopped, 
[2024-01-09 15:08] Type: manual, Device: MODULE_01, Output: 7, Status: watering, Duration: 10 s, Send startWater at: Tue Jan 09 2024 15:08:14 GMT+0100 (Central European Standard Time), 
[2024-01-09 15:08] Type: manual, Device: MODULE_01, Output: 7, Status: stopped, 
[2024-01-09 15:09] Type: manual, Device: MODULE_01, Output: 8, Status: watering, Duration: 10 s, Send startWater at: Tue Jan 09 2024 15:09:07 GMT+0100 (Central European Standard Time), 
[2024-01-09 15:09] Type: manual, Device: MODULE_01, Output: 8, Status: stopped, 
[2024-01-09 15:09] Type: manual, Device: MODULE_01, Output: 8, Status: watering, Duration: 10 s, Send startWater at: Tue Jan 09 2024 15:09:31 GMT+0100 (Central European Standard Time), 
[2024-01-09 15:09] Type: manual, Device: MODULE_01, Output: 8, Status: stopped, 
[2024-01-09 15:10] Type: manual, Device: MODULE_01, Output: 9, Status: watering, Duration: 10 s, Send startWater at: Tue Jan 09 2024 15:10:17 GMT+0100 (Central European Standard Time), 
[2024-01-09 15:10] Type: manual, Device: MODULE_01, Output: 9, Status: stopped, 
[2024-01-09 15:10] Type: manual, Device: MODULE_01, Output: 10, Status: watering, Duration: 10 s, Send startWater at: Tue Jan 09 2024 15:10:20 GMT+0100 (Central European Standard Time), 
[2024-01-09 15:10] Type: manual, Device: MODULE_01, Output: 10, Status: stopped, 
[2024-01-09 15:11] Type: manual, Device: MODULE_01, Output: 9, Status: watering, Duration: 10 s, Send startWater at: Tue Jan 09 2024 15:11:16 GMT+0100 (Central European Standard Time), 
[2024-01-09 15:11] Type: manual, Device: MODULE_01, Output: 9, Status: stopped, 
[2024-01-09 15:13] Type: online, Device: MODULE_01, Output: 9, Status: watering, Duration: 10 s, Send startWater at: Tue Jan 09 2024 15:13:50 GMT+0100 (Central European Standard Time), Context: {"onlineMessageAction":"START_WATER","onlineMessageId":310,"volume":10,"action":"startWater"}, 
[2024-01-09 15:13] Type: online, Device: MODULE_01, Output: 9, Status: stopped, Context: {"onlineMessageAction":"STOP_WATER","onlineMessageId":311,"action":"stopWater"}, 
[2024-01-09 15:15] Type: manual, Device: MODULE_01, Output: 2, Status: watering, Duration: 10 s, Send startWater at: Tue Jan 09 2024 15:15:10 GMT+0100 (Central European Standard Time), 
[2024-01-09 15:15] Type: manual, Device: MODULE_01, Output: 2, Status: stopped, 
[2024-01-09 15:15] Type: manual, Device: MODULE_01, Output: 7, Status: watering, Duration: 10 s, Send startWater at: Tue Jan 09 2024 15:15:23 GMT+0100 (Central European Standard Time), 
[2024-01-09 15:15] Type: manual, Device: MODULE_01, Output: 7, Status: stopped, 
[2024-01-09 15:15] Type: manual, Device: MODULE_01, Output: 7, Status: watering, Duration: 10 s, Send startWater at: Tue Jan 09 2024 15:15:30 GMT+0100 (Central European Standard Time), 
[2024-01-09 15:15] Type: manual, Device: MODULE_01, Output: 7, Status: stopped, 
[2024-01-09 15:15] Type: manual, Device: MODULE_01, Output: 7, Status: watering, Duration: 10 s, Send startWater at: Tue Jan 09 2024 15:15:49 GMT+0100 (Central European Standard Time), 
[2024-01-09 15:15] Type: manual, Device: MODULE_01, Output: 7, Status: stopped, 
[2024-01-09 15:15] Type: manual, Device: MODULE_01, Output: 10, Status: watering, Duration: 10 s, Send startWater at: Tue Jan 09 2024 15:15:55 GMT+0100 (Central European Standard Time), 
[2024-01-09 15:15] Type: manual, Device: MODULE_01, Output: 10, Status: stopped, 
[2024-01-09 17:15] Type: online, Device: MODULE_01, Output: 1, Status: watering, Duration: 10 s, Send startWater at: Tue Jan 09 2024 17:15:34 GMT+0100 (Central European Standard Time), Context: {"onlineMessageAction":"START_WATER","onlineMessageId":312,"volume":10,"action":"startWater"}, 
[2024-01-09 17:15] Type: online, Device: MODULE_01, Output: 1, Status: done, Duration: 10 s, Send startWater at: Tue Jan 09 2024 17:15:34 GMT+0100 (Central European Standard Time), Context: {"onlineMessageAction":"START_WATER","onlineMessageId":312,"volume":10,"action":"startWater"}, 
[2024-01-09 17:16] Type: online, Device: MODULE_01, Output: 5, Status: watering, Duration: 100 s, Send startWater at: Tue Jan 09 2024 17:16:14 GMT+0100 (Central European Standard Time), Context: {"onlineMessageAction":"START_WATER","onlineMessageId":313,"volume":100,"action":"startWater"}, 
[2024-01-09 17:17] Type: online, Device: MODULE_01, Output: 5, Status: done, Duration: 100 s, Send startWater at: Tue Jan 09 2024 17:16:14 GMT+0100 (Central European Standard Time), Context: {"onlineMessageAction":"START_WATER","onlineMessageId":313,"volume":100,"action":"startWater"}, 
[2024-01-09 17:18] Type: online, Device: MODULE_01, Output: 9, Status: watering, Duration: 100 s, Send startWater at: Tue Jan 09 2024 17:18:17 GMT+0100 (Central European Standard Time), Context: {"onlineMessageAction":"START_WATER","onlineMessageId":314,"volume":100,"action":"startWater"}, 
[2024-01-09 17:19] Type: online, Device: MODULE_01, Output: 9, Status: done, Duration: 100 s, Send startWater at: Tue Jan 09 2024 17:18:17 GMT+0100 (Central European Standard Time), Context: {"onlineMessageAction":"START_WATER","onlineMessageId":314,"volume":100,"action":"startWater"}, 
