[2024-12-18 08:00] Type: scheduled, Device: MODULE_01, Output: 1, Status: watering, Duration: 200 s, Send startWater at: 2024-12-18T07:00:03.556Z, Context: {"scheduleEventId":1}, 
[2024-12-18 08:03] Type: scheduled, Device: MODULE_01, Output: 1, Status: done, Duration: 200 s, Send startWater at: 2024-12-18T07:00:03.556Z, Context: {"scheduleEventId":1}, 
[2024-12-18 08:03] Type: scheduled, Device: MODULE_01, Output: 9, Status: watering, Duration: 160 s, Send startWater at: 2024-12-18T07:00:03.556Z, Context: {"scheduleEventId":2}, 
[2024-12-18 08:06] Type: scheduled, Device: MODULE_01, Output: 9, Status: done, Duration: 160 s, Send startWater at: 2024-12-18T07:00:03.556Z, Context: {"scheduleEventId":2}, 
[2024-12-18 08:06] Type: scheduled, Device: MODULE_01, Output: 6, Status: watering, Duration: 160 s, Send startWater at: 2024-12-18T07:00:03.556Z, Context: {"scheduleEventId":7}, 
[2024-12-18 08:09] Type: scheduled, Device: MODULE_01, Output: 6, Status: done, Duration: 160 s, Send startWater at: 2024-12-18T07:00:03.556Z, Context: {"scheduleEventId":7}, 
[2024-12-18 08:09] Type: scheduled, Device: MODULE_01, Output: 2, Status: watering, Duration: 200 s, Send startWater at: 2024-12-18T07:00:03.556Z, Context: {"scheduleEventId":11}, 
[2024-12-18 08:12] Type: scheduled, Device: MODULE_01, Output: 2, Status: done, Duration: 200 s, Send startWater at: 2024-12-18T07:00:03.556Z, Context: {"scheduleEventId":11}, 
[2024-12-18 09:00] Type: scheduled, Device: MODULE_01, Output: 8, Status: watering, Duration: 240 s, Send startWater at: 2024-12-18T08:00:00.605Z, Context: {"scheduleEventId":3}, 
[2024-12-18 09:04] Type: scheduled, Device: MODULE_01, Output: 8, Status: done, Duration: 240 s, Send startWater at: 2024-12-18T08:00:00.605Z, Context: {"scheduleEventId":3}, 
[2024-12-18 09:04] Type: scheduled, Device: MODULE_01, Output: 4, Status: watering, Duration: 160 s, Send startWater at: 2024-12-18T08:00:00.605Z, Context: {"scheduleEventId":5}, 
[2024-12-18 09:06] Type: scheduled, Device: MODULE_01, Output: 4, Status: done, Duration: 160 s, Send startWater at: 2024-12-18T08:00:00.605Z, Context: {"scheduleEventId":5}, 
[2024-12-18 10:00] Type: scheduled, Device: MODULE_01, Output: 3, Status: watering, Duration: 16 s, Send startWater at: 2024-12-18T09:00:02.791Z, Context: {"scheduleEventId":4}, 
[2024-12-18 10:00] Type: scheduled, Device: MODULE_01, Output: 3, Status: done, Duration: 16 s, Send startWater at: 2024-12-18T09:00:02.791Z, Context: {"scheduleEventId":4}, 
[2024-12-18 12:19] Type: manual, Device: MODULE_00, Output: 6, Status: watering, Duration: 50 s, Send startWater at: Wed Dec 18 2024 12:19:25 GMT+0100 (Central European Standard Time), 
[2024-12-18 12:19] Type: manual, Device: MODULE_00, Output: 6, Status: stopped, 
[2024-12-18 18:15] Type: scheduled, Device: MODULE_00, Output: 4, Status: watering, Duration: 75 s, Send startWater at: 2024-12-18T17:15:00.853Z, Context: {"scheduleEventId":14}, 
[2024-12-18 18:16] Type: scheduled, Device: MODULE_00, Output: 4, Status: done, Duration: 75 s, Send startWater at: 2024-12-18T17:15:00.853Z, Context: {"scheduleEventId":14}, 
[2024-12-18 18:20] Type: scheduled, Device: MODULE_00, Output: 6, Status: watering, Duration: 25 s, Send startWater at: 2024-12-18T17:20:01.039Z, Context: {"scheduleEventId":15}, 
[2024-12-18 18:20] Type: manual, Device: MODULE_00, Output: 6, Status: stopped, 
[2024-12-18 18:25] Type: scheduled, Device: MODULE_00, Output: 5, Status: watering, Duration: 50 s, Send startWater at: 2024-12-18T17:25:01.221Z, Context: {"scheduleEventId":16}, 
[2024-12-18 18:25] Type: scheduled, Device: MODULE_00, Output: 5, Status: done, Duration: 50 s, Send startWater at: 2024-12-18T17:25:01.221Z, Context: {"scheduleEventId":16}, 
[2024-12-18 18:30] Type: scheduled, Device: MODULE_00, Output: 3, Status: watering, Duration: 35 s, Send startWater at: 2024-12-18T17:30:01.387Z, Context: {"scheduleEventId":17}, 
[2024-12-18 18:30] Type: scheduled, Device: MODULE_00, Output: 3, Status: done, Duration: 35 s, Send startWater at: 2024-12-18T17:30:01.387Z, Context: {"scheduleEventId":17}, 
[2024-12-18 20:00] Type: scheduled, Device: MODULE_01, Output: 7, Status: error, Duration: 240 s, Send startWater at: 2024-12-18T19:00:04.771Z, Context: {"scheduleEventId":12,"message":"request to https://192.168.50.18/output failed, reason: connect EHOSTUNREACH 192.168.50.18:443","type":"system","errno":"EHOSTUNREACH","code":"EHOSTUNREACH"}, 
