[2023-11-14 09:42] Type: scheduled, Device: MODULE_01, Output: 1, Status: watering, Duration: 5 s, Send startWater at: 2023-11-14T08:42:04.026Z, Context: {"scheduleEventId":2}, 
[2023-11-14 09:42] Type: scheduled, Device: MODULE_01, Output: 1, Status: done, Duration: 5 s, Send startWater at: 2023-11-14T08:42:04.026Z, Context: {"scheduleEventId":2}, 
[2023-11-14 09:43] Type: scheduled, Device: MODULE_01, Output: 1, Status: watering, Duration: 5 s, Send startWater at: 2023-11-14T08:43:04.077Z, Context: {"scheduleEventId":2}, 
[2023-11-14 09:43] Type: scheduled, Device: MODULE_01, Output: 1, Status: done, Duration: 5 s, Send startWater at: 2023-11-14T08:43:04.077Z, Context: {"scheduleEventId":2}, 
[2023-11-14 09:44] Type: scheduled, Device: MODULE_01, Output: 1, Status: watering, Duration: 5 s, Send startWater at: 2023-11-14T08:44:04.124Z, Context: {"scheduleEventId":2}, 
[2023-11-14 09:44] Type: scheduled, Device: MODULE_01, Output: 1, Status: done, Duration: 5 s, Send startWater at: 2023-11-14T08:44:04.124Z, Context: {"scheduleEventId":2}, 
[2023-11-14 09:45] Type: scheduled, Device: MODULE_01, Output: 1, Status: watering, Duration: 5 s, Send startWater at: 2023-11-14T08:45:04.178Z, Context: {"scheduleEventId":2}, 
[2023-11-14 09:45] Type: scheduled, Device: MODULE_01, Output: 1, Status: done, Duration: 5 s, Send startWater at: 2023-11-14T08:45:04.178Z, Context: {"scheduleEventId":2}, 
[2023-11-14 09:46] Type: scheduled, Device: MODULE_01, Output: 1, Status: watering, Duration: 3 s, Send startWater at: 2023-11-14T08:46:04.227Z, Context: {"scheduleEventId":2}, 
[2023-11-14 09:46] Type: scheduled, Device: MODULE_01, Output: 1, Status: done, Duration: 3 s, Send startWater at: 2023-11-14T08:46:04.227Z, Context: {"scheduleEventId":2}, 
[2023-11-14 10:00] Type: scheduled, Device: MODULE_01, Output: 1, Status: watering, Duration: 5 s, Send startWater at: 2023-11-14T09:00:04.945Z, Context: {"scheduleEventId":2}, 
[2023-11-14 10:00] Type: scheduled, Device: MODULE_01, Output: 1, Status: done, Duration: 5 s, Send startWater at: 2023-11-14T09:00:04.945Z, Context: {"scheduleEventId":2}, 
[2023-11-14 11:00] Type: scheduled, Device: MODULE_01, Output: 1, Status: watering, Duration: 5 s, Send startWater at: 2023-11-14T10:00:03.260Z, Context: {"scheduleEventId":2}, 
[2023-11-14 11:00] Type: scheduled, Device: MODULE_01, Output: 1, Status: done, Duration: 5 s, Send startWater at: 2023-11-14T10:00:03.260Z, Context: {"scheduleEventId":2}, 
[2023-11-14 12:00] Type: scheduled, Device: MODULE_01, Output: 1, Status: watering, Duration: 5 s, Send startWater at: 2023-11-14T11:00:01.588Z, Context: {"scheduleEventId":2}, 
[2023-11-14 12:00] Type: scheduled, Device: MODULE_01, Output: 1, Status: done, Duration: 5 s, Send startWater at: 2023-11-14T11:00:01.588Z, Context: {"scheduleEventId":2}, 
[2023-11-14 13:04] Type: manual, Device: MODULE_01, Output: 1, Status: watering, Duration: 3 s, Send startWater at: Tue Nov 14 2023 13:04:14 GMT+0100 (Central European Standard Time), 
[2023-11-14 13:04] Type: manual, Device: MODULE_01, Output: 1, Status: done, Duration: 3 s, Send startWater at: Tue Nov 14 2023 13:04:14 GMT+0100 (Central European Standard Time), 
[2023-11-14 15:28] Type: manual, Device: MODULE_01, Output: 1, Status: watering, Duration: 3 s, Send startWater at: Tue Nov 14 2023 15:28:57 GMT+0100 (Central European Standard Time), 
[2023-11-14 15:28] Type: manual, Device: MODULE_01, Output: 1, Status: stopped, 
[2023-11-14 20:35] Type: scheduled, Device: MODULE_01, Output: 1, Status: watering, Duration: 10 s, Send startWater at: 2023-11-14T19:35:04.954Z, Context: {"scheduleEventId":3}, 
[2023-11-14 20:35] Type: scheduled, Device: MODULE_01, Output: 1, Status: done, Duration: 10 s, Send startWater at: 2023-11-14T19:35:04.954Z, Context: {"scheduleEventId":3}, 
[2023-11-14 20:36] Type: scheduled, Device: MODULE_01, Output: 1, Status: watering, Duration: 15 s, Send startWater at: 2023-11-14T19:36:00.007Z, Context: {"scheduleEventId":3}, 
[2023-11-14 20:36] Type: scheduled, Device: MODULE_01, Output: 1, Status: done, Duration: 15 s, Send startWater at: 2023-11-14T19:36:00.007Z, Context: {"scheduleEventId":3}, 
[2023-11-14 20:37] Type: scheduled, Device: MODULE_01, Output: 1, Status: watering, Duration: 20 s, Send startWater at: 2023-11-14T19:37:00.063Z, Context: {"scheduleEventId":3}, 
[2023-11-14 20:37] Type: scheduled, Device: MODULE_01, Output: 1, Status: done, Duration: 20 s, Send startWater at: 2023-11-14T19:37:00.063Z, Context: {"scheduleEventId":3}, 
[2023-11-14 20:38] Type: scheduled, Device: MODULE_01, Output: 1, Status: watering, Duration: 25 s, Send startWater at: 2023-11-14T19:38:00.122Z, Context: {"scheduleEventId":3}, 
[2023-11-14 20:38] Type: scheduled, Device: MODULE_01, Output: 1, Status: done, Duration: 25 s, Send startWater at: 2023-11-14T19:38:00.122Z, Context: {"scheduleEventId":3}, 
[2023-11-14 20:39] Type: scheduled, Device: MODULE_01, Output: 1, Status: watering, Duration: 30 s, Send startWater at: 2023-11-14T19:39:00.181Z, Context: {"scheduleEventId":3}, 
[2023-11-14 20:39] Type: scheduled, Device: MODULE_01, Output: 1, Status: done, Duration: 30 s, Send startWater at: 2023-11-14T19:39:00.181Z, Context: {"scheduleEventId":3}, 
[2023-11-14 20:41] Type: scheduled, Device: MODULE_01, Output: 1, Status: watering, Duration: 40 s, Send startWater at: 2023-11-14T19:41:00.296Z, Context: {"scheduleEventId":3}, 
[2023-11-14 20:41] Type: scheduled, Device: MODULE_01, Output: 1, Status: done, Duration: 40 s, Send startWater at: 2023-11-14T19:41:00.296Z, Context: {"scheduleEventId":3}, 
