[2023-11-12 14:37] Type: scheduled, Device: MODULE_01, Output: 1, Status: watering, Duration: 50 s, Send startWater at: 2023-11-12T13:37:10.492Z, Context: {"scheduleEventId":3}, 
[2023-11-12 14:38] Type: scheduled, Device: MODULE_01, Output: 1, Status: done, Duration: 50 s, Send startWater at: 2023-11-12T13:37:10.492Z, Context: {"scheduleEventId":3}, 
[2023-11-12 15:00] Type: scheduled, Device: MODULE_01, Output: 1, Status: watering, Duration: 10 s, Send startWater at: 2023-11-12T14:00:01.650Z, Context: {"scheduleEventId":3}, 
[2023-11-12 15:00] Type: scheduled, Device: MODULE_01, Output: 1, Status: done, Duration: 10 s, Send startWater at: 2023-11-12T14:00:01.650Z, Context: {"scheduleEventId":3}, 
[2023-11-12 16:00] Type: scheduled, Device: MODULE_01, Output: 1, Status: watering, Duration: 10 s, Send startWater at: 2023-11-12T15:00:04.936Z, Context: {"scheduleEventId":3}, 
[2023-11-12 16:00] Type: scheduled, Device: MODULE_01, Output: 1, Status: done, Duration: 10 s, Send startWater at: 2023-11-12T15:00:04.936Z, Context: {"scheduleEventId":3}, 
[2023-11-12 17:00] Type: scheduled, Device: MODULE_01, Output: 1, Status: watering, Duration: 10 s, Send startWater at: 2023-11-12T16:00:03.252Z, Context: {"scheduleEventId":3}, 
[2023-11-12 17:00] Type: scheduled, Device: MODULE_01, Output: 1, Status: done, Duration: 10 s, Send startWater at: 2023-11-12T16:00:03.252Z, Context: {"scheduleEventId":3}, 
[2023-11-12 17:10] Type: scheduled, Device: MODULE_01, Output: 1, Status: watering, Duration: 10 s, Send startWater at: 2023-11-12T16:10:03.778Z, Context: {"scheduleEventId":3}, 
[2023-11-12 17:10] Type: scheduled, Device: MODULE_01, Output: 1, Status: done, Duration: 10 s, Send startWater at: 2023-11-12T16:10:03.778Z, Context: {"scheduleEventId":3}, 
[2023-11-12 19:58] Type: scheduled, Device: MODULE_01, Output: 7, Status: watering, Duration: 20 s, Send startWater at: 2023-11-12T18:58:03.111Z, Context: {"scheduleEventId":1}, 
[2023-11-12 19:58] Type: scheduled, Device: MODULE_01, Output: 7, Status: done, Duration: 20 s, Send startWater at: 2023-11-12T18:58:03.111Z, Context: {"scheduleEventId":1}, 
[2023-11-12 20:28] Type: manual, Device: MODULE_01, Output: 1, Status: watering, Duration: 3 s, Send startWater at: Sun Nov 12 2023 20:28:41 GMT+0100 (Central European Standard Time), 
[2023-11-12 20:28] Type: manual, Device: MODULE_01, Output: 1, Status: watering, Duration: 3 s, Send startWater at: Sun Nov 12 2023 20:28:41 GMT+0100 (Central European Standard Time), 
[2023-11-12 20:28] Type: manual, Device: MODULE_01, Output: 2, Status: watering, Duration: 5 s, Send startWater at: Sun Nov 12 2023 20:28:47 GMT+0100 (Central European Standard Time), 
[2023-11-12 20:28] Type: manual, Device: MODULE_01, Output: 2, Status: watering, Duration: 5 s, Send startWater at: Sun Nov 12 2023 20:28:47 GMT+0100 (Central European Standard Time), 
[2023-11-12 20:29] Type: manual, Device: MODULE_01, Output: 1, Status: watering, Duration: 3 s, Send startWater at: Sun Nov 12 2023 20:29:48 GMT+0100 (Central European Standard Time), 
[2023-11-12 20:29] Type: manual, Device: MODULE_01, Output: 1, Status: watering, Duration: 3 s, Send startWater at: Sun Nov 12 2023 20:29:48 GMT+0100 (Central European Standard Time), 
[2023-11-12 20:29] Type: manual, Device: MODULE_01, Output: 1, Status: watering, Duration: 3 s, Send startWater at: Sun Nov 12 2023 20:29:55 GMT+0100 (Central European Standard Time), 
[2023-11-12 20:29] Type: manual, Device: MODULE_01, Output: 1, Status: watering, Duration: 3 s, Send startWater at: Sun Nov 12 2023 20:29:55 GMT+0100 (Central European Standard Time), 
[2023-11-12 20:29] Type: manual, Device: MODULE_01, Output: 2, Status: watering, Duration: 5 s, Send startWater at: Sun Nov 12 2023 20:29:56 GMT+0100 (Central European Standard Time), 
[2023-11-12 20:30] Type: manual, Device: MODULE_01, Output: 2, Status: watering, Duration: 5 s, Send startWater at: Sun Nov 12 2023 20:29:56 GMT+0100 (Central European Standard Time), 
[2023-11-12 20:30] Type: manual, Device: MODULE_01, Output: 3, Status: watering, Duration: 3 s, Send startWater at: Sun Nov 12 2023 20:29:57 GMT+0100 (Central European Standard Time), 
[2023-11-12 20:30] Type: manual, Device: MODULE_01, Output: 3, Status: watering, Duration: 3 s, Send startWater at: Sun Nov 12 2023 20:29:57 GMT+0100 (Central European Standard Time), 
[2023-11-12 20:35] Type: scheduled, Device: MODULE_01, Output: 1, Status: watering, Duration: 10 s, Send startWater at: 2023-11-12T19:35:03.709Z, Context: {"scheduleEventId":3}, 
[2023-11-12 20:35] Type: scheduled, Device: MODULE_01, Output: 1, Status: watering, Duration: 10 s, Send startWater at: 2023-11-12T19:35:03.709Z, Context: {"scheduleEventId":3}, 
[2023-11-12 20:36] Type: scheduled, Device: MODULE_01, Output: 1, Status: watering, Duration: 15 s, Send startWater at: 2023-11-12T19:36:03.755Z, Context: {"scheduleEventId":3}, 
[2023-11-12 20:36] Type: scheduled, Device: MODULE_01, Output: 1, Status: watering, Duration: 15 s, Send startWater at: 2023-11-12T19:36:03.755Z, Context: {"scheduleEventId":3}, 
[2023-11-12 20:37] Type: scheduled, Device: MODULE_01, Output: 1, Status: watering, Duration: 20 s, Send startWater at: 2023-11-12T19:37:03.805Z, Context: {"scheduleEventId":3}, 
[2023-11-12 20:37] Type: scheduled, Device: MODULE_01, Output: 1, Status: watering, Duration: 20 s, Send startWater at: 2023-11-12T19:37:03.805Z, Context: {"scheduleEventId":3}, 
[2023-11-12 20:37] Type: manual, Device: MODULE_01, Output: 1, Status: watering, Duration: 3 s, Send startWater at: Sun Nov 12 2023 20:37:39 GMT+0100 (Central European Standard Time), 
[2023-11-12 20:37] Type: manual, Device: MODULE_01, Output: 1, Status: stopped, 
[2023-11-12 20:37] Type: manual, Device: MODULE_01, Output: 1, Status: watering, Duration: 3 s, Send startWater at: Sun Nov 12 2023 20:37:47 GMT+0100 (Central European Standard Time), 
[2023-11-12 20:37] Type: manual, Device: MODULE_01, Output: 1, Status: watering, Duration: 3 s, Send startWater at: Sun Nov 12 2023 20:37:47 GMT+0100 (Central European Standard Time), 
[2023-11-12 20:38] Type: scheduled, Device: MODULE_01, Output: 1, Status: watering, Duration: 25 s, Send startWater at: 2023-11-12T19:38:03.847Z, Context: {"scheduleEventId":3}, 
[2023-11-12 20:38] Type: scheduled, Device: MODULE_01, Output: 1, Status: watering, Duration: 25 s, Send startWater at: 2023-11-12T19:38:03.847Z, Context: {"scheduleEventId":3}, 
[2023-11-12 20:39] Type: scheduled, Device: MODULE_01, Output: 1, Status: watering, Duration: 30 s, Send startWater at: 2023-11-12T19:39:03.897Z, Context: {"scheduleEventId":3}, 
[2023-11-12 20:39] Type: scheduled, Device: MODULE_01, Output: 1, Status: watering, Duration: 30 s, Send startWater at: 2023-11-12T19:39:03.897Z, Context: {"scheduleEventId":3}, 
[2023-11-12 20:40] Type: scheduled, Device: MODULE_01, Output: 1, Status: watering, Duration: 35 s, Send startWater at: 2023-11-12T19:40:41.850Z, Context: {"scheduleEventId":3}, 
[2023-11-12 20:40] Type: scheduled, Device: MODULE_01, Output: 1, Status: watering, Duration: 25 s, Send startWater at: 2023-11-12T19:40:41.850Z, Context: {"scheduleEventId":6}, 
[2023-11-12 20:40] Type: scheduled, Device: MODULE_01, Output: 3, Status: watering, Duration: 100 s, Send startWater at: 2023-11-12T19:40:41.850Z, Context: {"scheduleEventId":8}, 
[2023-11-12 20:40] Type: scheduled, Device: MODULE_01, Output: 2, Status: watering, Duration: 50 s, Send startWater at: 2023-11-12T19:40:41.850Z, Context: {"scheduleEventId":7}, 
[2023-11-12 20:40] Type: scheduled, Device: MODULE_01, Output: 4, Status: watering, Duration: 25 s, Send startWater at: 2023-11-12T19:40:41.850Z, Context: {"scheduleEventId":9}, 
[2023-11-12 20:40] Type: scheduled, Device: MODULE_01, Output: 5, Status: watering, Duration: 50 s, Send startWater at: 2023-11-12T19:40:41.850Z, Context: {"scheduleEventId":10}, 
[2023-11-12 20:41] Type: scheduled, Device: MODULE_01, Output: 1, Status: done, Duration: 25 s, Send startWater at: 2023-11-12T19:40:41.850Z, Context: {"scheduleEventId":6}, 
[2023-11-12 20:41] Type: scheduled, Device: MODULE_01, Output: 4, Status: done, Duration: 25 s, Send startWater at: 2023-11-12T19:40:41.850Z, Context: {"scheduleEventId":9}, 
[2023-11-12 20:41] Type: scheduled, Device: MODULE_01, Output: 1, Status: done, Duration: 35 s, Send startWater at: 2023-11-12T19:40:41.850Z, Context: {"scheduleEventId":3}, 
[2023-11-12 20:41] Type: scheduled, Device: MODULE_01, Output: 2, Status: done, Duration: 50 s, Send startWater at: 2023-11-12T19:40:41.850Z, Context: {"scheduleEventId":7}, 
[2023-11-12 20:41] Type: scheduled, Device: MODULE_01, Output: 5, Status: done, Duration: 50 s, Send startWater at: 2023-11-12T19:40:41.850Z, Context: {"scheduleEventId":10}, 
[2023-11-12 20:41] Type: scheduled, Device: MODULE_01, Output: 1, Status: watering, Duration: 40 s, Send startWater at: 2023-11-12T19:41:01.860Z, Context: {"scheduleEventId":3}, 
[2023-11-12 20:42] Type: scheduled, Device: MODULE_01, Output: 1, Status: done, Duration: 40 s, Send startWater at: 2023-11-12T19:41:01.860Z, Context: {"scheduleEventId":3}, 
[2023-11-12 20:42] Type: scheduled, Device: MODULE_01, Output: 3, Status: done, Duration: 100 s, Send startWater at: 2023-11-12T19:40:41.850Z, Context: {"scheduleEventId":8}, 
[2023-11-12 20:46] Type: manual, Device: MODULE_01, Output: 1, Status: watering, Duration: 3 s, Send startWater at: Sun Nov 12 2023 20:46:13 GMT+0100 (Central European Standard Time), 
[2023-11-12 20:46] Type: manual, Device: MODULE_01, Output: 1, Status: done, Duration: 3 s, Send startWater at: Sun Nov 12 2023 20:46:13 GMT+0100 (Central European Standard Time), 
[2023-11-12 20:46] Type: manual, Device: MODULE_01, Output: 2, Status: watering, Duration: 5 s, Send startWater at: Sun Nov 12 2023 20:46:14 GMT+0100 (Central European Standard Time), 
[2023-11-12 20:46] Type: manual, Device: MODULE_01, Output: 2, Status: done, Duration: 5 s, Send startWater at: Sun Nov 12 2023 20:46:14 GMT+0100 (Central European Standard Time), 
[2023-11-12 20:46] Type: manual, Device: MODULE_01, Output: 3, Status: watering, Duration: 3 s, Send startWater at: Sun Nov 12 2023 20:46:14 GMT+0100 (Central European Standard Time), 
[2023-11-12 20:46] Type: manual, Device: MODULE_01, Output: 3, Status: done, Duration: 3 s, Send startWater at: Sun Nov 12 2023 20:46:14 GMT+0100 (Central European Standard Time), 
