[2025-07-02 05:50] Type: scheduled, Device: MODULE_01, Output: 10, Status: watering, Duration: 80 s, Send startWater at: 2025-07-02T03:50:02.183Z, Context: {"scheduleEventId":22}, 
[2025-07-02 05:51] Type: scheduled, Device: MODULE_01, Output: 10, Status: done, Duration: 80 s, Send startWater at: 2025-07-02T03:50:02.183Z, Context: {"scheduleEventId":22}, 
[2025-07-02 06:00] Type: scheduled, Device: MODULE_01, Output: 8, Status: watering, Duration: 40 s, Send startWater at: 2025-07-02T04:00:02.575Z, Context: {"scheduleEventId":19}, 
[2025-07-02 06:00] Type: scheduled, Device: MODULE_01, Output: 8, Status: done, Duration: 40 s, Send startWater at: 2025-07-02T04:00:02.575Z, Context: {"scheduleEventId":19}, 
[2025-07-02 06:10] Type: scheduled, Device: MODULE_01, Output: 7, Status: watering, Duration: 80 s, Send startWater at: 2025-07-02T04:10:02.938Z, Context: {"scheduleEventId":12}, 
[2025-07-02 06:11] Type: scheduled, Device: MODULE_01, Output: 7, Status: done, Duration: 80 s, Send startWater at: 2025-07-02T04:10:02.938Z, Context: {"scheduleEventId":12}, 
[2025-07-02 06:20] Type: scheduled, Device: MODULE_01, Output: 2, Status: watering, Duration: 80 s, Send startWater at: 2025-07-02T04:20:03.320Z, Context: {"scheduleEventId":11}, 
[2025-07-02 06:21] Type: scheduled, Device: MODULE_01, Output: 2, Status: done, Duration: 80 s, Send startWater at: 2025-07-02T04:20:03.320Z, Context: {"scheduleEventId":11}, 
[2025-07-02 06:30] Type: scheduled, Device: MODULE_01, Output: 9, Status: watering, Duration: 80 s, Send startWater at: 2025-07-02T04:30:03.713Z, Context: {"scheduleEventId":2}, 
[2025-07-02 06:31] Type: scheduled, Device: MODULE_01, Output: 9, Status: done, Duration: 80 s, Send startWater at: 2025-07-02T04:30:03.713Z, Context: {"scheduleEventId":2}, 
[2025-07-02 06:40] Type: scheduled, Device: MODULE_01, Output: 4, Status: watering, Duration: 160 s, Send startWater at: 2025-07-02T04:40:04.120Z, Context: {"scheduleEventId":5}, 
[2025-07-02 06:42] Type: scheduled, Device: MODULE_01, Output: 4, Status: done, Duration: 160 s, Send startWater at: 2025-07-02T04:40:04.120Z, Context: {"scheduleEventId":5}, 
[2025-07-02 07:00] Type: scheduled, Device: MODULE_01, Output: 3, Status: watering, Duration: 160 s, Send startWater at: 2025-07-02T05:00:04.884Z, Context: {"scheduleEventId":21}, 
[2025-07-02 07:02] Type: scheduled, Device: MODULE_01, Output: 3, Status: done, Duration: 160 s, Send startWater at: 2025-07-02T05:00:04.884Z, Context: {"scheduleEventId":21}, 
[2025-07-02 07:10] Type: scheduled, Device: MODULE_01, Output: 1, Status: watering, Duration: 160 s, Send startWater at: 2025-07-02T05:10:00.307Z, Context: {"scheduleEventId":20}, 
[2025-07-02 07:12] Type: scheduled, Device: MODULE_01, Output: 1, Status: done, Duration: 160 s, Send startWater at: 2025-07-02T05:10:00.307Z, Context: {"scheduleEventId":20}, 
[2025-07-02 19:00] Type: scheduled, Device: MODULE_00, Output: 3, Status: watering, Duration: 35 s, Send startWater at: 2025-07-02T17:00:01.048Z, Context: {"scheduleEventId":17}, 
[2025-07-02 19:00] Type: scheduled, Device: MODULE_00, Output: 3, Status: done, Duration: 35 s, Send startWater at: 2025-07-02T17:00:01.048Z, Context: {"scheduleEventId":17}, 
[2025-07-02 19:03] Type: manual, Device: MODULE_00, Output: 3, Status: watering, Duration: 25 s, Send startWater at: Wed Jul 02 2025 19:03:10 GMT+0200 (Central European Summer Time), 
[2025-07-02 19:03] Type: manual, Device: MODULE_00, Output: 3, Status: done, Duration: 25 s, Send startWater at: Wed Jul 02 2025 19:03:10 GMT+0200 (Central European Summer Time), 
[2025-07-02 19:10] Type: scheduled, Device: MODULE_00, Output: 4, Status: watering, Duration: 35 s, Send startWater at: 2025-07-02T17:10:01.435Z, Context: {"scheduleEventId":23}, 
[2025-07-02 19:10] Type: scheduled, Device: MODULE_00, Output: 4, Status: done, Duration: 35 s, Send startWater at: 2025-07-02T17:10:01.435Z, Context: {"scheduleEventId":23}, 
[2025-07-02 19:11] Type: manual, Device: MODULE_00, Output: 4, Status: watering, Duration: 25 s, Send startWater at: Wed Jul 02 2025 19:11:49 GMT+0200 (Central European Summer Time), 
[2025-07-02 19:11] Type: manual, Device: MODULE_00, Output: 4, Status: stopped, 
[2025-07-02 19:20] Type: scheduled, Device: MODULE_00, Output: 5, Status: watering, Duration: 25 s, Send startWater at: 2025-07-02T17:20:01.799Z, Context: {"scheduleEventId":24}, 
[2025-07-02 19:20] Type: scheduled, Device: MODULE_00, Output: 5, Status: done, Duration: 25 s, Send startWater at: 2025-07-02T17:20:01.799Z, Context: {"scheduleEventId":24}, 
[2025-07-02 19:30] Type: scheduled, Device: MODULE_00, Output: 8, Status: watering, Duration: 30 s, Send startWater at: 2025-07-02T17:30:02.202Z, Context: {"scheduleEventId":27}, 
[2025-07-02 19:30] Type: scheduled, Device: MODULE_00, Output: 8, Status: done, Duration: 30 s, Send startWater at: 2025-07-02T17:30:02.202Z, Context: {"scheduleEventId":27}, 
[2025-07-02 19:40] Type: scheduled, Device: MODULE_00, Output: 8, Status: watering, Duration: 30 s, Send startWater at: 2025-07-02T17:40:02.561Z, Context: {"scheduleEventId":27}, 
[2025-07-02 19:40] Type: scheduled, Device: MODULE_00, Output: 8, Status: done, Duration: 30 s, Send startWater at: 2025-07-02T17:40:02.561Z, Context: {"scheduleEventId":27}, 
[2025-07-02 19:50] Type: scheduled, Device: MODULE_00, Output: 8, Status: watering, Duration: 30 s, Send startWater at: 2025-07-02T17:50:02.890Z, Context: {"scheduleEventId":27}, 
[2025-07-02 19:50] Type: scheduled, Device: MODULE_00, Output: 8, Status: done, Duration: 30 s, Send startWater at: 2025-07-02T17:50:02.890Z, Context: {"scheduleEventId":27}, 
[2025-07-02 21:10] Type: scheduled, Device: MODULE_01, Output: 7, Status: watering, Duration: 80 s, Send startWater at: 2025-07-02T19:10:00.713Z, Context: {"scheduleEventId":12}, 
[2025-07-02 21:11] Type: scheduled, Device: MODULE_01, Output: 7, Status: done, Duration: 80 s, Send startWater at: 2025-07-02T19:10:00.713Z, Context: {"scheduleEventId":12}, 
[2025-07-02 21:20] Type: scheduled, Device: MODULE_01, Output: 2, Status: watering, Duration: 80 s, Send startWater at: 2025-07-02T19:20:01.080Z, Context: {"scheduleEventId":11}, 
[2025-07-02 21:21] Type: scheduled, Device: MODULE_01, Output: 2, Status: done, Duration: 80 s, Send startWater at: 2025-07-02T19:20:01.080Z, Context: {"scheduleEventId":11}, 
[2025-07-02 21:50] Type: scheduled, Device: MODULE_01, Output: 6, Status: watering, Duration: 120 s, Send startWater at: 2025-07-02T19:50:02.210Z, Context: {"scheduleEventId":7}, 
[2025-07-02 21:52] Type: scheduled, Device: MODULE_01, Output: 6, Status: done, Duration: 120 s, Send startWater at: 2025-07-02T19:50:02.210Z, Context: {"scheduleEventId":7}, 
[2025-07-02 22:00] Type: scheduled, Device: MODULE_01, Output: 5, Status: watering, Duration: 80 s, Send startWater at: 2025-07-02T20:00:02.583Z, Context: {"scheduleEventId":6}, 
[2025-07-02 22:01] Type: scheduled, Device: MODULE_01, Output: 5, Status: done, Duration: 80 s, Send startWater at: 2025-07-02T20:00:02.583Z, Context: {"scheduleEventId":6}, 
