[2024-10-06 08:00] Type: scheduled, Device: MODULE_01, Output: 6, Status: watering, Duration: 160 s, Send startWater at: 2024-10-06T06:00:03.687Z, Context: {"scheduleEventId":7}, 
[2024-10-06 08:02] Type: scheduled, Device: MODULE_01, Output: 6, Status: done, Duration: 160 s, Send startWater at: 2024-10-06T06:00:03.687Z, Context: {"scheduleEventId":7}, 
[2024-10-06 09:00] Type: scheduled, Device: MODULE_01, Output: 4, Status: watering, Duration: 160 s, Send startWater at: 2024-10-06T07:00:00.780Z, Context: {"scheduleEventId":5}, 
[2024-10-06 09:02] Type: scheduled, Device: MODULE_01, Output: 4, Status: done, Duration: 160 s, Send startWater at: 2024-10-06T07:00:00.780Z, Context: {"scheduleEventId":5}, 
[2024-10-06 11:36] Type: manual, Device: MODULE_01, Output: 1, Status: error, Duration: 160 s, Send startWater at: Sun Oct 06 2024 11:36:46 GMT+0200 (Central European Summer Time), Context: {"message":"request to https://192.168.50.18/output failed, reason: connect EHOSTUNREACH 192.168.50.18:443","type":"system","errno":"EHOSTUNREACH","code":"EHOSTUNREACH"}, 
[2024-10-06 11:36] Type: manual, Device: MODULE_01, Output: 1, Status: error, Duration: 160 s, Send startWater at: Sun Oct 06 2024 11:36:53 GMT+0200 (Central European Summer Time), Context: {"message":"request to https://192.168.50.18/output failed, reason: connect EHOSTUNREACH 192.168.50.18:443","type":"system","errno":"EHOSTUNREACH","code":"EHOSTUNREACH"}, 
[2024-10-06 11:37] Type: manual, Device: MODULE_01, Output: 1, Status: watering, Duration: 160 s, Send startWater at: Sun Oct 06 2024 11:37:20 GMT+0200 (Central European Summer Time), 
[2024-10-06 11:37] Type: manual, Device: MODULE_01, Output: 1, Status: stopped, 
[2024-10-06 11:38] Type: manual, Device: MODULE_00, Output: 3, Status: watering, Duration: 25 s, Send startWater at: Sun Oct 06 2024 11:38:36 GMT+0200 (Central European Summer Time), 
[2024-10-06 11:39] Type: manual, Device: MODULE_00, Output: 3, Status: done, Duration: 25 s, Send startWater at: Sun Oct 06 2024 11:38:36 GMT+0200 (Central European Summer Time), 
[2024-10-06 11:39] Type: manual, Device: MODULE_00, Output: 6, Status: watering, Duration: 50 s, Send startWater at: Sun Oct 06 2024 11:38:52 GMT+0200 (Central European Summer Time), 
[2024-10-06 11:39] Type: manual, Device: MODULE_00, Output: 6, Status: stopped, 
[2024-10-06 11:39] Type: manual, Device: MODULE_00, Output: 5, Status: watering, Duration: 25 s, Send startWater at: Sun Oct 06 2024 11:38:55 GMT+0200 (Central European Summer Time), 
[2024-10-06 11:39] Type: manual, Device: MODULE_00, Output: 5, Status: done, Duration: 25 s, Send startWater at: Sun Oct 06 2024 11:38:55 GMT+0200 (Central European Summer Time), 
[2024-10-06 18:15] Type: scheduled, Device: MODULE_00, Output: 4, Status: watering, Duration: 75 s, Send startWater at: 2024-10-06T16:15:01.205Z, Context: {"scheduleEventId":14}, 
[2024-10-06 18:16] Type: scheduled, Device: MODULE_00, Output: 4, Status: done, Duration: 75 s, Send startWater at: 2024-10-06T16:15:01.205Z, Context: {"scheduleEventId":14}, 
[2024-10-06 18:20] Type: scheduled, Device: MODULE_00, Output: 6, Status: watering, Duration: 25 s, Send startWater at: 2024-10-06T16:20:01.384Z, Context: {"scheduleEventId":15}, 
[2024-10-06 18:20] Type: scheduled, Device: MODULE_00, Output: 6, Status: done, Duration: 25 s, Send startWater at: 2024-10-06T16:20:01.384Z, Context: {"scheduleEventId":15}, 
[2024-10-06 18:25] Type: scheduled, Device: MODULE_00, Output: 5, Status: watering, Duration: 50 s, Send startWater at: 2024-10-06T16:25:01.571Z, Context: {"scheduleEventId":16}, 
[2024-10-06 18:25] Type: scheduled, Device: MODULE_00, Output: 5, Status: done, Duration: 50 s, Send startWater at: 2024-10-06T16:25:01.571Z, Context: {"scheduleEventId":16}, 
[2024-10-06 20:00] Type: scheduled, Device: MODULE_01, Output: 7, Status: watering, Duration: 240 s, Send startWater at: 2024-10-06T18:00:00.051Z, Context: {"scheduleEventId":12}, 
[2024-10-06 20:04] Type: scheduled, Device: MODULE_01, Output: 7, Status: done, Duration: 240 s, Send startWater at: 2024-10-06T18:00:00.051Z, Context: {"scheduleEventId":12}, 
