[2024-06-01 07:00] Type: scheduled, Device: MODULE_02, Output: 2, Status: watering, Duration: 127 s, Send startWater at: 2024-06-01T05:00:00.090Z, Context: {"scheduleEventId":9}, 
[2024-06-01 07:02] Type: scheduled, Device: MODULE_02, Output: 2, Status: done, Duration: 127 s, Send startWater at: 2024-06-01T05:00:00.090Z, Context: {"scheduleEventId":9}, 
[2024-06-01 07:31] Type: manual, Device: MODULE_00, Output: 3, Status: watering, Duration: 25 s, Send startWater at: Sat Jun 01 2024 07:31:47 GMT+0200 (Central European Summer Time), 
[2024-06-01 07:31] Type: manual, Device: MODULE_00, Output: 3, Status: stopped, 
[2024-06-01 07:31] Type: manual, Device: MODULE_01, Output: 1, Status: watering, Duration: 160 s, Send startWater at: Sat Jun 01 2024 07:31:56 GMT+0200 (Central European Summer Time), 
[2024-06-01 07:32] Type: manual, Device: MODULE_01, Output: 1, Status: stopped, 
[2024-06-01 07:32] Type: manual, Device: MODULE_01, Output: 2, Status: watering, Duration: 80 s, Send startWater at: Sat Jun 01 2024 07:32:01 GMT+0200 (Central European Summer Time), 
[2024-06-01 07:32] Type: manual, Device: MODULE_01, Output: 2, Status: stopped, 
[2024-06-01 08:00] Type: scheduled, Device: MODULE_01, Output: 1, Status: watering, Duration: 160 s, Send startWater at: 2024-06-01T06:00:02.414Z, Context: {"scheduleEventId":1}, 
[2024-06-01 08:02] Type: scheduled, Device: MODULE_01, Output: 1, Status: done, Duration: 160 s, Send startWater at: 2024-06-01T06:00:02.414Z, Context: {"scheduleEventId":1}, 
[2024-06-01 08:02] Type: scheduled, Device: MODULE_01, Output: 9, Status: watering, Duration: 160 s, Send startWater at: 2024-06-01T06:00:02.414Z, Context: {"scheduleEventId":2}, 
[2024-06-01 08:05] Type: scheduled, Device: MODULE_01, Output: 9, Status: done, Duration: 160 s, Send startWater at: 2024-06-01T06:00:02.414Z, Context: {"scheduleEventId":2}, 
[2024-06-01 08:05] Type: scheduled, Device: MODULE_01, Output: 6, Status: watering, Duration: 160 s, Send startWater at: 2024-06-01T06:00:02.414Z, Context: {"scheduleEventId":7}, 
[2024-06-01 08:08] Type: scheduled, Device: MODULE_01, Output: 6, Status: done, Duration: 160 s, Send startWater at: 2024-06-01T06:00:02.414Z, Context: {"scheduleEventId":7}, 
[2024-06-01 08:08] Type: scheduled, Device: MODULE_01, Output: 2, Status: watering, Duration: 320 s, Send startWater at: 2024-06-01T06:00:02.414Z, Context: {"scheduleEventId":11}, 
[2024-06-01 08:13] Type: scheduled, Device: MODULE_01, Output: 2, Status: done, Duration: 320 s, Send startWater at: 2024-06-01T06:00:02.414Z, Context: {"scheduleEventId":11}, 
[2024-06-01 09:00] Type: scheduled, Device: MODULE_01, Output: 8, Status: watering, Duration: 240 s, Send startWater at: 2024-06-01T07:00:04.469Z, Context: {"scheduleEventId":3}, 
[2024-06-01 09:00] Type: scheduled, Device: MODULE_02, Output: 3, Status: watering, Duration: 63 s, Send startWater at: 2024-06-01T07:00:04.469Z, Context: {"scheduleEventId":10}, 
[2024-06-01 09:00] Type: scheduled, Device: MODULE_01, Output: 4, Status: watering, Duration: 160 s, Send startWater at: 2024-06-01T07:00:04.469Z, Context: {"scheduleEventId":5}, 
[2024-06-01 09:01] Type: scheduled, Device: MODULE_02, Output: 3, Status: done, Duration: 63 s, Send startWater at: 2024-06-01T07:00:04.469Z, Context: {"scheduleEventId":10}, 
[2024-06-01 09:02] Type: scheduled, Device: MODULE_01, Output: 4, Status: done, Duration: 160 s, Send startWater at: 2024-06-01T07:00:04.469Z, Context: {"scheduleEventId":5}, 
[2024-06-01 09:04] Type: scheduled, Device: MODULE_01, Output: 8, Status: done, Duration: 240 s, Send startWater at: 2024-06-01T07:00:04.469Z, Context: {"scheduleEventId":3}, 
[2024-06-01 10:00] Type: scheduled, Device: MODULE_01, Output: 3, Status: watering, Duration: 120 s, Send startWater at: 2024-06-01T08:00:01.660Z, Context: {"scheduleEventId":4}, 
[2024-06-01 10:02] Type: scheduled, Device: MODULE_01, Output: 3, Status: done, Duration: 120 s, Send startWater at: 2024-06-01T08:00:01.660Z, Context: {"scheduleEventId":4}, 
[2024-06-01 12:00] Type: scheduled, Device: MODULE_02, Output: 2, Status: watering, Duration: 79 s, Send startWater at: 2024-06-01T10:00:01.062Z, Context: {"scheduleEventId":9}, 
[2024-06-01 12:01] Type: scheduled, Device: MODULE_02, Output: 2, Status: done, Duration: 79 s, Send startWater at: 2024-06-01T10:00:01.062Z, Context: {"scheduleEventId":9}, 
[2024-06-01 13:28] Type: manual, Device: MODULE_00, Output: 3, Status: watering, Duration: 25 s, Send startWater at: Sat Jun 01 2024 13:28:32 GMT+0200 (Central European Summer Time), 
[2024-06-01 13:28] Type: manual, Device: MODULE_00, Output: 3, Status: done, Duration: 25 s, Send startWater at: Sat Jun 01 2024 13:28:32 GMT+0200 (Central European Summer Time), 
[2024-06-01 13:29] Type: manual, Device: MODULE_00, Output: 3, Status: watering, Duration: 25 s, Send startWater at: Sat Jun 01 2024 13:29:05 GMT+0200 (Central European Summer Time), 
[2024-06-01 13:29] Type: manual, Device: MODULE_00, Output: 3, Status: stopped, 
[2024-06-01 13:47] Type: manual, Device: MODULE_00, Output: 4, Status: watering, Duration: 25 s, Send startWater at: Sat Jun 01 2024 13:47:38 GMT+0200 (Central European Summer Time), 
[2024-06-01 13:48] Type: manual, Device: MODULE_00, Output: 4, Status: done, Duration: 25 s, Send startWater at: Sat Jun 01 2024 13:47:38 GMT+0200 (Central European Summer Time), 
[2024-06-01 13:48] Type: manual, Device: MODULE_00, Output: 4, Status: watering, Duration: 25 s, Send startWater at: Sat Jun 01 2024 13:48:05 GMT+0200 (Central European Summer Time), 
[2024-06-01 13:48] Type: manual, Device: MODULE_00, Output: 4, Status: done, Duration: 25 s, Send startWater at: Sat Jun 01 2024 13:48:05 GMT+0200 (Central European Summer Time), 
[2024-06-01 13:48] Type: online, Device: MODULE_00, Output: 5, Status: watering, Duration: 25 s, Send startWater at: Sat Jun 01 2024 13:48:55 GMT+0200 (Central European Summer Time), Context: {"onlineMessageAction":"START_WATER","onlineMessageId":61,"volume":50,"action":"startWater"}, 
[2024-06-01 13:49] Type: online, Device: MODULE_00, Output: 5, Status: done, Duration: 25 s, Send startWater at: Sat Jun 01 2024 13:48:55 GMT+0200 (Central European Summer Time), Context: {"onlineMessageAction":"START_WATER","onlineMessageId":61,"volume":50,"action":"startWater"}, 
[2024-06-01 13:59] Type: manual, Device: MODULE_00, Output: 3, Status: watering, Duration: 25 s, Send startWater at: Sat Jun 01 2024 13:59:21 GMT+0200 (Central European Summer Time), 
[2024-06-01 13:59] Type: manual, Device: MODULE_00, Output: 3, Status: stopped, 
[2024-06-01 13:59] Type: manual, Device: MODULE_00, Output: 4, Status: watering, Duration: 25 s, Send startWater at: Sat Jun 01 2024 13:59:26 GMT+0200 (Central European Summer Time), 
[2024-06-01 13:59] Type: manual, Device: MODULE_00, Output: 4, Status: stopped, 
[2024-06-01 13:59] Type: manual, Device: MODULE_00, Output: 5, Status: watering, Duration: 25 s, Send startWater at: Sat Jun 01 2024 13:59:33 GMT+0200 (Central European Summer Time), 
[2024-06-01 13:59] Type: manual, Device: MODULE_00, Output: 5, Status: stopped, 
[2024-06-01 13:59] Type: manual, Device: MODULE_01, Output: 1, Status: watering, Duration: 160 s, Send startWater at: Sat Jun 01 2024 13:59:41 GMT+0200 (Central European Summer Time), 
[2024-06-01 13:59] Type: manual, Device: MODULE_01, Output: 1, Status: stopped, 
[2024-06-01 18:00] Type: scheduled, Device: MODULE_00, Output: 3, Status: watering, Duration: 25 s, Send startWater at: 2024-06-01T16:00:04.773Z, Context: {"scheduleEventId":9}, 
[2024-06-01 18:00] Type: scheduled, Device: MODULE_00, Output: 3, Status: done, Duration: 25 s, Send startWater at: 2024-06-01T16:00:04.773Z, Context: {"scheduleEventId":9}, 
[2024-06-01 18:40] Type: manual, Device: MODULE_00, Output: 5, Status: watering, Duration: 25 s, Send startWater at: Sat Jun 01 2024 18:40:14 GMT+0200 (Central European Summer Time), 
[2024-06-01 18:40] Type: manual, Device: MODULE_00, Output: 5, Status: stopped, 
[2024-06-01 18:40] Type: manual, Device: MODULE_00, Output: 5, Status: watering, Duration: 25 s, Send startWater at: Sat Jun 01 2024 18:40:17 GMT+0200 (Central European Summer Time), 
[2024-06-01 18:40] Type: manual, Device: MODULE_00, Output: 5, Status: stopped, 
[2024-06-01 18:41] Type: manual, Device: MODULE_00, Output: 5, Status: watering, Duration: 25 s, Send startWater at: Sat Jun 01 2024 18:41:38 GMT+0200 (Central European Summer Time), 
[2024-06-01 18:41] Type: manual, Device: MODULE_00, Output: 5, Status: stopped, 
[2024-06-01 18:41] Type: manual, Device: MODULE_00, Output: 4, Status: watering, Duration: 25 s, Send startWater at: Sat Jun 01 2024 18:41:42 GMT+0200 (Central European Summer Time), 
[2024-06-01 18:41] Type: manual, Device: MODULE_00, Output: 4, Status: stopped, 
[2024-06-01 18:41] Type: manual, Device: MODULE_00, Output: 3, Status: watering, Duration: 25 s, Send startWater at: Sat Jun 01 2024 18:41:54 GMT+0200 (Central European Summer Time), 
[2024-06-01 18:41] Type: manual, Device: MODULE_00, Output: 3, Status: stopped, 
[2024-06-01 18:45] Type: manual, Device: MODULE_00, Output: 3, Status: watering, Duration: 25 s, Send startWater at: Sat Jun 01 2024 18:45:34 GMT+0200 (Central European Summer Time), 
[2024-06-01 18:45] Type: manual, Device: MODULE_00, Output: 3, Status: stopped, 
[2024-06-01 20:00] Type: scheduled, Device: MODULE_01, Output: 7, Status: watering, Duration: 200 s, Send startWater at: 2024-06-01T18:00:04.346Z, Context: {"scheduleEventId":12}, 
[2024-06-01 20:03] Type: scheduled, Device: MODULE_01, Output: 7, Status: done, Duration: 200 s, Send startWater at: 2024-06-01T18:00:04.346Z, Context: {"scheduleEventId":12}, 
