[2024-04-08 08:00] Type: scheduled, Device: MODULE_01, Output: 1, Status: watering, Duration: 100 s, Send startWater at: 2024-04-08T06:00:03.624Z, Context: {"scheduleEventId":1}, 
[2024-04-08 08:01] Type: scheduled, Device: MODULE_01, Output: 1, Status: done, Duration: 100 s, Send startWater at: 2024-04-08T06:00:03.624Z, Context: {"scheduleEventId":1}, 
[2024-04-08 08:01] Type: scheduled, Device: MODULE_01, Output: 9, Status: watering, Duration: 24 s, Send startWater at: 2024-04-08T06:00:03.624Z, Context: {"scheduleEventId":2}, 
[2024-04-08 08:02] Type: scheduled, Device: MODULE_01, Output: 9, Status: done, Duration: 24 s, Send startWater at: 2024-04-08T06:00:03.624Z, Context: {"scheduleEventId":2}, 
[2024-04-08 08:02] Type: scheduled, Device: MODULE_01, Output: 6, Status: watering, Duration: 200 s, Send startWater at: 2024-04-08T06:00:03.624Z, Context: {"scheduleEventId":7}, 
[2024-04-08 08:05] Type: scheduled, Device: MODULE_01, Output: 6, Status: done, Duration: 200 s, Send startWater at: 2024-04-08T06:00:03.624Z, Context: {"scheduleEventId":7}, 
[2024-04-08 09:00] Type: scheduled, Device: MODULE_01, Output: 8, Status: watering, Duration: 200 s, Send startWater at: 2024-04-08T07:00:00.796Z, Context: {"scheduleEventId":3}, 
[2024-04-08 09:00] Type: scheduled, Device: MODULE_02, Output: 3, Status: watering, Duration: 79 s, Send startWater at: 2024-04-08T07:00:00.796Z, Context: {"scheduleEventId":10}, 
[2024-04-08 09:01] Type: scheduled, Device: MODULE_02, Output: 3, Status: done, Duration: 79 s, Send startWater at: 2024-04-08T07:00:00.796Z, Context: {"scheduleEventId":10}, 
[2024-04-08 09:03] Type: scheduled, Device: MODULE_01, Output: 8, Status: done, Duration: 200 s, Send startWater at: 2024-04-08T07:00:00.796Z, Context: {"scheduleEventId":3}, 
[2024-04-08 10:00] Type: scheduled, Device: MODULE_02, Output: 2, Status: watering, Duration: 79 s, Send startWater at: 2024-04-08T08:00:03.107Z, Context: {"scheduleEventId":9}, 
[2024-04-08 10:01] Type: scheduled, Device: MODULE_02, Output: 2, Status: done, Duration: 79 s, Send startWater at: 2024-04-08T08:00:03.107Z, Context: {"scheduleEventId":9}, 
[2024-04-08 11:40] Type: online, Device: MODULE_01, Output: 9, Status: watering, Duration: 35 s, Send startWater at: Mon Apr 08 2024 11:40:59 GMT+0200 (Central European Summer Time), Context: {"onlineMessageAction":"START_WATER","onlineMessageId":11,"volume":150,"action":"startWater"}, 
[2024-04-08 11:41] Type: online, Device: MODULE_01, Output: 9, Status: stopped, Context: {"onlineMessageAction":"STOP_WATER","onlineMessageId":12,"action":"stopWater"}, 
[2024-04-08 11:41] Type: online, Device: MODULE_02, Output: 3, Status: watering, Duration: 79 s, Send startWater at: Mon Apr 08 2024 11:41:07 GMT+0200 (Central European Summer Time), Context: {"onlineMessageAction":"START_WATER","onlineMessageId":13,"volume":50,"action":"startWater"}, 
[2024-04-08 11:41] Type: online, Device: MODULE_02, Output: 3, Status: stopped, Context: {"onlineMessageAction":"STOP_WATER","onlineMessageId":14,"action":"stopWater"}, 
[2024-04-08 11:41] Type: online, Device: MODULE_02, Output: 3, Status: watering, Duration: 32 s, Send startWater at: Mon Apr 08 2024 11:41:24 GMT+0200 (Central European Summer Time), Context: {"onlineMessageAction":"START_WATER","onlineMessageId":15,"volume":20,"action":"startWater"}, 
[2024-04-08 11:41] Type: online, Device: MODULE_02, Output: 3, Status: done, Duration: 32 s, Send startWater at: Mon Apr 08 2024 11:41:24 GMT+0200 (Central European Summer Time), Context: {"onlineMessageAction":"START_WATER","onlineMessageId":15,"volume":20,"action":"startWater"}, 
[2024-04-08 18:00] Type: scheduled, Device: MODULE_01, Output: 9, Status: watering, Duration: 24 s, Send startWater at: 2024-04-08T16:00:01.604Z, Context: {"scheduleEventId":2}, 
[2024-04-08 18:00] Type: scheduled, Device: MODULE_02, Output: 2, Status: watering, Duration: 79 s, Send startWater at: 2024-04-08T16:00:01.604Z, Context: {"scheduleEventId":9}, 
[2024-04-08 18:00] Type: scheduled, Device: MODULE_01, Output: 9, Status: done, Duration: 24 s, Send startWater at: 2024-04-08T16:00:01.604Z, Context: {"scheduleEventId":2}, 
[2024-04-08 18:01] Type: scheduled, Device: MODULE_02, Output: 2, Status: done, Duration: 79 s, Send startWater at: 2024-04-08T16:00:01.604Z, Context: {"scheduleEventId":9}, 
